[2023-01-04 04:01:52,891] {taskinstance.py:1159} INFO - Dependencies all met for <TaskInstance: populate_crypto_values.get_crypto_values scheduled__2021-02-02T07:00:00+00:00 [queued]>
[2023-01-04 04:01:52,897] {taskinstance.py:1159} INFO - Dependencies all met for <TaskInstance: populate_crypto_values.get_crypto_values scheduled__2021-02-02T07:00:00+00:00 [queued]>
[2023-01-04 04:01:52,897] {taskinstance.py:1356} INFO - 
--------------------------------------------------------------------------------
[2023-01-04 04:01:52,897] {taskinstance.py:1357} INFO - Starting attempt 1 of 1
[2023-01-04 04:01:52,897] {taskinstance.py:1358} INFO - 
--------------------------------------------------------------------------------
[2023-01-04 04:01:53,061] {taskinstance.py:1377} INFO - Executing <Task(PythonOperator): get_crypto_values> on 2021-02-02 07:00:00+00:00
[2023-01-04 04:01:53,147] {standard_task_runner.py:52} INFO - Started process 60131 to run task
[2023-01-04 04:01:53,156] {standard_task_runner.py:79} INFO - Running: ['airflow', 'tasks', 'run', 'populate_crypto_values', 'get_crypto_values', 'scheduled__2021-02-02T07:00:00+00:00', '--job-id', '61', '--raw', '--subdir', 'DAGS_FOLDER/populate_crypto_values.py', '--cfg-path', '/tmp/tmpyaes1eli', '--error-file', '/tmp/tmpsyfgqfn2']
[2023-01-04 04:01:53,158] {standard_task_runner.py:80} INFO - Job 61: Subtask get_crypto_values
[2023-01-04 04:01:53,314] {task_command.py:370} INFO - Running <TaskInstance: populate_crypto_values.get_crypto_values scheduled__2021-02-02T07:00:00+00:00 [running]> on host xuxon-virtual-machine
[2023-01-04 04:01:53,572] {taskinstance.py:1569} INFO - Exporting the following env vars:
AIRFLOW_CTX_DAG_OWNER=airflow
AIRFLOW_CTX_DAG_ID=populate_crypto_values
AIRFLOW_CTX_TASK_ID=get_crypto_values
AIRFLOW_CTX_EXECUTION_DATE=2021-02-02T07:00:00+00:00
AIRFLOW_CTX_TRY_NUMBER=1
AIRFLOW_CTX_DAG_RUN_ID=scheduled__2021-02-02T07:00:00+00:00
[2023-01-04 04:01:54,620] {logging_mixin.py:115} INFO - New rows have been added.
[2023-01-04 04:01:54,620] {python.py:173} INFO - Done. Returned value was: None
[2023-01-04 04:01:54,629] {taskinstance.py:1395} INFO - Marking task as SUCCESS. dag_id=populate_crypto_values, task_id=get_crypto_values, execution_date=20210202T070000, start_date=20230104T070152, end_date=20230104T070154
[2023-01-04 04:01:54,844] {local_task_job.py:156} INFO - Task exited with return code 0
[2023-01-04 04:01:54,876] {local_task_job.py:273} INFO - 0 downstream tasks scheduled from follow-on schedule check
[2023-01-04 05:18:40,171] {taskinstance.py:1159} INFO - Dependencies all met for <TaskInstance: populate_crypto_values.get_crypto_values scheduled__2021-02-02T07:00:00+00:00 [queued]>
[2023-01-04 05:18:40,180] {taskinstance.py:1159} INFO - Dependencies all met for <TaskInstance: populate_crypto_values.get_crypto_values scheduled__2021-02-02T07:00:00+00:00 [queued]>
[2023-01-04 05:18:40,180] {taskinstance.py:1356} INFO - 
--------------------------------------------------------------------------------
[2023-01-04 05:18:40,180] {taskinstance.py:1357} INFO - Starting attempt 1 of 1
[2023-01-04 05:18:40,180] {taskinstance.py:1358} INFO - 
--------------------------------------------------------------------------------
[2023-01-04 05:18:40,193] {taskinstance.py:1377} INFO - Executing <Task(PythonOperator): get_crypto_values> on 2021-02-02 07:00:00+00:00
[2023-01-04 05:18:40,197] {standard_task_runner.py:52} INFO - Started process 7733 to run task
[2023-01-04 05:18:40,203] {standard_task_runner.py:79} INFO - Running: ['airflow', 'tasks', 'run', 'populate_crypto_values', 'get_crypto_values', 'scheduled__2021-02-02T07:00:00+00:00', '--job-id', '90', '--raw', '--subdir', 'DAGS_FOLDER/populate_crypto_values.py', '--cfg-path', '/tmp/tmpxa44j196', '--error-file', '/tmp/tmppgobfdxa']
[2023-01-04 05:18:40,204] {standard_task_runner.py:80} INFO - Job 90: Subtask get_crypto_values
[2023-01-04 05:18:40,262] {task_command.py:370} INFO - Running <TaskInstance: populate_crypto_values.get_crypto_values scheduled__2021-02-02T07:00:00+00:00 [running]> on host xuxon-virtual-machine
[2023-01-04 05:18:40,328] {taskinstance.py:1569} INFO - Exporting the following env vars:
AIRFLOW_CTX_DAG_OWNER=airflow
AIRFLOW_CTX_DAG_ID=populate_crypto_values
AIRFLOW_CTX_TASK_ID=get_crypto_values
AIRFLOW_CTX_EXECUTION_DATE=2021-02-02T07:00:00+00:00
AIRFLOW_CTX_TRY_NUMBER=1
AIRFLOW_CTX_DAG_RUN_ID=scheduled__2021-02-02T07:00:00+00:00
[2023-01-04 05:18:40,709] {logging_mixin.py:115} INFO - Attempt 1 to get the crypto values has failed. The api status was 429
[2023-01-04 05:18:40,711] {logging_mixin.py:115} INFO - The api response was {"status":{"error_code":429,"error_message":"You've exceeded the Rate Limit. Please visit https://www.coingecko.com/en/api/pricing to subscribe to our API plans for higher rate limits."}}
[2023-01-04 05:18:55,812] {logging_mixin.py:115} INFO - Attempt 2 to get the crypto values has failed. The api status was 429
[2023-01-04 05:18:55,813] {logging_mixin.py:115} INFO - The api response was {"status":{"error_code":429,"error_message":"You've exceeded the Rate Limit. Please visit https://www.coingecko.com/en/api/pricing to subscribe to our API plans for higher rate limits."}}
[2023-01-04 05:19:10,915] {logging_mixin.py:115} INFO - Attempt 3 to get the crypto values has failed. The api status was 429
[2023-01-04 05:19:10,915] {logging_mixin.py:115} INFO - The api response was {"status":{"error_code":429,"error_message":"You've exceeded the Rate Limit. Please visit https://www.coingecko.com/en/api/pricing to subscribe to our API plans for higher rate limits."}}
[2023-01-04 05:19:26,012] {logging_mixin.py:115} INFO - Attempt 4 to get the crypto values has failed. The api status was 429
[2023-01-04 05:19:26,013] {logging_mixin.py:115} INFO - The api response was {"status":{"error_code":429,"error_message":"You've exceeded the Rate Limit. Please visit https://www.coingecko.com/en/api/pricing to subscribe to our API plans for higher rate limits."}}
[2023-01-04 05:19:41,099] {logging_mixin.py:115} INFO - Attempt 5 to get the crypto values has failed. The api status was 429
[2023-01-04 05:19:41,099] {logging_mixin.py:115} INFO - The api response was {"status":{"error_code":429,"error_message":"You've exceeded the Rate Limit. Please visit https://www.coingecko.com/en/api/pricing to subscribe to our API plans for higher rate limits."}}
[2023-01-04 05:19:56,212] {logging_mixin.py:115} INFO - Attempt 6 to get the crypto values has failed. The api status was 429
[2023-01-04 05:19:56,213] {logging_mixin.py:115} INFO - The api response was {"status":{"error_code":429,"error_message":"You've exceeded the Rate Limit. Please visit https://www.coingecko.com/en/api/pricing to subscribe to our API plans for higher rate limits."}}
[2023-01-04 05:20:11,328] {logging_mixin.py:115} INFO - Attempt 7 to get the crypto values has failed. The api status was 429
[2023-01-04 05:20:11,330] {logging_mixin.py:115} INFO - The api response was {"status":{"error_code":429,"error_message":"You've exceeded the Rate Limit. Please visit https://www.coingecko.com/en/api/pricing to subscribe to our API plans for higher rate limits."}}
[2023-01-04 05:20:26,455] {logging_mixin.py:115} INFO - Attempt 8 to get the crypto values has failed. The api status was 429
[2023-01-04 05:20:26,456] {logging_mixin.py:115} INFO - The api response was {"status":{"error_code":429,"error_message":"You've exceeded the Rate Limit. Please visit https://www.coingecko.com/en/api/pricing to subscribe to our API plans for higher rate limits."}}
[2023-01-04 05:20:42,156] {logging_mixin.py:115} INFO - New rows have been added.
[2023-01-04 05:20:42,157] {python.py:173} INFO - Done. Returned value was: None
[2023-01-04 05:20:42,178] {taskinstance.py:1395} INFO - Marking task as SUCCESS. dag_id=populate_crypto_values, task_id=get_crypto_values, execution_date=20210202T070000, start_date=20230104T081840, end_date=20230104T082042
[2023-01-04 05:20:42,222] {local_task_job.py:156} INFO - Task exited with return code 0
[2023-01-04 05:20:42,234] {local_task_job.py:273} INFO - 0 downstream tasks scheduled from follow-on schedule check
