[2023-01-04 02:17:23,138] {taskinstance.py:1159} INFO - Dependencies all met for <TaskInstance: populate_crypto_values.get_crypto_values scheduled__2022-12-28T07:00:00+00:00 [queued]>
[2023-01-04 02:17:23,151] {taskinstance.py:1159} INFO - Dependencies all met for <TaskInstance: populate_crypto_values.get_crypto_values scheduled__2022-12-28T07:00:00+00:00 [queued]>
[2023-01-04 02:17:23,151] {taskinstance.py:1356} INFO - 
--------------------------------------------------------------------------------
[2023-01-04 02:17:23,151] {taskinstance.py:1357} INFO - Starting attempt 1 of 1
[2023-01-04 02:17:23,151] {taskinstance.py:1358} INFO - 
--------------------------------------------------------------------------------
[2023-01-04 02:17:23,167] {taskinstance.py:1377} INFO - Executing <Task(PythonOperator): get_crypto_values> on 2022-12-28 07:00:00+00:00
[2023-01-04 02:17:23,171] {standard_task_runner.py:52} INFO - Started process 47893 to run task
[2023-01-04 02:17:23,179] {standard_task_runner.py:79} INFO - Running: ['airflow', 'tasks', 'run', 'populate_crypto_values', 'get_crypto_values', 'scheduled__2022-12-28T07:00:00+00:00', '--job-id', '14', '--raw', '--subdir', 'DAGS_FOLDER/populate_crypto_values.py', '--cfg-path', '/tmp/tmpeko7x4pf', '--error-file', '/tmp/tmp6zjneyor']
[2023-01-04 02:17:23,191] {standard_task_runner.py:80} INFO - Job 14: Subtask get_crypto_values
[2023-01-04 02:17:23,254] {task_command.py:370} INFO - Running <TaskInstance: populate_crypto_values.get_crypto_values scheduled__2022-12-28T07:00:00+00:00 [running]> on host xuxon-virtual-machine
[2023-01-04 02:17:23,320] {taskinstance.py:1569} INFO - Exporting the following env vars:
AIRFLOW_CTX_DAG_OWNER=airflow
AIRFLOW_CTX_DAG_ID=populate_crypto_values
AIRFLOW_CTX_TASK_ID=get_crypto_values
AIRFLOW_CTX_EXECUTION_DATE=2022-12-28T07:00:00+00:00
AIRFLOW_CTX_TRY_NUMBER=1
AIRFLOW_CTX_DAG_RUN_ID=scheduled__2022-12-28T07:00:00+00:00
[2023-01-04 02:17:25,393] {logging_mixin.py:115} INFO - New rows have been added.
[2023-01-04 02:17:25,393] {python.py:173} INFO - Done. Returned value was: None
[2023-01-04 02:17:25,401] {taskinstance.py:1395} INFO - Marking task as SUCCESS. dag_id=populate_crypto_values, task_id=get_crypto_values, execution_date=20221228T070000, start_date=20230104T051723, end_date=20230104T051725
[2023-01-04 02:17:25,453] {local_task_job.py:156} INFO - Task exited with return code 0
[2023-01-04 02:17:25,485] {local_task_job.py:273} INFO - 0 downstream tasks scheduled from follow-on schedule check
[2023-01-04 14:09:01,472] {taskinstance.py:1159} INFO - Dependencies all met for <TaskInstance: populate_crypto_values.get_crypto_values scheduled__2022-12-28T07:00:00+00:00 [queued]>
[2023-01-04 14:09:01,488] {taskinstance.py:1159} INFO - Dependencies all met for <TaskInstance: populate_crypto_values.get_crypto_values scheduled__2022-12-28T07:00:00+00:00 [queued]>
[2023-01-04 14:09:01,488] {taskinstance.py:1356} INFO - 
--------------------------------------------------------------------------------
[2023-01-04 14:09:01,488] {taskinstance.py:1357} INFO - Starting attempt 1 of 1
[2023-01-04 14:09:01,488] {taskinstance.py:1358} INFO - 
--------------------------------------------------------------------------------
[2023-01-04 14:09:01,502] {taskinstance.py:1377} INFO - Executing <Task(PythonOperator): get_crypto_values> on 2022-12-28 07:00:00+00:00
[2023-01-04 14:09:01,506] {standard_task_runner.py:52} INFO - Started process 34302 to run task
[2023-01-04 14:09:01,511] {standard_task_runner.py:79} INFO - Running: ['airflow', 'tasks', 'run', 'populate_crypto_values', 'get_crypto_values', 'scheduled__2022-12-28T07:00:00+00:00', '--job-id', '787', '--raw', '--subdir', 'DAGS_FOLDER/populate_crypto_values.py', '--cfg-path', '/tmp/tmp6hyrzcli', '--error-file', '/tmp/tmpa20tle5s']
[2023-01-04 14:09:01,512] {standard_task_runner.py:80} INFO - Job 787: Subtask get_crypto_values
[2023-01-04 14:09:01,573] {task_command.py:370} INFO - Running <TaskInstance: populate_crypto_values.get_crypto_values scheduled__2022-12-28T07:00:00+00:00 [running]> on host xuxon-virtual-machine
[2023-01-04 14:09:01,636] {taskinstance.py:1569} INFO - Exporting the following env vars:
AIRFLOW_CTX_DAG_OWNER=airflow
AIRFLOW_CTX_DAG_ID=populate_crypto_values
AIRFLOW_CTX_TASK_ID=get_crypto_values
AIRFLOW_CTX_EXECUTION_DATE=2022-12-28T07:00:00+00:00
AIRFLOW_CTX_TRY_NUMBER=1
AIRFLOW_CTX_DAG_RUN_ID=scheduled__2022-12-28T07:00:00+00:00
[2023-01-04 14:09:02,835] {logging_mixin.py:115} INFO - New rows have been added.
[2023-01-04 14:09:02,836] {python.py:173} INFO - Done. Returned value was: None
[2023-01-04 14:09:02,883] {taskinstance.py:1395} INFO - Marking task as SUCCESS. dag_id=populate_crypto_values, task_id=get_crypto_values, execution_date=20221228T070000, start_date=20230104T170901, end_date=20230104T170902
[2023-01-04 14:09:02,962] {local_task_job.py:156} INFO - Task exited with return code 0
[2023-01-04 14:09:03,018] {local_task_job.py:273} INFO - 0 downstream tasks scheduled from follow-on schedule check
