[2023-01-04 02:16:36,133] {taskinstance.py:1159} INFO - Dependencies all met for <TaskInstance: populate_crypto_values.get_crypto_values scheduled__2022-12-21T07:00:00+00:00 [queued]>
[2023-01-04 02:16:36,162] {taskinstance.py:1159} INFO - Dependencies all met for <TaskInstance: populate_crypto_values.get_crypto_values scheduled__2022-12-21T07:00:00+00:00 [queued]>
[2023-01-04 02:16:36,162] {taskinstance.py:1356} INFO - 
--------------------------------------------------------------------------------
[2023-01-04 02:16:36,162] {taskinstance.py:1357} INFO - Starting attempt 1 of 1
[2023-01-04 02:16:36,162] {taskinstance.py:1358} INFO - 
--------------------------------------------------------------------------------
[2023-01-04 02:16:36,374] {taskinstance.py:1377} INFO - Executing <Task(PythonOperator): get_crypto_values> on 2022-12-21 07:00:00+00:00
[2023-01-04 02:16:36,411] {standard_task_runner.py:52} INFO - Started process 47832 to run task
[2023-01-04 02:16:37,014] {standard_task_runner.py:79} INFO - Running: ['airflow', 'tasks', 'run', 'populate_crypto_values', 'get_crypto_values', 'scheduled__2022-12-21T07:00:00+00:00', '--job-id', '7', '--raw', '--subdir', 'DAGS_FOLDER/populate_crypto_values.py', '--cfg-path', '/tmp/tmprcoywpwr', '--error-file', '/tmp/tmpeejtooxj']
[2023-01-04 02:16:37,018] {standard_task_runner.py:80} INFO - Job 7: Subtask get_crypto_values
[2023-01-04 02:16:37,718] {task_command.py:370} INFO - Running <TaskInstance: populate_crypto_values.get_crypto_values scheduled__2022-12-21T07:00:00+00:00 [running]> on host xuxon-virtual-machine
[2023-01-04 02:16:39,768] {taskinstance.py:1569} INFO - Exporting the following env vars:
AIRFLOW_CTX_DAG_OWNER=airflow
AIRFLOW_CTX_DAG_ID=populate_crypto_values
AIRFLOW_CTX_TASK_ID=get_crypto_values
AIRFLOW_CTX_EXECUTION_DATE=2022-12-21T07:00:00+00:00
AIRFLOW_CTX_TRY_NUMBER=1
AIRFLOW_CTX_DAG_RUN_ID=scheduled__2022-12-21T07:00:00+00:00
[2023-01-04 02:16:46,541] {logging_mixin.py:115} INFO - New rows have been added.
[2023-01-04 02:16:46,542] {python.py:173} INFO - Done. Returned value was: None
[2023-01-04 02:16:48,136] {taskinstance.py:1395} INFO - Marking task as SUCCESS. dag_id=populate_crypto_values, task_id=get_crypto_values, execution_date=20221221T070000, start_date=20230104T051636, end_date=20230104T051648
[2023-01-04 02:16:48,980] {local_task_job.py:156} INFO - Task exited with return code 0
[2023-01-04 02:16:49,002] {local_task_job.py:273} INFO - 0 downstream tasks scheduled from follow-on schedule check
[2023-01-04 14:06:31,435] {taskinstance.py:1159} INFO - Dependencies all met for <TaskInstance: populate_crypto_values.get_crypto_values scheduled__2022-12-21T07:00:00+00:00 [queued]>
[2023-01-04 14:06:31,478] {taskinstance.py:1159} INFO - Dependencies all met for <TaskInstance: populate_crypto_values.get_crypto_values scheduled__2022-12-21T07:00:00+00:00 [queued]>
[2023-01-04 14:06:31,479] {taskinstance.py:1356} INFO - 
--------------------------------------------------------------------------------
[2023-01-04 14:06:31,479] {taskinstance.py:1357} INFO - Starting attempt 1 of 1
[2023-01-04 14:06:31,479] {taskinstance.py:1358} INFO - 
--------------------------------------------------------------------------------
[2023-01-04 14:06:31,507] {taskinstance.py:1377} INFO - Executing <Task(PythonOperator): get_crypto_values> on 2022-12-21 07:00:00+00:00
[2023-01-04 14:06:31,512] {standard_task_runner.py:52} INFO - Started process 34020 to run task
[2023-01-04 14:06:31,521] {standard_task_runner.py:79} INFO - Running: ['airflow', 'tasks', 'run', 'populate_crypto_values', 'get_crypto_values', 'scheduled__2022-12-21T07:00:00+00:00', '--job-id', '780', '--raw', '--subdir', 'DAGS_FOLDER/populate_crypto_values.py', '--cfg-path', '/tmp/tmpwy8r2_cy', '--error-file', '/tmp/tmp934d_4i3']
[2023-01-04 14:06:31,523] {standard_task_runner.py:80} INFO - Job 780: Subtask get_crypto_values
[2023-01-04 14:06:31,612] {task_command.py:370} INFO - Running <TaskInstance: populate_crypto_values.get_crypto_values scheduled__2022-12-21T07:00:00+00:00 [running]> on host xuxon-virtual-machine
[2023-01-04 14:06:31,672] {taskinstance.py:1569} INFO - Exporting the following env vars:
AIRFLOW_CTX_DAG_OWNER=airflow
AIRFLOW_CTX_DAG_ID=populate_crypto_values
AIRFLOW_CTX_TASK_ID=get_crypto_values
AIRFLOW_CTX_EXECUTION_DATE=2022-12-21T07:00:00+00:00
AIRFLOW_CTX_TRY_NUMBER=1
AIRFLOW_CTX_DAG_RUN_ID=scheduled__2022-12-21T07:00:00+00:00
[2023-01-04 14:06:31,811] {logging_mixin.py:115} INFO - Attempt 1 to get the crypto values has failed. The api status was 429
[2023-01-04 14:06:31,812] {logging_mixin.py:115} INFO - The api response was {"status":{"error_code":429,"error_message":"You've exceeded the Rate Limit. Please visit https://www.coingecko.com/en/api/pricing to subscribe to our API plans for higher rate limits."}}
[2023-01-04 14:06:46,927] {logging_mixin.py:115} INFO - Attempt 2 to get the crypto values has failed. The api status was 429
[2023-01-04 14:06:46,928] {logging_mixin.py:115} INFO - The api response was {"status":{"error_code":429,"error_message":"You've exceeded the Rate Limit. Please visit https://www.coingecko.com/en/api/pricing to subscribe to our API plans for higher rate limits."}}
[2023-01-04 14:07:02,054] {logging_mixin.py:115} INFO - Attempt 3 to get the crypto values has failed. The api status was 429
[2023-01-04 14:07:02,056] {logging_mixin.py:115} INFO - The api response was {"status":{"error_code":429,"error_message":"You've exceeded the Rate Limit. Please visit https://www.coingecko.com/en/api/pricing to subscribe to our API plans for higher rate limits."}}
[2023-01-04 14:07:17,154] {logging_mixin.py:115} INFO - Attempt 4 to get the crypto values has failed. The api status was 429
[2023-01-04 14:07:17,156] {logging_mixin.py:115} INFO - The api response was {"status":{"error_code":429,"error_message":"You've exceeded the Rate Limit. Please visit https://www.coingecko.com/en/api/pricing to subscribe to our API plans for higher rate limits."}}
[2023-01-04 14:07:32,318] {logging_mixin.py:115} INFO - Attempt 5 to get the crypto values has failed. The api status was 429
[2023-01-04 14:07:32,318] {logging_mixin.py:115} INFO - The api response was {"status":{"error_code":429,"error_message":"You've exceeded the Rate Limit. Please visit https://www.coingecko.com/en/api/pricing to subscribe to our API plans for higher rate limits."}}
[2023-01-04 14:07:47,419] {logging_mixin.py:115} INFO - Attempt 6 to get the crypto values has failed. The api status was 429
[2023-01-04 14:07:47,419] {logging_mixin.py:115} INFO - The api response was {"status":{"error_code":429,"error_message":"You've exceeded the Rate Limit. Please visit https://www.coingecko.com/en/api/pricing to subscribe to our API plans for higher rate limits."}}
[2023-01-04 14:08:02,541] {logging_mixin.py:115} INFO - Attempt 7 to get the crypto values has failed. The api status was 429
[2023-01-04 14:08:02,542] {logging_mixin.py:115} INFO - The api response was {"status":{"error_code":429,"error_message":"You've exceeded the Rate Limit. Please visit https://www.coingecko.com/en/api/pricing to subscribe to our API plans for higher rate limits."}}
[2023-01-04 14:08:17,679] {logging_mixin.py:115} INFO - Attempt 8 to get the crypto values has failed. The api status was 429
[2023-01-04 14:08:17,680] {logging_mixin.py:115} INFO - The api response was {"status":{"error_code":429,"error_message":"You've exceeded the Rate Limit. Please visit https://www.coingecko.com/en/api/pricing to subscribe to our API plans for higher rate limits."}}
[2023-01-04 14:08:33,748] {logging_mixin.py:115} INFO - New rows have been added.
[2023-01-04 14:08:33,748] {python.py:173} INFO - Done. Returned value was: None
[2023-01-04 14:08:33,755] {taskinstance.py:1395} INFO - Marking task as SUCCESS. dag_id=populate_crypto_values, task_id=get_crypto_values, execution_date=20221221T070000, start_date=20230104T170631, end_date=20230104T170833
[2023-01-04 14:08:33,802] {local_task_job.py:156} INFO - Task exited with return code 0
[2023-01-04 14:08:33,816] {local_task_job.py:273} INFO - 0 downstream tasks scheduled from follow-on schedule check
