[2023-01-04 13:25:58,998] {taskinstance.py:1159} INFO - Dependencies all met for <TaskInstance: populate_crypto_values.get_crypto_values scheduled__2022-06-22T07:00:00+00:00 [queued]>
[2023-01-04 13:25:59,004] {taskinstance.py:1159} INFO - Dependencies all met for <TaskInstance: populate_crypto_values.get_crypto_values scheduled__2022-06-22T07:00:00+00:00 [queued]>
[2023-01-04 13:25:59,004] {taskinstance.py:1356} INFO - 
--------------------------------------------------------------------------------
[2023-01-04 13:25:59,004] {taskinstance.py:1357} INFO - Starting attempt 1 of 1
[2023-01-04 13:25:59,004] {taskinstance.py:1358} INFO - 
--------------------------------------------------------------------------------
[2023-01-04 13:25:59,016] {taskinstance.py:1377} INFO - Executing <Task(PythonOperator): get_crypto_values> on 2022-06-22 07:00:00+00:00
[2023-01-04 13:25:59,019] {standard_task_runner.py:52} INFO - Started process 29726 to run task
[2023-01-04 13:25:59,025] {standard_task_runner.py:79} INFO - Running: ['airflow', 'tasks', 'run', 'populate_crypto_values', 'get_crypto_values', 'scheduled__2022-06-22T07:00:00+00:00', '--job-id', '598', '--raw', '--subdir', 'DAGS_FOLDER/populate_crypto_values.py', '--cfg-path', '/tmp/tmp1hpasfz8', '--error-file', '/tmp/tmpnh9jny7e']
[2023-01-04 13:25:59,026] {standard_task_runner.py:80} INFO - Job 598: Subtask get_crypto_values
[2023-01-04 13:25:59,076] {task_command.py:370} INFO - Running <TaskInstance: populate_crypto_values.get_crypto_values scheduled__2022-06-22T07:00:00+00:00 [running]> on host xuxon-virtual-machine
[2023-01-04 13:25:59,135] {taskinstance.py:1569} INFO - Exporting the following env vars:
AIRFLOW_CTX_DAG_OWNER=airflow
AIRFLOW_CTX_DAG_ID=populate_crypto_values
AIRFLOW_CTX_TASK_ID=get_crypto_values
AIRFLOW_CTX_EXECUTION_DATE=2022-06-22T07:00:00+00:00
AIRFLOW_CTX_TRY_NUMBER=1
AIRFLOW_CTX_DAG_RUN_ID=scheduled__2022-06-22T07:00:00+00:00
[2023-01-04 13:26:00,347] {logging_mixin.py:115} INFO - New rows have been added.
[2023-01-04 13:26:00,348] {python.py:173} INFO - Done. Returned value was: None
[2023-01-04 13:26:00,369] {taskinstance.py:1395} INFO - Marking task as SUCCESS. dag_id=populate_crypto_values, task_id=get_crypto_values, execution_date=20220622T070000, start_date=20230104T162558, end_date=20230104T162600
[2023-01-04 13:26:00,437] {local_task_job.py:156} INFO - Task exited with return code 0
[2023-01-04 13:26:00,464] {local_task_job.py:273} INFO - 0 downstream tasks scheduled from follow-on schedule check
