[2023-01-04 04:00:32,772] {taskinstance.py:1159} INFO - Dependencies all met for <TaskInstance: populate_crypto_values.get_crypto_values scheduled__2021-01-25T07:00:00+00:00 [queued]>
[2023-01-04 04:00:32,781] {taskinstance.py:1159} INFO - Dependencies all met for <TaskInstance: populate_crypto_values.get_crypto_values scheduled__2021-01-25T07:00:00+00:00 [queued]>
[2023-01-04 04:00:32,781] {taskinstance.py:1356} INFO - 
--------------------------------------------------------------------------------
[2023-01-04 04:00:32,781] {taskinstance.py:1357} INFO - Starting attempt 1 of 1
[2023-01-04 04:00:32,781] {taskinstance.py:1358} INFO - 
--------------------------------------------------------------------------------
[2023-01-04 04:00:32,854] {taskinstance.py:1377} INFO - Executing <Task(PythonOperator): get_crypto_values> on 2021-01-25 07:00:00+00:00
[2023-01-04 04:00:32,859] {standard_task_runner.py:52} INFO - Started process 59816 to run task
[2023-01-04 04:00:32,886] {standard_task_runner.py:79} INFO - Running: ['airflow', 'tasks', 'run', 'populate_crypto_values', 'get_crypto_values', 'scheduled__2021-01-25T07:00:00+00:00', '--job-id', '53', '--raw', '--subdir', 'DAGS_FOLDER/populate_crypto_values.py', '--cfg-path', '/tmp/tmpsrbydxae', '--error-file', '/tmp/tmpzcxqii28']
[2023-01-04 04:00:32,888] {standard_task_runner.py:80} INFO - Job 53: Subtask get_crypto_values
[2023-01-04 04:00:33,110] {task_command.py:370} INFO - Running <TaskInstance: populate_crypto_values.get_crypto_values scheduled__2021-01-25T07:00:00+00:00 [running]> on host xuxon-virtual-machine
[2023-01-04 04:00:33,423] {taskinstance.py:1569} INFO - Exporting the following env vars:
AIRFLOW_CTX_DAG_OWNER=airflow
AIRFLOW_CTX_DAG_ID=populate_crypto_values
AIRFLOW_CTX_TASK_ID=get_crypto_values
AIRFLOW_CTX_EXECUTION_DATE=2021-01-25T07:00:00+00:00
AIRFLOW_CTX_TRY_NUMBER=1
AIRFLOW_CTX_DAG_RUN_ID=scheduled__2021-01-25T07:00:00+00:00
[2023-01-04 04:00:35,340] {logging_mixin.py:115} INFO - New rows have been added.
[2023-01-04 04:00:35,340] {python.py:173} INFO - Done. Returned value was: None
[2023-01-04 04:00:35,504] {taskinstance.py:1395} INFO - Marking task as SUCCESS. dag_id=populate_crypto_values, task_id=get_crypto_values, execution_date=20210125T070000, start_date=20230104T070032, end_date=20230104T070035
[2023-01-04 04:00:36,128] {local_task_job.py:156} INFO - Task exited with return code 0
[2023-01-04 04:00:36,171] {local_task_job.py:273} INFO - 0 downstream tasks scheduled from follow-on schedule check
[2023-01-04 05:18:07,727] {taskinstance.py:1159} INFO - Dependencies all met for <TaskInstance: populate_crypto_values.get_crypto_values scheduled__2021-01-25T07:00:00+00:00 [queued]>
[2023-01-04 05:18:07,737] {taskinstance.py:1159} INFO - Dependencies all met for <TaskInstance: populate_crypto_values.get_crypto_values scheduled__2021-01-25T07:00:00+00:00 [queued]>
[2023-01-04 05:18:07,737] {taskinstance.py:1356} INFO - 
--------------------------------------------------------------------------------
[2023-01-04 05:18:07,737] {taskinstance.py:1357} INFO - Starting attempt 1 of 1
[2023-01-04 05:18:07,737] {taskinstance.py:1358} INFO - 
--------------------------------------------------------------------------------
[2023-01-04 05:18:07,749] {taskinstance.py:1377} INFO - Executing <Task(PythonOperator): get_crypto_values> on 2021-01-25 07:00:00+00:00
[2023-01-04 05:18:07,754] {standard_task_runner.py:52} INFO - Started process 7570 to run task
[2023-01-04 05:18:07,759] {standard_task_runner.py:79} INFO - Running: ['airflow', 'tasks', 'run', 'populate_crypto_values', 'get_crypto_values', 'scheduled__2021-01-25T07:00:00+00:00', '--job-id', '82', '--raw', '--subdir', 'DAGS_FOLDER/populate_crypto_values.py', '--cfg-path', '/tmp/tmpcqqfywg9', '--error-file', '/tmp/tmp93nkejv8']
[2023-01-04 05:18:07,760] {standard_task_runner.py:80} INFO - Job 82: Subtask get_crypto_values
[2023-01-04 05:18:07,810] {task_command.py:370} INFO - Running <TaskInstance: populate_crypto_values.get_crypto_values scheduled__2021-01-25T07:00:00+00:00 [running]> on host xuxon-virtual-machine
[2023-01-04 05:18:07,871] {taskinstance.py:1569} INFO - Exporting the following env vars:
AIRFLOW_CTX_DAG_OWNER=airflow
AIRFLOW_CTX_DAG_ID=populate_crypto_values
AIRFLOW_CTX_TASK_ID=get_crypto_values
AIRFLOW_CTX_EXECUTION_DATE=2021-01-25T07:00:00+00:00
AIRFLOW_CTX_TRY_NUMBER=1
AIRFLOW_CTX_DAG_RUN_ID=scheduled__2021-01-25T07:00:00+00:00
[2023-01-04 05:18:08,898] {logging_mixin.py:115} INFO - New rows have been added.
[2023-01-04 05:18:08,898] {python.py:173} INFO - Done. Returned value was: None
[2023-01-04 05:18:08,906] {taskinstance.py:1395} INFO - Marking task as SUCCESS. dag_id=populate_crypto_values, task_id=get_crypto_values, execution_date=20210125T070000, start_date=20230104T081807, end_date=20230104T081808
[2023-01-04 05:18:08,985] {local_task_job.py:156} INFO - Task exited with return code 0
[2023-01-04 05:18:09,016] {local_task_job.py:273} INFO - 0 downstream tasks scheduled from follow-on schedule check
