[2023-01-04 05:46:25,494] {taskinstance.py:1159} INFO - Dependencies all met for <TaskInstance: populate_crypto_values.get_crypto_values scheduled__2021-05-31T07:00:00+00:00 [queued]>
[2023-01-04 05:46:25,500] {taskinstance.py:1159} INFO - Dependencies all met for <TaskInstance: populate_crypto_values.get_crypto_values scheduled__2021-05-31T07:00:00+00:00 [queued]>
[2023-01-04 05:46:25,500] {taskinstance.py:1356} INFO - 
--------------------------------------------------------------------------------
[2023-01-04 05:46:25,500] {taskinstance.py:1357} INFO - Starting attempt 1 of 1
[2023-01-04 05:46:25,500] {taskinstance.py:1358} INFO - 
--------------------------------------------------------------------------------
[2023-01-04 05:46:25,516] {taskinstance.py:1377} INFO - Executing <Task(PythonOperator): get_crypto_values> on 2021-05-31 07:00:00+00:00
[2023-01-04 05:46:25,521] {standard_task_runner.py:52} INFO - Started process 12896 to run task
[2023-01-04 05:46:25,526] {standard_task_runner.py:79} INFO - Running: ['airflow', 'tasks', 'run', 'populate_crypto_values', 'get_crypto_values', 'scheduled__2021-05-31T07:00:00+00:00', '--job-id', '208', '--raw', '--subdir', 'DAGS_FOLDER/populate_crypto_values.py', '--cfg-path', '/tmp/tmp4jiflf4p', '--error-file', '/tmp/tmpa8gzpsx1']
[2023-01-04 05:46:25,528] {standard_task_runner.py:80} INFO - Job 208: Subtask get_crypto_values
[2023-01-04 05:46:25,581] {task_command.py:370} INFO - Running <TaskInstance: populate_crypto_values.get_crypto_values scheduled__2021-05-31T07:00:00+00:00 [running]> on host xuxon-virtual-machine
[2023-01-04 05:46:25,665] {taskinstance.py:1569} INFO - Exporting the following env vars:
AIRFLOW_CTX_DAG_OWNER=airflow
AIRFLOW_CTX_DAG_ID=populate_crypto_values
AIRFLOW_CTX_TASK_ID=get_crypto_values
AIRFLOW_CTX_EXECUTION_DATE=2021-05-31T07:00:00+00:00
AIRFLOW_CTX_TRY_NUMBER=1
AIRFLOW_CTX_DAG_RUN_ID=scheduled__2021-05-31T07:00:00+00:00
[2023-01-04 05:46:25,764] {logging_mixin.py:115} INFO - Attempt 1 to get the crypto values has failed. The api status was 429
[2023-01-04 05:46:25,765] {logging_mixin.py:115} INFO - The api response was {"status":{"error_code":429,"error_message":"You've exceeded the Rate Limit. Please visit https://www.coingecko.com/en/api/pricing to subscribe to our API plans for higher rate limits."}}
[2023-01-04 05:46:40,888] {logging_mixin.py:115} INFO - Attempt 2 to get the crypto values has failed. The api status was 429
[2023-01-04 05:46:40,889] {logging_mixin.py:115} INFO - The api response was {"status":{"error_code":429,"error_message":"You've exceeded the Rate Limit. Please visit https://www.coingecko.com/en/api/pricing to subscribe to our API plans for higher rate limits."}}
[2023-01-04 05:46:56,016] {logging_mixin.py:115} INFO - Attempt 3 to get the crypto values has failed. The api status was 429
[2023-01-04 05:46:56,018] {logging_mixin.py:115} INFO - The api response was {"status":{"error_code":429,"error_message":"You've exceeded the Rate Limit. Please visit https://www.coingecko.com/en/api/pricing to subscribe to our API plans for higher rate limits."}}
[2023-01-04 05:47:11,217] {logging_mixin.py:115} INFO - Attempt 4 to get the crypto values has failed. The api status was 429
[2023-01-04 05:47:11,218] {logging_mixin.py:115} INFO - The api response was {"status":{"error_code":429,"error_message":"You've exceeded the Rate Limit. Please visit https://www.coingecko.com/en/api/pricing to subscribe to our API plans for higher rate limits."}}
[2023-01-04 05:47:26,348] {logging_mixin.py:115} INFO - Attempt 5 to get the crypto values has failed. The api status was 429
[2023-01-04 05:47:26,349] {logging_mixin.py:115} INFO - The api response was {"status":{"error_code":429,"error_message":"You've exceeded the Rate Limit. Please visit https://www.coingecko.com/en/api/pricing to subscribe to our API plans for higher rate limits."}}
[2023-01-04 05:47:41,465] {logging_mixin.py:115} INFO - Attempt 6 to get the crypto values has failed. The api status was 429
[2023-01-04 05:47:41,466] {logging_mixin.py:115} INFO - The api response was {"status":{"error_code":429,"error_message":"You've exceeded the Rate Limit. Please visit https://www.coingecko.com/en/api/pricing to subscribe to our API plans for higher rate limits."}}
[2023-01-04 05:47:56,587] {logging_mixin.py:115} INFO - Attempt 7 to get the crypto values has failed. The api status was 429
[2023-01-04 05:47:56,588] {logging_mixin.py:115} INFO - The api response was {"status":{"error_code":429,"error_message":"You've exceeded the Rate Limit. Please visit https://www.coingecko.com/en/api/pricing to subscribe to our API plans for higher rate limits."}}
[2023-01-04 05:48:11,690] {logging_mixin.py:115} INFO - Attempt 8 to get the crypto values has failed. The api status was 429
[2023-01-04 05:48:11,691] {logging_mixin.py:115} INFO - The api response was {"status":{"error_code":429,"error_message":"You've exceeded the Rate Limit. Please visit https://www.coingecko.com/en/api/pricing to subscribe to our API plans for higher rate limits."}}
[2023-01-04 05:48:27,993] {logging_mixin.py:115} INFO - New rows have been added.
[2023-01-04 05:48:27,994] {python.py:173} INFO - Done. Returned value was: None
[2023-01-04 05:48:28,015] {taskinstance.py:1395} INFO - Marking task as SUCCESS. dag_id=populate_crypto_values, task_id=get_crypto_values, execution_date=20210531T070000, start_date=20230104T084625, end_date=20230104T084828
[2023-01-04 05:48:28,077] {local_task_job.py:156} INFO - Task exited with return code 0
[2023-01-04 05:48:28,093] {local_task_job.py:273} INFO - 0 downstream tasks scheduled from follow-on schedule check
