[2023-01-04 03:55:56,115] {taskinstance.py:1159} INFO - Dependencies all met for <TaskInstance: populate_crypto_values.get_crypto_values scheduled__2021-01-17T07:00:00+00:00 [queued]>
[2023-01-04 03:55:56,127] {taskinstance.py:1159} INFO - Dependencies all met for <TaskInstance: populate_crypto_values.get_crypto_values scheduled__2021-01-17T07:00:00+00:00 [queued]>
[2023-01-04 03:55:56,127] {taskinstance.py:1356} INFO - 
--------------------------------------------------------------------------------
[2023-01-04 03:55:56,128] {taskinstance.py:1357} INFO - Starting attempt 1 of 1
[2023-01-04 03:55:56,128] {taskinstance.py:1358} INFO - 
--------------------------------------------------------------------------------
[2023-01-04 03:55:56,956] {taskinstance.py:1377} INFO - Executing <Task(PythonOperator): get_crypto_values> on 2021-01-17 07:00:00+00:00
[2023-01-04 03:55:56,973] {standard_task_runner.py:52} INFO - Started process 59179 to run task
[2023-01-04 03:55:57,028] {standard_task_runner.py:79} INFO - Running: ['airflow', 'tasks', 'run', 'populate_crypto_values', 'get_crypto_values', 'scheduled__2021-01-17T07:00:00+00:00', '--job-id', '45', '--raw', '--subdir', 'DAGS_FOLDER/populate_crypto_values.py', '--cfg-path', '/tmp/tmpn8r8dwm4', '--error-file', '/tmp/tmpv1lo2852']
[2023-01-04 03:55:57,029] {standard_task_runner.py:80} INFO - Job 45: Subtask get_crypto_values
[2023-01-04 03:55:58,238] {task_command.py:370} INFO - Running <TaskInstance: populate_crypto_values.get_crypto_values scheduled__2021-01-17T07:00:00+00:00 [running]> on host xuxon-virtual-machine
[2023-01-04 03:56:01,674] {taskinstance.py:1569} INFO - Exporting the following env vars:
AIRFLOW_CTX_DAG_OWNER=airflow
AIRFLOW_CTX_DAG_ID=populate_crypto_values
AIRFLOW_CTX_TASK_ID=get_crypto_values
AIRFLOW_CTX_EXECUTION_DATE=2021-01-17T07:00:00+00:00
AIRFLOW_CTX_TRY_NUMBER=1
AIRFLOW_CTX_DAG_RUN_ID=scheduled__2021-01-17T07:00:00+00:00
[2023-01-04 03:56:08,374] {logging_mixin.py:115} INFO - New rows have been added.
[2023-01-04 03:56:08,374] {python.py:173} INFO - Done. Returned value was: None
[2023-01-04 03:56:08,385] {taskinstance.py:1395} INFO - Marking task as SUCCESS. dag_id=populate_crypto_values, task_id=get_crypto_values, execution_date=20210117T070000, start_date=20230104T065556, end_date=20230104T065608
[2023-01-04 03:56:09,555] {local_task_job.py:156} INFO - Task exited with return code 0
[2023-01-04 03:56:09,587] {local_task_job.py:273} INFO - 0 downstream tasks scheduled from follow-on schedule check
[2023-01-04 04:18:32,268] {taskinstance.py:1159} INFO - Dependencies all met for <TaskInstance: populate_crypto_values.get_crypto_values scheduled__2021-01-17T07:00:00+00:00 [queued]>
[2023-01-04 04:18:32,286] {taskinstance.py:1159} INFO - Dependencies all met for <TaskInstance: populate_crypto_values.get_crypto_values scheduled__2021-01-17T07:00:00+00:00 [queued]>
[2023-01-04 04:18:32,286] {taskinstance.py:1356} INFO - 
--------------------------------------------------------------------------------
[2023-01-04 04:18:32,287] {taskinstance.py:1357} INFO - Starting attempt 1 of 1
[2023-01-04 04:18:32,287] {taskinstance.py:1358} INFO - 
--------------------------------------------------------------------------------
[2023-01-04 04:18:32,299] {taskinstance.py:1377} INFO - Executing <Task(PythonOperator): get_crypto_values> on 2021-01-17 07:00:00+00:00
[2023-01-04 04:18:32,303] {standard_task_runner.py:52} INFO - Started process 63106 to run task
[2023-01-04 04:18:32,309] {standard_task_runner.py:79} INFO - Running: ['airflow', 'tasks', 'run', 'populate_crypto_values', 'get_crypto_values', 'scheduled__2021-01-17T07:00:00+00:00', '--job-id', '45', '--raw', '--subdir', 'DAGS_FOLDER/populate_crypto_values.py', '--cfg-path', '/tmp/tmpel4h2sft', '--error-file', '/tmp/tmpmyc8eg6o']
[2023-01-04 04:18:32,310] {standard_task_runner.py:80} INFO - Job 45: Subtask get_crypto_values
[2023-01-04 04:18:32,376] {task_command.py:370} INFO - Running <TaskInstance: populate_crypto_values.get_crypto_values scheduled__2021-01-17T07:00:00+00:00 [running]> on host xuxon-virtual-machine
[2023-01-04 04:18:32,443] {taskinstance.py:1569} INFO - Exporting the following env vars:
AIRFLOW_CTX_DAG_OWNER=airflow
AIRFLOW_CTX_DAG_ID=populate_crypto_values
AIRFLOW_CTX_TASK_ID=get_crypto_values
AIRFLOW_CTX_EXECUTION_DATE=2021-01-17T07:00:00+00:00
AIRFLOW_CTX_TRY_NUMBER=1
AIRFLOW_CTX_DAG_RUN_ID=scheduled__2021-01-17T07:00:00+00:00
[2023-01-04 04:18:33,837] {logging_mixin.py:115} INFO - Encountered errors while inserting rows: [{'index': 0, 'errors': [{'reason': 'invalid', 'location': 'snapshot_date', 'debugInfo': '', 'message': "Invalid date: '18-01-2021'"}]}, {'index': 1, 'errors': [{'reason': 'invalid', 'location': 'snapshot_date', 'debugInfo': '', 'message': "Invalid date: '18-01-2021'"}]}]
[2023-01-04 04:18:33,837] {python.py:173} INFO - Done. Returned value was: None
[2023-01-04 04:18:33,847] {taskinstance.py:1395} INFO - Marking task as SUCCESS. dag_id=populate_crypto_values, task_id=get_crypto_values, execution_date=20210117T070000, start_date=20230104T071832, end_date=20230104T071833
[2023-01-04 04:18:33,885] {local_task_job.py:156} INFO - Task exited with return code 0
[2023-01-04 04:18:33,908] {local_task_job.py:273} INFO - 0 downstream tasks scheduled from follow-on schedule check
[2023-01-04 05:15:32,458] {taskinstance.py:1159} INFO - Dependencies all met for <TaskInstance: populate_crypto_values.get_crypto_values scheduled__2021-01-17T07:00:00+00:00 [queued]>
[2023-01-04 05:15:32,485] {taskinstance.py:1159} INFO - Dependencies all met for <TaskInstance: populate_crypto_values.get_crypto_values scheduled__2021-01-17T07:00:00+00:00 [queued]>
[2023-01-04 05:15:32,485] {taskinstance.py:1356} INFO - 
--------------------------------------------------------------------------------
[2023-01-04 05:15:32,485] {taskinstance.py:1357} INFO - Starting attempt 1 of 1
[2023-01-04 05:15:32,485] {taskinstance.py:1358} INFO - 
--------------------------------------------------------------------------------
[2023-01-04 05:15:32,500] {taskinstance.py:1377} INFO - Executing <Task(PythonOperator): get_crypto_values> on 2021-01-17 07:00:00+00:00
[2023-01-04 05:15:32,504] {standard_task_runner.py:52} INFO - Started process 7116 to run task
[2023-01-04 05:15:32,509] {standard_task_runner.py:79} INFO - Running: ['airflow', 'tasks', 'run', 'populate_crypto_values', 'get_crypto_values', 'scheduled__2021-01-17T07:00:00+00:00', '--job-id', '74', '--raw', '--subdir', 'DAGS_FOLDER/populate_crypto_values.py', '--cfg-path', '/tmp/tmpixcem_0t', '--error-file', '/tmp/tmpdqi06jfw']
[2023-01-04 05:15:32,510] {standard_task_runner.py:80} INFO - Job 74: Subtask get_crypto_values
[2023-01-04 05:15:32,568] {task_command.py:370} INFO - Running <TaskInstance: populate_crypto_values.get_crypto_values scheduled__2021-01-17T07:00:00+00:00 [running]> on host xuxon-virtual-machine
[2023-01-04 05:15:32,664] {taskinstance.py:1569} INFO - Exporting the following env vars:
AIRFLOW_CTX_DAG_OWNER=airflow
AIRFLOW_CTX_DAG_ID=populate_crypto_values
AIRFLOW_CTX_TASK_ID=get_crypto_values
AIRFLOW_CTX_EXECUTION_DATE=2021-01-17T07:00:00+00:00
AIRFLOW_CTX_TRY_NUMBER=1
AIRFLOW_CTX_DAG_RUN_ID=scheduled__2021-01-17T07:00:00+00:00
[2023-01-04 05:15:33,635] {logging_mixin.py:115} INFO - New rows have been added.
[2023-01-04 05:15:33,636] {python.py:173} INFO - Done. Returned value was: None
[2023-01-04 05:15:33,781] {taskinstance.py:1395} INFO - Marking task as SUCCESS. dag_id=populate_crypto_values, task_id=get_crypto_values, execution_date=20210117T070000, start_date=20230104T081532, end_date=20230104T081533
[2023-01-04 05:15:33,840] {local_task_job.py:156} INFO - Task exited with return code 0
[2023-01-04 05:15:33,861] {local_task_job.py:273} INFO - 0 downstream tasks scheduled from follow-on schedule check
