[2023-01-04 04:08:40,783] {taskinstance.py:1159} INFO - Dependencies all met for <TaskInstance: populate_crypto_values.get_crypto_values scheduled__2021-02-17T07:00:00+00:00 [queued]>
[2023-01-04 04:08:40,793] {taskinstance.py:1159} INFO - Dependencies all met for <TaskInstance: populate_crypto_values.get_crypto_values scheduled__2021-02-17T07:00:00+00:00 [queued]>
[2023-01-04 04:08:40,793] {taskinstance.py:1356} INFO - 
--------------------------------------------------------------------------------
[2023-01-04 04:08:40,793] {taskinstance.py:1357} INFO - Starting attempt 1 of 1
[2023-01-04 04:08:40,793] {taskinstance.py:1358} INFO - 
--------------------------------------------------------------------------------
[2023-01-04 04:08:40,899] {taskinstance.py:1377} INFO - Executing <Task(PythonOperator): get_crypto_values> on 2021-02-17 07:00:00+00:00
[2023-01-04 04:08:40,911] {standard_task_runner.py:79} INFO - Running: ['airflow', 'tasks', 'run', 'populate_crypto_values', 'get_crypto_values', 'scheduled__2021-02-17T07:00:00+00:00', '--job-id', '76', '--raw', '--subdir', 'DAGS_FOLDER/populate_crypto_values.py', '--cfg-path', '/tmp/tmp02i7ud3j', '--error-file', '/tmp/tmpi_x8app9']
[2023-01-04 04:08:40,912] {standard_task_runner.py:80} INFO - Job 76: Subtask get_crypto_values
[2023-01-04 04:08:40,904] {standard_task_runner.py:52} INFO - Started process 61135 to run task
[2023-01-04 04:08:41,054] {task_command.py:370} INFO - Running <TaskInstance: populate_crypto_values.get_crypto_values scheduled__2021-02-17T07:00:00+00:00 [running]> on host xuxon-virtual-machine
[2023-01-04 04:08:41,269] {taskinstance.py:1569} INFO - Exporting the following env vars:
AIRFLOW_CTX_DAG_OWNER=airflow
AIRFLOW_CTX_DAG_ID=populate_crypto_values
AIRFLOW_CTX_TASK_ID=get_crypto_values
AIRFLOW_CTX_EXECUTION_DATE=2021-02-17T07:00:00+00:00
AIRFLOW_CTX_TRY_NUMBER=1
AIRFLOW_CTX_DAG_RUN_ID=scheduled__2021-02-17T07:00:00+00:00
[2023-01-04 04:08:43,774] {taskinstance.py:1889} ERROR - Task failed with exception
Traceback (most recent call last):
  File "/home/xuxon/Documents/airflow_case/venv/lib/python3.8/site-packages/airflow/operators/python.py", line 171, in execute
    return_value = self.execute_callable()
  File "/home/xuxon/Documents/airflow_case/venv/lib/python3.8/site-packages/airflow/operators/python.py", line 189, in execute_callable
    return self.python_callable(*self.op_args, **self.op_kwargs)
  File "/home/xuxon/Documents/airflow_case/dags/populate_crypto_values.py", line 79, in get_crypto_values_func
    errors = client.insert_rows_json('data-case-study-322621.renan.crypto_currency', price_dict_list)
  File "/home/xuxon/Documents/airflow_case/venv/lib/python3.8/site-packages/google/cloud/bigquery/client.py", line 3666, in insert_rows_json
    response = self._call_api(
  File "/home/xuxon/Documents/airflow_case/venv/lib/python3.8/site-packages/google/cloud/bigquery/client.py", line 789, in _call_api
    return call()
  File "/home/xuxon/Documents/airflow_case/venv/lib/python3.8/site-packages/google/api_core/retry.py", line 349, in retry_wrapped_func
    return retry_target(
  File "/home/xuxon/Documents/airflow_case/venv/lib/python3.8/site-packages/google/api_core/retry.py", line 191, in retry_target
    return target()
  File "/home/xuxon/Documents/airflow_case/venv/lib/python3.8/site-packages/google/cloud/_http/__init__.py", line 494, in api_request
    raise exceptions.from_http_response(response)
google.api_core.exceptions.NotFound: 404 POST https://bigquery.googleapis.com/bigquery/v2/projects/data-case-study-322621/datasets/renan/tables/crypto_currency/insertAll?prettyPrint=false: Table 21710011226:renan.crypto_currency not found.
[2023-01-04 04:08:43,784] {taskinstance.py:1395} INFO - Marking task as FAILED. dag_id=populate_crypto_values, task_id=get_crypto_values, execution_date=20210217T070000, start_date=20230104T070840, end_date=20230104T070843
[2023-01-04 04:08:43,874] {standard_task_runner.py:92} ERROR - Failed to execute job 76 for task get_crypto_values (404 POST https://bigquery.googleapis.com/bigquery/v2/projects/data-case-study-322621/datasets/renan/tables/crypto_currency/insertAll?prettyPrint=false: Table 21710011226:renan.crypto_currency not found.; 61135)
[2023-01-04 04:08:43,902] {local_task_job.py:156} INFO - Task exited with return code 1
[2023-01-04 04:08:43,955] {local_task_job.py:273} INFO - 0 downstream tasks scheduled from follow-on schedule check
[2023-01-04 05:23:46,236] {taskinstance.py:1159} INFO - Dependencies all met for <TaskInstance: populate_crypto_values.get_crypto_values scheduled__2021-02-17T07:00:00+00:00 [queued]>
[2023-01-04 05:23:46,401] {taskinstance.py:1159} INFO - Dependencies all met for <TaskInstance: populate_crypto_values.get_crypto_values scheduled__2021-02-17T07:00:00+00:00 [queued]>
[2023-01-04 05:23:46,401] {taskinstance.py:1356} INFO - 
--------------------------------------------------------------------------------
[2023-01-04 05:23:46,401] {taskinstance.py:1357} INFO - Starting attempt 1 of 1
[2023-01-04 05:23:46,401] {taskinstance.py:1358} INFO - 
--------------------------------------------------------------------------------
[2023-01-04 05:23:46,416] {taskinstance.py:1377} INFO - Executing <Task(PythonOperator): get_crypto_values> on 2021-02-17 07:00:00+00:00
[2023-01-04 05:23:46,421] {standard_task_runner.py:52} INFO - Started process 8590 to run task
[2023-01-04 05:23:46,427] {standard_task_runner.py:79} INFO - Running: ['airflow', 'tasks', 'run', 'populate_crypto_values', 'get_crypto_values', 'scheduled__2021-02-17T07:00:00+00:00', '--job-id', '105', '--raw', '--subdir', 'DAGS_FOLDER/populate_crypto_values.py', '--cfg-path', '/tmp/tmpa81kp7q3', '--error-file', '/tmp/tmpmlxbv7iu']
[2023-01-04 05:23:46,428] {standard_task_runner.py:80} INFO - Job 105: Subtask get_crypto_values
[2023-01-04 05:23:46,484] {task_command.py:370} INFO - Running <TaskInstance: populate_crypto_values.get_crypto_values scheduled__2021-02-17T07:00:00+00:00 [running]> on host xuxon-virtual-machine
[2023-01-04 05:23:46,551] {taskinstance.py:1569} INFO - Exporting the following env vars:
AIRFLOW_CTX_DAG_OWNER=airflow
AIRFLOW_CTX_DAG_ID=populate_crypto_values
AIRFLOW_CTX_TASK_ID=get_crypto_values
AIRFLOW_CTX_EXECUTION_DATE=2021-02-17T07:00:00+00:00
AIRFLOW_CTX_TRY_NUMBER=1
AIRFLOW_CTX_DAG_RUN_ID=scheduled__2021-02-17T07:00:00+00:00
[2023-01-04 05:23:47,542] {logging_mixin.py:115} INFO - New rows have been added.
[2023-01-04 05:23:47,542] {python.py:173} INFO - Done. Returned value was: None
[2023-01-04 05:23:47,550] {taskinstance.py:1395} INFO - Marking task as SUCCESS. dag_id=populate_crypto_values, task_id=get_crypto_values, execution_date=20210217T070000, start_date=20230104T082346, end_date=20230104T082347
[2023-01-04 05:23:47,574] {local_task_job.py:156} INFO - Task exited with return code 0
[2023-01-04 05:23:47,598] {local_task_job.py:273} INFO - 0 downstream tasks scheduled from follow-on schedule check
