[2023-01-04 04:10:03,497] {taskinstance.py:1159} INFO - Dependencies all met for <TaskInstance: populate_crypto_values.get_crypto_values scheduled__2021-02-28T07:00:00+00:00 [queued]>
[2023-01-04 04:10:03,504] {taskinstance.py:1159} INFO - Dependencies all met for <TaskInstance: populate_crypto_values.get_crypto_values scheduled__2021-02-28T07:00:00+00:00 [queued]>
[2023-01-04 04:10:03,504] {taskinstance.py:1356} INFO - 
--------------------------------------------------------------------------------
[2023-01-04 04:10:03,504] {taskinstance.py:1357} INFO - Starting attempt 1 of 1
[2023-01-04 04:10:03,504] {taskinstance.py:1358} INFO - 
--------------------------------------------------------------------------------
[2023-01-04 04:10:03,521] {taskinstance.py:1377} INFO - Executing <Task(PythonOperator): get_crypto_values> on 2021-02-28 07:00:00+00:00
[2023-01-04 04:10:03,526] {standard_task_runner.py:52} INFO - Started process 61632 to run task
[2023-01-04 04:10:03,537] {standard_task_runner.py:79} INFO - Running: ['airflow', 'tasks', 'run', 'populate_crypto_values', 'get_crypto_values', 'scheduled__2021-02-28T07:00:00+00:00', '--job-id', '87', '--raw', '--subdir', 'DAGS_FOLDER/populate_crypto_values.py', '--cfg-path', '/tmp/tmptqcauofl', '--error-file', '/tmp/tmpvetz9xfy']
[2023-01-04 04:10:03,538] {standard_task_runner.py:80} INFO - Job 87: Subtask get_crypto_values
[2023-01-04 04:10:03,608] {task_command.py:370} INFO - Running <TaskInstance: populate_crypto_values.get_crypto_values scheduled__2021-02-28T07:00:00+00:00 [running]> on host xuxon-virtual-machine
[2023-01-04 04:10:03,687] {taskinstance.py:1569} INFO - Exporting the following env vars:
AIRFLOW_CTX_DAG_OWNER=airflow
AIRFLOW_CTX_DAG_ID=populate_crypto_values
AIRFLOW_CTX_TASK_ID=get_crypto_values
AIRFLOW_CTX_EXECUTION_DATE=2021-02-28T07:00:00+00:00
AIRFLOW_CTX_TRY_NUMBER=1
AIRFLOW_CTX_DAG_RUN_ID=scheduled__2021-02-28T07:00:00+00:00
[2023-01-04 04:10:04,683] {logging_mixin.py:115} INFO - Encountered errors while inserting rows: [{'index': 0, 'errors': [{'reason': 'invalid', 'location': 'snapshot_date', 'debugInfo': '', 'message': "Invalid date: '01-03-2021'"}]}, {'index': 1, 'errors': [{'reason': 'invalid', 'location': 'snapshot_date', 'debugInfo': '', 'message': "Invalid date: '01-03-2021'"}]}]
[2023-01-04 04:10:04,683] {python.py:173} INFO - Done. Returned value was: None
[2023-01-04 04:10:04,692] {taskinstance.py:1395} INFO - Marking task as SUCCESS. dag_id=populate_crypto_values, task_id=get_crypto_values, execution_date=20210228T070000, start_date=20230104T071003, end_date=20230104T071004
[2023-01-04 04:10:04,722] {local_task_job.py:156} INFO - Task exited with return code 0
[2023-01-04 04:10:04,746] {local_task_job.py:273} INFO - 0 downstream tasks scheduled from follow-on schedule check
[2023-01-04 05:24:36,120] {taskinstance.py:1159} INFO - Dependencies all met for <TaskInstance: populate_crypto_values.get_crypto_values scheduled__2021-02-28T07:00:00+00:00 [queued]>
[2023-01-04 05:24:36,244] {taskinstance.py:1159} INFO - Dependencies all met for <TaskInstance: populate_crypto_values.get_crypto_values scheduled__2021-02-28T07:00:00+00:00 [queued]>
[2023-01-04 05:24:36,244] {taskinstance.py:1356} INFO - 
--------------------------------------------------------------------------------
[2023-01-04 05:24:36,244] {taskinstance.py:1357} INFO - Starting attempt 1 of 1
[2023-01-04 05:24:36,245] {taskinstance.py:1358} INFO - 
--------------------------------------------------------------------------------
[2023-01-04 05:24:36,262] {taskinstance.py:1377} INFO - Executing <Task(PythonOperator): get_crypto_values> on 2021-02-28 07:00:00+00:00
[2023-01-04 05:24:36,267] {standard_task_runner.py:52} INFO - Started process 8823 to run task
[2023-01-04 05:24:36,273] {standard_task_runner.py:79} INFO - Running: ['airflow', 'tasks', 'run', 'populate_crypto_values', 'get_crypto_values', 'scheduled__2021-02-28T07:00:00+00:00', '--job-id', '116', '--raw', '--subdir', 'DAGS_FOLDER/populate_crypto_values.py', '--cfg-path', '/tmp/tmppzjesb_1', '--error-file', '/tmp/tmpb64mkd0p']
[2023-01-04 05:24:36,274] {standard_task_runner.py:80} INFO - Job 116: Subtask get_crypto_values
[2023-01-04 05:24:36,333] {task_command.py:370} INFO - Running <TaskInstance: populate_crypto_values.get_crypto_values scheduled__2021-02-28T07:00:00+00:00 [running]> on host xuxon-virtual-machine
[2023-01-04 05:24:36,400] {taskinstance.py:1569} INFO - Exporting the following env vars:
AIRFLOW_CTX_DAG_OWNER=airflow
AIRFLOW_CTX_DAG_ID=populate_crypto_values
AIRFLOW_CTX_TASK_ID=get_crypto_values
AIRFLOW_CTX_EXECUTION_DATE=2021-02-28T07:00:00+00:00
AIRFLOW_CTX_TRY_NUMBER=1
AIRFLOW_CTX_DAG_RUN_ID=scheduled__2021-02-28T07:00:00+00:00
[2023-01-04 05:24:37,839] {logging_mixin.py:115} INFO - New rows have been added.
[2023-01-04 05:24:37,839] {python.py:173} INFO - Done. Returned value was: None
[2023-01-04 05:24:37,847] {taskinstance.py:1395} INFO - Marking task as SUCCESS. dag_id=populate_crypto_values, task_id=get_crypto_values, execution_date=20210228T070000, start_date=20230104T082436, end_date=20230104T082437
[2023-01-04 05:24:37,902] {local_task_job.py:156} INFO - Task exited with return code 0
[2023-01-04 05:24:37,923] {local_task_job.py:273} INFO - 0 downstream tasks scheduled from follow-on schedule check
