[2023-01-04 04:10:27,711] {taskinstance.py:1159} INFO - Dependencies all met for <TaskInstance: populate_crypto_values.get_crypto_values scheduled__2021-03-04T07:00:00+00:00 [queued]>
[2023-01-04 04:10:27,721] {taskinstance.py:1159} INFO - Dependencies all met for <TaskInstance: populate_crypto_values.get_crypto_values scheduled__2021-03-04T07:00:00+00:00 [queued]>
[2023-01-04 04:10:27,721] {taskinstance.py:1356} INFO - 
--------------------------------------------------------------------------------
[2023-01-04 04:10:27,722] {taskinstance.py:1357} INFO - Starting attempt 1 of 1
[2023-01-04 04:10:27,722] {taskinstance.py:1358} INFO - 
--------------------------------------------------------------------------------
[2023-01-04 04:10:27,754] {taskinstance.py:1377} INFO - Executing <Task(PythonOperator): get_crypto_values> on 2021-03-04 07:00:00+00:00
[2023-01-04 04:10:27,762] {standard_task_runner.py:52} INFO - Started process 61789 to run task
[2023-01-04 04:10:27,807] {standard_task_runner.py:79} INFO - Running: ['airflow', 'tasks', 'run', 'populate_crypto_values', 'get_crypto_values', 'scheduled__2021-03-04T07:00:00+00:00', '--job-id', '91', '--raw', '--subdir', 'DAGS_FOLDER/populate_crypto_values.py', '--cfg-path', '/tmp/tmp0axs7qgv', '--error-file', '/tmp/tmp45w0lz6d']
[2023-01-04 04:10:27,809] {standard_task_runner.py:80} INFO - Job 91: Subtask get_crypto_values
[2023-01-04 04:10:27,974] {task_command.py:370} INFO - Running <TaskInstance: populate_crypto_values.get_crypto_values scheduled__2021-03-04T07:00:00+00:00 [running]> on host xuxon-virtual-machine
[2023-01-04 04:10:28,173] {taskinstance.py:1569} INFO - Exporting the following env vars:
AIRFLOW_CTX_DAG_OWNER=airflow
AIRFLOW_CTX_DAG_ID=populate_crypto_values
AIRFLOW_CTX_TASK_ID=get_crypto_values
AIRFLOW_CTX_EXECUTION_DATE=2021-03-04T07:00:00+00:00
AIRFLOW_CTX_TRY_NUMBER=1
AIRFLOW_CTX_DAG_RUN_ID=scheduled__2021-03-04T07:00:00+00:00
[2023-01-04 04:10:29,667] {logging_mixin.py:115} INFO - Encountered errors while inserting rows: [{'index': 0, 'errors': [{'reason': 'invalid', 'location': 'snapshot_date', 'debugInfo': '', 'message': "Invalid date: '05-03-2021'"}]}, {'index': 1, 'errors': [{'reason': 'invalid', 'location': 'snapshot_date', 'debugInfo': '', 'message': "Invalid date: '05-03-2021'"}]}]
[2023-01-04 04:10:29,667] {python.py:173} INFO - Done. Returned value was: None
[2023-01-04 04:10:29,677] {taskinstance.py:1395} INFO - Marking task as SUCCESS. dag_id=populate_crypto_values, task_id=get_crypto_values, execution_date=20210304T070000, start_date=20230104T071027, end_date=20230104T071029
[2023-01-04 04:10:29,739] {local_task_job.py:156} INFO - Task exited with return code 0
[2023-01-04 04:10:29,772] {local_task_job.py:273} INFO - 0 downstream tasks scheduled from follow-on schedule check
[2023-01-04 05:27:12,892] {taskinstance.py:1159} INFO - Dependencies all met for <TaskInstance: populate_crypto_values.get_crypto_values scheduled__2021-03-04T07:00:00+00:00 [queued]>
[2023-01-04 05:27:12,903] {taskinstance.py:1159} INFO - Dependencies all met for <TaskInstance: populate_crypto_values.get_crypto_values scheduled__2021-03-04T07:00:00+00:00 [queued]>
[2023-01-04 05:27:12,903] {taskinstance.py:1356} INFO - 
--------------------------------------------------------------------------------
[2023-01-04 05:27:12,903] {taskinstance.py:1357} INFO - Starting attempt 1 of 1
[2023-01-04 05:27:12,903] {taskinstance.py:1358} INFO - 
--------------------------------------------------------------------------------
[2023-01-04 05:27:12,918] {taskinstance.py:1377} INFO - Executing <Task(PythonOperator): get_crypto_values> on 2021-03-04 07:00:00+00:00
[2023-01-04 05:27:12,922] {standard_task_runner.py:52} INFO - Started process 9183 to run task
[2023-01-04 05:27:12,928] {standard_task_runner.py:79} INFO - Running: ['airflow', 'tasks', 'run', 'populate_crypto_values', 'get_crypto_values', 'scheduled__2021-03-04T07:00:00+00:00', '--job-id', '120', '--raw', '--subdir', 'DAGS_FOLDER/populate_crypto_values.py', '--cfg-path', '/tmp/tmpjb_r8_5p', '--error-file', '/tmp/tmpu8kgwk1y']
[2023-01-04 05:27:12,929] {standard_task_runner.py:80} INFO - Job 120: Subtask get_crypto_values
[2023-01-04 05:27:12,982] {task_command.py:370} INFO - Running <TaskInstance: populate_crypto_values.get_crypto_values scheduled__2021-03-04T07:00:00+00:00 [running]> on host xuxon-virtual-machine
[2023-01-04 05:27:13,045] {taskinstance.py:1569} INFO - Exporting the following env vars:
AIRFLOW_CTX_DAG_OWNER=airflow
AIRFLOW_CTX_DAG_ID=populate_crypto_values
AIRFLOW_CTX_TASK_ID=get_crypto_values
AIRFLOW_CTX_EXECUTION_DATE=2021-03-04T07:00:00+00:00
AIRFLOW_CTX_TRY_NUMBER=1
AIRFLOW_CTX_DAG_RUN_ID=scheduled__2021-03-04T07:00:00+00:00
[2023-01-04 05:27:14,088] {logging_mixin.py:115} INFO - New rows have been added.
[2023-01-04 05:27:14,089] {python.py:173} INFO - Done. Returned value was: None
[2023-01-04 05:27:14,114] {taskinstance.py:1395} INFO - Marking task as SUCCESS. dag_id=populate_crypto_values, task_id=get_crypto_values, execution_date=20210304T070000, start_date=20230104T082712, end_date=20230104T082714
[2023-01-04 05:27:14,154] {local_task_job.py:156} INFO - Task exited with return code 0
[2023-01-04 05:27:14,174] {local_task_job.py:273} INFO - 0 downstream tasks scheduled from follow-on schedule check
