[2023-01-04 04:06:51,539] {taskinstance.py:1159} INFO - Dependencies all met for <TaskInstance: populate_crypto_values.get_crypto_values scheduled__2021-02-13T07:00:00+00:00 [queued]>
[2023-01-04 04:06:53,980] {taskinstance.py:1159} INFO - Dependencies all met for <TaskInstance: populate_crypto_values.get_crypto_values scheduled__2021-02-13T07:00:00+00:00 [queued]>
[2023-01-04 04:06:53,981] {taskinstance.py:1356} INFO - 
--------------------------------------------------------------------------------
[2023-01-04 04:06:53,981] {taskinstance.py:1357} INFO - Starting attempt 1 of 1
[2023-01-04 04:06:53,982] {taskinstance.py:1358} INFO - 
--------------------------------------------------------------------------------
[2023-01-04 04:06:54,099] {taskinstance.py:1377} INFO - Executing <Task(PythonOperator): get_crypto_values> on 2021-02-13 07:00:00+00:00
[2023-01-04 04:06:54,337] {standard_task_runner.py:52} INFO - Started process 60795 to run task
[2023-01-04 04:06:54,678] {standard_task_runner.py:79} INFO - Running: ['airflow', 'tasks', 'run', 'populate_crypto_values', 'get_crypto_values', 'scheduled__2021-02-13T07:00:00+00:00', '--job-id', '72', '--raw', '--subdir', 'DAGS_FOLDER/populate_crypto_values.py', '--cfg-path', '/tmp/tmptbe3hson', '--error-file', '/tmp/tmpkvhr2e69']
[2023-01-04 04:06:54,679] {standard_task_runner.py:80} INFO - Job 72: Subtask get_crypto_values
[2023-01-04 04:07:09,296] {task_command.py:370} INFO - Running <TaskInstance: populate_crypto_values.get_crypto_values scheduled__2021-02-13T07:00:00+00:00 [running]> on host xuxon-virtual-machine
[2023-01-04 04:07:16,467] {taskinstance.py:1569} INFO - Exporting the following env vars:
AIRFLOW_CTX_DAG_OWNER=airflow
AIRFLOW_CTX_DAG_ID=populate_crypto_values
AIRFLOW_CTX_TASK_ID=get_crypto_values
AIRFLOW_CTX_EXECUTION_DATE=2021-02-13T07:00:00+00:00
AIRFLOW_CTX_TRY_NUMBER=1
AIRFLOW_CTX_DAG_RUN_ID=scheduled__2021-02-13T07:00:00+00:00
[2023-01-04 04:07:24,860] {logging_mixin.py:115} INFO - Encountered errors while inserting rows: [{'index': 0, 'errors': [{'reason': 'invalid', 'location': 'snapshot_date', 'debugInfo': '', 'message': "Invalid date: '14-02-2021'"}]}, {'index': 1, 'errors': [{'reason': 'invalid', 'location': 'snapshot_date', 'debugInfo': '', 'message': "Invalid date: '14-02-2021'"}]}]
[2023-01-04 04:07:24,860] {python.py:173} INFO - Done. Returned value was: None
[2023-01-04 04:07:24,886] {taskinstance.py:1395} INFO - Marking task as SUCCESS. dag_id=populate_crypto_values, task_id=get_crypto_values, execution_date=20210213T070000, start_date=20230104T070651, end_date=20230104T070724
[2023-01-04 04:07:25,120] {local_task_job.py:156} INFO - Task exited with return code 0
[2023-01-04 04:07:25,150] {local_task_job.py:273} INFO - 0 downstream tasks scheduled from follow-on schedule check
[2023-01-04 05:21:27,219] {taskinstance.py:1159} INFO - Dependencies all met for <TaskInstance: populate_crypto_values.get_crypto_values scheduled__2021-02-13T07:00:00+00:00 [queued]>
[2023-01-04 05:21:27,264] {taskinstance.py:1159} INFO - Dependencies all met for <TaskInstance: populate_crypto_values.get_crypto_values scheduled__2021-02-13T07:00:00+00:00 [queued]>
[2023-01-04 05:21:27,265] {taskinstance.py:1356} INFO - 
--------------------------------------------------------------------------------
[2023-01-04 05:21:27,265] {taskinstance.py:1357} INFO - Starting attempt 1 of 1
[2023-01-04 05:21:27,265] {taskinstance.py:1358} INFO - 
--------------------------------------------------------------------------------
[2023-01-04 05:21:27,283] {taskinstance.py:1377} INFO - Executing <Task(PythonOperator): get_crypto_values> on 2021-02-13 07:00:00+00:00
[2023-01-04 05:21:27,287] {standard_task_runner.py:52} INFO - Started process 8225 to run task
[2023-01-04 05:21:27,293] {standard_task_runner.py:79} INFO - Running: ['airflow', 'tasks', 'run', 'populate_crypto_values', 'get_crypto_values', 'scheduled__2021-02-13T07:00:00+00:00', '--job-id', '101', '--raw', '--subdir', 'DAGS_FOLDER/populate_crypto_values.py', '--cfg-path', '/tmp/tmp610f7yvy', '--error-file', '/tmp/tmpgwipl3ch']
[2023-01-04 05:21:27,294] {standard_task_runner.py:80} INFO - Job 101: Subtask get_crypto_values
[2023-01-04 05:21:27,354] {task_command.py:370} INFO - Running <TaskInstance: populate_crypto_values.get_crypto_values scheduled__2021-02-13T07:00:00+00:00 [running]> on host xuxon-virtual-machine
[2023-01-04 05:21:27,416] {taskinstance.py:1569} INFO - Exporting the following env vars:
AIRFLOW_CTX_DAG_OWNER=airflow
AIRFLOW_CTX_DAG_ID=populate_crypto_values
AIRFLOW_CTX_TASK_ID=get_crypto_values
AIRFLOW_CTX_EXECUTION_DATE=2021-02-13T07:00:00+00:00
AIRFLOW_CTX_TRY_NUMBER=1
AIRFLOW_CTX_DAG_RUN_ID=scheduled__2021-02-13T07:00:00+00:00
[2023-01-04 05:21:28,551] {logging_mixin.py:115} INFO - New rows have been added.
[2023-01-04 05:21:28,552] {python.py:173} INFO - Done. Returned value was: None
[2023-01-04 05:21:28,577] {taskinstance.py:1395} INFO - Marking task as SUCCESS. dag_id=populate_crypto_values, task_id=get_crypto_values, execution_date=20210213T070000, start_date=20230104T082127, end_date=20230104T082128
[2023-01-04 05:21:28,644] {local_task_job.py:156} INFO - Task exited with return code 0
[2023-01-04 05:21:28,668] {local_task_job.py:273} INFO - 0 downstream tasks scheduled from follow-on schedule check
