[2023-01-04 02:17:08,212] {taskinstance.py:1159} INFO - Dependencies all met for <TaskInstance: populate_crypto_values.get_crypto_values scheduled__2022-12-25T07:00:00+00:00 [queued]>
[2023-01-04 02:17:08,221] {taskinstance.py:1159} INFO - Dependencies all met for <TaskInstance: populate_crypto_values.get_crypto_values scheduled__2022-12-25T07:00:00+00:00 [queued]>
[2023-01-04 02:17:08,221] {taskinstance.py:1356} INFO - 
--------------------------------------------------------------------------------
[2023-01-04 02:17:08,221] {taskinstance.py:1357} INFO - Starting attempt 1 of 1
[2023-01-04 02:17:08,221] {taskinstance.py:1358} INFO - 
--------------------------------------------------------------------------------
[2023-01-04 02:17:08,244] {taskinstance.py:1377} INFO - Executing <Task(PythonOperator): get_crypto_values> on 2022-12-25 07:00:00+00:00
[2023-01-04 02:17:08,249] {standard_task_runner.py:52} INFO - Started process 47870 to run task
[2023-01-04 02:17:08,256] {standard_task_runner.py:79} INFO - Running: ['airflow', 'tasks', 'run', 'populate_crypto_values', 'get_crypto_values', 'scheduled__2022-12-25T07:00:00+00:00', '--job-id', '11', '--raw', '--subdir', 'DAGS_FOLDER/populate_crypto_values.py', '--cfg-path', '/tmp/tmpe6fknddu', '--error-file', '/tmp/tmpj2g5q1nz']
[2023-01-04 02:17:08,257] {standard_task_runner.py:80} INFO - Job 11: Subtask get_crypto_values
[2023-01-04 02:17:08,346] {task_command.py:370} INFO - Running <TaskInstance: populate_crypto_values.get_crypto_values scheduled__2022-12-25T07:00:00+00:00 [running]> on host xuxon-virtual-machine
[2023-01-04 02:17:08,417] {taskinstance.py:1569} INFO - Exporting the following env vars:
AIRFLOW_CTX_DAG_OWNER=airflow
AIRFLOW_CTX_DAG_ID=populate_crypto_values
AIRFLOW_CTX_TASK_ID=get_crypto_values
AIRFLOW_CTX_EXECUTION_DATE=2022-12-25T07:00:00+00:00
AIRFLOW_CTX_TRY_NUMBER=1
AIRFLOW_CTX_DAG_RUN_ID=scheduled__2022-12-25T07:00:00+00:00
[2023-01-04 02:17:09,541] {logging_mixin.py:115} INFO - New rows have been added.
[2023-01-04 02:17:09,541] {python.py:173} INFO - Done. Returned value was: None
[2023-01-04 02:17:09,550] {taskinstance.py:1395} INFO - Marking task as SUCCESS. dag_id=populate_crypto_values, task_id=get_crypto_values, execution_date=20221225T070000, start_date=20230104T051708, end_date=20230104T051709
[2023-01-04 02:17:09,661] {local_task_job.py:156} INFO - Task exited with return code 0
[2023-01-04 02:17:09,697] {local_task_job.py:273} INFO - 0 downstream tasks scheduled from follow-on schedule check
[2023-01-04 14:08:49,592] {taskinstance.py:1159} INFO - Dependencies all met for <TaskInstance: populate_crypto_values.get_crypto_values scheduled__2022-12-25T07:00:00+00:00 [queued]>
[2023-01-04 14:08:49,616] {taskinstance.py:1159} INFO - Dependencies all met for <TaskInstance: populate_crypto_values.get_crypto_values scheduled__2022-12-25T07:00:00+00:00 [queued]>
[2023-01-04 14:08:49,616] {taskinstance.py:1356} INFO - 
--------------------------------------------------------------------------------
[2023-01-04 14:08:49,616] {taskinstance.py:1357} INFO - Starting attempt 1 of 1
[2023-01-04 14:08:49,616] {taskinstance.py:1358} INFO - 
--------------------------------------------------------------------------------
[2023-01-04 14:08:49,629] {taskinstance.py:1377} INFO - Executing <Task(PythonOperator): get_crypto_values> on 2022-12-25 07:00:00+00:00
[2023-01-04 14:08:49,632] {standard_task_runner.py:52} INFO - Started process 34283 to run task
[2023-01-04 14:08:49,637] {standard_task_runner.py:79} INFO - Running: ['airflow', 'tasks', 'run', 'populate_crypto_values', 'get_crypto_values', 'scheduled__2022-12-25T07:00:00+00:00', '--job-id', '784', '--raw', '--subdir', 'DAGS_FOLDER/populate_crypto_values.py', '--cfg-path', '/tmp/tmpp5yldjox', '--error-file', '/tmp/tmpiq1hdfti']
[2023-01-04 14:08:49,638] {standard_task_runner.py:80} INFO - Job 784: Subtask get_crypto_values
[2023-01-04 14:08:49,705] {task_command.py:370} INFO - Running <TaskInstance: populate_crypto_values.get_crypto_values scheduled__2022-12-25T07:00:00+00:00 [running]> on host xuxon-virtual-machine
[2023-01-04 14:08:49,779] {taskinstance.py:1569} INFO - Exporting the following env vars:
AIRFLOW_CTX_DAG_OWNER=airflow
AIRFLOW_CTX_DAG_ID=populate_crypto_values
AIRFLOW_CTX_TASK_ID=get_crypto_values
AIRFLOW_CTX_EXECUTION_DATE=2022-12-25T07:00:00+00:00
AIRFLOW_CTX_TRY_NUMBER=1
AIRFLOW_CTX_DAG_RUN_ID=scheduled__2022-12-25T07:00:00+00:00
[2023-01-04 14:08:51,238] {logging_mixin.py:115} INFO - New rows have been added.
[2023-01-04 14:08:51,238] {python.py:173} INFO - Done. Returned value was: None
[2023-01-04 14:08:51,265] {taskinstance.py:1395} INFO - Marking task as SUCCESS. dag_id=populate_crypto_values, task_id=get_crypto_values, execution_date=20221225T070000, start_date=20230104T170849, end_date=20230104T170851
[2023-01-04 14:08:51,307] {local_task_job.py:156} INFO - Task exited with return code 0
[2023-01-04 14:08:51,334] {local_task_job.py:273} INFO - 0 downstream tasks scheduled from follow-on schedule check
