[2023-01-04 02:16:53,933] {taskinstance.py:1159} INFO - Dependencies all met for <TaskInstance: populate_crypto_values.get_crypto_values scheduled__2022-12-22T07:00:00+00:00 [queued]>
[2023-01-04 02:16:53,944] {taskinstance.py:1159} INFO - Dependencies all met for <TaskInstance: populate_crypto_values.get_crypto_values scheduled__2022-12-22T07:00:00+00:00 [queued]>
[2023-01-04 02:16:53,944] {taskinstance.py:1356} INFO - 
--------------------------------------------------------------------------------
[2023-01-04 02:16:53,945] {taskinstance.py:1357} INFO - Starting attempt 1 of 1
[2023-01-04 02:16:53,945] {taskinstance.py:1358} INFO - 
--------------------------------------------------------------------------------
[2023-01-04 02:16:53,970] {taskinstance.py:1377} INFO - Executing <Task(PythonOperator): get_crypto_values> on 2022-12-22 07:00:00+00:00
[2023-01-04 02:16:53,976] {standard_task_runner.py:52} INFO - Started process 47850 to run task
[2023-01-04 02:16:53,985] {standard_task_runner.py:79} INFO - Running: ['airflow', 'tasks', 'run', 'populate_crypto_values', 'get_crypto_values', 'scheduled__2022-12-22T07:00:00+00:00', '--job-id', '8', '--raw', '--subdir', 'DAGS_FOLDER/populate_crypto_values.py', '--cfg-path', '/tmp/tmpwrtipr6a', '--error-file', '/tmp/tmphz9yvr3v']
[2023-01-04 02:16:53,994] {standard_task_runner.py:80} INFO - Job 8: Subtask get_crypto_values
[2023-01-04 02:16:54,075] {task_command.py:370} INFO - Running <TaskInstance: populate_crypto_values.get_crypto_values scheduled__2022-12-22T07:00:00+00:00 [running]> on host xuxon-virtual-machine
[2023-01-04 02:16:54,146] {taskinstance.py:1569} INFO - Exporting the following env vars:
AIRFLOW_CTX_DAG_OWNER=airflow
AIRFLOW_CTX_DAG_ID=populate_crypto_values
AIRFLOW_CTX_TASK_ID=get_crypto_values
AIRFLOW_CTX_EXECUTION_DATE=2022-12-22T07:00:00+00:00
AIRFLOW_CTX_TRY_NUMBER=1
AIRFLOW_CTX_DAG_RUN_ID=scheduled__2022-12-22T07:00:00+00:00
[2023-01-04 02:16:55,185] {logging_mixin.py:115} INFO - New rows have been added.
[2023-01-04 02:16:55,185] {python.py:173} INFO - Done. Returned value was: None
[2023-01-04 02:16:55,195] {taskinstance.py:1395} INFO - Marking task as SUCCESS. dag_id=populate_crypto_values, task_id=get_crypto_values, execution_date=20221222T070000, start_date=20230104T051653, end_date=20230104T051655
[2023-01-04 02:16:55,249] {local_task_job.py:156} INFO - Task exited with return code 0
[2023-01-04 02:16:55,275] {local_task_job.py:273} INFO - 0 downstream tasks scheduled from follow-on schedule check
[2023-01-04 14:08:36,975] {taskinstance.py:1159} INFO - Dependencies all met for <TaskInstance: populate_crypto_values.get_crypto_values scheduled__2022-12-22T07:00:00+00:00 [queued]>
[2023-01-04 14:08:36,996] {taskinstance.py:1159} INFO - Dependencies all met for <TaskInstance: populate_crypto_values.get_crypto_values scheduled__2022-12-22T07:00:00+00:00 [queued]>
[2023-01-04 14:08:36,996] {taskinstance.py:1356} INFO - 
--------------------------------------------------------------------------------
[2023-01-04 14:08:36,996] {taskinstance.py:1357} INFO - Starting attempt 1 of 1
[2023-01-04 14:08:36,996] {taskinstance.py:1358} INFO - 
--------------------------------------------------------------------------------
[2023-01-04 14:08:37,012] {taskinstance.py:1377} INFO - Executing <Task(PythonOperator): get_crypto_values> on 2022-12-22 07:00:00+00:00
[2023-01-04 14:08:37,017] {standard_task_runner.py:52} INFO - Started process 34262 to run task
[2023-01-04 14:08:37,022] {standard_task_runner.py:79} INFO - Running: ['airflow', 'tasks', 'run', 'populate_crypto_values', 'get_crypto_values', 'scheduled__2022-12-22T07:00:00+00:00', '--job-id', '781', '--raw', '--subdir', 'DAGS_FOLDER/populate_crypto_values.py', '--cfg-path', '/tmp/tmph8tc5pxg', '--error-file', '/tmp/tmp2lyb5e4d']
[2023-01-04 14:08:37,023] {standard_task_runner.py:80} INFO - Job 781: Subtask get_crypto_values
[2023-01-04 14:08:37,114] {task_command.py:370} INFO - Running <TaskInstance: populate_crypto_values.get_crypto_values scheduled__2022-12-22T07:00:00+00:00 [running]> on host xuxon-virtual-machine
[2023-01-04 14:08:37,187] {taskinstance.py:1569} INFO - Exporting the following env vars:
AIRFLOW_CTX_DAG_OWNER=airflow
AIRFLOW_CTX_DAG_ID=populate_crypto_values
AIRFLOW_CTX_TASK_ID=get_crypto_values
AIRFLOW_CTX_EXECUTION_DATE=2022-12-22T07:00:00+00:00
AIRFLOW_CTX_TRY_NUMBER=1
AIRFLOW_CTX_DAG_RUN_ID=scheduled__2022-12-22T07:00:00+00:00
[2023-01-04 14:08:38,454] {logging_mixin.py:115} INFO - New rows have been added.
[2023-01-04 14:08:38,454] {python.py:173} INFO - Done. Returned value was: None
[2023-01-04 14:08:38,498] {taskinstance.py:1395} INFO - Marking task as SUCCESS. dag_id=populate_crypto_values, task_id=get_crypto_values, execution_date=20221222T070000, start_date=20230104T170836, end_date=20230104T170838
[2023-01-04 14:08:38,545] {local_task_job.py:156} INFO - Task exited with return code 0
[2023-01-04 14:08:38,566] {local_task_job.py:273} INFO - 0 downstream tasks scheduled from follow-on schedule check
