[2023-01-04 13:59:52,884] {taskinstance.py:1159} INFO - Dependencies all met for <TaskInstance: populate_crypto_values.get_crypto_values scheduled__2022-11-15T07:00:00+00:00 [queued]>
[2023-01-04 13:59:52,890] {taskinstance.py:1159} INFO - Dependencies all met for <TaskInstance: populate_crypto_values.get_crypto_values scheduled__2022-11-15T07:00:00+00:00 [queued]>
[2023-01-04 13:59:52,890] {taskinstance.py:1356} INFO - 
--------------------------------------------------------------------------------
[2023-01-04 13:59:52,890] {taskinstance.py:1357} INFO - Starting attempt 1 of 1
[2023-01-04 13:59:52,890] {taskinstance.py:1358} INFO - 
--------------------------------------------------------------------------------
[2023-01-04 13:59:52,901] {taskinstance.py:1377} INFO - Executing <Task(PythonOperator): get_crypto_values> on 2022-11-15 07:00:00+00:00
[2023-01-04 13:59:52,905] {standard_task_runner.py:52} INFO - Started process 33306 to run task
[2023-01-04 13:59:52,910] {standard_task_runner.py:79} INFO - Running: ['airflow', 'tasks', 'run', 'populate_crypto_values', 'get_crypto_values', 'scheduled__2022-11-15T07:00:00+00:00', '--job-id', '744', '--raw', '--subdir', 'DAGS_FOLDER/populate_crypto_values.py', '--cfg-path', '/tmp/tmp712ggegd', '--error-file', '/tmp/tmp50elgx4s']
[2023-01-04 13:59:52,911] {standard_task_runner.py:80} INFO - Job 744: Subtask get_crypto_values
[2023-01-04 13:59:52,968] {task_command.py:370} INFO - Running <TaskInstance: populate_crypto_values.get_crypto_values scheduled__2022-11-15T07:00:00+00:00 [running]> on host xuxon-virtual-machine
[2023-01-04 13:59:53,029] {taskinstance.py:1569} INFO - Exporting the following env vars:
AIRFLOW_CTX_DAG_OWNER=airflow
AIRFLOW_CTX_DAG_ID=populate_crypto_values
AIRFLOW_CTX_TASK_ID=get_crypto_values
AIRFLOW_CTX_EXECUTION_DATE=2022-11-15T07:00:00+00:00
AIRFLOW_CTX_TRY_NUMBER=1
AIRFLOW_CTX_DAG_RUN_ID=scheduled__2022-11-15T07:00:00+00:00
[2023-01-04 13:59:54,030] {logging_mixin.py:115} INFO - New rows have been added.
[2023-01-04 13:59:54,031] {python.py:173} INFO - Done. Returned value was: None
[2023-01-04 13:59:54,038] {taskinstance.py:1395} INFO - Marking task as SUCCESS. dag_id=populate_crypto_values, task_id=get_crypto_values, execution_date=20221115T070000, start_date=20230104T165952, end_date=20230104T165954
[2023-01-04 13:59:54,063] {local_task_job.py:156} INFO - Task exited with return code 0
[2023-01-04 13:59:54,083] {local_task_job.py:273} INFO - 0 downstream tasks scheduled from follow-on schedule check
