[2023-01-04 03:46:40,819] {taskinstance.py:1159} INFO - Dependencies all met for <TaskInstance: populate_crypto_values.get_crypto_values scheduled__2021-01-04T07:00:00+00:00 [queued]>
[2023-01-04 03:46:40,825] {taskinstance.py:1159} INFO - Dependencies all met for <TaskInstance: populate_crypto_values.get_crypto_values scheduled__2021-01-04T07:00:00+00:00 [queued]>
[2023-01-04 03:46:40,825] {taskinstance.py:1356} INFO - 
--------------------------------------------------------------------------------
[2023-01-04 03:46:40,825] {taskinstance.py:1357} INFO - Starting attempt 1 of 1
[2023-01-04 03:46:40,825] {taskinstance.py:1358} INFO - 
--------------------------------------------------------------------------------
[2023-01-04 03:46:40,838] {taskinstance.py:1377} INFO - Executing <Task(PythonOperator): get_crypto_values> on 2021-01-04 07:00:00+00:00
[2023-01-04 03:46:40,843] {standard_task_runner.py:52} INFO - Started process 58252 to run task
[2023-01-04 03:46:40,849] {standard_task_runner.py:79} INFO - Running: ['airflow', 'tasks', 'run', 'populate_crypto_values', 'get_crypto_values', 'scheduled__2021-01-04T07:00:00+00:00', '--job-id', '32', '--raw', '--subdir', 'DAGS_FOLDER/populate_crypto_values.py', '--cfg-path', '/tmp/tmpzmdxax99', '--error-file', '/tmp/tmpij4ddvbx']
[2023-01-04 03:46:40,850] {standard_task_runner.py:80} INFO - Job 32: Subtask get_crypto_values
[2023-01-04 03:46:40,927] {task_command.py:370} INFO - Running <TaskInstance: populate_crypto_values.get_crypto_values scheduled__2021-01-04T07:00:00+00:00 [running]> on host xuxon-virtual-machine
[2023-01-04 03:46:41,018] {taskinstance.py:1569} INFO - Exporting the following env vars:
AIRFLOW_CTX_DAG_OWNER=airflow
AIRFLOW_CTX_DAG_ID=populate_crypto_values
AIRFLOW_CTX_TASK_ID=get_crypto_values
AIRFLOW_CTX_EXECUTION_DATE=2021-01-04T07:00:00+00:00
AIRFLOW_CTX_TRY_NUMBER=1
AIRFLOW_CTX_DAG_RUN_ID=scheduled__2021-01-04T07:00:00+00:00
[2023-01-04 03:46:42,003] {logging_mixin.py:115} INFO - New rows have been added.
[2023-01-04 03:46:42,004] {python.py:173} INFO - Done. Returned value was: None
[2023-01-04 03:46:42,021] {taskinstance.py:1395} INFO - Marking task as SUCCESS. dag_id=populate_crypto_values, task_id=get_crypto_values, execution_date=20210104T070000, start_date=20230104T064640, end_date=20230104T064642
[2023-01-04 03:46:42,075] {local_task_job.py:156} INFO - Task exited with return code 0
[2023-01-04 03:46:42,113] {local_task_job.py:273} INFO - 0 downstream tasks scheduled from follow-on schedule check
[2023-01-04 04:12:02,014] {taskinstance.py:1159} INFO - Dependencies all met for <TaskInstance: populate_crypto_values.get_crypto_values scheduled__2021-01-04T07:00:00+00:00 [queued]>
[2023-01-04 04:12:02,042] {taskinstance.py:1159} INFO - Dependencies all met for <TaskInstance: populate_crypto_values.get_crypto_values scheduled__2021-01-04T07:00:00+00:00 [queued]>
[2023-01-04 04:12:02,043] {taskinstance.py:1356} INFO - 
--------------------------------------------------------------------------------
[2023-01-04 04:12:02,043] {taskinstance.py:1357} INFO - Starting attempt 1 of 1
[2023-01-04 04:12:02,043] {taskinstance.py:1358} INFO - 
--------------------------------------------------------------------------------
[2023-01-04 04:12:02,086] {taskinstance.py:1377} INFO - Executing <Task(PythonOperator): get_crypto_values> on 2021-01-04 07:00:00+00:00
[2023-01-04 04:12:02,098] {standard_task_runner.py:52} INFO - Started process 62303 to run task
[2023-01-04 04:12:02,108] {standard_task_runner.py:79} INFO - Running: ['airflow', 'tasks', 'run', 'populate_crypto_values', 'get_crypto_values', 'scheduled__2021-01-04T07:00:00+00:00', '--job-id', '32', '--raw', '--subdir', 'DAGS_FOLDER/populate_crypto_values.py', '--cfg-path', '/tmp/tmpirm77lwq', '--error-file', '/tmp/tmpu5ct0bqn']
[2023-01-04 04:12:02,119] {standard_task_runner.py:80} INFO - Job 32: Subtask get_crypto_values
[2023-01-04 04:12:02,232] {task_command.py:370} INFO - Running <TaskInstance: populate_crypto_values.get_crypto_values scheduled__2021-01-04T07:00:00+00:00 [running]> on host xuxon-virtual-machine
[2023-01-04 04:12:02,305] {taskinstance.py:1569} INFO - Exporting the following env vars:
AIRFLOW_CTX_DAG_OWNER=airflow
AIRFLOW_CTX_DAG_ID=populate_crypto_values
AIRFLOW_CTX_TASK_ID=get_crypto_values
AIRFLOW_CTX_EXECUTION_DATE=2021-01-04T07:00:00+00:00
AIRFLOW_CTX_TRY_NUMBER=1
AIRFLOW_CTX_DAG_RUN_ID=scheduled__2021-01-04T07:00:00+00:00
[2023-01-04 04:12:04,056] {logging_mixin.py:115} INFO - Encountered errors while inserting rows: [{'index': 0, 'errors': [{'reason': 'invalid', 'location': 'snapshot_date', 'debugInfo': '', 'message': "Invalid date: '05-01-2021'"}]}, {'index': 1, 'errors': [{'reason': 'invalid', 'location': 'snapshot_date', 'debugInfo': '', 'message': "Invalid date: '05-01-2021'"}]}]
[2023-01-04 04:12:04,057] {python.py:173} INFO - Done. Returned value was: None
[2023-01-04 04:12:04,066] {taskinstance.py:1395} INFO - Marking task as SUCCESS. dag_id=populate_crypto_values, task_id=get_crypto_values, execution_date=20210104T070000, start_date=20230104T071202, end_date=20230104T071204
[2023-01-04 04:12:04,122] {local_task_job.py:156} INFO - Task exited with return code 0
[2023-01-04 04:12:04,146] {local_task_job.py:273} INFO - 0 downstream tasks scheduled from follow-on schedule check
[2023-01-04 05:11:43,324] {taskinstance.py:1159} INFO - Dependencies all met for <TaskInstance: populate_crypto_values.get_crypto_values scheduled__2021-01-04T07:00:00+00:00 [queued]>
[2023-01-04 05:11:43,350] {taskinstance.py:1159} INFO - Dependencies all met for <TaskInstance: populate_crypto_values.get_crypto_values scheduled__2021-01-04T07:00:00+00:00 [queued]>
[2023-01-04 05:11:43,351] {taskinstance.py:1356} INFO - 
--------------------------------------------------------------------------------
[2023-01-04 05:11:43,351] {taskinstance.py:1357} INFO - Starting attempt 1 of 1
[2023-01-04 05:11:43,351] {taskinstance.py:1358} INFO - 
--------------------------------------------------------------------------------
[2023-01-04 05:11:43,370] {taskinstance.py:1377} INFO - Executing <Task(PythonOperator): get_crypto_values> on 2021-01-04 07:00:00+00:00
[2023-01-04 05:11:43,375] {standard_task_runner.py:52} INFO - Started process 6588 to run task
[2023-01-04 05:11:43,383] {standard_task_runner.py:79} INFO - Running: ['airflow', 'tasks', 'run', 'populate_crypto_values', 'get_crypto_values', 'scheduled__2021-01-04T07:00:00+00:00', '--job-id', '61', '--raw', '--subdir', 'DAGS_FOLDER/populate_crypto_values.py', '--cfg-path', '/tmp/tmps7j_t09t', '--error-file', '/tmp/tmp1f65l26p']
[2023-01-04 05:11:43,385] {standard_task_runner.py:80} INFO - Job 61: Subtask get_crypto_values
[2023-01-04 05:11:43,623] {task_command.py:370} INFO - Running <TaskInstance: populate_crypto_values.get_crypto_values scheduled__2021-01-04T07:00:00+00:00 [running]> on host xuxon-virtual-machine
[2023-01-04 05:11:43,808] {taskinstance.py:1569} INFO - Exporting the following env vars:
AIRFLOW_CTX_DAG_OWNER=airflow
AIRFLOW_CTX_DAG_ID=populate_crypto_values
AIRFLOW_CTX_TASK_ID=get_crypto_values
AIRFLOW_CTX_EXECUTION_DATE=2021-01-04T07:00:00+00:00
AIRFLOW_CTX_TRY_NUMBER=1
AIRFLOW_CTX_DAG_RUN_ID=scheduled__2021-01-04T07:00:00+00:00
[2023-01-04 05:11:45,030] {logging_mixin.py:115} INFO - New rows have been added.
[2023-01-04 05:11:45,031] {python.py:173} INFO - Done. Returned value was: None
[2023-01-04 05:11:45,125] {taskinstance.py:1395} INFO - Marking task as SUCCESS. dag_id=populate_crypto_values, task_id=get_crypto_values, execution_date=20210104T070000, start_date=20230104T081143, end_date=20230104T081145
[2023-01-04 05:11:45,189] {local_task_job.py:156} INFO - Task exited with return code 0
[2023-01-04 05:11:45,225] {local_task_job.py:273} INFO - 0 downstream tasks scheduled from follow-on schedule check
