[2023-01-04 05:57:17,726] {taskinstance.py:1159} INFO - Dependencies all met for <TaskInstance: populate_crypto_values.get_crypto_values scheduled__2021-07-07T07:00:00+00:00 [queued]>
[2023-01-04 05:57:17,735] {taskinstance.py:1159} INFO - Dependencies all met for <TaskInstance: populate_crypto_values.get_crypto_values scheduled__2021-07-07T07:00:00+00:00 [queued]>
[2023-01-04 05:57:17,735] {taskinstance.py:1356} INFO - 
--------------------------------------------------------------------------------
[2023-01-04 05:57:17,735] {taskinstance.py:1357} INFO - Starting attempt 1 of 1
[2023-01-04 05:57:17,735] {taskinstance.py:1358} INFO - 
--------------------------------------------------------------------------------
[2023-01-04 05:57:17,750] {taskinstance.py:1377} INFO - Executing <Task(PythonOperator): get_crypto_values> on 2021-07-07 07:00:00+00:00
[2023-01-04 05:57:17,754] {standard_task_runner.py:52} INFO - Started process 14826 to run task
[2023-01-04 05:57:17,760] {standard_task_runner.py:79} INFO - Running: ['airflow', 'tasks', 'run', 'populate_crypto_values', 'get_crypto_values', 'scheduled__2021-07-07T07:00:00+00:00', '--job-id', '245', '--raw', '--subdir', 'DAGS_FOLDER/populate_crypto_values.py', '--cfg-path', '/tmp/tmpgddynx4x', '--error-file', '/tmp/tmpb1zjmxyl']
[2023-01-04 05:57:17,761] {standard_task_runner.py:80} INFO - Job 245: Subtask get_crypto_values
[2023-01-04 05:57:17,825] {task_command.py:370} INFO - Running <TaskInstance: populate_crypto_values.get_crypto_values scheduled__2021-07-07T07:00:00+00:00 [running]> on host xuxon-virtual-machine
[2023-01-04 05:57:17,892] {taskinstance.py:1569} INFO - Exporting the following env vars:
AIRFLOW_CTX_DAG_OWNER=airflow
AIRFLOW_CTX_DAG_ID=populate_crypto_values
AIRFLOW_CTX_TASK_ID=get_crypto_values
AIRFLOW_CTX_EXECUTION_DATE=2021-07-07T07:00:00+00:00
AIRFLOW_CTX_TRY_NUMBER=1
AIRFLOW_CTX_DAG_RUN_ID=scheduled__2021-07-07T07:00:00+00:00
[2023-01-04 05:57:18,859] {logging_mixin.py:115} INFO - New rows have been added.
[2023-01-04 05:57:18,860] {python.py:173} INFO - Done. Returned value was: None
[2023-01-04 05:57:18,883] {taskinstance.py:1395} INFO - Marking task as SUCCESS. dag_id=populate_crypto_values, task_id=get_crypto_values, execution_date=20210707T070000, start_date=20230104T085717, end_date=20230104T085718
[2023-01-04 05:57:18,948] {local_task_job.py:156} INFO - Task exited with return code 0
[2023-01-04 05:57:18,972] {local_task_job.py:273} INFO - 0 downstream tasks scheduled from follow-on schedule check
