[2023-01-04 04:00:41,550] {taskinstance.py:1159} INFO - Dependencies all met for <TaskInstance: populate_crypto_values.get_crypto_values scheduled__2021-01-26T07:00:00+00:00 [queued]>
[2023-01-04 04:00:41,560] {taskinstance.py:1159} INFO - Dependencies all met for <TaskInstance: populate_crypto_values.get_crypto_values scheduled__2021-01-26T07:00:00+00:00 [queued]>
[2023-01-04 04:00:41,561] {taskinstance.py:1356} INFO - 
--------------------------------------------------------------------------------
[2023-01-04 04:00:41,561] {taskinstance.py:1357} INFO - Starting attempt 1 of 1
[2023-01-04 04:00:41,561] {taskinstance.py:1358} INFO - 
--------------------------------------------------------------------------------
[2023-01-04 04:00:41,885] {taskinstance.py:1377} INFO - Executing <Task(PythonOperator): get_crypto_values> on 2021-01-26 07:00:00+00:00
[2023-01-04 04:00:41,901] {standard_task_runner.py:52} INFO - Started process 59854 to run task
[2023-01-04 04:00:41,909] {standard_task_runner.py:79} INFO - Running: ['airflow', 'tasks', 'run', 'populate_crypto_values', 'get_crypto_values', 'scheduled__2021-01-26T07:00:00+00:00', '--job-id', '54', '--raw', '--subdir', 'DAGS_FOLDER/populate_crypto_values.py', '--cfg-path', '/tmp/tmpayp_mmb0', '--error-file', '/tmp/tmp2erz4tcj']
[2023-01-04 04:00:41,914] {standard_task_runner.py:80} INFO - Job 54: Subtask get_crypto_values
[2023-01-04 04:00:42,218] {task_command.py:370} INFO - Running <TaskInstance: populate_crypto_values.get_crypto_values scheduled__2021-01-26T07:00:00+00:00 [running]> on host xuxon-virtual-machine
[2023-01-04 04:00:42,722] {taskinstance.py:1569} INFO - Exporting the following env vars:
AIRFLOW_CTX_DAG_OWNER=airflow
AIRFLOW_CTX_DAG_ID=populate_crypto_values
AIRFLOW_CTX_TASK_ID=get_crypto_values
AIRFLOW_CTX_EXECUTION_DATE=2021-01-26T07:00:00+00:00
AIRFLOW_CTX_TRY_NUMBER=1
AIRFLOW_CTX_DAG_RUN_ID=scheduled__2021-01-26T07:00:00+00:00
[2023-01-04 04:00:43,809] {logging_mixin.py:115} INFO - New rows have been added.
[2023-01-04 04:00:43,809] {python.py:173} INFO - Done. Returned value was: None
[2023-01-04 04:00:43,817] {taskinstance.py:1395} INFO - Marking task as SUCCESS. dag_id=populate_crypto_values, task_id=get_crypto_values, execution_date=20210126T070000, start_date=20230104T070041, end_date=20230104T070043
[2023-01-04 04:00:44,063] {local_task_job.py:156} INFO - Task exited with return code 0
[2023-01-04 04:00:44,096] {local_task_job.py:273} INFO - 0 downstream tasks scheduled from follow-on schedule check
[2023-01-04 05:18:12,238] {taskinstance.py:1159} INFO - Dependencies all met for <TaskInstance: populate_crypto_values.get_crypto_values scheduled__2021-01-26T07:00:00+00:00 [queued]>
[2023-01-04 05:18:12,251] {taskinstance.py:1159} INFO - Dependencies all met for <TaskInstance: populate_crypto_values.get_crypto_values scheduled__2021-01-26T07:00:00+00:00 [queued]>
[2023-01-04 05:18:12,251] {taskinstance.py:1356} INFO - 
--------------------------------------------------------------------------------
[2023-01-04 05:18:12,251] {taskinstance.py:1357} INFO - Starting attempt 1 of 1
[2023-01-04 05:18:12,252] {taskinstance.py:1358} INFO - 
--------------------------------------------------------------------------------
[2023-01-04 05:18:12,268] {taskinstance.py:1377} INFO - Executing <Task(PythonOperator): get_crypto_values> on 2021-01-26 07:00:00+00:00
[2023-01-04 05:18:12,272] {standard_task_runner.py:52} INFO - Started process 7594 to run task
[2023-01-04 05:18:12,278] {standard_task_runner.py:79} INFO - Running: ['airflow', 'tasks', 'run', 'populate_crypto_values', 'get_crypto_values', 'scheduled__2021-01-26T07:00:00+00:00', '--job-id', '83', '--raw', '--subdir', 'DAGS_FOLDER/populate_crypto_values.py', '--cfg-path', '/tmp/tmp886tq577', '--error-file', '/tmp/tmpeustjyts']
[2023-01-04 05:18:12,279] {standard_task_runner.py:80} INFO - Job 83: Subtask get_crypto_values
[2023-01-04 05:18:12,333] {task_command.py:370} INFO - Running <TaskInstance: populate_crypto_values.get_crypto_values scheduled__2021-01-26T07:00:00+00:00 [running]> on host xuxon-virtual-machine
[2023-01-04 05:18:12,398] {taskinstance.py:1569} INFO - Exporting the following env vars:
AIRFLOW_CTX_DAG_OWNER=airflow
AIRFLOW_CTX_DAG_ID=populate_crypto_values
AIRFLOW_CTX_TASK_ID=get_crypto_values
AIRFLOW_CTX_EXECUTION_DATE=2021-01-26T07:00:00+00:00
AIRFLOW_CTX_TRY_NUMBER=1
AIRFLOW_CTX_DAG_RUN_ID=scheduled__2021-01-26T07:00:00+00:00
[2023-01-04 05:18:13,467] {logging_mixin.py:115} INFO - New rows have been added.
[2023-01-04 05:18:13,468] {python.py:173} INFO - Done. Returned value was: None
[2023-01-04 05:18:13,493] {taskinstance.py:1395} INFO - Marking task as SUCCESS. dag_id=populate_crypto_values, task_id=get_crypto_values, execution_date=20210126T070000, start_date=20230104T081812, end_date=20230104T081813
[2023-01-04 05:18:13,542] {local_task_job.py:156} INFO - Task exited with return code 0
[2023-01-04 05:18:13,561] {local_task_job.py:273} INFO - 0 downstream tasks scheduled from follow-on schedule check
