[2023-01-04 05:49:17,888] {taskinstance.py:1159} INFO - Dependencies all met for <TaskInstance: populate_crypto_values.get_crypto_values scheduled__2021-06-12T07:00:00+00:00 [queued]>
[2023-01-04 05:49:17,894] {taskinstance.py:1159} INFO - Dependencies all met for <TaskInstance: populate_crypto_values.get_crypto_values scheduled__2021-06-12T07:00:00+00:00 [queued]>
[2023-01-04 05:49:17,895] {taskinstance.py:1356} INFO - 
--------------------------------------------------------------------------------
[2023-01-04 05:49:17,895] {taskinstance.py:1357} INFO - Starting attempt 1 of 1
[2023-01-04 05:49:17,895] {taskinstance.py:1358} INFO - 
--------------------------------------------------------------------------------
[2023-01-04 05:49:17,909] {taskinstance.py:1377} INFO - Executing <Task(PythonOperator): get_crypto_values> on 2021-06-12 07:00:00+00:00
[2023-01-04 05:49:17,914] {standard_task_runner.py:52} INFO - Started process 13454 to run task
[2023-01-04 05:49:17,920] {standard_task_runner.py:79} INFO - Running: ['airflow', 'tasks', 'run', 'populate_crypto_values', 'get_crypto_values', 'scheduled__2021-06-12T07:00:00+00:00', '--job-id', '220', '--raw', '--subdir', 'DAGS_FOLDER/populate_crypto_values.py', '--cfg-path', '/tmp/tmpkedbblrg', '--error-file', '/tmp/tmpvcj7nr80']
[2023-01-04 05:49:17,921] {standard_task_runner.py:80} INFO - Job 220: Subtask get_crypto_values
[2023-01-04 05:49:17,976] {task_command.py:370} INFO - Running <TaskInstance: populate_crypto_values.get_crypto_values scheduled__2021-06-12T07:00:00+00:00 [running]> on host xuxon-virtual-machine
[2023-01-04 05:49:18,044] {taskinstance.py:1569} INFO - Exporting the following env vars:
AIRFLOW_CTX_DAG_OWNER=airflow
AIRFLOW_CTX_DAG_ID=populate_crypto_values
AIRFLOW_CTX_TASK_ID=get_crypto_values
AIRFLOW_CTX_EXECUTION_DATE=2021-06-12T07:00:00+00:00
AIRFLOW_CTX_TRY_NUMBER=1
AIRFLOW_CTX_DAG_RUN_ID=scheduled__2021-06-12T07:00:00+00:00
[2023-01-04 05:49:18,162] {logging_mixin.py:115} INFO - Attempt 1 to get the crypto values has failed. The api status was 429
[2023-01-04 05:49:18,163] {logging_mixin.py:115} INFO - The api response was {"status":{"error_code":429,"error_message":"You've exceeded the Rate Limit. Please visit https://www.coingecko.com/en/api/pricing to subscribe to our API plans for higher rate limits."}}
[2023-01-04 05:49:33,297] {logging_mixin.py:115} INFO - Attempt 2 to get the crypto values has failed. The api status was 429
[2023-01-04 05:49:33,297] {logging_mixin.py:115} INFO - The api response was {"status":{"error_code":429,"error_message":"You've exceeded the Rate Limit. Please visit https://www.coingecko.com/en/api/pricing to subscribe to our API plans for higher rate limits."}}
[2023-01-04 05:49:48,425] {logging_mixin.py:115} INFO - Attempt 3 to get the crypto values has failed. The api status was 429
[2023-01-04 05:49:48,426] {logging_mixin.py:115} INFO - The api response was {"status":{"error_code":429,"error_message":"You've exceeded the Rate Limit. Please visit https://www.coingecko.com/en/api/pricing to subscribe to our API plans for higher rate limits."}}
[2023-01-04 05:50:03,529] {logging_mixin.py:115} INFO - Attempt 4 to get the crypto values has failed. The api status was 429
[2023-01-04 05:50:03,529] {logging_mixin.py:115} INFO - The api response was {"status":{"error_code":429,"error_message":"You've exceeded the Rate Limit. Please visit https://www.coingecko.com/en/api/pricing to subscribe to our API plans for higher rate limits."}}
[2023-01-04 05:50:18,657] {logging_mixin.py:115} INFO - Attempt 5 to get the crypto values has failed. The api status was 429
[2023-01-04 05:50:18,657] {logging_mixin.py:115} INFO - The api response was {"status":{"error_code":429,"error_message":"You've exceeded the Rate Limit. Please visit https://www.coingecko.com/en/api/pricing to subscribe to our API plans for higher rate limits."}}
[2023-01-04 05:50:33,765] {logging_mixin.py:115} INFO - Attempt 6 to get the crypto values has failed. The api status was 429
[2023-01-04 05:50:33,766] {logging_mixin.py:115} INFO - The api response was {"status":{"error_code":429,"error_message":"You've exceeded the Rate Limit. Please visit https://www.coingecko.com/en/api/pricing to subscribe to our API plans for higher rate limits."}}
[2023-01-04 05:50:48,892] {logging_mixin.py:115} INFO - Attempt 7 to get the crypto values has failed. The api status was 429
[2023-01-04 05:50:48,895] {logging_mixin.py:115} INFO - The api response was {"status":{"error_code":429,"error_message":"You've exceeded the Rate Limit. Please visit https://www.coingecko.com/en/api/pricing to subscribe to our API plans for higher rate limits."}}
[2023-01-04 05:51:04,002] {logging_mixin.py:115} INFO - Attempt 8 to get the crypto values has failed. The api status was 429
[2023-01-04 05:51:04,002] {logging_mixin.py:115} INFO - The api response was {"status":{"error_code":429,"error_message":"You've exceeded the Rate Limit. Please visit https://www.coingecko.com/en/api/pricing to subscribe to our API plans for higher rate limits."}}
[2023-01-04 05:51:20,197] {logging_mixin.py:115} INFO - New rows have been added.
[2023-01-04 05:51:20,198] {python.py:173} INFO - Done. Returned value was: None
[2023-01-04 05:51:20,891] {taskinstance.py:1395} INFO - Marking task as SUCCESS. dag_id=populate_crypto_values, task_id=get_crypto_values, execution_date=20210612T070000, start_date=20230104T084917, end_date=20230104T085120
[2023-01-04 05:51:20,945] {local_task_job.py:220} WARNING - State of this instance has been externally set to success. Terminating instance.
[2023-01-04 05:51:20,968] {process_utils.py:125} INFO - Sending Signals.SIGTERM to group 13454. PIDs of all processes in the group: [13454]
[2023-01-04 05:51:20,968] {process_utils.py:80} INFO - Sending the signal Signals.SIGTERM to group 13454
[2023-01-04 05:51:20,968] {process_utils.py:75} INFO - Process psutil.Process(pid=13454, status='terminated', exitcode=0, started='05:49:17') (13454) terminated with exit code 0
