[2023-01-04 04:08:27,264] {taskinstance.py:1159} INFO - Dependencies all met for <TaskInstance: populate_crypto_values.get_crypto_values scheduled__2021-02-16T07:00:00+00:00 [queued]>
[2023-01-04 04:08:27,271] {taskinstance.py:1159} INFO - Dependencies all met for <TaskInstance: populate_crypto_values.get_crypto_values scheduled__2021-02-16T07:00:00+00:00 [queued]>
[2023-01-04 04:08:27,271] {taskinstance.py:1356} INFO - 
--------------------------------------------------------------------------------
[2023-01-04 04:08:27,272] {taskinstance.py:1357} INFO - Starting attempt 1 of 1
[2023-01-04 04:08:27,272] {taskinstance.py:1358} INFO - 
--------------------------------------------------------------------------------
[2023-01-04 04:08:27,407] {taskinstance.py:1377} INFO - Executing <Task(PythonOperator): get_crypto_values> on 2021-02-16 07:00:00+00:00
[2023-01-04 04:08:27,412] {standard_task_runner.py:52} INFO - Started process 61055 to run task
[2023-01-04 04:08:27,597] {standard_task_runner.py:79} INFO - Running: ['airflow', 'tasks', 'run', 'populate_crypto_values', 'get_crypto_values', 'scheduled__2021-02-16T07:00:00+00:00', '--job-id', '75', '--raw', '--subdir', 'DAGS_FOLDER/populate_crypto_values.py', '--cfg-path', '/tmp/tmpq3jrkfi_', '--error-file', '/tmp/tmptty1xwoo']
[2023-01-04 04:08:27,598] {standard_task_runner.py:80} INFO - Job 75: Subtask get_crypto_values
[2023-01-04 04:08:27,992] {task_command.py:370} INFO - Running <TaskInstance: populate_crypto_values.get_crypto_values scheduled__2021-02-16T07:00:00+00:00 [running]> on host xuxon-virtual-machine
[2023-01-04 04:08:28,375] {taskinstance.py:1569} INFO - Exporting the following env vars:
AIRFLOW_CTX_DAG_OWNER=airflow
AIRFLOW_CTX_DAG_ID=populate_crypto_values
AIRFLOW_CTX_TASK_ID=get_crypto_values
AIRFLOW_CTX_EXECUTION_DATE=2021-02-16T07:00:00+00:00
AIRFLOW_CTX_TRY_NUMBER=1
AIRFLOW_CTX_DAG_RUN_ID=scheduled__2021-02-16T07:00:00+00:00
[2023-01-04 04:08:32,039] {logging_mixin.py:115} INFO - Encountered errors while inserting rows: [{'index': 0, 'errors': [{'reason': 'invalid', 'location': 'snapshot_date', 'debugInfo': '', 'message': "Invalid date: '17-02-2021'"}]}, {'index': 1, 'errors': [{'reason': 'invalid', 'location': 'snapshot_date', 'debugInfo': '', 'message': "Invalid date: '17-02-2021'"}]}]
[2023-01-04 04:08:32,040] {python.py:173} INFO - Done. Returned value was: None
[2023-01-04 04:08:32,062] {taskinstance.py:1395} INFO - Marking task as SUCCESS. dag_id=populate_crypto_values, task_id=get_crypto_values, execution_date=20210216T070000, start_date=20230104T070827, end_date=20230104T070832
[2023-01-04 04:08:32,503] {local_task_job.py:156} INFO - Task exited with return code 0
[2023-01-04 04:08:32,755] {local_task_job.py:273} INFO - 0 downstream tasks scheduled from follow-on schedule check
[2023-01-04 05:23:41,715] {taskinstance.py:1159} INFO - Dependencies all met for <TaskInstance: populate_crypto_values.get_crypto_values scheduled__2021-02-16T07:00:00+00:00 [queued]>
[2023-01-04 05:23:41,794] {taskinstance.py:1159} INFO - Dependencies all met for <TaskInstance: populate_crypto_values.get_crypto_values scheduled__2021-02-16T07:00:00+00:00 [queued]>
[2023-01-04 05:23:41,794] {taskinstance.py:1356} INFO - 
--------------------------------------------------------------------------------
[2023-01-04 05:23:41,794] {taskinstance.py:1357} INFO - Starting attempt 1 of 1
[2023-01-04 05:23:41,794] {taskinstance.py:1358} INFO - 
--------------------------------------------------------------------------------
[2023-01-04 05:23:41,813] {taskinstance.py:1377} INFO - Executing <Task(PythonOperator): get_crypto_values> on 2021-02-16 07:00:00+00:00
[2023-01-04 05:23:41,818] {standard_task_runner.py:52} INFO - Started process 8564 to run task
[2023-01-04 05:23:41,824] {standard_task_runner.py:79} INFO - Running: ['airflow', 'tasks', 'run', 'populate_crypto_values', 'get_crypto_values', 'scheduled__2021-02-16T07:00:00+00:00', '--job-id', '104', '--raw', '--subdir', 'DAGS_FOLDER/populate_crypto_values.py', '--cfg-path', '/tmp/tmp79fl_su3', '--error-file', '/tmp/tmpdqitmfsi']
[2023-01-04 05:23:41,825] {standard_task_runner.py:80} INFO - Job 104: Subtask get_crypto_values
[2023-01-04 05:23:41,887] {task_command.py:370} INFO - Running <TaskInstance: populate_crypto_values.get_crypto_values scheduled__2021-02-16T07:00:00+00:00 [running]> on host xuxon-virtual-machine
[2023-01-04 05:23:41,960] {taskinstance.py:1569} INFO - Exporting the following env vars:
AIRFLOW_CTX_DAG_OWNER=airflow
AIRFLOW_CTX_DAG_ID=populate_crypto_values
AIRFLOW_CTX_TASK_ID=get_crypto_values
AIRFLOW_CTX_EXECUTION_DATE=2021-02-16T07:00:00+00:00
AIRFLOW_CTX_TRY_NUMBER=1
AIRFLOW_CTX_DAG_RUN_ID=scheduled__2021-02-16T07:00:00+00:00
[2023-01-04 05:23:42,948] {logging_mixin.py:115} INFO - New rows have been added.
[2023-01-04 05:23:42,948] {python.py:173} INFO - Done. Returned value was: None
[2023-01-04 05:23:42,957] {taskinstance.py:1395} INFO - Marking task as SUCCESS. dag_id=populate_crypto_values, task_id=get_crypto_values, execution_date=20210216T070000, start_date=20230104T082341, end_date=20230104T082342
[2023-01-04 05:23:43,010] {local_task_job.py:156} INFO - Task exited with return code 0
[2023-01-04 05:23:43,033] {local_task_job.py:273} INFO - 0 downstream tasks scheduled from follow-on schedule check
