[2023-01-04 13:26:36,559] {taskinstance.py:1159} INFO - Dependencies all met for <TaskInstance: populate_crypto_values.get_crypto_values scheduled__2022-07-01T07:00:00+00:00 [queued]>
[2023-01-04 13:26:36,566] {taskinstance.py:1159} INFO - Dependencies all met for <TaskInstance: populate_crypto_values.get_crypto_values scheduled__2022-07-01T07:00:00+00:00 [queued]>
[2023-01-04 13:26:36,566] {taskinstance.py:1356} INFO - 
--------------------------------------------------------------------------------
[2023-01-04 13:26:36,566] {taskinstance.py:1357} INFO - Starting attempt 1 of 1
[2023-01-04 13:26:36,566] {taskinstance.py:1358} INFO - 
--------------------------------------------------------------------------------
[2023-01-04 13:26:36,578] {taskinstance.py:1377} INFO - Executing <Task(PythonOperator): get_crypto_values> on 2022-07-01 07:00:00+00:00
[2023-01-04 13:26:36,582] {standard_task_runner.py:52} INFO - Started process 29798 to run task
[2023-01-04 13:26:36,588] {standard_task_runner.py:79} INFO - Running: ['airflow', 'tasks', 'run', 'populate_crypto_values', 'get_crypto_values', 'scheduled__2022-07-01T07:00:00+00:00', '--job-id', '607', '--raw', '--subdir', 'DAGS_FOLDER/populate_crypto_values.py', '--cfg-path', '/tmp/tmpy54wn3j8', '--error-file', '/tmp/tmphdey6drp']
[2023-01-04 13:26:36,589] {standard_task_runner.py:80} INFO - Job 607: Subtask get_crypto_values
[2023-01-04 13:26:36,640] {task_command.py:370} INFO - Running <TaskInstance: populate_crypto_values.get_crypto_values scheduled__2022-07-01T07:00:00+00:00 [running]> on host xuxon-virtual-machine
[2023-01-04 13:26:36,726] {taskinstance.py:1569} INFO - Exporting the following env vars:
AIRFLOW_CTX_DAG_OWNER=airflow
AIRFLOW_CTX_DAG_ID=populate_crypto_values
AIRFLOW_CTX_TASK_ID=get_crypto_values
AIRFLOW_CTX_EXECUTION_DATE=2022-07-01T07:00:00+00:00
AIRFLOW_CTX_TRY_NUMBER=1
AIRFLOW_CTX_DAG_RUN_ID=scheduled__2022-07-01T07:00:00+00:00
[2023-01-04 13:26:37,122] {logging_mixin.py:115} INFO - Attempt 1 to get the crypto values has failed. The api status was 429
[2023-01-04 13:26:37,122] {logging_mixin.py:115} INFO - The api response was {"status":{"error_code":429,"error_message":"You've exceeded the Rate Limit. Please visit https://www.coingecko.com/en/api/pricing to subscribe to our API plans for higher rate limits."}}
[2023-01-04 13:26:52,237] {logging_mixin.py:115} INFO - Attempt 2 to get the crypto values has failed. The api status was 429
[2023-01-04 13:26:52,238] {logging_mixin.py:115} INFO - The api response was {"status":{"error_code":429,"error_message":"You've exceeded the Rate Limit. Please visit https://www.coingecko.com/en/api/pricing to subscribe to our API plans for higher rate limits."}}
[2023-01-04 13:27:07,354] {logging_mixin.py:115} INFO - Attempt 3 to get the crypto values has failed. The api status was 429
[2023-01-04 13:27:07,355] {logging_mixin.py:115} INFO - The api response was {"status":{"error_code":429,"error_message":"You've exceeded the Rate Limit. Please visit https://www.coingecko.com/en/api/pricing to subscribe to our API plans for higher rate limits."}}
[2023-01-04 13:27:22,452] {logging_mixin.py:115} INFO - Attempt 4 to get the crypto values has failed. The api status was 429
[2023-01-04 13:27:22,453] {logging_mixin.py:115} INFO - The api response was {"status":{"error_code":429,"error_message":"You've exceeded the Rate Limit. Please visit https://www.coingecko.com/en/api/pricing to subscribe to our API plans for higher rate limits."}}
[2023-01-04 13:27:37,577] {logging_mixin.py:115} INFO - Attempt 5 to get the crypto values has failed. The api status was 429
[2023-01-04 13:27:37,578] {logging_mixin.py:115} INFO - The api response was {"status":{"error_code":429,"error_message":"You've exceeded the Rate Limit. Please visit https://www.coingecko.com/en/api/pricing to subscribe to our API plans for higher rate limits."}}
[2023-01-04 13:27:52,684] {logging_mixin.py:115} INFO - Attempt 6 to get the crypto values has failed. The api status was 429
[2023-01-04 13:27:52,685] {logging_mixin.py:115} INFO - The api response was {"status":{"error_code":429,"error_message":"You've exceeded the Rate Limit. Please visit https://www.coingecko.com/en/api/pricing to subscribe to our API plans for higher rate limits."}}
[2023-01-04 13:28:07,801] {logging_mixin.py:115} INFO - Attempt 7 to get the crypto values has failed. The api status was 429
[2023-01-04 13:28:07,801] {logging_mixin.py:115} INFO - The api response was {"status":{"error_code":429,"error_message":"You've exceeded the Rate Limit. Please visit https://www.coingecko.com/en/api/pricing to subscribe to our API plans for higher rate limits."}}
[2023-01-04 13:28:23,001] {logging_mixin.py:115} INFO - Attempt 8 to get the crypto values has failed. The api status was 429
[2023-01-04 13:28:23,001] {logging_mixin.py:115} INFO - The api response was {"status":{"error_code":429,"error_message":"You've exceeded the Rate Limit. Please visit https://www.coingecko.com/en/api/pricing to subscribe to our API plans for higher rate limits."}}
[2023-01-04 13:28:38,907] {logging_mixin.py:115} INFO - New rows have been added.
[2023-01-04 13:28:38,908] {python.py:173} INFO - Done. Returned value was: None
[2023-01-04 13:28:38,930] {taskinstance.py:1395} INFO - Marking task as SUCCESS. dag_id=populate_crypto_values, task_id=get_crypto_values, execution_date=20220701T070000, start_date=20230104T162636, end_date=20230104T162838
[2023-01-04 13:28:38,987] {local_task_job.py:156} INFO - Task exited with return code 0
[2023-01-04 13:28:39,007] {local_task_job.py:273} INFO - 0 downstream tasks scheduled from follow-on schedule check
