[2023-01-04 05:36:46,141] {taskinstance.py:1159} INFO - Dependencies all met for <TaskInstance: populate_crypto_values.get_crypto_values scheduled__2021-04-11T07:00:00+00:00 [queued]>
[2023-01-04 05:36:46,148] {taskinstance.py:1159} INFO - Dependencies all met for <TaskInstance: populate_crypto_values.get_crypto_values scheduled__2021-04-11T07:00:00+00:00 [queued]>
[2023-01-04 05:36:46,148] {taskinstance.py:1356} INFO - 
--------------------------------------------------------------------------------
[2023-01-04 05:36:46,148] {taskinstance.py:1357} INFO - Starting attempt 1 of 1
[2023-01-04 05:36:46,148] {taskinstance.py:1358} INFO - 
--------------------------------------------------------------------------------
[2023-01-04 05:36:46,161] {taskinstance.py:1377} INFO - Executing <Task(PythonOperator): get_crypto_values> on 2021-04-11 07:00:00+00:00
[2023-01-04 05:36:46,166] {standard_task_runner.py:52} INFO - Started process 10945 to run task
[2023-01-04 05:36:46,172] {standard_task_runner.py:79} INFO - Running: ['airflow', 'tasks', 'run', 'populate_crypto_values', 'get_crypto_values', 'scheduled__2021-04-11T07:00:00+00:00', '--job-id', '158', '--raw', '--subdir', 'DAGS_FOLDER/populate_crypto_values.py', '--cfg-path', '/tmp/tmp2s_d2aa5', '--error-file', '/tmp/tmpmoumu6rz']
[2023-01-04 05:36:46,173] {standard_task_runner.py:80} INFO - Job 158: Subtask get_crypto_values
[2023-01-04 05:36:46,227] {task_command.py:370} INFO - Running <TaskInstance: populate_crypto_values.get_crypto_values scheduled__2021-04-11T07:00:00+00:00 [running]> on host xuxon-virtual-machine
[2023-01-04 05:36:46,307] {taskinstance.py:1569} INFO - Exporting the following env vars:
AIRFLOW_CTX_DAG_OWNER=airflow
AIRFLOW_CTX_DAG_ID=populate_crypto_values
AIRFLOW_CTX_TASK_ID=get_crypto_values
AIRFLOW_CTX_EXECUTION_DATE=2021-04-11T07:00:00+00:00
AIRFLOW_CTX_TRY_NUMBER=1
AIRFLOW_CTX_DAG_RUN_ID=scheduled__2021-04-11T07:00:00+00:00
[2023-01-04 05:36:47,382] {logging_mixin.py:115} INFO - New rows have been added.
[2023-01-04 05:36:47,382] {python.py:173} INFO - Done. Returned value was: None
[2023-01-04 05:36:47,391] {taskinstance.py:1395} INFO - Marking task as SUCCESS. dag_id=populate_crypto_values, task_id=get_crypto_values, execution_date=20210411T070000, start_date=20230104T083646, end_date=20230104T083647
[2023-01-04 05:36:47,448] {local_task_job.py:156} INFO - Task exited with return code 0
[2023-01-04 05:36:47,472] {local_task_job.py:273} INFO - 0 downstream tasks scheduled from follow-on schedule check
