[2023-01-04 02:17:32,967] {taskinstance.py:1159} INFO - Dependencies all met for <TaskInstance: populate_crypto_values.get_crypto_values scheduled__2022-12-30T07:00:00+00:00 [queued]>
[2023-01-04 02:17:32,977] {taskinstance.py:1159} INFO - Dependencies all met for <TaskInstance: populate_crypto_values.get_crypto_values scheduled__2022-12-30T07:00:00+00:00 [queued]>
[2023-01-04 02:17:32,978] {taskinstance.py:1356} INFO - 
--------------------------------------------------------------------------------
[2023-01-04 02:17:32,978] {taskinstance.py:1357} INFO - Starting attempt 1 of 1
[2023-01-04 02:17:32,978] {taskinstance.py:1358} INFO - 
--------------------------------------------------------------------------------
[2023-01-04 02:17:33,021] {taskinstance.py:1377} INFO - Executing <Task(PythonOperator): get_crypto_values> on 2022-12-30 07:00:00+00:00
[2023-01-04 02:17:33,026] {standard_task_runner.py:52} INFO - Started process 47905 to run task
[2023-01-04 02:17:33,034] {standard_task_runner.py:79} INFO - Running: ['airflow', 'tasks', 'run', 'populate_crypto_values', 'get_crypto_values', 'scheduled__2022-12-30T07:00:00+00:00', '--job-id', '16', '--raw', '--subdir', 'DAGS_FOLDER/populate_crypto_values.py', '--cfg-path', '/tmp/tmpne3n68t0', '--error-file', '/tmp/tmp2jk0xs7f']
[2023-01-04 02:17:33,038] {standard_task_runner.py:80} INFO - Job 16: Subtask get_crypto_values
[2023-01-04 02:17:33,107] {task_command.py:370} INFO - Running <TaskInstance: populate_crypto_values.get_crypto_values scheduled__2022-12-30T07:00:00+00:00 [running]> on host xuxon-virtual-machine
[2023-01-04 02:17:33,169] {taskinstance.py:1569} INFO - Exporting the following env vars:
AIRFLOW_CTX_DAG_OWNER=airflow
AIRFLOW_CTX_DAG_ID=populate_crypto_values
AIRFLOW_CTX_TASK_ID=get_crypto_values
AIRFLOW_CTX_EXECUTION_DATE=2022-12-30T07:00:00+00:00
AIRFLOW_CTX_TRY_NUMBER=1
AIRFLOW_CTX_DAG_RUN_ID=scheduled__2022-12-30T07:00:00+00:00
[2023-01-04 02:17:34,570] {logging_mixin.py:115} INFO - New rows have been added.
[2023-01-04 02:17:34,570] {python.py:173} INFO - Done. Returned value was: None
[2023-01-04 02:17:34,579] {taskinstance.py:1395} INFO - Marking task as SUCCESS. dag_id=populate_crypto_values, task_id=get_crypto_values, execution_date=20221230T070000, start_date=20230104T051732, end_date=20230104T051734
[2023-01-04 02:17:34,628] {local_task_job.py:156} INFO - Task exited with return code 0
[2023-01-04 02:17:34,663] {local_task_job.py:273} INFO - 0 downstream tasks scheduled from follow-on schedule check
[2023-01-04 14:09:10,264] {taskinstance.py:1159} INFO - Dependencies all met for <TaskInstance: populate_crypto_values.get_crypto_values scheduled__2022-12-30T07:00:00+00:00 [queued]>
[2023-01-04 14:09:10,283] {taskinstance.py:1159} INFO - Dependencies all met for <TaskInstance: populate_crypto_values.get_crypto_values scheduled__2022-12-30T07:00:00+00:00 [queued]>
[2023-01-04 14:09:10,283] {taskinstance.py:1356} INFO - 
--------------------------------------------------------------------------------
[2023-01-04 14:09:10,283] {taskinstance.py:1357} INFO - Starting attempt 1 of 1
[2023-01-04 14:09:10,283] {taskinstance.py:1358} INFO - 
--------------------------------------------------------------------------------
[2023-01-04 14:09:10,295] {taskinstance.py:1377} INFO - Executing <Task(PythonOperator): get_crypto_values> on 2022-12-30 07:00:00+00:00
[2023-01-04 14:09:10,298] {standard_task_runner.py:52} INFO - Started process 34314 to run task
[2023-01-04 14:09:10,303] {standard_task_runner.py:79} INFO - Running: ['airflow', 'tasks', 'run', 'populate_crypto_values', 'get_crypto_values', 'scheduled__2022-12-30T07:00:00+00:00', '--job-id', '789', '--raw', '--subdir', 'DAGS_FOLDER/populate_crypto_values.py', '--cfg-path', '/tmp/tmp51dghfme', '--error-file', '/tmp/tmp8ef_v22u']
[2023-01-04 14:09:10,304] {standard_task_runner.py:80} INFO - Job 789: Subtask get_crypto_values
[2023-01-04 14:09:10,388] {task_command.py:370} INFO - Running <TaskInstance: populate_crypto_values.get_crypto_values scheduled__2022-12-30T07:00:00+00:00 [running]> on host xuxon-virtual-machine
[2023-01-04 14:09:10,469] {taskinstance.py:1569} INFO - Exporting the following env vars:
AIRFLOW_CTX_DAG_OWNER=airflow
AIRFLOW_CTX_DAG_ID=populate_crypto_values
AIRFLOW_CTX_TASK_ID=get_crypto_values
AIRFLOW_CTX_EXECUTION_DATE=2022-12-30T07:00:00+00:00
AIRFLOW_CTX_TRY_NUMBER=1
AIRFLOW_CTX_DAG_RUN_ID=scheduled__2022-12-30T07:00:00+00:00
[2023-01-04 14:09:11,440] {logging_mixin.py:115} INFO - New rows have been added.
[2023-01-04 14:09:11,441] {python.py:173} INFO - Done. Returned value was: None
[2023-01-04 14:09:11,462] {taskinstance.py:1395} INFO - Marking task as SUCCESS. dag_id=populate_crypto_values, task_id=get_crypto_values, execution_date=20221230T070000, start_date=20230104T170910, end_date=20230104T170911
[2023-01-04 14:09:11,525] {local_task_job.py:156} INFO - Task exited with return code 0
[2023-01-04 14:09:11,580] {local_task_job.py:273} INFO - 0 downstream tasks scheduled from follow-on schedule check
