[2023-01-04 12:58:22,668] {taskinstance.py:1159} INFO - Dependencies all met for <TaskInstance: populate_crypto_values.get_crypto_values scheduled__2022-03-11T07:00:00+00:00 [queued]>
[2023-01-04 12:58:22,675] {taskinstance.py:1159} INFO - Dependencies all met for <TaskInstance: populate_crypto_values.get_crypto_values scheduled__2022-03-11T07:00:00+00:00 [queued]>
[2023-01-04 12:58:22,675] {taskinstance.py:1356} INFO - 
--------------------------------------------------------------------------------
[2023-01-04 12:58:22,675] {taskinstance.py:1357} INFO - Starting attempt 1 of 1
[2023-01-04 12:58:22,675] {taskinstance.py:1358} INFO - 
--------------------------------------------------------------------------------
[2023-01-04 12:58:22,688] {taskinstance.py:1377} INFO - Executing <Task(PythonOperator): get_crypto_values> on 2022-03-11 07:00:00+00:00
[2023-01-04 12:58:22,692] {standard_task_runner.py:52} INFO - Started process 26848 to run task
[2023-01-04 12:58:22,697] {standard_task_runner.py:79} INFO - Running: ['airflow', 'tasks', 'run', 'populate_crypto_values', 'get_crypto_values', 'scheduled__2022-03-11T07:00:00+00:00', '--job-id', '495', '--raw', '--subdir', 'DAGS_FOLDER/populate_crypto_values.py', '--cfg-path', '/tmp/tmpyh1cut1l', '--error-file', '/tmp/tmp8prizepr']
[2023-01-04 12:58:22,698] {standard_task_runner.py:80} INFO - Job 495: Subtask get_crypto_values
[2023-01-04 12:58:22,791] {task_command.py:370} INFO - Running <TaskInstance: populate_crypto_values.get_crypto_values scheduled__2022-03-11T07:00:00+00:00 [running]> on host xuxon-virtual-machine
[2023-01-04 12:58:22,852] {taskinstance.py:1569} INFO - Exporting the following env vars:
AIRFLOW_CTX_DAG_OWNER=airflow
AIRFLOW_CTX_DAG_ID=populate_crypto_values
AIRFLOW_CTX_TASK_ID=get_crypto_values
AIRFLOW_CTX_EXECUTION_DATE=2022-03-11T07:00:00+00:00
AIRFLOW_CTX_TRY_NUMBER=1
AIRFLOW_CTX_DAG_RUN_ID=scheduled__2022-03-11T07:00:00+00:00
[2023-01-04 12:58:24,359] {logging_mixin.py:115} INFO - New rows have been added.
[2023-01-04 12:58:24,359] {python.py:173} INFO - Done. Returned value was: None
[2023-01-04 12:58:24,367] {taskinstance.py:1395} INFO - Marking task as SUCCESS. dag_id=populate_crypto_values, task_id=get_crypto_values, execution_date=20220311T070000, start_date=20230104T155822, end_date=20230104T155824
[2023-01-04 12:58:24,514] {local_task_job.py:156} INFO - Task exited with return code 0
[2023-01-04 12:58:24,553] {local_task_job.py:273} INFO - 0 downstream tasks scheduled from follow-on schedule check
