[2023-01-04 03:47:06,685] {taskinstance.py:1159} INFO - Dependencies all met for <TaskInstance: populate_crypto_values.get_crypto_values scheduled__2021-01-09T07:00:00+00:00 [queued]>
[2023-01-04 03:47:06,693] {taskinstance.py:1159} INFO - Dependencies all met for <TaskInstance: populate_crypto_values.get_crypto_values scheduled__2021-01-09T07:00:00+00:00 [queued]>
[2023-01-04 03:47:06,693] {taskinstance.py:1356} INFO - 
--------------------------------------------------------------------------------
[2023-01-04 03:47:06,693] {taskinstance.py:1357} INFO - Starting attempt 1 of 1
[2023-01-04 03:47:06,694] {taskinstance.py:1358} INFO - 
--------------------------------------------------------------------------------
[2023-01-04 03:47:06,708] {taskinstance.py:1377} INFO - Executing <Task(PythonOperator): get_crypto_values> on 2021-01-09 07:00:00+00:00
[2023-01-04 03:47:06,714] {standard_task_runner.py:52} INFO - Started process 58399 to run task
[2023-01-04 03:47:06,720] {standard_task_runner.py:79} INFO - Running: ['airflow', 'tasks', 'run', 'populate_crypto_values', 'get_crypto_values', 'scheduled__2021-01-09T07:00:00+00:00', '--job-id', '37', '--raw', '--subdir', 'DAGS_FOLDER/populate_crypto_values.py', '--cfg-path', '/tmp/tmpw0rvs69o', '--error-file', '/tmp/tmp5kv21x5f']
[2023-01-04 03:47:06,721] {standard_task_runner.py:80} INFO - Job 37: Subtask get_crypto_values
[2023-01-04 03:47:06,793] {task_command.py:370} INFO - Running <TaskInstance: populate_crypto_values.get_crypto_values scheduled__2021-01-09T07:00:00+00:00 [running]> on host xuxon-virtual-machine
[2023-01-04 03:47:06,862] {taskinstance.py:1569} INFO - Exporting the following env vars:
AIRFLOW_CTX_DAG_OWNER=airflow
AIRFLOW_CTX_DAG_ID=populate_crypto_values
AIRFLOW_CTX_TASK_ID=get_crypto_values
AIRFLOW_CTX_EXECUTION_DATE=2021-01-09T07:00:00+00:00
AIRFLOW_CTX_TRY_NUMBER=1
AIRFLOW_CTX_DAG_RUN_ID=scheduled__2021-01-09T07:00:00+00:00
[2023-01-04 03:47:07,885] {logging_mixin.py:115} INFO - New rows have been added.
[2023-01-04 03:47:07,885] {python.py:173} INFO - Done. Returned value was: None
[2023-01-04 03:47:07,906] {taskinstance.py:1395} INFO - Marking task as SUCCESS. dag_id=populate_crypto_values, task_id=get_crypto_values, execution_date=20210109T070000, start_date=20230104T064706, end_date=20230104T064707
[2023-01-04 03:47:07,944] {local_task_job.py:156} INFO - Task exited with return code 0
[2023-01-04 03:47:07,987] {local_task_job.py:273} INFO - 0 downstream tasks scheduled from follow-on schedule check
[2023-01-04 04:12:24,548] {taskinstance.py:1159} INFO - Dependencies all met for <TaskInstance: populate_crypto_values.get_crypto_values scheduled__2021-01-09T07:00:00+00:00 [queued]>
[2023-01-04 04:12:24,568] {taskinstance.py:1159} INFO - Dependencies all met for <TaskInstance: populate_crypto_values.get_crypto_values scheduled__2021-01-09T07:00:00+00:00 [queued]>
[2023-01-04 04:12:24,568] {taskinstance.py:1356} INFO - 
--------------------------------------------------------------------------------
[2023-01-04 04:12:24,568] {taskinstance.py:1357} INFO - Starting attempt 1 of 1
[2023-01-04 04:12:24,569] {taskinstance.py:1358} INFO - 
--------------------------------------------------------------------------------
[2023-01-04 04:12:24,585] {taskinstance.py:1377} INFO - Executing <Task(PythonOperator): get_crypto_values> on 2021-01-09 07:00:00+00:00
[2023-01-04 04:12:24,590] {standard_task_runner.py:52} INFO - Started process 62439 to run task
[2023-01-04 04:12:24,596] {standard_task_runner.py:79} INFO - Running: ['airflow', 'tasks', 'run', 'populate_crypto_values', 'get_crypto_values', 'scheduled__2021-01-09T07:00:00+00:00', '--job-id', '37', '--raw', '--subdir', 'DAGS_FOLDER/populate_crypto_values.py', '--cfg-path', '/tmp/tmpm8bdueq6', '--error-file', '/tmp/tmp64hymczd']
[2023-01-04 04:12:24,597] {standard_task_runner.py:80} INFO - Job 37: Subtask get_crypto_values
[2023-01-04 04:12:24,674] {task_command.py:370} INFO - Running <TaskInstance: populate_crypto_values.get_crypto_values scheduled__2021-01-09T07:00:00+00:00 [running]> on host xuxon-virtual-machine
[2023-01-04 04:12:24,742] {taskinstance.py:1569} INFO - Exporting the following env vars:
AIRFLOW_CTX_DAG_OWNER=airflow
AIRFLOW_CTX_DAG_ID=populate_crypto_values
AIRFLOW_CTX_TASK_ID=get_crypto_values
AIRFLOW_CTX_EXECUTION_DATE=2021-01-09T07:00:00+00:00
AIRFLOW_CTX_TRY_NUMBER=1
AIRFLOW_CTX_DAG_RUN_ID=scheduled__2021-01-09T07:00:00+00:00
[2023-01-04 04:12:26,677] {logging_mixin.py:115} INFO - Encountered errors while inserting rows: [{'index': 0, 'errors': [{'reason': 'invalid', 'location': 'snapshot_date', 'debugInfo': '', 'message': "Invalid date: '10-01-2021'"}]}, {'index': 1, 'errors': [{'reason': 'invalid', 'location': 'snapshot_date', 'debugInfo': '', 'message': "Invalid date: '10-01-2021'"}]}]
[2023-01-04 04:12:26,677] {python.py:173} INFO - Done. Returned value was: None
[2023-01-04 04:12:26,696] {taskinstance.py:1395} INFO - Marking task as SUCCESS. dag_id=populate_crypto_values, task_id=get_crypto_values, execution_date=20210109T070000, start_date=20230104T071224, end_date=20230104T071226
[2023-01-04 04:12:26,752] {local_task_job.py:156} INFO - Task exited with return code 0
[2023-01-04 04:12:26,800] {local_task_job.py:273} INFO - 0 downstream tasks scheduled from follow-on schedule check
[2023-01-04 05:13:23,186] {taskinstance.py:1159} INFO - Dependencies all met for <TaskInstance: populate_crypto_values.get_crypto_values scheduled__2021-01-09T07:00:00+00:00 [queued]>
[2023-01-04 05:13:23,208] {taskinstance.py:1159} INFO - Dependencies all met for <TaskInstance: populate_crypto_values.get_crypto_values scheduled__2021-01-09T07:00:00+00:00 [queued]>
[2023-01-04 05:13:23,209] {taskinstance.py:1356} INFO - 
--------------------------------------------------------------------------------
[2023-01-04 05:13:23,209] {taskinstance.py:1357} INFO - Starting attempt 1 of 1
[2023-01-04 05:13:23,209] {taskinstance.py:1358} INFO - 
--------------------------------------------------------------------------------
[2023-01-04 05:13:23,263] {taskinstance.py:1377} INFO - Executing <Task(PythonOperator): get_crypto_values> on 2021-01-09 07:00:00+00:00
[2023-01-04 05:13:23,284] {standard_task_runner.py:52} INFO - Started process 6838 to run task
[2023-01-04 05:13:23,385] {standard_task_runner.py:79} INFO - Running: ['airflow', 'tasks', 'run', 'populate_crypto_values', 'get_crypto_values', 'scheduled__2021-01-09T07:00:00+00:00', '--job-id', '66', '--raw', '--subdir', 'DAGS_FOLDER/populate_crypto_values.py', '--cfg-path', '/tmp/tmp94glzbey', '--error-file', '/tmp/tmpw_leii2x']
[2023-01-04 05:13:23,387] {standard_task_runner.py:80} INFO - Job 66: Subtask get_crypto_values
[2023-01-04 05:13:23,881] {task_command.py:370} INFO - Running <TaskInstance: populate_crypto_values.get_crypto_values scheduled__2021-01-09T07:00:00+00:00 [running]> on host xuxon-virtual-machine
[2023-01-04 05:13:24,243] {taskinstance.py:1569} INFO - Exporting the following env vars:
AIRFLOW_CTX_DAG_OWNER=airflow
AIRFLOW_CTX_DAG_ID=populate_crypto_values
AIRFLOW_CTX_TASK_ID=get_crypto_values
AIRFLOW_CTX_EXECUTION_DATE=2021-01-09T07:00:00+00:00
AIRFLOW_CTX_TRY_NUMBER=1
AIRFLOW_CTX_DAG_RUN_ID=scheduled__2021-01-09T07:00:00+00:00
[2023-01-04 05:13:25,409] {logging_mixin.py:115} INFO - New rows have been added.
[2023-01-04 05:13:25,409] {python.py:173} INFO - Done. Returned value was: None
[2023-01-04 05:13:25,529] {taskinstance.py:1395} INFO - Marking task as SUCCESS. dag_id=populate_crypto_values, task_id=get_crypto_values, execution_date=20210109T070000, start_date=20230104T081323, end_date=20230104T081325
[2023-01-04 05:13:25,628] {local_task_job.py:156} INFO - Task exited with return code 0
[2023-01-04 05:13:25,694] {local_task_job.py:273} INFO - 0 downstream tasks scheduled from follow-on schedule check
