[2023-01-04 05:43:03,098] {taskinstance.py:1159} INFO - Dependencies all met for <TaskInstance: populate_crypto_values.get_crypto_values scheduled__2021-05-12T07:00:00+00:00 [queued]>
[2023-01-04 05:43:03,104] {taskinstance.py:1159} INFO - Dependencies all met for <TaskInstance: populate_crypto_values.get_crypto_values scheduled__2021-05-12T07:00:00+00:00 [queued]>
[2023-01-04 05:43:03,104] {taskinstance.py:1356} INFO - 
--------------------------------------------------------------------------------
[2023-01-04 05:43:03,104] {taskinstance.py:1357} INFO - Starting attempt 1 of 1
[2023-01-04 05:43:03,104] {taskinstance.py:1358} INFO - 
--------------------------------------------------------------------------------
[2023-01-04 05:43:03,117] {taskinstance.py:1377} INFO - Executing <Task(PythonOperator): get_crypto_values> on 2021-05-12 07:00:00+00:00
[2023-01-04 05:43:03,122] {standard_task_runner.py:52} INFO - Started process 12196 to run task
[2023-01-04 05:43:03,128] {standard_task_runner.py:79} INFO - Running: ['airflow', 'tasks', 'run', 'populate_crypto_values', 'get_crypto_values', 'scheduled__2021-05-12T07:00:00+00:00', '--job-id', '189', '--raw', '--subdir', 'DAGS_FOLDER/populate_crypto_values.py', '--cfg-path', '/tmp/tmpo47kri_e', '--error-file', '/tmp/tmpdwnir7fa']
[2023-01-04 05:43:03,129] {standard_task_runner.py:80} INFO - Job 189: Subtask get_crypto_values
[2023-01-04 05:43:03,194] {task_command.py:370} INFO - Running <TaskInstance: populate_crypto_values.get_crypto_values scheduled__2021-05-12T07:00:00+00:00 [running]> on host xuxon-virtual-machine
[2023-01-04 05:43:03,275] {taskinstance.py:1569} INFO - Exporting the following env vars:
AIRFLOW_CTX_DAG_OWNER=airflow
AIRFLOW_CTX_DAG_ID=populate_crypto_values
AIRFLOW_CTX_TASK_ID=get_crypto_values
AIRFLOW_CTX_EXECUTION_DATE=2021-05-12T07:00:00+00:00
AIRFLOW_CTX_TRY_NUMBER=1
AIRFLOW_CTX_DAG_RUN_ID=scheduled__2021-05-12T07:00:00+00:00
[2023-01-04 05:43:04,721] {logging_mixin.py:115} INFO - New rows have been added.
[2023-01-04 05:43:04,721] {python.py:173} INFO - Done. Returned value was: None
[2023-01-04 05:43:04,747] {taskinstance.py:1395} INFO - Marking task as SUCCESS. dag_id=populate_crypto_values, task_id=get_crypto_values, execution_date=20210512T070000, start_date=20230104T084303, end_date=20230104T084304
[2023-01-04 05:43:04,800] {local_task_job.py:156} INFO - Task exited with return code 0
[2023-01-04 05:43:04,830] {local_task_job.py:273} INFO - 0 downstream tasks scheduled from follow-on schedule check
