[2023-01-04 03:54:02,445] {taskinstance.py:1159} INFO - Dependencies all met for <TaskInstance: populate_crypto_values.get_crypto_values scheduled__2021-01-15T07:00:00+00:00 [queued]>
[2023-01-04 03:54:02,462] {taskinstance.py:1159} INFO - Dependencies all met for <TaskInstance: populate_crypto_values.get_crypto_values scheduled__2021-01-15T07:00:00+00:00 [queued]>
[2023-01-04 03:54:02,463] {taskinstance.py:1356} INFO - 
--------------------------------------------------------------------------------
[2023-01-04 03:54:02,463] {taskinstance.py:1357} INFO - Starting attempt 1 of 1
[2023-01-04 03:54:02,463] {taskinstance.py:1358} INFO - 
--------------------------------------------------------------------------------
[2023-01-04 03:54:03,171] {taskinstance.py:1377} INFO - Executing <Task(PythonOperator): get_crypto_values> on 2021-01-15 07:00:00+00:00
[2023-01-04 03:54:03,187] {standard_task_runner.py:52} INFO - Started process 58963 to run task
[2023-01-04 03:54:13,516] {standard_task_runner.py:79} INFO - Running: ['airflow', 'tasks', 'run', 'populate_crypto_values', 'get_crypto_values', 'scheduled__2021-01-15T07:00:00+00:00', '--job-id', '43', '--raw', '--subdir', 'DAGS_FOLDER/populate_crypto_values.py', '--cfg-path', '/tmp/tmpnhqif0up', '--error-file', '/tmp/tmpdowkx6ff']
[2023-01-04 03:54:13,523] {standard_task_runner.py:80} INFO - Job 43: Subtask get_crypto_values
[2023-01-04 03:54:15,551] {task_command.py:370} INFO - Running <TaskInstance: populate_crypto_values.get_crypto_values scheduled__2021-01-15T07:00:00+00:00 [running]> on host xuxon-virtual-machine
[2023-01-04 03:54:22,392] {taskinstance.py:1569} INFO - Exporting the following env vars:
AIRFLOW_CTX_DAG_OWNER=airflow
AIRFLOW_CTX_DAG_ID=populate_crypto_values
AIRFLOW_CTX_TASK_ID=get_crypto_values
AIRFLOW_CTX_EXECUTION_DATE=2021-01-15T07:00:00+00:00
AIRFLOW_CTX_TRY_NUMBER=1
AIRFLOW_CTX_DAG_RUN_ID=scheduled__2021-01-15T07:00:00+00:00
[2023-01-04 03:54:29,144] {logging_mixin.py:115} INFO - New rows have been added.
[2023-01-04 03:54:29,144] {python.py:173} INFO - Done. Returned value was: None
[2023-01-04 03:54:29,213] {taskinstance.py:1395} INFO - Marking task as SUCCESS. dag_id=populate_crypto_values, task_id=get_crypto_values, execution_date=20210115T070000, start_date=20230104T065402, end_date=20230104T065429
[2023-01-04 03:54:29,286] {local_task_job.py:156} INFO - Task exited with return code 0
[2023-01-04 03:54:29,310] {local_task_job.py:273} INFO - 0 downstream tasks scheduled from follow-on schedule check
[2023-01-04 04:18:23,416] {taskinstance.py:1159} INFO - Dependencies all met for <TaskInstance: populate_crypto_values.get_crypto_values scheduled__2021-01-15T07:00:00+00:00 [queued]>
[2023-01-04 04:18:23,445] {taskinstance.py:1159} INFO - Dependencies all met for <TaskInstance: populate_crypto_values.get_crypto_values scheduled__2021-01-15T07:00:00+00:00 [queued]>
[2023-01-04 04:18:23,445] {taskinstance.py:1356} INFO - 
--------------------------------------------------------------------------------
[2023-01-04 04:18:23,445] {taskinstance.py:1357} INFO - Starting attempt 1 of 1
[2023-01-04 04:18:23,445] {taskinstance.py:1358} INFO - 
--------------------------------------------------------------------------------
[2023-01-04 04:18:23,463] {taskinstance.py:1377} INFO - Executing <Task(PythonOperator): get_crypto_values> on 2021-01-15 07:00:00+00:00
[2023-01-04 04:18:23,469] {standard_task_runner.py:52} INFO - Started process 63041 to run task
[2023-01-04 04:18:23,477] {standard_task_runner.py:79} INFO - Running: ['airflow', 'tasks', 'run', 'populate_crypto_values', 'get_crypto_values', 'scheduled__2021-01-15T07:00:00+00:00', '--job-id', '43', '--raw', '--subdir', 'DAGS_FOLDER/populate_crypto_values.py', '--cfg-path', '/tmp/tmpxbc7j12z', '--error-file', '/tmp/tmphq4a_jhg']
[2023-01-04 04:18:23,478] {standard_task_runner.py:80} INFO - Job 43: Subtask get_crypto_values
[2023-01-04 04:18:23,572] {task_command.py:370} INFO - Running <TaskInstance: populate_crypto_values.get_crypto_values scheduled__2021-01-15T07:00:00+00:00 [running]> on host xuxon-virtual-machine
[2023-01-04 04:18:23,665] {taskinstance.py:1569} INFO - Exporting the following env vars:
AIRFLOW_CTX_DAG_OWNER=airflow
AIRFLOW_CTX_DAG_ID=populate_crypto_values
AIRFLOW_CTX_TASK_ID=get_crypto_values
AIRFLOW_CTX_EXECUTION_DATE=2021-01-15T07:00:00+00:00
AIRFLOW_CTX_TRY_NUMBER=1
AIRFLOW_CTX_DAG_RUN_ID=scheduled__2021-01-15T07:00:00+00:00
[2023-01-04 04:18:24,662] {logging_mixin.py:115} INFO - Encountered errors while inserting rows: [{'index': 0, 'errors': [{'reason': 'invalid', 'location': 'snapshot_date', 'debugInfo': '', 'message': "Invalid date: '16-01-2021'"}]}, {'index': 1, 'errors': [{'reason': 'invalid', 'location': 'snapshot_date', 'debugInfo': '', 'message': "Invalid date: '16-01-2021'"}]}]
[2023-01-04 04:18:24,663] {python.py:173} INFO - Done. Returned value was: None
[2023-01-04 04:18:24,678] {taskinstance.py:1395} INFO - Marking task as SUCCESS. dag_id=populate_crypto_values, task_id=get_crypto_values, execution_date=20210115T070000, start_date=20230104T071823, end_date=20230104T071824
[2023-01-04 04:18:24,755] {local_task_job.py:156} INFO - Task exited with return code 0
[2023-01-04 04:18:24,825] {local_task_job.py:273} INFO - 0 downstream tasks scheduled from follow-on schedule check
[2023-01-04 05:15:21,132] {taskinstance.py:1159} INFO - Dependencies all met for <TaskInstance: populate_crypto_values.get_crypto_values scheduled__2021-01-15T07:00:00+00:00 [queued]>
[2023-01-04 05:15:21,517] {taskinstance.py:1159} INFO - Dependencies all met for <TaskInstance: populate_crypto_values.get_crypto_values scheduled__2021-01-15T07:00:00+00:00 [queued]>
[2023-01-04 05:15:21,517] {taskinstance.py:1356} INFO - 
--------------------------------------------------------------------------------
[2023-01-04 05:15:21,517] {taskinstance.py:1357} INFO - Starting attempt 1 of 1
[2023-01-04 05:15:21,517] {taskinstance.py:1358} INFO - 
--------------------------------------------------------------------------------
[2023-01-04 05:15:21,535] {taskinstance.py:1377} INFO - Executing <Task(PythonOperator): get_crypto_values> on 2021-01-15 07:00:00+00:00
[2023-01-04 05:15:21,539] {standard_task_runner.py:52} INFO - Started process 7073 to run task
[2023-01-04 05:15:21,553] {standard_task_runner.py:79} INFO - Running: ['airflow', 'tasks', 'run', 'populate_crypto_values', 'get_crypto_values', 'scheduled__2021-01-15T07:00:00+00:00', '--job-id', '72', '--raw', '--subdir', 'DAGS_FOLDER/populate_crypto_values.py', '--cfg-path', '/tmp/tmpj59vamkd', '--error-file', '/tmp/tmpymd1tcug']
[2023-01-04 05:15:21,557] {standard_task_runner.py:80} INFO - Job 72: Subtask get_crypto_values
[2023-01-04 05:15:21,636] {task_command.py:370} INFO - Running <TaskInstance: populate_crypto_values.get_crypto_values scheduled__2021-01-15T07:00:00+00:00 [running]> on host xuxon-virtual-machine
[2023-01-04 05:15:21,717] {taskinstance.py:1569} INFO - Exporting the following env vars:
AIRFLOW_CTX_DAG_OWNER=airflow
AIRFLOW_CTX_DAG_ID=populate_crypto_values
AIRFLOW_CTX_TASK_ID=get_crypto_values
AIRFLOW_CTX_EXECUTION_DATE=2021-01-15T07:00:00+00:00
AIRFLOW_CTX_TRY_NUMBER=1
AIRFLOW_CTX_DAG_RUN_ID=scheduled__2021-01-15T07:00:00+00:00
[2023-01-04 05:15:24,892] {logging_mixin.py:115} INFO - New rows have been added.
[2023-01-04 05:15:24,893] {python.py:173} INFO - Done. Returned value was: None
[2023-01-04 05:15:24,914] {taskinstance.py:1395} INFO - Marking task as SUCCESS. dag_id=populate_crypto_values, task_id=get_crypto_values, execution_date=20210115T070000, start_date=20230104T081521, end_date=20230104T081524
[2023-01-04 05:15:24,964] {local_task_job.py:156} INFO - Task exited with return code 0
[2023-01-04 05:15:25,009] {local_task_job.py:273} INFO - 0 downstream tasks scheduled from follow-on schedule check
