[2023-01-04 06:24:00,254] {taskinstance.py:1159} INFO - Dependencies all met for <TaskInstance: populate_crypto_values.get_crypto_values scheduled__2021-10-22T07:00:00+00:00 [queued]>
[2023-01-04 06:24:00,297] {taskinstance.py:1159} INFO - Dependencies all met for <TaskInstance: populate_crypto_values.get_crypto_values scheduled__2021-10-22T07:00:00+00:00 [queued]>
[2023-01-04 06:24:00,297] {taskinstance.py:1356} INFO - 
--------------------------------------------------------------------------------
[2023-01-04 06:24:00,298] {taskinstance.py:1357} INFO - Starting attempt 1 of 1
[2023-01-04 06:24:00,298] {taskinstance.py:1358} INFO - 
--------------------------------------------------------------------------------
[2023-01-04 06:24:00,318] {taskinstance.py:1377} INFO - Executing <Task(PythonOperator): get_crypto_values> on 2021-10-22 07:00:00+00:00
[2023-01-04 06:24:00,323] {standard_task_runner.py:52} INFO - Started process 19765 to run task
[2023-01-04 06:24:00,329] {standard_task_runner.py:79} INFO - Running: ['airflow', 'tasks', 'run', 'populate_crypto_values', 'get_crypto_values', 'scheduled__2021-10-22T07:00:00+00:00', '--job-id', '352', '--raw', '--subdir', 'DAGS_FOLDER/populate_crypto_values.py', '--cfg-path', '/tmp/tmp9xw8r8_b', '--error-file', '/tmp/tmpzcnryplw']
[2023-01-04 06:24:00,330] {standard_task_runner.py:80} INFO - Job 352: Subtask get_crypto_values
[2023-01-04 06:24:00,388] {task_command.py:370} INFO - Running <TaskInstance: populate_crypto_values.get_crypto_values scheduled__2021-10-22T07:00:00+00:00 [running]> on host xuxon-virtual-machine
[2023-01-04 06:24:00,464] {taskinstance.py:1569} INFO - Exporting the following env vars:
AIRFLOW_CTX_DAG_OWNER=airflow
AIRFLOW_CTX_DAG_ID=populate_crypto_values
AIRFLOW_CTX_TASK_ID=get_crypto_values
AIRFLOW_CTX_EXECUTION_DATE=2021-10-22T07:00:00+00:00
AIRFLOW_CTX_TRY_NUMBER=1
AIRFLOW_CTX_DAG_RUN_ID=scheduled__2021-10-22T07:00:00+00:00
[2023-01-04 06:24:01,918] {logging_mixin.py:115} INFO - New rows have been added.
[2023-01-04 06:24:01,919] {python.py:173} INFO - Done. Returned value was: None
[2023-01-04 06:24:01,931] {taskinstance.py:1395} INFO - Marking task as SUCCESS. dag_id=populate_crypto_values, task_id=get_crypto_values, execution_date=20211022T070000, start_date=20230104T092400, end_date=20230104T092401
[2023-01-04 06:24:01,972] {local_task_job.py:156} INFO - Task exited with return code 0
[2023-01-04 06:24:01,994] {local_task_job.py:273} INFO - 0 downstream tasks scheduled from follow-on schedule check
