[2023-01-04 03:59:17,733] {taskinstance.py:1159} INFO - Dependencies all met for <TaskInstance: populate_crypto_values.get_crypto_values scheduled__2021-01-21T07:00:00+00:00 [queued]>
[2023-01-04 03:59:17,742] {taskinstance.py:1159} INFO - Dependencies all met for <TaskInstance: populate_crypto_values.get_crypto_values scheduled__2021-01-21T07:00:00+00:00 [queued]>
[2023-01-04 03:59:17,742] {taskinstance.py:1356} INFO - 
--------------------------------------------------------------------------------
[2023-01-04 03:59:17,742] {taskinstance.py:1357} INFO - Starting attempt 1 of 1
[2023-01-04 03:59:17,742] {taskinstance.py:1358} INFO - 
--------------------------------------------------------------------------------
[2023-01-04 03:59:17,884] {taskinstance.py:1377} INFO - Executing <Task(PythonOperator): get_crypto_values> on 2021-01-21 07:00:00+00:00
[2023-01-04 03:59:17,933] {standard_task_runner.py:52} INFO - Started process 59560 to run task
[2023-01-04 03:59:19,062] {standard_task_runner.py:79} INFO - Running: ['airflow', 'tasks', 'run', 'populate_crypto_values', 'get_crypto_values', 'scheduled__2021-01-21T07:00:00+00:00', '--job-id', '49', '--raw', '--subdir', 'DAGS_FOLDER/populate_crypto_values.py', '--cfg-path', '/tmp/tmp9nzbsfv_', '--error-file', '/tmp/tmpcme5f3hi']
[2023-01-04 03:59:19,063] {standard_task_runner.py:80} INFO - Job 49: Subtask get_crypto_values
[2023-01-04 03:59:21,096] {task_command.py:370} INFO - Running <TaskInstance: populate_crypto_values.get_crypto_values scheduled__2021-01-21T07:00:00+00:00 [running]> on host xuxon-virtual-machine
[2023-01-04 03:59:21,729] {taskinstance.py:1569} INFO - Exporting the following env vars:
AIRFLOW_CTX_DAG_OWNER=airflow
AIRFLOW_CTX_DAG_ID=populate_crypto_values
AIRFLOW_CTX_TASK_ID=get_crypto_values
AIRFLOW_CTX_EXECUTION_DATE=2021-01-21T07:00:00+00:00
AIRFLOW_CTX_TRY_NUMBER=1
AIRFLOW_CTX_DAG_RUN_ID=scheduled__2021-01-21T07:00:00+00:00
[2023-01-04 03:59:24,247] {logging_mixin.py:115} INFO - New rows have been added.
[2023-01-04 03:59:24,248] {python.py:173} INFO - Done. Returned value was: None
[2023-01-04 03:59:24,256] {taskinstance.py:1395} INFO - Marking task as SUCCESS. dag_id=populate_crypto_values, task_id=get_crypto_values, execution_date=20210121T070000, start_date=20230104T065917, end_date=20230104T065924
[2023-01-04 03:59:26,195] {local_task_job.py:156} INFO - Task exited with return code 0
[2023-01-04 03:59:26,263] {local_task_job.py:273} INFO - 0 downstream tasks scheduled from follow-on schedule check
[2023-01-04 04:18:48,723] {taskinstance.py:1159} INFO - Dependencies all met for <TaskInstance: populate_crypto_values.get_crypto_values scheduled__2021-01-21T07:00:00+00:00 [queued]>
[2023-01-04 04:18:48,731] {taskinstance.py:1159} INFO - Dependencies all met for <TaskInstance: populate_crypto_values.get_crypto_values scheduled__2021-01-21T07:00:00+00:00 [queued]>
[2023-01-04 04:18:48,731] {taskinstance.py:1356} INFO - 
--------------------------------------------------------------------------------
[2023-01-04 04:18:48,731] {taskinstance.py:1357} INFO - Starting attempt 1 of 1
[2023-01-04 04:18:48,731] {taskinstance.py:1358} INFO - 
--------------------------------------------------------------------------------
[2023-01-04 04:18:48,749] {taskinstance.py:1377} INFO - Executing <Task(PythonOperator): get_crypto_values> on 2021-01-21 07:00:00+00:00
[2023-01-04 04:18:48,753] {standard_task_runner.py:52} INFO - Started process 63194 to run task
[2023-01-04 04:18:48,759] {standard_task_runner.py:79} INFO - Running: ['airflow', 'tasks', 'run', 'populate_crypto_values', 'get_crypto_values', 'scheduled__2021-01-21T07:00:00+00:00', '--job-id', '49', '--raw', '--subdir', 'DAGS_FOLDER/populate_crypto_values.py', '--cfg-path', '/tmp/tmpqq5ev40t', '--error-file', '/tmp/tmp2x2gn_wy']
[2023-01-04 04:18:48,760] {standard_task_runner.py:80} INFO - Job 49: Subtask get_crypto_values
[2023-01-04 04:18:48,822] {task_command.py:370} INFO - Running <TaskInstance: populate_crypto_values.get_crypto_values scheduled__2021-01-21T07:00:00+00:00 [running]> on host xuxon-virtual-machine
[2023-01-04 04:18:48,894] {taskinstance.py:1569} INFO - Exporting the following env vars:
AIRFLOW_CTX_DAG_OWNER=airflow
AIRFLOW_CTX_DAG_ID=populate_crypto_values
AIRFLOW_CTX_TASK_ID=get_crypto_values
AIRFLOW_CTX_EXECUTION_DATE=2021-01-21T07:00:00+00:00
AIRFLOW_CTX_TRY_NUMBER=1
AIRFLOW_CTX_DAG_RUN_ID=scheduled__2021-01-21T07:00:00+00:00
[2023-01-04 04:18:49,954] {logging_mixin.py:115} INFO - Encountered errors while inserting rows: [{'index': 0, 'errors': [{'reason': 'invalid', 'location': 'snapshot_date', 'debugInfo': '', 'message': "Invalid date: '22-01-2021'"}]}, {'index': 1, 'errors': [{'reason': 'invalid', 'location': 'snapshot_date', 'debugInfo': '', 'message': "Invalid date: '22-01-2021'"}]}]
[2023-01-04 04:18:49,955] {python.py:173} INFO - Done. Returned value was: None
[2023-01-04 04:18:49,974] {taskinstance.py:1395} INFO - Marking task as SUCCESS. dag_id=populate_crypto_values, task_id=get_crypto_values, execution_date=20210121T070000, start_date=20230104T071848, end_date=20230104T071849
[2023-01-04 04:18:50,029] {local_task_job.py:156} INFO - Task exited with return code 0
[2023-01-04 04:18:50,055] {local_task_job.py:273} INFO - 0 downstream tasks scheduled from follow-on schedule check
[2023-01-04 05:15:49,891] {taskinstance.py:1159} INFO - Dependencies all met for <TaskInstance: populate_crypto_values.get_crypto_values scheduled__2021-01-21T07:00:00+00:00 [queued]>
[2023-01-04 05:15:49,932] {taskinstance.py:1159} INFO - Dependencies all met for <TaskInstance: populate_crypto_values.get_crypto_values scheduled__2021-01-21T07:00:00+00:00 [queued]>
[2023-01-04 05:15:49,932] {taskinstance.py:1356} INFO - 
--------------------------------------------------------------------------------
[2023-01-04 05:15:49,932] {taskinstance.py:1357} INFO - Starting attempt 1 of 1
[2023-01-04 05:15:49,932] {taskinstance.py:1358} INFO - 
--------------------------------------------------------------------------------
[2023-01-04 05:15:49,956] {taskinstance.py:1377} INFO - Executing <Task(PythonOperator): get_crypto_values> on 2021-01-21 07:00:00+00:00
[2023-01-04 05:15:49,964] {standard_task_runner.py:52} INFO - Started process 7194 to run task
[2023-01-04 05:15:49,980] {standard_task_runner.py:79} INFO - Running: ['airflow', 'tasks', 'run', 'populate_crypto_values', 'get_crypto_values', 'scheduled__2021-01-21T07:00:00+00:00', '--job-id', '78', '--raw', '--subdir', 'DAGS_FOLDER/populate_crypto_values.py', '--cfg-path', '/tmp/tmpy7p7nnpb', '--error-file', '/tmp/tmpgm59nyaq']
[2023-01-04 05:15:49,982] {standard_task_runner.py:80} INFO - Job 78: Subtask get_crypto_values
[2023-01-04 05:15:50,070] {task_command.py:370} INFO - Running <TaskInstance: populate_crypto_values.get_crypto_values scheduled__2021-01-21T07:00:00+00:00 [running]> on host xuxon-virtual-machine
[2023-01-04 05:15:50,159] {taskinstance.py:1569} INFO - Exporting the following env vars:
AIRFLOW_CTX_DAG_OWNER=airflow
AIRFLOW_CTX_DAG_ID=populate_crypto_values
AIRFLOW_CTX_TASK_ID=get_crypto_values
AIRFLOW_CTX_EXECUTION_DATE=2021-01-21T07:00:00+00:00
AIRFLOW_CTX_TRY_NUMBER=1
AIRFLOW_CTX_DAG_RUN_ID=scheduled__2021-01-21T07:00:00+00:00
[2023-01-04 05:15:51,649] {logging_mixin.py:115} INFO - New rows have been added.
[2023-01-04 05:15:51,649] {python.py:173} INFO - Done. Returned value was: None
[2023-01-04 05:15:51,675] {taskinstance.py:1395} INFO - Marking task as SUCCESS. dag_id=populate_crypto_values, task_id=get_crypto_values, execution_date=20210121T070000, start_date=20230104T081549, end_date=20230104T081551
[2023-01-04 05:15:51,734] {local_task_job.py:156} INFO - Task exited with return code 0
[2023-01-04 05:15:51,785] {local_task_job.py:273} INFO - 0 downstream tasks scheduled from follow-on schedule check
