[2023-01-04 04:00:22,726] {taskinstance.py:1159} INFO - Dependencies all met for <TaskInstance: populate_crypto_values.get_crypto_values scheduled__2021-01-24T07:00:00+00:00 [queued]>
[2023-01-04 04:00:22,737] {taskinstance.py:1159} INFO - Dependencies all met for <TaskInstance: populate_crypto_values.get_crypto_values scheduled__2021-01-24T07:00:00+00:00 [queued]>
[2023-01-04 04:00:22,737] {taskinstance.py:1356} INFO - 
--------------------------------------------------------------------------------
[2023-01-04 04:00:22,737] {taskinstance.py:1357} INFO - Starting attempt 1 of 1
[2023-01-04 04:00:22,737] {taskinstance.py:1358} INFO - 
--------------------------------------------------------------------------------
[2023-01-04 04:00:23,360] {taskinstance.py:1377} INFO - Executing <Task(PythonOperator): get_crypto_values> on 2021-01-24 07:00:00+00:00
[2023-01-04 04:00:23,365] {standard_task_runner.py:52} INFO - Started process 59758 to run task
[2023-01-04 04:00:23,372] {standard_task_runner.py:79} INFO - Running: ['airflow', 'tasks', 'run', 'populate_crypto_values', 'get_crypto_values', 'scheduled__2021-01-24T07:00:00+00:00', '--job-id', '52', '--raw', '--subdir', 'DAGS_FOLDER/populate_crypto_values.py', '--cfg-path', '/tmp/tmpazqf8391', '--error-file', '/tmp/tmprguiczd3']
[2023-01-04 04:00:23,373] {standard_task_runner.py:80} INFO - Job 52: Subtask get_crypto_values
[2023-01-04 04:00:23,742] {task_command.py:370} INFO - Running <TaskInstance: populate_crypto_values.get_crypto_values scheduled__2021-01-24T07:00:00+00:00 [running]> on host xuxon-virtual-machine
[2023-01-04 04:00:24,329] {taskinstance.py:1569} INFO - Exporting the following env vars:
AIRFLOW_CTX_DAG_OWNER=airflow
AIRFLOW_CTX_DAG_ID=populate_crypto_values
AIRFLOW_CTX_TASK_ID=get_crypto_values
AIRFLOW_CTX_EXECUTION_DATE=2021-01-24T07:00:00+00:00
AIRFLOW_CTX_TRY_NUMBER=1
AIRFLOW_CTX_DAG_RUN_ID=scheduled__2021-01-24T07:00:00+00:00
[2023-01-04 04:00:26,543] {logging_mixin.py:115} INFO - New rows have been added.
[2023-01-04 04:00:26,543] {python.py:173} INFO - Done. Returned value was: None
[2023-01-04 04:00:26,552] {taskinstance.py:1395} INFO - Marking task as SUCCESS. dag_id=populate_crypto_values, task_id=get_crypto_values, execution_date=20210124T070000, start_date=20230104T070022, end_date=20230104T070026
[2023-01-04 04:00:27,176] {local_task_job.py:156} INFO - Task exited with return code 0
[2023-01-04 04:00:27,263] {local_task_job.py:273} INFO - 0 downstream tasks scheduled from follow-on schedule check
[2023-01-04 05:18:03,954] {taskinstance.py:1159} INFO - Dependencies all met for <TaskInstance: populate_crypto_values.get_crypto_values scheduled__2021-01-24T07:00:00+00:00 [queued]>
[2023-01-04 05:18:04,068] {taskinstance.py:1159} INFO - Dependencies all met for <TaskInstance: populate_crypto_values.get_crypto_values scheduled__2021-01-24T07:00:00+00:00 [queued]>
[2023-01-04 05:18:04,069] {taskinstance.py:1356} INFO - 
--------------------------------------------------------------------------------
[2023-01-04 05:18:04,069] {taskinstance.py:1357} INFO - Starting attempt 1 of 1
[2023-01-04 05:18:04,069] {taskinstance.py:1358} INFO - 
--------------------------------------------------------------------------------
[2023-01-04 05:18:04,088] {taskinstance.py:1377} INFO - Executing <Task(PythonOperator): get_crypto_values> on 2021-01-24 07:00:00+00:00
[2023-01-04 05:18:04,093] {standard_task_runner.py:52} INFO - Started process 7552 to run task
[2023-01-04 05:18:04,099] {standard_task_runner.py:79} INFO - Running: ['airflow', 'tasks', 'run', 'populate_crypto_values', 'get_crypto_values', 'scheduled__2021-01-24T07:00:00+00:00', '--job-id', '81', '--raw', '--subdir', 'DAGS_FOLDER/populate_crypto_values.py', '--cfg-path', '/tmp/tmprwkl0l91', '--error-file', '/tmp/tmpc7vqtmjd']
[2023-01-04 05:18:04,100] {standard_task_runner.py:80} INFO - Job 81: Subtask get_crypto_values
[2023-01-04 05:18:04,159] {task_command.py:370} INFO - Running <TaskInstance: populate_crypto_values.get_crypto_values scheduled__2021-01-24T07:00:00+00:00 [running]> on host xuxon-virtual-machine
[2023-01-04 05:18:04,220] {taskinstance.py:1569} INFO - Exporting the following env vars:
AIRFLOW_CTX_DAG_OWNER=airflow
AIRFLOW_CTX_DAG_ID=populate_crypto_values
AIRFLOW_CTX_TASK_ID=get_crypto_values
AIRFLOW_CTX_EXECUTION_DATE=2021-01-24T07:00:00+00:00
AIRFLOW_CTX_TRY_NUMBER=1
AIRFLOW_CTX_DAG_RUN_ID=scheduled__2021-01-24T07:00:00+00:00
[2023-01-04 05:18:05,667] {logging_mixin.py:115} INFO - New rows have been added.
[2023-01-04 05:18:05,668] {python.py:173} INFO - Done. Returned value was: None
[2023-01-04 05:18:05,692] {taskinstance.py:1395} INFO - Marking task as SUCCESS. dag_id=populate_crypto_values, task_id=get_crypto_values, execution_date=20210124T070000, start_date=20230104T081804, end_date=20230104T081805
[2023-01-04 05:18:05,729] {local_task_job.py:156} INFO - Task exited with return code 0
[2023-01-04 05:18:05,750] {local_task_job.py:273} INFO - 0 downstream tasks scheduled from follow-on schedule check
