[2023-01-04 13:30:21,161] {taskinstance.py:1159} INFO - Dependencies all met for <TaskInstance: populate_crypto_values.get_crypto_values scheduled__2022-07-16T07:00:00+00:00 [queued]>
[2023-01-04 13:30:21,167] {taskinstance.py:1159} INFO - Dependencies all met for <TaskInstance: populate_crypto_values.get_crypto_values scheduled__2022-07-16T07:00:00+00:00 [queued]>
[2023-01-04 13:30:21,167] {taskinstance.py:1356} INFO - 
--------------------------------------------------------------------------------
[2023-01-04 13:30:21,167] {taskinstance.py:1357} INFO - Starting attempt 1 of 1
[2023-01-04 13:30:21,167] {taskinstance.py:1358} INFO - 
--------------------------------------------------------------------------------
[2023-01-04 13:30:21,186] {taskinstance.py:1377} INFO - Executing <Task(PythonOperator): get_crypto_values> on 2022-07-16 07:00:00+00:00
[2023-01-04 13:30:21,189] {standard_task_runner.py:52} INFO - Started process 30157 to run task
[2023-01-04 13:30:21,195] {standard_task_runner.py:79} INFO - Running: ['airflow', 'tasks', 'run', 'populate_crypto_values', 'get_crypto_values', 'scheduled__2022-07-16T07:00:00+00:00', '--job-id', '622', '--raw', '--subdir', 'DAGS_FOLDER/populate_crypto_values.py', '--cfg-path', '/tmp/tmpdq8y46jm', '--error-file', '/tmp/tmpuqrnkalw']
[2023-01-04 13:30:21,196] {standard_task_runner.py:80} INFO - Job 622: Subtask get_crypto_values
[2023-01-04 13:30:21,258] {task_command.py:370} INFO - Running <TaskInstance: populate_crypto_values.get_crypto_values scheduled__2022-07-16T07:00:00+00:00 [running]> on host xuxon-virtual-machine
[2023-01-04 13:30:21,319] {taskinstance.py:1569} INFO - Exporting the following env vars:
AIRFLOW_CTX_DAG_OWNER=airflow
AIRFLOW_CTX_DAG_ID=populate_crypto_values
AIRFLOW_CTX_TASK_ID=get_crypto_values
AIRFLOW_CTX_EXECUTION_DATE=2022-07-16T07:00:00+00:00
AIRFLOW_CTX_TRY_NUMBER=1
AIRFLOW_CTX_DAG_RUN_ID=scheduled__2022-07-16T07:00:00+00:00
[2023-01-04 13:30:25,574] {logging_mixin.py:115} INFO - New rows have been added.
[2023-01-04 13:30:25,589] {python.py:173} INFO - Done. Returned value was: None
[2023-01-04 13:30:25,805] {taskinstance.py:1395} INFO - Marking task as SUCCESS. dag_id=populate_crypto_values, task_id=get_crypto_values, execution_date=20220716T070000, start_date=20230104T163021, end_date=20230104T163025
[2023-01-04 13:30:25,829] {local_task_job.py:156} INFO - Task exited with return code 0
[2023-01-04 13:30:25,851] {local_task_job.py:273} INFO - 0 downstream tasks scheduled from follow-on schedule check
