[2023-01-04 13:41:52,711] {taskinstance.py:1159} INFO - Dependencies all met for <TaskInstance: populate_crypto_values.get_crypto_values scheduled__2022-08-30T07:00:00+00:00 [queued]>
[2023-01-04 13:41:52,718] {taskinstance.py:1159} INFO - Dependencies all met for <TaskInstance: populate_crypto_values.get_crypto_values scheduled__2022-08-30T07:00:00+00:00 [queued]>
[2023-01-04 13:41:52,718] {taskinstance.py:1356} INFO - 
--------------------------------------------------------------------------------
[2023-01-04 13:41:52,718] {taskinstance.py:1357} INFO - Starting attempt 1 of 1
[2023-01-04 13:41:52,718] {taskinstance.py:1358} INFO - 
--------------------------------------------------------------------------------
[2023-01-04 13:41:52,731] {taskinstance.py:1377} INFO - Executing <Task(PythonOperator): get_crypto_values> on 2022-08-30 07:00:00+00:00
[2023-01-04 13:41:52,735] {standard_task_runner.py:52} INFO - Started process 31342 to run task
[2023-01-04 13:41:52,740] {standard_task_runner.py:79} INFO - Running: ['airflow', 'tasks', 'run', 'populate_crypto_values', 'get_crypto_values', 'scheduled__2022-08-30T07:00:00+00:00', '--job-id', '667', '--raw', '--subdir', 'DAGS_FOLDER/populate_crypto_values.py', '--cfg-path', '/tmp/tmpeycz5wde', '--error-file', '/tmp/tmpmq6_rh9q']
[2023-01-04 13:41:52,741] {standard_task_runner.py:80} INFO - Job 667: Subtask get_crypto_values
[2023-01-04 13:41:52,792] {task_command.py:370} INFO - Running <TaskInstance: populate_crypto_values.get_crypto_values scheduled__2022-08-30T07:00:00+00:00 [running]> on host xuxon-virtual-machine
[2023-01-04 13:41:52,875] {taskinstance.py:1569} INFO - Exporting the following env vars:
AIRFLOW_CTX_DAG_OWNER=airflow
AIRFLOW_CTX_DAG_ID=populate_crypto_values
AIRFLOW_CTX_TASK_ID=get_crypto_values
AIRFLOW_CTX_EXECUTION_DATE=2022-08-30T07:00:00+00:00
AIRFLOW_CTX_TRY_NUMBER=1
AIRFLOW_CTX_DAG_RUN_ID=scheduled__2022-08-30T07:00:00+00:00
[2023-01-04 13:41:54,312] {logging_mixin.py:115} INFO - New rows have been added.
[2023-01-04 13:41:54,313] {python.py:173} INFO - Done. Returned value was: None
[2023-01-04 13:41:54,332] {taskinstance.py:1395} INFO - Marking task as SUCCESS. dag_id=populate_crypto_values, task_id=get_crypto_values, execution_date=20220830T070000, start_date=20230104T164152, end_date=20230104T164154
[2023-01-04 13:41:54,400] {local_task_job.py:156} INFO - Task exited with return code 0
[2023-01-04 13:41:54,430] {local_task_job.py:273} INFO - 0 downstream tasks scheduled from follow-on schedule check
