[2023-01-04 06:18:42,895] {taskinstance.py:1159} INFO - Dependencies all met for <TaskInstance: populate_crypto_values.get_crypto_values scheduled__2021-10-06T07:00:00+00:00 [queued]>
[2023-01-04 06:18:42,901] {taskinstance.py:1159} INFO - Dependencies all met for <TaskInstance: populate_crypto_values.get_crypto_values scheduled__2021-10-06T07:00:00+00:00 [queued]>
[2023-01-04 06:18:42,901] {taskinstance.py:1356} INFO - 
--------------------------------------------------------------------------------
[2023-01-04 06:18:42,901] {taskinstance.py:1357} INFO - Starting attempt 1 of 1
[2023-01-04 06:18:42,901] {taskinstance.py:1358} INFO - 
--------------------------------------------------------------------------------
[2023-01-04 06:18:42,915] {taskinstance.py:1377} INFO - Executing <Task(PythonOperator): get_crypto_values> on 2021-10-06 07:00:00+00:00
[2023-01-04 06:18:42,919] {standard_task_runner.py:52} INFO - Started process 18829 to run task
[2023-01-04 06:18:42,924] {standard_task_runner.py:79} INFO - Running: ['airflow', 'tasks', 'run', 'populate_crypto_values', 'get_crypto_values', 'scheduled__2021-10-06T07:00:00+00:00', '--job-id', '336', '--raw', '--subdir', 'DAGS_FOLDER/populate_crypto_values.py', '--cfg-path', '/tmp/tmpu1ath6uy', '--error-file', '/tmp/tmpvpx66zhq']
[2023-01-04 06:18:42,925] {standard_task_runner.py:80} INFO - Job 336: Subtask get_crypto_values
[2023-01-04 06:18:42,982] {task_command.py:370} INFO - Running <TaskInstance: populate_crypto_values.get_crypto_values scheduled__2021-10-06T07:00:00+00:00 [running]> on host xuxon-virtual-machine
[2023-01-04 06:18:43,060] {taskinstance.py:1569} INFO - Exporting the following env vars:
AIRFLOW_CTX_DAG_OWNER=airflow
AIRFLOW_CTX_DAG_ID=populate_crypto_values
AIRFLOW_CTX_TASK_ID=get_crypto_values
AIRFLOW_CTX_EXECUTION_DATE=2021-10-06T07:00:00+00:00
AIRFLOW_CTX_TRY_NUMBER=1
AIRFLOW_CTX_DAG_RUN_ID=scheduled__2021-10-06T07:00:00+00:00
[2023-01-04 06:18:44,478] {logging_mixin.py:115} INFO - New rows have been added.
[2023-01-04 06:18:44,478] {python.py:173} INFO - Done. Returned value was: None
[2023-01-04 06:18:44,485] {taskinstance.py:1395} INFO - Marking task as SUCCESS. dag_id=populate_crypto_values, task_id=get_crypto_values, execution_date=20211006T070000, start_date=20230104T091842, end_date=20230104T091844
[2023-01-04 06:18:44,518] {local_task_job.py:156} INFO - Task exited with return code 0
[2023-01-04 06:18:44,539] {local_task_job.py:273} INFO - 0 downstream tasks scheduled from follow-on schedule check
