[2023-01-04 13:26:27,663] {taskinstance.py:1159} INFO - Dependencies all met for <TaskInstance: populate_crypto_values.get_crypto_values scheduled__2022-06-29T07:00:00+00:00 [queued]>
[2023-01-04 13:26:27,668] {taskinstance.py:1159} INFO - Dependencies all met for <TaskInstance: populate_crypto_values.get_crypto_values scheduled__2022-06-29T07:00:00+00:00 [queued]>
[2023-01-04 13:26:27,668] {taskinstance.py:1356} INFO - 
--------------------------------------------------------------------------------
[2023-01-04 13:26:27,668] {taskinstance.py:1357} INFO - Starting attempt 1 of 1
[2023-01-04 13:26:27,668] {taskinstance.py:1358} INFO - 
--------------------------------------------------------------------------------
[2023-01-04 13:26:27,680] {taskinstance.py:1377} INFO - Executing <Task(PythonOperator): get_crypto_values> on 2022-06-29 07:00:00+00:00
[2023-01-04 13:26:27,684] {standard_task_runner.py:52} INFO - Started process 29780 to run task
[2023-01-04 13:26:27,689] {standard_task_runner.py:79} INFO - Running: ['airflow', 'tasks', 'run', 'populate_crypto_values', 'get_crypto_values', 'scheduled__2022-06-29T07:00:00+00:00', '--job-id', '605', '--raw', '--subdir', 'DAGS_FOLDER/populate_crypto_values.py', '--cfg-path', '/tmp/tmpp70mvt9w', '--error-file', '/tmp/tmp4s5xbuj6']
[2023-01-04 13:26:27,690] {standard_task_runner.py:80} INFO - Job 605: Subtask get_crypto_values
[2023-01-04 13:26:27,790] {task_command.py:370} INFO - Running <TaskInstance: populate_crypto_values.get_crypto_values scheduled__2022-06-29T07:00:00+00:00 [running]> on host xuxon-virtual-machine
[2023-01-04 13:26:27,879] {taskinstance.py:1569} INFO - Exporting the following env vars:
AIRFLOW_CTX_DAG_OWNER=airflow
AIRFLOW_CTX_DAG_ID=populate_crypto_values
AIRFLOW_CTX_TASK_ID=get_crypto_values
AIRFLOW_CTX_EXECUTION_DATE=2022-06-29T07:00:00+00:00
AIRFLOW_CTX_TRY_NUMBER=1
AIRFLOW_CTX_DAG_RUN_ID=scheduled__2022-06-29T07:00:00+00:00
[2023-01-04 13:26:29,090] {logging_mixin.py:115} INFO - New rows have been added.
[2023-01-04 13:26:29,091] {python.py:173} INFO - Done. Returned value was: None
[2023-01-04 13:26:29,111] {taskinstance.py:1395} INFO - Marking task as SUCCESS. dag_id=populate_crypto_values, task_id=get_crypto_values, execution_date=20220629T070000, start_date=20230104T162627, end_date=20230104T162629
[2023-01-04 13:26:29,168] {local_task_job.py:156} INFO - Task exited with return code 0
[2023-01-04 13:26:29,211] {local_task_job.py:273} INFO - 0 downstream tasks scheduled from follow-on schedule check
