[2023-01-04 03:47:23,993] {taskinstance.py:1159} INFO - Dependencies all met for <TaskInstance: populate_crypto_values.get_crypto_values scheduled__2021-01-13T07:00:00+00:00 [queued]>
[2023-01-04 03:47:24,001] {taskinstance.py:1159} INFO - Dependencies all met for <TaskInstance: populate_crypto_values.get_crypto_values scheduled__2021-01-13T07:00:00+00:00 [queued]>
[2023-01-04 03:47:24,001] {taskinstance.py:1356} INFO - 
--------------------------------------------------------------------------------
[2023-01-04 03:47:24,002] {taskinstance.py:1357} INFO - Starting attempt 1 of 1
[2023-01-04 03:47:24,002] {taskinstance.py:1358} INFO - 
--------------------------------------------------------------------------------
[2023-01-04 03:47:24,017] {taskinstance.py:1377} INFO - Executing <Task(PythonOperator): get_crypto_values> on 2021-01-13 07:00:00+00:00
[2023-01-04 03:47:24,031] {standard_task_runner.py:52} INFO - Started process 58515 to run task
[2023-01-04 03:47:24,032] {standard_task_runner.py:79} INFO - Running: ['airflow', 'tasks', 'run', 'populate_crypto_values', 'get_crypto_values', 'scheduled__2021-01-13T07:00:00+00:00', '--job-id', '41', '--raw', '--subdir', 'DAGS_FOLDER/populate_crypto_values.py', '--cfg-path', '/tmp/tmp180f8w_j', '--error-file', '/tmp/tmpu_w05u2_']
[2023-01-04 03:47:24,034] {standard_task_runner.py:80} INFO - Job 41: Subtask get_crypto_values
[2023-01-04 03:47:24,131] {task_command.py:370} INFO - Running <TaskInstance: populate_crypto_values.get_crypto_values scheduled__2021-01-13T07:00:00+00:00 [running]> on host xuxon-virtual-machine
[2023-01-04 03:47:24,208] {taskinstance.py:1569} INFO - Exporting the following env vars:
AIRFLOW_CTX_DAG_OWNER=airflow
AIRFLOW_CTX_DAG_ID=populate_crypto_values
AIRFLOW_CTX_TASK_ID=get_crypto_values
AIRFLOW_CTX_EXECUTION_DATE=2021-01-13T07:00:00+00:00
AIRFLOW_CTX_TRY_NUMBER=1
AIRFLOW_CTX_DAG_RUN_ID=scheduled__2021-01-13T07:00:00+00:00
[2023-01-04 03:47:25,768] {logging_mixin.py:115} INFO - New rows have been added.
[2023-01-04 03:47:25,769] {python.py:173} INFO - Done. Returned value was: None
[2023-01-04 03:47:25,792] {taskinstance.py:1395} INFO - Marking task as SUCCESS. dag_id=populate_crypto_values, task_id=get_crypto_values, execution_date=20210113T070000, start_date=20230104T064723, end_date=20230104T064725
[2023-01-04 03:47:25,841] {local_task_job.py:156} INFO - Task exited with return code 0
[2023-01-04 03:47:25,863] {local_task_job.py:273} INFO - 0 downstream tasks scheduled from follow-on schedule check
[2023-01-04 04:12:42,293] {taskinstance.py:1159} INFO - Dependencies all met for <TaskInstance: populate_crypto_values.get_crypto_values scheduled__2021-01-13T07:00:00+00:00 [queued]>
[2023-01-04 04:12:42,309] {taskinstance.py:1159} INFO - Dependencies all met for <TaskInstance: populate_crypto_values.get_crypto_values scheduled__2021-01-13T07:00:00+00:00 [queued]>
[2023-01-04 04:12:42,309] {taskinstance.py:1356} INFO - 
--------------------------------------------------------------------------------
[2023-01-04 04:12:42,309] {taskinstance.py:1357} INFO - Starting attempt 1 of 1
[2023-01-04 04:12:42,309] {taskinstance.py:1358} INFO - 
--------------------------------------------------------------------------------
[2023-01-04 04:12:42,332] {taskinstance.py:1377} INFO - Executing <Task(PythonOperator): get_crypto_values> on 2021-01-13 07:00:00+00:00
[2023-01-04 04:12:42,337] {standard_task_runner.py:52} INFO - Started process 62542 to run task
[2023-01-04 04:12:42,343] {standard_task_runner.py:79} INFO - Running: ['airflow', 'tasks', 'run', 'populate_crypto_values', 'get_crypto_values', 'scheduled__2021-01-13T07:00:00+00:00', '--job-id', '41', '--raw', '--subdir', 'DAGS_FOLDER/populate_crypto_values.py', '--cfg-path', '/tmp/tmp6ona3_i1', '--error-file', '/tmp/tmp4yf7cu42']
[2023-01-04 04:12:42,344] {standard_task_runner.py:80} INFO - Job 41: Subtask get_crypto_values
[2023-01-04 04:12:42,404] {task_command.py:370} INFO - Running <TaskInstance: populate_crypto_values.get_crypto_values scheduled__2021-01-13T07:00:00+00:00 [running]> on host xuxon-virtual-machine
[2023-01-04 04:12:42,471] {taskinstance.py:1569} INFO - Exporting the following env vars:
AIRFLOW_CTX_DAG_OWNER=airflow
AIRFLOW_CTX_DAG_ID=populate_crypto_values
AIRFLOW_CTX_TASK_ID=get_crypto_values
AIRFLOW_CTX_EXECUTION_DATE=2021-01-13T07:00:00+00:00
AIRFLOW_CTX_TRY_NUMBER=1
AIRFLOW_CTX_DAG_RUN_ID=scheduled__2021-01-13T07:00:00+00:00
[2023-01-04 04:17:42,802] {logging_mixin.py:115} INFO - Could not find values for bitcoin in the desired date of 14-01-2021
[2023-01-04 04:18:13,665] {logging_mixin.py:115} INFO - Encountered errors while inserting rows: [{'index': 0, 'errors': [{'reason': 'invalid', 'location': 'snapshot_date', 'debugInfo': '', 'message': "Invalid date: '14-01-2021'"}]}]
[2023-01-04 04:18:13,665] {python.py:173} INFO - Done. Returned value was: None
[2023-01-04 04:18:13,676] {taskinstance.py:1395} INFO - Marking task as SUCCESS. dag_id=populate_crypto_values, task_id=get_crypto_values, execution_date=20210113T070000, start_date=20230104T071242, end_date=20230104T071813
[2023-01-04 04:18:13,733] {local_task_job.py:156} INFO - Task exited with return code 0
[2023-01-04 04:18:13,753] {local_task_job.py:273} INFO - 0 downstream tasks scheduled from follow-on schedule check
[2023-01-04 05:15:09,308] {taskinstance.py:1159} INFO - Dependencies all met for <TaskInstance: populate_crypto_values.get_crypto_values scheduled__2021-01-13T07:00:00+00:00 [queued]>
[2023-01-04 05:15:09,360] {taskinstance.py:1159} INFO - Dependencies all met for <TaskInstance: populate_crypto_values.get_crypto_values scheduled__2021-01-13T07:00:00+00:00 [queued]>
[2023-01-04 05:15:09,361] {taskinstance.py:1356} INFO - 
--------------------------------------------------------------------------------
[2023-01-04 05:15:09,361] {taskinstance.py:1357} INFO - Starting attempt 1 of 1
[2023-01-04 05:15:09,361] {taskinstance.py:1358} INFO - 
--------------------------------------------------------------------------------
[2023-01-04 05:15:09,388] {taskinstance.py:1377} INFO - Executing <Task(PythonOperator): get_crypto_values> on 2021-01-13 07:00:00+00:00
[2023-01-04 05:15:09,392] {standard_task_runner.py:52} INFO - Started process 7021 to run task
[2023-01-04 05:15:09,414] {standard_task_runner.py:79} INFO - Running: ['airflow', 'tasks', 'run', 'populate_crypto_values', 'get_crypto_values', 'scheduled__2021-01-13T07:00:00+00:00', '--job-id', '70', '--raw', '--subdir', 'DAGS_FOLDER/populate_crypto_values.py', '--cfg-path', '/tmp/tmpi4muztoq', '--error-file', '/tmp/tmpg5uklw7w']
[2023-01-04 05:15:09,417] {standard_task_runner.py:80} INFO - Job 70: Subtask get_crypto_values
[2023-01-04 05:15:09,907] {task_command.py:370} INFO - Running <TaskInstance: populate_crypto_values.get_crypto_values scheduled__2021-01-13T07:00:00+00:00 [running]> on host xuxon-virtual-machine
[2023-01-04 05:15:09,983] {taskinstance.py:1569} INFO - Exporting the following env vars:
AIRFLOW_CTX_DAG_OWNER=airflow
AIRFLOW_CTX_DAG_ID=populate_crypto_values
AIRFLOW_CTX_TASK_ID=get_crypto_values
AIRFLOW_CTX_EXECUTION_DATE=2021-01-13T07:00:00+00:00
AIRFLOW_CTX_TRY_NUMBER=1
AIRFLOW_CTX_DAG_RUN_ID=scheduled__2021-01-13T07:00:00+00:00
[2023-01-04 05:15:11,397] {logging_mixin.py:115} INFO - New rows have been added.
[2023-01-04 05:15:11,398] {python.py:173} INFO - Done. Returned value was: None
[2023-01-04 05:15:11,408] {taskinstance.py:1395} INFO - Marking task as SUCCESS. dag_id=populate_crypto_values, task_id=get_crypto_values, execution_date=20210113T070000, start_date=20230104T081509, end_date=20230104T081511
[2023-01-04 05:15:11,464] {local_task_job.py:156} INFO - Task exited with return code 0
[2023-01-04 05:15:11,490] {local_task_job.py:273} INFO - 0 downstream tasks scheduled from follow-on schedule check
