[2023-01-04 03:59:49,686] {taskinstance.py:1159} INFO - Dependencies all met for <TaskInstance: populate_crypto_values.get_crypto_values scheduled__2021-01-22T07:00:00+00:00 [queued]>
[2023-01-04 03:59:49,692] {taskinstance.py:1159} INFO - Dependencies all met for <TaskInstance: populate_crypto_values.get_crypto_values scheduled__2021-01-22T07:00:00+00:00 [queued]>
[2023-01-04 03:59:49,692] {taskinstance.py:1356} INFO - 
--------------------------------------------------------------------------------
[2023-01-04 03:59:49,692] {taskinstance.py:1357} INFO - Starting attempt 1 of 1
[2023-01-04 03:59:49,692] {taskinstance.py:1358} INFO - 
--------------------------------------------------------------------------------
[2023-01-04 03:59:50,107] {taskinstance.py:1377} INFO - Executing <Task(PythonOperator): get_crypto_values> on 2021-01-22 07:00:00+00:00
[2023-01-04 03:59:50,112] {standard_task_runner.py:52} INFO - Started process 59647 to run task
[2023-01-04 03:59:50,126] {standard_task_runner.py:79} INFO - Running: ['airflow', 'tasks', 'run', 'populate_crypto_values', 'get_crypto_values', 'scheduled__2021-01-22T07:00:00+00:00', '--job-id', '50', '--raw', '--subdir', 'DAGS_FOLDER/populate_crypto_values.py', '--cfg-path', '/tmp/tmpq0fmrg5j', '--error-file', '/tmp/tmpw7fhzz44']
[2023-01-04 03:59:50,127] {standard_task_runner.py:80} INFO - Job 50: Subtask get_crypto_values
[2023-01-04 03:59:50,453] {task_command.py:370} INFO - Running <TaskInstance: populate_crypto_values.get_crypto_values scheduled__2021-01-22T07:00:00+00:00 [running]> on host xuxon-virtual-machine
[2023-01-04 03:59:51,086] {taskinstance.py:1569} INFO - Exporting the following env vars:
AIRFLOW_CTX_DAG_OWNER=airflow
AIRFLOW_CTX_DAG_ID=populate_crypto_values
AIRFLOW_CTX_TASK_ID=get_crypto_values
AIRFLOW_CTX_EXECUTION_DATE=2021-01-22T07:00:00+00:00
AIRFLOW_CTX_TRY_NUMBER=1
AIRFLOW_CTX_DAG_RUN_ID=scheduled__2021-01-22T07:00:00+00:00
[2023-01-04 03:59:54,192] {logging_mixin.py:115} INFO - New rows have been added.
[2023-01-04 03:59:54,192] {python.py:173} INFO - Done. Returned value was: None
[2023-01-04 03:59:54,228] {taskinstance.py:1395} INFO - Marking task as SUCCESS. dag_id=populate_crypto_values, task_id=get_crypto_values, execution_date=20210122T070000, start_date=20230104T065949, end_date=20230104T065954
[2023-01-04 03:59:54,954] {local_task_job.py:156} INFO - Task exited with return code 0
[2023-01-04 03:59:55,399] {local_task_job.py:273} INFO - 0 downstream tasks scheduled from follow-on schedule check
[2023-01-04 04:18:52,124] {taskinstance.py:1159} INFO - Dependencies all met for <TaskInstance: populate_crypto_values.get_crypto_values scheduled__2021-01-22T07:00:00+00:00 [queued]>
[2023-01-04 04:18:52,145] {taskinstance.py:1159} INFO - Dependencies all met for <TaskInstance: populate_crypto_values.get_crypto_values scheduled__2021-01-22T07:00:00+00:00 [queued]>
[2023-01-04 04:18:52,145] {taskinstance.py:1356} INFO - 
--------------------------------------------------------------------------------
[2023-01-04 04:18:52,145] {taskinstance.py:1357} INFO - Starting attempt 1 of 1
[2023-01-04 04:18:52,145] {taskinstance.py:1358} INFO - 
--------------------------------------------------------------------------------
[2023-01-04 04:18:52,161] {taskinstance.py:1377} INFO - Executing <Task(PythonOperator): get_crypto_values> on 2021-01-22 07:00:00+00:00
[2023-01-04 04:18:52,166] {standard_task_runner.py:52} INFO - Started process 63211 to run task
[2023-01-04 04:18:52,171] {standard_task_runner.py:79} INFO - Running: ['airflow', 'tasks', 'run', 'populate_crypto_values', 'get_crypto_values', 'scheduled__2021-01-22T07:00:00+00:00', '--job-id', '50', '--raw', '--subdir', 'DAGS_FOLDER/populate_crypto_values.py', '--cfg-path', '/tmp/tmp3cxoig83', '--error-file', '/tmp/tmp1o126oh1']
[2023-01-04 04:18:52,172] {standard_task_runner.py:80} INFO - Job 50: Subtask get_crypto_values
[2023-01-04 04:18:52,234] {task_command.py:370} INFO - Running <TaskInstance: populate_crypto_values.get_crypto_values scheduled__2021-01-22T07:00:00+00:00 [running]> on host xuxon-virtual-machine
[2023-01-04 04:18:52,302] {taskinstance.py:1569} INFO - Exporting the following env vars:
AIRFLOW_CTX_DAG_OWNER=airflow
AIRFLOW_CTX_DAG_ID=populate_crypto_values
AIRFLOW_CTX_TASK_ID=get_crypto_values
AIRFLOW_CTX_EXECUTION_DATE=2021-01-22T07:00:00+00:00
AIRFLOW_CTX_TRY_NUMBER=1
AIRFLOW_CTX_DAG_RUN_ID=scheduled__2021-01-22T07:00:00+00:00
[2023-01-04 04:18:53,101] {logging_mixin.py:115} INFO - Encountered errors while inserting rows: [{'index': 0, 'errors': [{'reason': 'invalid', 'location': 'snapshot_date', 'debugInfo': '', 'message': "Invalid date: '23-01-2021'"}]}, {'index': 1, 'errors': [{'reason': 'invalid', 'location': 'snapshot_date', 'debugInfo': '', 'message': "Invalid date: '23-01-2021'"}]}]
[2023-01-04 04:18:53,102] {python.py:173} INFO - Done. Returned value was: None
[2023-01-04 04:18:53,125] {taskinstance.py:1395} INFO - Marking task as SUCCESS. dag_id=populate_crypto_values, task_id=get_crypto_values, execution_date=20210122T070000, start_date=20230104T071852, end_date=20230104T071853
[2023-01-04 04:18:53,155] {local_task_job.py:156} INFO - Task exited with return code 0
[2023-01-04 04:18:53,176] {local_task_job.py:273} INFO - 0 downstream tasks scheduled from follow-on schedule check
[2023-01-04 05:15:53,809] {taskinstance.py:1159} INFO - Dependencies all met for <TaskInstance: populate_crypto_values.get_crypto_values scheduled__2021-01-22T07:00:00+00:00 [queued]>
[2023-01-04 05:15:53,830] {taskinstance.py:1159} INFO - Dependencies all met for <TaskInstance: populate_crypto_values.get_crypto_values scheduled__2021-01-22T07:00:00+00:00 [queued]>
[2023-01-04 05:15:53,831] {taskinstance.py:1356} INFO - 
--------------------------------------------------------------------------------
[2023-01-04 05:15:53,831] {taskinstance.py:1357} INFO - Starting attempt 1 of 1
[2023-01-04 05:15:53,831] {taskinstance.py:1358} INFO - 
--------------------------------------------------------------------------------
[2023-01-04 05:15:53,846] {taskinstance.py:1377} INFO - Executing <Task(PythonOperator): get_crypto_values> on 2021-01-22 07:00:00+00:00
[2023-01-04 05:15:53,850] {standard_task_runner.py:52} INFO - Started process 7210 to run task
[2023-01-04 05:15:53,855] {standard_task_runner.py:79} INFO - Running: ['airflow', 'tasks', 'run', 'populate_crypto_values', 'get_crypto_values', 'scheduled__2021-01-22T07:00:00+00:00', '--job-id', '79', '--raw', '--subdir', 'DAGS_FOLDER/populate_crypto_values.py', '--cfg-path', '/tmp/tmpg42o0765', '--error-file', '/tmp/tmp167ywqp0']
[2023-01-04 05:15:53,856] {standard_task_runner.py:80} INFO - Job 79: Subtask get_crypto_values
[2023-01-04 05:15:53,911] {task_command.py:370} INFO - Running <TaskInstance: populate_crypto_values.get_crypto_values scheduled__2021-01-22T07:00:00+00:00 [running]> on host xuxon-virtual-machine
[2023-01-04 05:15:53,971] {taskinstance.py:1569} INFO - Exporting the following env vars:
AIRFLOW_CTX_DAG_OWNER=airflow
AIRFLOW_CTX_DAG_ID=populate_crypto_values
AIRFLOW_CTX_TASK_ID=get_crypto_values
AIRFLOW_CTX_EXECUTION_DATE=2021-01-22T07:00:00+00:00
AIRFLOW_CTX_TRY_NUMBER=1
AIRFLOW_CTX_DAG_RUN_ID=scheduled__2021-01-22T07:00:00+00:00
[2023-01-04 05:15:54,065] {logging_mixin.py:115} INFO - Attempt 1 to get the crypto values has failed. The api status was 429
[2023-01-04 05:15:54,066] {logging_mixin.py:115} INFO - The api response was {"status":{"error_code":429,"error_message":"You've exceeded the Rate Limit. Please visit https://www.coingecko.com/en/api/pricing to subscribe to our API plans for higher rate limits."}}
[2023-01-04 05:16:09,183] {logging_mixin.py:115} INFO - Attempt 2 to get the crypto values has failed. The api status was 429
[2023-01-04 05:16:09,184] {logging_mixin.py:115} INFO - The api response was {"status":{"error_code":429,"error_message":"You've exceeded the Rate Limit. Please visit https://www.coingecko.com/en/api/pricing to subscribe to our API plans for higher rate limits."}}
[2023-01-04 05:16:24,298] {logging_mixin.py:115} INFO - Attempt 3 to get the crypto values has failed. The api status was 429
[2023-01-04 05:16:24,299] {logging_mixin.py:115} INFO - The api response was {"status":{"error_code":429,"error_message":"You've exceeded the Rate Limit. Please visit https://www.coingecko.com/en/api/pricing to subscribe to our API plans for higher rate limits."}}
[2023-01-04 05:16:39,421] {logging_mixin.py:115} INFO - Attempt 4 to get the crypto values has failed. The api status was 429
[2023-01-04 05:16:39,423] {logging_mixin.py:115} INFO - The api response was {"status":{"error_code":429,"error_message":"You've exceeded the Rate Limit. Please visit https://www.coingecko.com/en/api/pricing to subscribe to our API plans for higher rate limits."}}
[2023-01-04 05:16:54,552] {logging_mixin.py:115} INFO - Attempt 5 to get the crypto values has failed. The api status was 429
[2023-01-04 05:16:54,553] {logging_mixin.py:115} INFO - The api response was {"status":{"error_code":429,"error_message":"You've exceeded the Rate Limit. Please visit https://www.coingecko.com/en/api/pricing to subscribe to our API plans for higher rate limits."}}
[2023-01-04 05:17:09,682] {logging_mixin.py:115} INFO - Attempt 6 to get the crypto values has failed. The api status was 429
[2023-01-04 05:17:09,683] {logging_mixin.py:115} INFO - The api response was {"status":{"error_code":429,"error_message":"You've exceeded the Rate Limit. Please visit https://www.coingecko.com/en/api/pricing to subscribe to our API plans for higher rate limits."}}
[2023-01-04 05:17:24,811] {logging_mixin.py:115} INFO - Attempt 7 to get the crypto values has failed. The api status was 429
[2023-01-04 05:17:24,813] {logging_mixin.py:115} INFO - The api response was {"status":{"error_code":429,"error_message":"You've exceeded the Rate Limit. Please visit https://www.coingecko.com/en/api/pricing to subscribe to our API plans for higher rate limits."}}
[2023-01-04 05:17:39,979] {logging_mixin.py:115} INFO - Attempt 8 to get the crypto values has failed. The api status was 429
[2023-01-04 05:17:39,979] {logging_mixin.py:115} INFO - The api response was {"status":{"error_code":429,"error_message":"You've exceeded the Rate Limit. Please visit https://www.coingecko.com/en/api/pricing to subscribe to our API plans for higher rate limits."}}
[2023-01-04 05:17:56,630] {logging_mixin.py:115} INFO - New rows have been added.
[2023-01-04 05:17:56,631] {python.py:173} INFO - Done. Returned value was: None
[2023-01-04 05:17:56,657] {taskinstance.py:1395} INFO - Marking task as SUCCESS. dag_id=populate_crypto_values, task_id=get_crypto_values, execution_date=20210122T070000, start_date=20230104T081553, end_date=20230104T081756
[2023-01-04 05:17:56,687] {local_task_job.py:156} INFO - Task exited with return code 0
[2023-01-04 05:17:56,701] {local_task_job.py:273} INFO - 0 downstream tasks scheduled from follow-on schedule check
