[2023-01-04 04:07:44,066] {taskinstance.py:1159} INFO - Dependencies all met for <TaskInstance: populate_crypto_values.get_crypto_values scheduled__2021-02-14T07:00:00+00:00 [queued]>
[2023-01-04 04:07:44,074] {taskinstance.py:1159} INFO - Dependencies all met for <TaskInstance: populate_crypto_values.get_crypto_values scheduled__2021-02-14T07:00:00+00:00 [queued]>
[2023-01-04 04:07:44,075] {taskinstance.py:1356} INFO - 
--------------------------------------------------------------------------------
[2023-01-04 04:07:44,075] {taskinstance.py:1357} INFO - Starting attempt 1 of 1
[2023-01-04 04:07:44,075] {taskinstance.py:1358} INFO - 
--------------------------------------------------------------------------------
[2023-01-04 04:07:44,198] {taskinstance.py:1377} INFO - Executing <Task(PythonOperator): get_crypto_values> on 2021-02-14 07:00:00+00:00
[2023-01-04 04:07:44,219] {standard_task_runner.py:52} INFO - Started process 60900 to run task
[2023-01-04 04:07:44,611] {standard_task_runner.py:79} INFO - Running: ['airflow', 'tasks', 'run', 'populate_crypto_values', 'get_crypto_values', 'scheduled__2021-02-14T07:00:00+00:00', '--job-id', '73', '--raw', '--subdir', 'DAGS_FOLDER/populate_crypto_values.py', '--cfg-path', '/tmp/tmpuvp3ju25', '--error-file', '/tmp/tmp_a7334na']
[2023-01-04 04:07:44,612] {standard_task_runner.py:80} INFO - Job 73: Subtask get_crypto_values
[2023-01-04 04:07:47,982] {task_command.py:370} INFO - Running <TaskInstance: populate_crypto_values.get_crypto_values scheduled__2021-02-14T07:00:00+00:00 [running]> on host xuxon-virtual-machine
[2023-01-04 04:07:50,097] {taskinstance.py:1569} INFO - Exporting the following env vars:
AIRFLOW_CTX_DAG_OWNER=airflow
AIRFLOW_CTX_DAG_ID=populate_crypto_values
AIRFLOW_CTX_TASK_ID=get_crypto_values
AIRFLOW_CTX_EXECUTION_DATE=2021-02-14T07:00:00+00:00
AIRFLOW_CTX_TRY_NUMBER=1
AIRFLOW_CTX_DAG_RUN_ID=scheduled__2021-02-14T07:00:00+00:00
[2023-01-04 04:07:52,358] {logging_mixin.py:115} INFO - Encountered errors while inserting rows: [{'index': 0, 'errors': [{'reason': 'invalid', 'location': 'snapshot_date', 'debugInfo': '', 'message': "Invalid date: '15-02-2021'"}]}, {'index': 1, 'errors': [{'reason': 'invalid', 'location': 'snapshot_date', 'debugInfo': '', 'message': "Invalid date: '15-02-2021'"}]}]
[2023-01-04 04:07:52,384] {python.py:173} INFO - Done. Returned value was: None
[2023-01-04 04:07:52,430] {taskinstance.py:1395} INFO - Marking task as SUCCESS. dag_id=populate_crypto_values, task_id=get_crypto_values, execution_date=20210214T070000, start_date=20230104T070744, end_date=20230104T070752
[2023-01-04 04:07:52,682] {local_task_job.py:156} INFO - Task exited with return code 0
[2023-01-04 04:07:52,737] {local_task_job.py:273} INFO - 0 downstream tasks scheduled from follow-on schedule check
[2023-01-04 05:21:32,032] {taskinstance.py:1159} INFO - Dependencies all met for <TaskInstance: populate_crypto_values.get_crypto_values scheduled__2021-02-14T07:00:00+00:00 [queued]>
[2023-01-04 05:21:32,047] {taskinstance.py:1159} INFO - Dependencies all met for <TaskInstance: populate_crypto_values.get_crypto_values scheduled__2021-02-14T07:00:00+00:00 [queued]>
[2023-01-04 05:21:32,047] {taskinstance.py:1356} INFO - 
--------------------------------------------------------------------------------
[2023-01-04 05:21:32,048] {taskinstance.py:1357} INFO - Starting attempt 1 of 1
[2023-01-04 05:21:32,048] {taskinstance.py:1358} INFO - 
--------------------------------------------------------------------------------
[2023-01-04 05:21:32,061] {taskinstance.py:1377} INFO - Executing <Task(PythonOperator): get_crypto_values> on 2021-02-14 07:00:00+00:00
[2023-01-04 05:21:32,066] {standard_task_runner.py:52} INFO - Started process 8250 to run task
[2023-01-04 05:21:32,071] {standard_task_runner.py:79} INFO - Running: ['airflow', 'tasks', 'run', 'populate_crypto_values', 'get_crypto_values', 'scheduled__2021-02-14T07:00:00+00:00', '--job-id', '102', '--raw', '--subdir', 'DAGS_FOLDER/populate_crypto_values.py', '--cfg-path', '/tmp/tmpd4i2qf8g', '--error-file', '/tmp/tmpo0ohmyvs']
[2023-01-04 05:21:32,072] {standard_task_runner.py:80} INFO - Job 102: Subtask get_crypto_values
[2023-01-04 05:21:32,130] {task_command.py:370} INFO - Running <TaskInstance: populate_crypto_values.get_crypto_values scheduled__2021-02-14T07:00:00+00:00 [running]> on host xuxon-virtual-machine
[2023-01-04 05:21:32,201] {taskinstance.py:1569} INFO - Exporting the following env vars:
AIRFLOW_CTX_DAG_OWNER=airflow
AIRFLOW_CTX_DAG_ID=populate_crypto_values
AIRFLOW_CTX_TASK_ID=get_crypto_values
AIRFLOW_CTX_EXECUTION_DATE=2021-02-14T07:00:00+00:00
AIRFLOW_CTX_TRY_NUMBER=1
AIRFLOW_CTX_DAG_RUN_ID=scheduled__2021-02-14T07:00:00+00:00
[2023-01-04 05:21:33,203] {logging_mixin.py:115} INFO - New rows have been added.
[2023-01-04 05:21:33,204] {python.py:173} INFO - Done. Returned value was: None
[2023-01-04 05:21:33,229] {taskinstance.py:1395} INFO - Marking task as SUCCESS. dag_id=populate_crypto_values, task_id=get_crypto_values, execution_date=20210214T070000, start_date=20230104T082132, end_date=20230104T082133
[2023-01-04 05:21:33,297] {local_task_job.py:156} INFO - Task exited with return code 0
[2023-01-04 05:21:33,349] {local_task_job.py:273} INFO - 0 downstream tasks scheduled from follow-on schedule check
