[2023-01-04 04:09:52,655] {taskinstance.py:1159} INFO - Dependencies all met for <TaskInstance: populate_crypto_values.get_crypto_values scheduled__2021-02-26T07:00:00+00:00 [queued]>
[2023-01-04 04:09:52,665] {taskinstance.py:1159} INFO - Dependencies all met for <TaskInstance: populate_crypto_values.get_crypto_values scheduled__2021-02-26T07:00:00+00:00 [queued]>
[2023-01-04 04:09:52,665] {taskinstance.py:1356} INFO - 
--------------------------------------------------------------------------------
[2023-01-04 04:09:52,665] {taskinstance.py:1357} INFO - Starting attempt 1 of 1
[2023-01-04 04:09:52,665] {taskinstance.py:1358} INFO - 
--------------------------------------------------------------------------------
[2023-01-04 04:09:52,752] {taskinstance.py:1377} INFO - Executing <Task(PythonOperator): get_crypto_values> on 2021-02-26 07:00:00+00:00
[2023-01-04 04:09:52,761] {standard_task_runner.py:52} INFO - Started process 61556 to run task
[2023-01-04 04:09:52,785] {standard_task_runner.py:79} INFO - Running: ['airflow', 'tasks', 'run', 'populate_crypto_values', 'get_crypto_values', 'scheduled__2021-02-26T07:00:00+00:00', '--job-id', '85', '--raw', '--subdir', 'DAGS_FOLDER/populate_crypto_values.py', '--cfg-path', '/tmp/tmpfk0uw37m', '--error-file', '/tmp/tmpncmdv84t']
[2023-01-04 04:09:52,787] {standard_task_runner.py:80} INFO - Job 85: Subtask get_crypto_values
[2023-01-04 04:09:52,898] {task_command.py:370} INFO - Running <TaskInstance: populate_crypto_values.get_crypto_values scheduled__2021-02-26T07:00:00+00:00 [running]> on host xuxon-virtual-machine
[2023-01-04 04:09:53,205] {taskinstance.py:1569} INFO - Exporting the following env vars:
AIRFLOW_CTX_DAG_OWNER=airflow
AIRFLOW_CTX_DAG_ID=populate_crypto_values
AIRFLOW_CTX_TASK_ID=get_crypto_values
AIRFLOW_CTX_EXECUTION_DATE=2021-02-26T07:00:00+00:00
AIRFLOW_CTX_TRY_NUMBER=1
AIRFLOW_CTX_DAG_RUN_ID=scheduled__2021-02-26T07:00:00+00:00
[2023-01-04 04:09:54,692] {logging_mixin.py:115} INFO - Encountered errors while inserting rows: [{'index': 0, 'errors': [{'reason': 'invalid', 'location': 'snapshot_date', 'debugInfo': '', 'message': "Invalid date: '27-02-2021'"}]}, {'index': 1, 'errors': [{'reason': 'invalid', 'location': 'snapshot_date', 'debugInfo': '', 'message': "Invalid date: '27-02-2021'"}]}]
[2023-01-04 04:09:54,693] {python.py:173} INFO - Done. Returned value was: None
[2023-01-04 04:09:54,701] {taskinstance.py:1395} INFO - Marking task as SUCCESS. dag_id=populate_crypto_values, task_id=get_crypto_values, execution_date=20210226T070000, start_date=20230104T070952, end_date=20230104T070954
[2023-01-04 04:09:54,749] {local_task_job.py:156} INFO - Task exited with return code 0
[2023-01-04 04:09:54,770] {local_task_job.py:273} INFO - 0 downstream tasks scheduled from follow-on schedule check
[2023-01-04 05:24:26,631] {taskinstance.py:1159} INFO - Dependencies all met for <TaskInstance: populate_crypto_values.get_crypto_values scheduled__2021-02-26T07:00:00+00:00 [queued]>
[2023-01-04 05:24:26,646] {taskinstance.py:1159} INFO - Dependencies all met for <TaskInstance: populate_crypto_values.get_crypto_values scheduled__2021-02-26T07:00:00+00:00 [queued]>
[2023-01-04 05:24:26,646] {taskinstance.py:1356} INFO - 
--------------------------------------------------------------------------------
[2023-01-04 05:24:26,646] {taskinstance.py:1357} INFO - Starting attempt 1 of 1
[2023-01-04 05:24:26,646] {taskinstance.py:1358} INFO - 
--------------------------------------------------------------------------------
[2023-01-04 05:24:26,667] {taskinstance.py:1377} INFO - Executing <Task(PythonOperator): get_crypto_values> on 2021-02-26 07:00:00+00:00
[2023-01-04 05:24:26,671] {standard_task_runner.py:52} INFO - Started process 8783 to run task
[2023-01-04 05:24:26,677] {standard_task_runner.py:79} INFO - Running: ['airflow', 'tasks', 'run', 'populate_crypto_values', 'get_crypto_values', 'scheduled__2021-02-26T07:00:00+00:00', '--job-id', '114', '--raw', '--subdir', 'DAGS_FOLDER/populate_crypto_values.py', '--cfg-path', '/tmp/tmp6m6ja264', '--error-file', '/tmp/tmpx5h6sdho']
[2023-01-04 05:24:26,678] {standard_task_runner.py:80} INFO - Job 114: Subtask get_crypto_values
[2023-01-04 05:24:26,735] {task_command.py:370} INFO - Running <TaskInstance: populate_crypto_values.get_crypto_values scheduled__2021-02-26T07:00:00+00:00 [running]> on host xuxon-virtual-machine
[2023-01-04 05:24:26,830] {taskinstance.py:1569} INFO - Exporting the following env vars:
AIRFLOW_CTX_DAG_OWNER=airflow
AIRFLOW_CTX_DAG_ID=populate_crypto_values
AIRFLOW_CTX_TASK_ID=get_crypto_values
AIRFLOW_CTX_EXECUTION_DATE=2021-02-26T07:00:00+00:00
AIRFLOW_CTX_TRY_NUMBER=1
AIRFLOW_CTX_DAG_RUN_ID=scheduled__2021-02-26T07:00:00+00:00
[2023-01-04 05:24:28,300] {logging_mixin.py:115} INFO - New rows have been added.
[2023-01-04 05:24:28,301] {python.py:173} INFO - Done. Returned value was: None
[2023-01-04 05:24:28,309] {taskinstance.py:1395} INFO - Marking task as SUCCESS. dag_id=populate_crypto_values, task_id=get_crypto_values, execution_date=20210226T070000, start_date=20230104T082426, end_date=20230104T082428
[2023-01-04 05:24:28,349] {local_task_job.py:156} INFO - Task exited with return code 0
[2023-01-04 05:24:28,371] {local_task_job.py:273} INFO - 0 downstream tasks scheduled from follow-on schedule check
