[2023-01-04 04:01:11,225] {taskinstance.py:1159} INFO - Dependencies all met for <TaskInstance: populate_crypto_values.get_crypto_values scheduled__2021-01-29T07:00:00+00:00 [queued]>
[2023-01-04 04:01:11,234] {taskinstance.py:1159} INFO - Dependencies all met for <TaskInstance: populate_crypto_values.get_crypto_values scheduled__2021-01-29T07:00:00+00:00 [queued]>
[2023-01-04 04:01:11,234] {taskinstance.py:1356} INFO - 
--------------------------------------------------------------------------------
[2023-01-04 04:01:11,234] {taskinstance.py:1357} INFO - Starting attempt 1 of 1
[2023-01-04 04:01:11,234] {taskinstance.py:1358} INFO - 
--------------------------------------------------------------------------------
[2023-01-04 04:01:11,531] {taskinstance.py:1377} INFO - Executing <Task(PythonOperator): get_crypto_values> on 2021-01-29 07:00:00+00:00
[2023-01-04 04:01:11,536] {standard_task_runner.py:52} INFO - Started process 59970 to run task
[2023-01-04 04:01:11,569] {standard_task_runner.py:79} INFO - Running: ['airflow', 'tasks', 'run', 'populate_crypto_values', 'get_crypto_values', 'scheduled__2021-01-29T07:00:00+00:00', '--job-id', '57', '--raw', '--subdir', 'DAGS_FOLDER/populate_crypto_values.py', '--cfg-path', '/tmp/tmpj7v5anj4', '--error-file', '/tmp/tmpo7_wailb']
[2023-01-04 04:01:11,570] {standard_task_runner.py:80} INFO - Job 57: Subtask get_crypto_values
[2023-01-04 04:01:11,764] {task_command.py:370} INFO - Running <TaskInstance: populate_crypto_values.get_crypto_values scheduled__2021-01-29T07:00:00+00:00 [running]> on host xuxon-virtual-machine
[2023-01-04 04:01:11,954] {taskinstance.py:1569} INFO - Exporting the following env vars:
AIRFLOW_CTX_DAG_OWNER=airflow
AIRFLOW_CTX_DAG_ID=populate_crypto_values
AIRFLOW_CTX_TASK_ID=get_crypto_values
AIRFLOW_CTX_EXECUTION_DATE=2021-01-29T07:00:00+00:00
AIRFLOW_CTX_TRY_NUMBER=1
AIRFLOW_CTX_DAG_RUN_ID=scheduled__2021-01-29T07:00:00+00:00
[2023-01-04 04:01:13,289] {logging_mixin.py:115} INFO - New rows have been added.
[2023-01-04 04:01:13,289] {python.py:173} INFO - Done. Returned value was: None
[2023-01-04 04:01:13,296] {taskinstance.py:1395} INFO - Marking task as SUCCESS. dag_id=populate_crypto_values, task_id=get_crypto_values, execution_date=20210129T070000, start_date=20230104T070111, end_date=20230104T070113
[2023-01-04 04:01:13,795] {local_task_job.py:156} INFO - Task exited with return code 0
[2023-01-04 04:01:13,840] {local_task_job.py:273} INFO - 0 downstream tasks scheduled from follow-on schedule check
[2023-01-04 05:18:24,167] {taskinstance.py:1159} INFO - Dependencies all met for <TaskInstance: populate_crypto_values.get_crypto_values scheduled__2021-01-29T07:00:00+00:00 [queued]>
[2023-01-04 05:18:24,217] {taskinstance.py:1159} INFO - Dependencies all met for <TaskInstance: populate_crypto_values.get_crypto_values scheduled__2021-01-29T07:00:00+00:00 [queued]>
[2023-01-04 05:18:24,217] {taskinstance.py:1356} INFO - 
--------------------------------------------------------------------------------
[2023-01-04 05:18:24,217] {taskinstance.py:1357} INFO - Starting attempt 1 of 1
[2023-01-04 05:18:24,217] {taskinstance.py:1358} INFO - 
--------------------------------------------------------------------------------
[2023-01-04 05:18:24,229] {taskinstance.py:1377} INFO - Executing <Task(PythonOperator): get_crypto_values> on 2021-01-29 07:00:00+00:00
[2023-01-04 05:18:24,233] {standard_task_runner.py:52} INFO - Started process 7652 to run task
[2023-01-04 05:18:24,239] {standard_task_runner.py:79} INFO - Running: ['airflow', 'tasks', 'run', 'populate_crypto_values', 'get_crypto_values', 'scheduled__2021-01-29T07:00:00+00:00', '--job-id', '86', '--raw', '--subdir', 'DAGS_FOLDER/populate_crypto_values.py', '--cfg-path', '/tmp/tmpu1c2_hll', '--error-file', '/tmp/tmpuuw_fl5r']
[2023-01-04 05:18:24,240] {standard_task_runner.py:80} INFO - Job 86: Subtask get_crypto_values
[2023-01-04 05:18:24,296] {task_command.py:370} INFO - Running <TaskInstance: populate_crypto_values.get_crypto_values scheduled__2021-01-29T07:00:00+00:00 [running]> on host xuxon-virtual-machine
[2023-01-04 05:18:24,353] {taskinstance.py:1569} INFO - Exporting the following env vars:
AIRFLOW_CTX_DAG_OWNER=airflow
AIRFLOW_CTX_DAG_ID=populate_crypto_values
AIRFLOW_CTX_TASK_ID=get_crypto_values
AIRFLOW_CTX_EXECUTION_DATE=2021-01-29T07:00:00+00:00
AIRFLOW_CTX_TRY_NUMBER=1
AIRFLOW_CTX_DAG_RUN_ID=scheduled__2021-01-29T07:00:00+00:00
[2023-01-04 05:18:25,384] {logging_mixin.py:115} INFO - New rows have been added.
[2023-01-04 05:18:25,384] {python.py:173} INFO - Done. Returned value was: None
[2023-01-04 05:18:25,406] {taskinstance.py:1395} INFO - Marking task as SUCCESS. dag_id=populate_crypto_values, task_id=get_crypto_values, execution_date=20210129T070000, start_date=20230104T081824, end_date=20230104T081825
[2023-01-04 05:18:25,465] {local_task_job.py:156} INFO - Task exited with return code 0
[2023-01-04 05:18:25,517] {local_task_job.py:273} INFO - 0 downstream tasks scheduled from follow-on schedule check
