[2023-01-04 05:46:17,505] {taskinstance.py:1159} INFO - Dependencies all met for <TaskInstance: populate_crypto_values.get_crypto_values scheduled__2021-05-29T07:00:00+00:00 [queued]>
[2023-01-04 05:46:17,511] {taskinstance.py:1159} INFO - Dependencies all met for <TaskInstance: populate_crypto_values.get_crypto_values scheduled__2021-05-29T07:00:00+00:00 [queued]>
[2023-01-04 05:46:17,511] {taskinstance.py:1356} INFO - 
--------------------------------------------------------------------------------
[2023-01-04 05:46:17,512] {taskinstance.py:1357} INFO - Starting attempt 1 of 1
[2023-01-04 05:46:17,512] {taskinstance.py:1358} INFO - 
--------------------------------------------------------------------------------
[2023-01-04 05:46:17,528] {taskinstance.py:1377} INFO - Executing <Task(PythonOperator): get_crypto_values> on 2021-05-29 07:00:00+00:00
[2023-01-04 05:46:17,533] {standard_task_runner.py:52} INFO - Started process 12853 to run task
[2023-01-04 05:46:17,539] {standard_task_runner.py:79} INFO - Running: ['airflow', 'tasks', 'run', 'populate_crypto_values', 'get_crypto_values', 'scheduled__2021-05-29T07:00:00+00:00', '--job-id', '206', '--raw', '--subdir', 'DAGS_FOLDER/populate_crypto_values.py', '--cfg-path', '/tmp/tmpdwi604s_', '--error-file', '/tmp/tmp2pv14fh7']
[2023-01-04 05:46:17,540] {standard_task_runner.py:80} INFO - Job 206: Subtask get_crypto_values
[2023-01-04 05:46:17,599] {task_command.py:370} INFO - Running <TaskInstance: populate_crypto_values.get_crypto_values scheduled__2021-05-29T07:00:00+00:00 [running]> on host xuxon-virtual-machine
[2023-01-04 05:46:17,676] {taskinstance.py:1569} INFO - Exporting the following env vars:
AIRFLOW_CTX_DAG_OWNER=airflow
AIRFLOW_CTX_DAG_ID=populate_crypto_values
AIRFLOW_CTX_TASK_ID=get_crypto_values
AIRFLOW_CTX_EXECUTION_DATE=2021-05-29T07:00:00+00:00
AIRFLOW_CTX_TRY_NUMBER=1
AIRFLOW_CTX_DAG_RUN_ID=scheduled__2021-05-29T07:00:00+00:00
[2023-01-04 05:46:18,661] {logging_mixin.py:115} INFO - New rows have been added.
[2023-01-04 05:46:18,662] {python.py:173} INFO - Done. Returned value was: None
[2023-01-04 05:46:18,684] {taskinstance.py:1395} INFO - Marking task as SUCCESS. dag_id=populate_crypto_values, task_id=get_crypto_values, execution_date=20210529T070000, start_date=20230104T084617, end_date=20230104T084618
[2023-01-04 05:46:18,728] {local_task_job.py:156} INFO - Task exited with return code 0
[2023-01-04 05:46:18,749] {local_task_job.py:273} INFO - 0 downstream tasks scheduled from follow-on schedule check
