[2023-01-04 02:17:37,581] {taskinstance.py:1159} INFO - Dependencies all met for <TaskInstance: populate_crypto_values.get_crypto_values scheduled__2022-12-31T07:00:00+00:00 [queued]>
[2023-01-04 02:17:37,592] {taskinstance.py:1159} INFO - Dependencies all met for <TaskInstance: populate_crypto_values.get_crypto_values scheduled__2022-12-31T07:00:00+00:00 [queued]>
[2023-01-04 02:17:37,592] {taskinstance.py:1356} INFO - 
--------------------------------------------------------------------------------
[2023-01-04 02:17:37,592] {taskinstance.py:1357} INFO - Starting attempt 1 of 1
[2023-01-04 02:17:37,592] {taskinstance.py:1358} INFO - 
--------------------------------------------------------------------------------
[2023-01-04 02:17:37,611] {taskinstance.py:1377} INFO - Executing <Task(PythonOperator): get_crypto_values> on 2022-12-31 07:00:00+00:00
[2023-01-04 02:17:37,616] {standard_task_runner.py:52} INFO - Started process 47920 to run task
[2023-01-04 02:17:37,622] {standard_task_runner.py:79} INFO - Running: ['airflow', 'tasks', 'run', 'populate_crypto_values', 'get_crypto_values', 'scheduled__2022-12-31T07:00:00+00:00', '--job-id', '17', '--raw', '--subdir', 'DAGS_FOLDER/populate_crypto_values.py', '--cfg-path', '/tmp/tmpyye_51m3', '--error-file', '/tmp/tmpilxeefuw']
[2023-01-04 02:17:37,624] {standard_task_runner.py:80} INFO - Job 17: Subtask get_crypto_values
[2023-01-04 02:17:37,715] {task_command.py:370} INFO - Running <TaskInstance: populate_crypto_values.get_crypto_values scheduled__2022-12-31T07:00:00+00:00 [running]> on host xuxon-virtual-machine
[2023-01-04 02:17:37,802] {taskinstance.py:1569} INFO - Exporting the following env vars:
AIRFLOW_CTX_DAG_OWNER=airflow
AIRFLOW_CTX_DAG_ID=populate_crypto_values
AIRFLOW_CTX_TASK_ID=get_crypto_values
AIRFLOW_CTX_EXECUTION_DATE=2022-12-31T07:00:00+00:00
AIRFLOW_CTX_TRY_NUMBER=1
AIRFLOW_CTX_DAG_RUN_ID=scheduled__2022-12-31T07:00:00+00:00
[2023-01-04 02:17:39,283] {logging_mixin.py:115} INFO - New rows have been added.
[2023-01-04 02:17:39,284] {python.py:173} INFO - Done. Returned value was: None
[2023-01-04 02:17:39,294] {taskinstance.py:1395} INFO - Marking task as SUCCESS. dag_id=populate_crypto_values, task_id=get_crypto_values, execution_date=20221231T070000, start_date=20230104T051737, end_date=20230104T051739
[2023-01-04 02:17:39,334] {local_task_job.py:156} INFO - Task exited with return code 0
[2023-01-04 02:17:39,364] {local_task_job.py:273} INFO - 0 downstream tasks scheduled from follow-on schedule check
[2023-01-04 14:09:14,877] {taskinstance.py:1159} INFO - Dependencies all met for <TaskInstance: populate_crypto_values.get_crypto_values scheduled__2022-12-31T07:00:00+00:00 [queued]>
[2023-01-04 14:09:14,892] {taskinstance.py:1159} INFO - Dependencies all met for <TaskInstance: populate_crypto_values.get_crypto_values scheduled__2022-12-31T07:00:00+00:00 [queued]>
[2023-01-04 14:09:14,892] {taskinstance.py:1356} INFO - 
--------------------------------------------------------------------------------
[2023-01-04 14:09:14,892] {taskinstance.py:1357} INFO - Starting attempt 1 of 1
[2023-01-04 14:09:14,892] {taskinstance.py:1358} INFO - 
--------------------------------------------------------------------------------
[2023-01-04 14:09:14,903] {taskinstance.py:1377} INFO - Executing <Task(PythonOperator): get_crypto_values> on 2022-12-31 07:00:00+00:00
[2023-01-04 14:09:14,907] {standard_task_runner.py:52} INFO - Started process 34322 to run task
[2023-01-04 14:09:14,913] {standard_task_runner.py:79} INFO - Running: ['airflow', 'tasks', 'run', 'populate_crypto_values', 'get_crypto_values', 'scheduled__2022-12-31T07:00:00+00:00', '--job-id', '790', '--raw', '--subdir', 'DAGS_FOLDER/populate_crypto_values.py', '--cfg-path', '/tmp/tmphescif9_', '--error-file', '/tmp/tmp4knjezo0']
[2023-01-04 14:09:14,914] {standard_task_runner.py:80} INFO - Job 790: Subtask get_crypto_values
[2023-01-04 14:09:14,962] {task_command.py:370} INFO - Running <TaskInstance: populate_crypto_values.get_crypto_values scheduled__2022-12-31T07:00:00+00:00 [running]> on host xuxon-virtual-machine
[2023-01-04 14:09:15,025] {taskinstance.py:1569} INFO - Exporting the following env vars:
AIRFLOW_CTX_DAG_OWNER=airflow
AIRFLOW_CTX_DAG_ID=populate_crypto_values
AIRFLOW_CTX_TASK_ID=get_crypto_values
AIRFLOW_CTX_EXECUTION_DATE=2022-12-31T07:00:00+00:00
AIRFLOW_CTX_TRY_NUMBER=1
AIRFLOW_CTX_DAG_RUN_ID=scheduled__2022-12-31T07:00:00+00:00
[2023-01-04 14:09:16,217] {logging_mixin.py:115} INFO - New rows have been added.
[2023-01-04 14:09:16,218] {python.py:173} INFO - Done. Returned value was: None
[2023-01-04 14:09:16,239] {taskinstance.py:1395} INFO - Marking task as SUCCESS. dag_id=populate_crypto_values, task_id=get_crypto_values, execution_date=20221231T070000, start_date=20230104T170914, end_date=20230104T170916
[2023-01-04 14:09:16,307] {local_task_job.py:156} INFO - Task exited with return code 0
[2023-01-04 14:09:16,356] {local_task_job.py:273} INFO - 0 downstream tasks scheduled from follow-on schedule check
