[2023-01-04 04:02:54,147] {taskinstance.py:1159} INFO - Dependencies all met for <TaskInstance: populate_crypto_values.get_crypto_values scheduled__2021-02-05T07:00:00+00:00 [queued]>
[2023-01-04 04:02:57,095] {taskinstance.py:1159} INFO - Dependencies all met for <TaskInstance: populate_crypto_values.get_crypto_values scheduled__2021-02-05T07:00:00+00:00 [queued]>
[2023-01-04 04:02:57,095] {taskinstance.py:1356} INFO - 
--------------------------------------------------------------------------------
[2023-01-04 04:02:57,095] {taskinstance.py:1357} INFO - Starting attempt 1 of 1
[2023-01-04 04:02:57,095] {taskinstance.py:1358} INFO - 
--------------------------------------------------------------------------------
[2023-01-04 04:03:00,749] {taskinstance.py:1377} INFO - Executing <Task(PythonOperator): get_crypto_values> on 2021-02-05 07:00:00+00:00
[2023-01-04 04:03:06,953] {standard_task_runner.py:52} INFO - Started process 60285 to run task
[2023-01-04 04:03:25,735] {standard_task_runner.py:79} INFO - Running: ['airflow', 'tasks', 'run', 'populate_crypto_values', 'get_crypto_values', 'scheduled__2021-02-05T07:00:00+00:00', '--job-id', '64', '--raw', '--subdir', 'DAGS_FOLDER/populate_crypto_values.py', '--cfg-path', '/tmp/tmp0g5xwa9v', '--error-file', '/tmp/tmptxom4nk3']
[2023-01-04 04:03:26,164] {standard_task_runner.py:80} INFO - Job 64: Subtask get_crypto_values
[2023-01-04 04:03:53,553] {task_command.py:370} INFO - Running <TaskInstance: populate_crypto_values.get_crypto_values scheduled__2021-02-05T07:00:00+00:00 [running]> on host xuxon-virtual-machine
[2023-01-04 04:04:08,004] {taskinstance.py:1569} INFO - Exporting the following env vars:
AIRFLOW_CTX_DAG_OWNER=airflow
AIRFLOW_CTX_DAG_ID=populate_crypto_values
AIRFLOW_CTX_TASK_ID=get_crypto_values
AIRFLOW_CTX_EXECUTION_DATE=2021-02-05T07:00:00+00:00
AIRFLOW_CTX_TRY_NUMBER=1
AIRFLOW_CTX_DAG_RUN_ID=scheduled__2021-02-05T07:00:00+00:00
[2023-01-04 04:04:21,114] {logging_mixin.py:115} INFO - New rows have been added.
[2023-01-04 04:04:21,115] {python.py:173} INFO - Done. Returned value was: None
[2023-01-04 04:04:23,284] {taskinstance.py:1395} INFO - Marking task as SUCCESS. dag_id=populate_crypto_values, task_id=get_crypto_values, execution_date=20210205T070000, start_date=20230104T070254, end_date=20230104T070423
[2023-01-04 04:04:24,248] {local_task_job.py:156} INFO - Task exited with return code 0
[2023-01-04 04:04:24,306] {local_task_job.py:273} INFO - 0 downstream tasks scheduled from follow-on schedule check
[2023-01-04 05:20:52,864] {taskinstance.py:1159} INFO - Dependencies all met for <TaskInstance: populate_crypto_values.get_crypto_values scheduled__2021-02-05T07:00:00+00:00 [queued]>
[2023-01-04 05:20:52,912] {taskinstance.py:1159} INFO - Dependencies all met for <TaskInstance: populate_crypto_values.get_crypto_values scheduled__2021-02-05T07:00:00+00:00 [queued]>
[2023-01-04 05:20:52,912] {taskinstance.py:1356} INFO - 
--------------------------------------------------------------------------------
[2023-01-04 05:20:52,912] {taskinstance.py:1357} INFO - Starting attempt 1 of 1
[2023-01-04 05:20:52,913] {taskinstance.py:1358} INFO - 
--------------------------------------------------------------------------------
[2023-01-04 05:20:52,925] {taskinstance.py:1377} INFO - Executing <Task(PythonOperator): get_crypto_values> on 2021-02-05 07:00:00+00:00
[2023-01-04 05:20:52,930] {standard_task_runner.py:52} INFO - Started process 8060 to run task
[2023-01-04 05:20:52,935] {standard_task_runner.py:79} INFO - Running: ['airflow', 'tasks', 'run', 'populate_crypto_values', 'get_crypto_values', 'scheduled__2021-02-05T07:00:00+00:00', '--job-id', '93', '--raw', '--subdir', 'DAGS_FOLDER/populate_crypto_values.py', '--cfg-path', '/tmp/tmp1qt3tt86', '--error-file', '/tmp/tmpaq928b42']
[2023-01-04 05:20:52,936] {standard_task_runner.py:80} INFO - Job 93: Subtask get_crypto_values
[2023-01-04 05:20:52,996] {task_command.py:370} INFO - Running <TaskInstance: populate_crypto_values.get_crypto_values scheduled__2021-02-05T07:00:00+00:00 [running]> on host xuxon-virtual-machine
[2023-01-04 05:20:53,059] {taskinstance.py:1569} INFO - Exporting the following env vars:
AIRFLOW_CTX_DAG_OWNER=airflow
AIRFLOW_CTX_DAG_ID=populate_crypto_values
AIRFLOW_CTX_TASK_ID=get_crypto_values
AIRFLOW_CTX_EXECUTION_DATE=2021-02-05T07:00:00+00:00
AIRFLOW_CTX_TRY_NUMBER=1
AIRFLOW_CTX_DAG_RUN_ID=scheduled__2021-02-05T07:00:00+00:00
[2023-01-04 05:20:54,540] {logging_mixin.py:115} INFO - New rows have been added.
[2023-01-04 05:20:54,540] {python.py:173} INFO - Done. Returned value was: None
[2023-01-04 05:20:54,563] {taskinstance.py:1395} INFO - Marking task as SUCCESS. dag_id=populate_crypto_values, task_id=get_crypto_values, execution_date=20210205T070000, start_date=20230104T082052, end_date=20230104T082054
[2023-01-04 05:20:54,609] {local_task_job.py:156} INFO - Task exited with return code 0
[2023-01-04 05:20:54,646] {local_task_job.py:273} INFO - 0 downstream tasks scheduled from follow-on schedule check
