[2023-01-04 04:00:02,860] {taskinstance.py:1159} INFO - Dependencies all met for <TaskInstance: populate_crypto_values.get_crypto_values scheduled__2021-01-23T07:00:00+00:00 [queued]>
[2023-01-04 04:00:02,867] {taskinstance.py:1159} INFO - Dependencies all met for <TaskInstance: populate_crypto_values.get_crypto_values scheduled__2021-01-23T07:00:00+00:00 [queued]>
[2023-01-04 04:00:02,867] {taskinstance.py:1356} INFO - 
--------------------------------------------------------------------------------
[2023-01-04 04:00:02,867] {taskinstance.py:1357} INFO - Starting attempt 1 of 1
[2023-01-04 04:00:02,867] {taskinstance.py:1358} INFO - 
--------------------------------------------------------------------------------
[2023-01-04 04:00:03,081] {taskinstance.py:1377} INFO - Executing <Task(PythonOperator): get_crypto_values> on 2021-01-23 07:00:00+00:00
[2023-01-04 04:00:03,086] {standard_task_runner.py:52} INFO - Started process 59703 to run task
[2023-01-04 04:00:03,188] {standard_task_runner.py:79} INFO - Running: ['airflow', 'tasks', 'run', 'populate_crypto_values', 'get_crypto_values', 'scheduled__2021-01-23T07:00:00+00:00', '--job-id', '51', '--raw', '--subdir', 'DAGS_FOLDER/populate_crypto_values.py', '--cfg-path', '/tmp/tmp3wggmoid', '--error-file', '/tmp/tmpvjeqirhy']
[2023-01-04 04:00:03,189] {standard_task_runner.py:80} INFO - Job 51: Subtask get_crypto_values
[2023-01-04 04:00:07,067] {task_command.py:370} INFO - Running <TaskInstance: populate_crypto_values.get_crypto_values scheduled__2021-01-23T07:00:00+00:00 [running]> on host xuxon-virtual-machine
[2023-01-04 04:00:07,727] {taskinstance.py:1569} INFO - Exporting the following env vars:
AIRFLOW_CTX_DAG_OWNER=airflow
AIRFLOW_CTX_DAG_ID=populate_crypto_values
AIRFLOW_CTX_TASK_ID=get_crypto_values
AIRFLOW_CTX_EXECUTION_DATE=2021-01-23T07:00:00+00:00
AIRFLOW_CTX_TRY_NUMBER=1
AIRFLOW_CTX_DAG_RUN_ID=scheduled__2021-01-23T07:00:00+00:00
[2023-01-04 04:00:09,422] {logging_mixin.py:115} INFO - New rows have been added.
[2023-01-04 04:00:09,423] {python.py:173} INFO - Done. Returned value was: None
[2023-01-04 04:00:09,444] {taskinstance.py:1395} INFO - Marking task as SUCCESS. dag_id=populate_crypto_values, task_id=get_crypto_values, execution_date=20210123T070000, start_date=20230104T070002, end_date=20230104T070009
[2023-01-04 04:00:09,840] {local_task_job.py:156} INFO - Task exited with return code 0
[2023-01-04 04:00:09,927] {local_task_job.py:273} INFO - 0 downstream tasks scheduled from follow-on schedule check
[2023-01-04 04:18:56,398] {taskinstance.py:1159} INFO - Dependencies all met for <TaskInstance: populate_crypto_values.get_crypto_values scheduled__2021-01-23T07:00:00+00:00 [queued]>
[2023-01-04 04:18:56,418] {taskinstance.py:1159} INFO - Dependencies all met for <TaskInstance: populate_crypto_values.get_crypto_values scheduled__2021-01-23T07:00:00+00:00 [queued]>
[2023-01-04 04:18:56,418] {taskinstance.py:1356} INFO - 
--------------------------------------------------------------------------------
[2023-01-04 04:18:56,418] {taskinstance.py:1357} INFO - Starting attempt 1 of 1
[2023-01-04 04:18:56,418] {taskinstance.py:1358} INFO - 
--------------------------------------------------------------------------------
[2023-01-04 04:18:56,431] {taskinstance.py:1377} INFO - Executing <Task(PythonOperator): get_crypto_values> on 2021-01-23 07:00:00+00:00
[2023-01-04 04:18:56,436] {standard_task_runner.py:52} INFO - Started process 63236 to run task
[2023-01-04 04:18:56,441] {standard_task_runner.py:79} INFO - Running: ['airflow', 'tasks', 'run', 'populate_crypto_values', 'get_crypto_values', 'scheduled__2021-01-23T07:00:00+00:00', '--job-id', '51', '--raw', '--subdir', 'DAGS_FOLDER/populate_crypto_values.py', '--cfg-path', '/tmp/tmpnrxh3iy8', '--error-file', '/tmp/tmpmdwc_hf5']
[2023-01-04 04:18:56,442] {standard_task_runner.py:80} INFO - Job 51: Subtask get_crypto_values
[2023-01-04 04:18:56,538] {task_command.py:370} INFO - Running <TaskInstance: populate_crypto_values.get_crypto_values scheduled__2021-01-23T07:00:00+00:00 [running]> on host xuxon-virtual-machine
[2023-01-04 04:18:56,609] {taskinstance.py:1569} INFO - Exporting the following env vars:
AIRFLOW_CTX_DAG_OWNER=airflow
AIRFLOW_CTX_DAG_ID=populate_crypto_values
AIRFLOW_CTX_TASK_ID=get_crypto_values
AIRFLOW_CTX_EXECUTION_DATE=2021-01-23T07:00:00+00:00
AIRFLOW_CTX_TRY_NUMBER=1
AIRFLOW_CTX_DAG_RUN_ID=scheduled__2021-01-23T07:00:00+00:00
[2023-01-04 04:23:57,246] {logging_mixin.py:115} INFO - Could not find values for ethereum in the desired date of 24-01-2021
[2023-01-04 04:24:27,835] {logging_mixin.py:115} INFO - Encountered errors while inserting rows: [{'index': 0, 'errors': [{'reason': 'invalid', 'location': 'snapshot_date', 'debugInfo': '', 'message': "Invalid date: '24-01-2021'"}]}]
[2023-01-04 04:24:27,836] {python.py:173} INFO - Done. Returned value was: None
[2023-01-04 04:24:27,845] {taskinstance.py:1395} INFO - Marking task as SUCCESS. dag_id=populate_crypto_values, task_id=get_crypto_values, execution_date=20210123T070000, start_date=20230104T071856, end_date=20230104T072427
[2023-01-04 04:24:27,906] {local_task_job.py:156} INFO - Task exited with return code 0
[2023-01-04 04:24:27,925] {local_task_job.py:273} INFO - 0 downstream tasks scheduled from follow-on schedule check
[2023-01-04 04:24:27,953] {dagrun.py:562} INFO - Marking run <DagRun populate_crypto_values @ 2021-01-23 07:00:00+00:00: scheduled__2021-01-23T07:00:00+00:00, externally triggered: False> successful
[2023-01-04 04:24:27,954] {dagrun.py:607} INFO - DagRun Finished: dag_id=populate_crypto_values, execution_date=2021-01-23 07:00:00+00:00, run_id=scheduled__2021-01-23T07:00:00+00:00, run_start_date=2023-01-04 07:18:54.844133+00:00, run_end_date=2023-01-04 07:24:27.953736+00:00, run_duration=333.109603, state=success, external_trigger=False, run_type=scheduled, data_interval_start=2021-01-23 07:00:00+00:00, data_interval_end=2021-01-24 07:00:00+00:00, dag_hash=a6f1a3b7d327ebefe8fc4d3d9ef7fb94
[2023-01-04 05:17:59,251] {taskinstance.py:1159} INFO - Dependencies all met for <TaskInstance: populate_crypto_values.get_crypto_values scheduled__2021-01-23T07:00:00+00:00 [queued]>
[2023-01-04 05:17:59,276] {taskinstance.py:1159} INFO - Dependencies all met for <TaskInstance: populate_crypto_values.get_crypto_values scheduled__2021-01-23T07:00:00+00:00 [queued]>
[2023-01-04 05:17:59,276] {taskinstance.py:1356} INFO - 
--------------------------------------------------------------------------------
[2023-01-04 05:17:59,276] {taskinstance.py:1357} INFO - Starting attempt 1 of 1
[2023-01-04 05:17:59,276] {taskinstance.py:1358} INFO - 
--------------------------------------------------------------------------------
[2023-01-04 05:17:59,291] {taskinstance.py:1377} INFO - Executing <Task(PythonOperator): get_crypto_values> on 2021-01-23 07:00:00+00:00
[2023-01-04 05:17:59,295] {standard_task_runner.py:52} INFO - Started process 7527 to run task
[2023-01-04 05:17:59,301] {standard_task_runner.py:79} INFO - Running: ['airflow', 'tasks', 'run', 'populate_crypto_values', 'get_crypto_values', 'scheduled__2021-01-23T07:00:00+00:00', '--job-id', '80', '--raw', '--subdir', 'DAGS_FOLDER/populate_crypto_values.py', '--cfg-path', '/tmp/tmpysd8jsb3', '--error-file', '/tmp/tmp6jq9y8lm']
[2023-01-04 05:17:59,302] {standard_task_runner.py:80} INFO - Job 80: Subtask get_crypto_values
[2023-01-04 05:17:59,364] {task_command.py:370} INFO - Running <TaskInstance: populate_crypto_values.get_crypto_values scheduled__2021-01-23T07:00:00+00:00 [running]> on host xuxon-virtual-machine
[2023-01-04 05:17:59,421] {taskinstance.py:1569} INFO - Exporting the following env vars:
AIRFLOW_CTX_DAG_OWNER=airflow
AIRFLOW_CTX_DAG_ID=populate_crypto_values
AIRFLOW_CTX_TASK_ID=get_crypto_values
AIRFLOW_CTX_EXECUTION_DATE=2021-01-23T07:00:00+00:00
AIRFLOW_CTX_TRY_NUMBER=1
AIRFLOW_CTX_DAG_RUN_ID=scheduled__2021-01-23T07:00:00+00:00
[2023-01-04 05:18:00,414] {logging_mixin.py:115} INFO - New rows have been added.
[2023-01-04 05:18:00,414] {python.py:173} INFO - Done. Returned value was: None
[2023-01-04 05:18:00,424] {taskinstance.py:1395} INFO - Marking task as SUCCESS. dag_id=populate_crypto_values, task_id=get_crypto_values, execution_date=20210123T070000, start_date=20230104T081759, end_date=20230104T081800
[2023-01-04 05:18:00,488] {local_task_job.py:156} INFO - Task exited with return code 0
[2023-01-04 05:18:00,508] {local_task_job.py:273} INFO - 0 downstream tasks scheduled from follow-on schedule check
