[2023-01-04 02:16:59,476] {taskinstance.py:1159} INFO - Dependencies all met for <TaskInstance: populate_crypto_values.get_crypto_values scheduled__2022-12-23T07:00:00+00:00 [queued]>
[2023-01-04 02:16:59,490] {taskinstance.py:1159} INFO - Dependencies all met for <TaskInstance: populate_crypto_values.get_crypto_values scheduled__2022-12-23T07:00:00+00:00 [queued]>
[2023-01-04 02:16:59,491] {taskinstance.py:1356} INFO - 
--------------------------------------------------------------------------------
[2023-01-04 02:16:59,491] {taskinstance.py:1357} INFO - Starting attempt 1 of 1
[2023-01-04 02:16:59,491] {taskinstance.py:1358} INFO - 
--------------------------------------------------------------------------------
[2023-01-04 02:16:59,522] {taskinstance.py:1377} INFO - Executing <Task(PythonOperator): get_crypto_values> on 2022-12-23 07:00:00+00:00
[2023-01-04 02:16:59,530] {standard_task_runner.py:52} INFO - Started process 47855 to run task
[2023-01-04 02:16:59,538] {standard_task_runner.py:79} INFO - Running: ['airflow', 'tasks', 'run', 'populate_crypto_values', 'get_crypto_values', 'scheduled__2022-12-23T07:00:00+00:00', '--job-id', '9', '--raw', '--subdir', 'DAGS_FOLDER/populate_crypto_values.py', '--cfg-path', '/tmp/tmpun_1hkxm', '--error-file', '/tmp/tmp0547z19k']
[2023-01-04 02:16:59,540] {standard_task_runner.py:80} INFO - Job 9: Subtask get_crypto_values
[2023-01-04 02:16:59,633] {task_command.py:370} INFO - Running <TaskInstance: populate_crypto_values.get_crypto_values scheduled__2022-12-23T07:00:00+00:00 [running]> on host xuxon-virtual-machine
[2023-01-04 02:16:59,718] {taskinstance.py:1569} INFO - Exporting the following env vars:
AIRFLOW_CTX_DAG_OWNER=airflow
AIRFLOW_CTX_DAG_ID=populate_crypto_values
AIRFLOW_CTX_TASK_ID=get_crypto_values
AIRFLOW_CTX_EXECUTION_DATE=2022-12-23T07:00:00+00:00
AIRFLOW_CTX_TRY_NUMBER=1
AIRFLOW_CTX_DAG_RUN_ID=scheduled__2022-12-23T07:00:00+00:00
[2023-01-04 02:17:01,414] {logging_mixin.py:115} INFO - New rows have been added.
[2023-01-04 02:17:01,414] {python.py:173} INFO - Done. Returned value was: None
[2023-01-04 02:17:01,423] {taskinstance.py:1395} INFO - Marking task as SUCCESS. dag_id=populate_crypto_values, task_id=get_crypto_values, execution_date=20221223T070000, start_date=20230104T051659, end_date=20230104T051701
[2023-01-04 02:17:01,509] {local_task_job.py:156} INFO - Task exited with return code 0
[2023-01-04 02:17:01,545] {local_task_job.py:273} INFO - 0 downstream tasks scheduled from follow-on schedule check
[2023-01-04 14:08:41,381] {taskinstance.py:1159} INFO - Dependencies all met for <TaskInstance: populate_crypto_values.get_crypto_values scheduled__2022-12-23T07:00:00+00:00 [queued]>
[2023-01-04 14:08:41,404] {taskinstance.py:1159} INFO - Dependencies all met for <TaskInstance: populate_crypto_values.get_crypto_values scheduled__2022-12-23T07:00:00+00:00 [queued]>
[2023-01-04 14:08:41,404] {taskinstance.py:1356} INFO - 
--------------------------------------------------------------------------------
[2023-01-04 14:08:41,404] {taskinstance.py:1357} INFO - Starting attempt 1 of 1
[2023-01-04 14:08:41,404] {taskinstance.py:1358} INFO - 
--------------------------------------------------------------------------------
[2023-01-04 14:08:41,416] {taskinstance.py:1377} INFO - Executing <Task(PythonOperator): get_crypto_values> on 2022-12-23 07:00:00+00:00
[2023-01-04 14:08:41,419] {standard_task_runner.py:52} INFO - Started process 34269 to run task
[2023-01-04 14:08:41,424] {standard_task_runner.py:79} INFO - Running: ['airflow', 'tasks', 'run', 'populate_crypto_values', 'get_crypto_values', 'scheduled__2022-12-23T07:00:00+00:00', '--job-id', '782', '--raw', '--subdir', 'DAGS_FOLDER/populate_crypto_values.py', '--cfg-path', '/tmp/tmp4fngxxfz', '--error-file', '/tmp/tmpi85ft1c_']
[2023-01-04 14:08:41,425] {standard_task_runner.py:80} INFO - Job 782: Subtask get_crypto_values
[2023-01-04 14:08:41,541] {task_command.py:370} INFO - Running <TaskInstance: populate_crypto_values.get_crypto_values scheduled__2022-12-23T07:00:00+00:00 [running]> on host xuxon-virtual-machine
[2023-01-04 14:08:41,614] {taskinstance.py:1569} INFO - Exporting the following env vars:
AIRFLOW_CTX_DAG_OWNER=airflow
AIRFLOW_CTX_DAG_ID=populate_crypto_values
AIRFLOW_CTX_TASK_ID=get_crypto_values
AIRFLOW_CTX_EXECUTION_DATE=2022-12-23T07:00:00+00:00
AIRFLOW_CTX_TRY_NUMBER=1
AIRFLOW_CTX_DAG_RUN_ID=scheduled__2022-12-23T07:00:00+00:00
[2023-01-04 14:08:42,640] {logging_mixin.py:115} INFO - New rows have been added.
[2023-01-04 14:08:42,641] {python.py:173} INFO - Done. Returned value was: None
[2023-01-04 14:08:42,661] {taskinstance.py:1395} INFO - Marking task as SUCCESS. dag_id=populate_crypto_values, task_id=get_crypto_values, execution_date=20221223T070000, start_date=20230104T170841, end_date=20230104T170842
[2023-01-04 14:08:42,745] {local_task_job.py:156} INFO - Task exited with return code 0
[2023-01-04 14:08:42,791] {local_task_job.py:273} INFO - 0 downstream tasks scheduled from follow-on schedule check
