[2023-01-04 13:01:34,987] {taskinstance.py:1159} INFO - Dependencies all met for <TaskInstance: populate_crypto_values.get_crypto_values scheduled__2022-03-19T07:00:00+00:00 [queued]>
[2023-01-04 13:01:34,996] {taskinstance.py:1159} INFO - Dependencies all met for <TaskInstance: populate_crypto_values.get_crypto_values scheduled__2022-03-19T07:00:00+00:00 [queued]>
[2023-01-04 13:01:34,996] {taskinstance.py:1356} INFO - 
--------------------------------------------------------------------------------
[2023-01-04 13:01:34,996] {taskinstance.py:1357} INFO - Starting attempt 1 of 1
[2023-01-04 13:01:34,996] {taskinstance.py:1358} INFO - 
--------------------------------------------------------------------------------
[2023-01-04 13:01:35,011] {taskinstance.py:1377} INFO - Executing <Task(PythonOperator): get_crypto_values> on 2022-03-19 07:00:00+00:00
[2023-01-04 13:01:35,016] {standard_task_runner.py:52} INFO - Started process 27116 to run task
[2023-01-04 13:01:35,020] {standard_task_runner.py:79} INFO - Running: ['airflow', 'tasks', 'run', 'populate_crypto_values', 'get_crypto_values', 'scheduled__2022-03-19T07:00:00+00:00', '--job-id', '503', '--raw', '--subdir', 'DAGS_FOLDER/populate_crypto_values.py', '--cfg-path', '/tmp/tmpu11y5o2m', '--error-file', '/tmp/tmp8ecyklzq']
[2023-01-04 13:01:35,021] {standard_task_runner.py:80} INFO - Job 503: Subtask get_crypto_values
[2023-01-04 13:01:35,326] {task_command.py:370} INFO - Running <TaskInstance: populate_crypto_values.get_crypto_values scheduled__2022-03-19T07:00:00+00:00 [running]> on host xuxon-virtual-machine
[2023-01-04 13:01:35,542] {taskinstance.py:1569} INFO - Exporting the following env vars:
AIRFLOW_CTX_DAG_OWNER=airflow
AIRFLOW_CTX_DAG_ID=populate_crypto_values
AIRFLOW_CTX_TASK_ID=get_crypto_values
AIRFLOW_CTX_EXECUTION_DATE=2022-03-19T07:00:00+00:00
AIRFLOW_CTX_TRY_NUMBER=1
AIRFLOW_CTX_DAG_RUN_ID=scheduled__2022-03-19T07:00:00+00:00
[2023-01-04 13:01:36,761] {logging_mixin.py:115} INFO - New rows have been added.
[2023-01-04 13:01:36,761] {python.py:173} INFO - Done. Returned value was: None
[2023-01-04 13:01:36,872] {taskinstance.py:1395} INFO - Marking task as SUCCESS. dag_id=populate_crypto_values, task_id=get_crypto_values, execution_date=20220319T070000, start_date=20230104T160134, end_date=20230104T160136
[2023-01-04 13:01:37,847] {local_task_job.py:156} INFO - Task exited with return code 0
[2023-01-04 13:01:37,875] {local_task_job.py:273} INFO - 0 downstream tasks scheduled from follow-on schedule check
