[2023-01-04 04:09:41,592] {taskinstance.py:1159} INFO - Dependencies all met for <TaskInstance: populate_crypto_values.get_crypto_values scheduled__2021-02-25T07:00:00+00:00 [queued]>
[2023-01-04 04:09:41,607] {taskinstance.py:1159} INFO - Dependencies all met for <TaskInstance: populate_crypto_values.get_crypto_values scheduled__2021-02-25T07:00:00+00:00 [queued]>
[2023-01-04 04:09:41,607] {taskinstance.py:1356} INFO - 
--------------------------------------------------------------------------------
[2023-01-04 04:09:41,608] {taskinstance.py:1357} INFO - Starting attempt 1 of 1
[2023-01-04 04:09:41,608] {taskinstance.py:1358} INFO - 
--------------------------------------------------------------------------------
[2023-01-04 04:09:42,039] {taskinstance.py:1377} INFO - Executing <Task(PythonOperator): get_crypto_values> on 2021-02-25 07:00:00+00:00
[2023-01-04 04:09:42,052] {standard_task_runner.py:52} INFO - Started process 61515 to run task
[2023-01-04 04:09:42,074] {standard_task_runner.py:79} INFO - Running: ['airflow', 'tasks', 'run', 'populate_crypto_values', 'get_crypto_values', 'scheduled__2021-02-25T07:00:00+00:00', '--job-id', '84', '--raw', '--subdir', 'DAGS_FOLDER/populate_crypto_values.py', '--cfg-path', '/tmp/tmp6i1op7ix', '--error-file', '/tmp/tmp4o2vjh95']
[2023-01-04 04:09:42,076] {standard_task_runner.py:80} INFO - Job 84: Subtask get_crypto_values
[2023-01-04 04:09:42,339] {task_command.py:370} INFO - Running <TaskInstance: populate_crypto_values.get_crypto_values scheduled__2021-02-25T07:00:00+00:00 [running]> on host xuxon-virtual-machine
[2023-01-04 04:09:42,863] {taskinstance.py:1569} INFO - Exporting the following env vars:
AIRFLOW_CTX_DAG_OWNER=airflow
AIRFLOW_CTX_DAG_ID=populate_crypto_values
AIRFLOW_CTX_TASK_ID=get_crypto_values
AIRFLOW_CTX_EXECUTION_DATE=2021-02-25T07:00:00+00:00
AIRFLOW_CTX_TRY_NUMBER=1
AIRFLOW_CTX_DAG_RUN_ID=scheduled__2021-02-25T07:00:00+00:00
[2023-01-04 04:09:45,338] {logging_mixin.py:115} INFO - Encountered errors while inserting rows: [{'index': 0, 'errors': [{'reason': 'invalid', 'location': 'snapshot_date', 'debugInfo': '', 'message': "Invalid date: '26-02-2021'"}]}, {'index': 1, 'errors': [{'reason': 'invalid', 'location': 'snapshot_date', 'debugInfo': '', 'message': "Invalid date: '26-02-2021'"}]}]
[2023-01-04 04:09:45,338] {python.py:173} INFO - Done. Returned value was: None
[2023-01-04 04:09:45,350] {taskinstance.py:1395} INFO - Marking task as SUCCESS. dag_id=populate_crypto_values, task_id=get_crypto_values, execution_date=20210225T070000, start_date=20230104T070941, end_date=20230104T070945
[2023-01-04 04:09:45,390] {local_task_job.py:156} INFO - Task exited with return code 0
[2023-01-04 04:09:45,421] {local_task_job.py:273} INFO - 0 downstream tasks scheduled from follow-on schedule check
[2023-01-04 05:24:22,444] {taskinstance.py:1159} INFO - Dependencies all met for <TaskInstance: populate_crypto_values.get_crypto_values scheduled__2021-02-25T07:00:00+00:00 [queued]>
[2023-01-04 05:24:22,873] {taskinstance.py:1159} INFO - Dependencies all met for <TaskInstance: populate_crypto_values.get_crypto_values scheduled__2021-02-25T07:00:00+00:00 [queued]>
[2023-01-04 05:24:22,873] {taskinstance.py:1356} INFO - 
--------------------------------------------------------------------------------
[2023-01-04 05:24:22,873] {taskinstance.py:1357} INFO - Starting attempt 1 of 1
[2023-01-04 05:24:22,875] {taskinstance.py:1358} INFO - 
--------------------------------------------------------------------------------
[2023-01-04 05:24:22,891] {taskinstance.py:1377} INFO - Executing <Task(PythonOperator): get_crypto_values> on 2021-02-25 07:00:00+00:00
[2023-01-04 05:24:22,905] {standard_task_runner.py:52} INFO - Started process 8765 to run task
[2023-01-04 05:24:22,911] {standard_task_runner.py:79} INFO - Running: ['airflow', 'tasks', 'run', 'populate_crypto_values', 'get_crypto_values', 'scheduled__2021-02-25T07:00:00+00:00', '--job-id', '113', '--raw', '--subdir', 'DAGS_FOLDER/populate_crypto_values.py', '--cfg-path', '/tmp/tmp3e471e96', '--error-file', '/tmp/tmp9ovelek7']
[2023-01-04 05:24:22,912] {standard_task_runner.py:80} INFO - Job 113: Subtask get_crypto_values
[2023-01-04 05:24:22,969] {task_command.py:370} INFO - Running <TaskInstance: populate_crypto_values.get_crypto_values scheduled__2021-02-25T07:00:00+00:00 [running]> on host xuxon-virtual-machine
[2023-01-04 05:24:23,061] {taskinstance.py:1569} INFO - Exporting the following env vars:
AIRFLOW_CTX_DAG_OWNER=airflow
AIRFLOW_CTX_DAG_ID=populate_crypto_values
AIRFLOW_CTX_TASK_ID=get_crypto_values
AIRFLOW_CTX_EXECUTION_DATE=2021-02-25T07:00:00+00:00
AIRFLOW_CTX_TRY_NUMBER=1
AIRFLOW_CTX_DAG_RUN_ID=scheduled__2021-02-25T07:00:00+00:00
[2023-01-04 05:24:24,147] {logging_mixin.py:115} INFO - New rows have been added.
[2023-01-04 05:24:24,148] {python.py:173} INFO - Done. Returned value was: None
[2023-01-04 05:24:24,156] {taskinstance.py:1395} INFO - Marking task as SUCCESS. dag_id=populate_crypto_values, task_id=get_crypto_values, execution_date=20210225T070000, start_date=20230104T082422, end_date=20230104T082424
[2023-01-04 05:24:24,194] {local_task_job.py:156} INFO - Task exited with return code 0
[2023-01-04 05:24:24,220] {local_task_job.py:273} INFO - 0 downstream tasks scheduled from follow-on schedule check
