[2023-01-04 04:02:00,485] {taskinstance.py:1159} INFO - Dependencies all met for <TaskInstance: populate_crypto_values.get_crypto_values scheduled__2021-02-03T07:00:00+00:00 [queued]>
[2023-01-04 04:02:00,494] {taskinstance.py:1159} INFO - Dependencies all met for <TaskInstance: populate_crypto_values.get_crypto_values scheduled__2021-02-03T07:00:00+00:00 [queued]>
[2023-01-04 04:02:00,494] {taskinstance.py:1356} INFO - 
--------------------------------------------------------------------------------
[2023-01-04 04:02:00,495] {taskinstance.py:1357} INFO - Starting attempt 1 of 1
[2023-01-04 04:02:00,495] {taskinstance.py:1358} INFO - 
--------------------------------------------------------------------------------
[2023-01-04 04:02:00,538] {taskinstance.py:1377} INFO - Executing <Task(PythonOperator): get_crypto_values> on 2021-02-03 07:00:00+00:00
[2023-01-04 04:02:00,543] {standard_task_runner.py:52} INFO - Started process 60170 to run task
[2023-01-04 04:02:00,549] {standard_task_runner.py:79} INFO - Running: ['airflow', 'tasks', 'run', 'populate_crypto_values', 'get_crypto_values', 'scheduled__2021-02-03T07:00:00+00:00', '--job-id', '62', '--raw', '--subdir', 'DAGS_FOLDER/populate_crypto_values.py', '--cfg-path', '/tmp/tmp2ohtqu6w', '--error-file', '/tmp/tmpn5xwr7zx']
[2023-01-04 04:02:00,550] {standard_task_runner.py:80} INFO - Job 62: Subtask get_crypto_values
[2023-01-04 04:02:01,180] {task_command.py:370} INFO - Running <TaskInstance: populate_crypto_values.get_crypto_values scheduled__2021-02-03T07:00:00+00:00 [running]> on host xuxon-virtual-machine
[2023-01-04 04:02:03,272] {taskinstance.py:1569} INFO - Exporting the following env vars:
AIRFLOW_CTX_DAG_OWNER=airflow
AIRFLOW_CTX_DAG_ID=populate_crypto_values
AIRFLOW_CTX_TASK_ID=get_crypto_values
AIRFLOW_CTX_EXECUTION_DATE=2021-02-03T07:00:00+00:00
AIRFLOW_CTX_TRY_NUMBER=1
AIRFLOW_CTX_DAG_RUN_ID=scheduled__2021-02-03T07:00:00+00:00
[2023-01-04 04:02:07,604] {logging_mixin.py:115} INFO - New rows have been added.
[2023-01-04 04:02:07,604] {python.py:173} INFO - Done. Returned value was: None
[2023-01-04 04:02:07,831] {taskinstance.py:1395} INFO - Marking task as SUCCESS. dag_id=populate_crypto_values, task_id=get_crypto_values, execution_date=20210203T070000, start_date=20230104T070200, end_date=20230104T070207
[2023-01-04 04:02:07,923] {local_task_job.py:156} INFO - Task exited with return code 0
[2023-01-04 04:02:07,935] {local_task_job.py:273} INFO - 0 downstream tasks scheduled from follow-on schedule check
[2023-01-04 05:20:44,761] {taskinstance.py:1159} INFO - Dependencies all met for <TaskInstance: populate_crypto_values.get_crypto_values scheduled__2021-02-03T07:00:00+00:00 [queued]>
[2023-01-04 05:20:44,778] {taskinstance.py:1159} INFO - Dependencies all met for <TaskInstance: populate_crypto_values.get_crypto_values scheduled__2021-02-03T07:00:00+00:00 [queued]>
[2023-01-04 05:20:44,778] {taskinstance.py:1356} INFO - 
--------------------------------------------------------------------------------
[2023-01-04 05:20:44,778] {taskinstance.py:1357} INFO - Starting attempt 1 of 1
[2023-01-04 05:20:44,778] {taskinstance.py:1358} INFO - 
--------------------------------------------------------------------------------
[2023-01-04 05:20:44,798] {taskinstance.py:1377} INFO - Executing <Task(PythonOperator): get_crypto_values> on 2021-02-03 07:00:00+00:00
[2023-01-04 05:20:44,803] {standard_task_runner.py:52} INFO - Started process 8021 to run task
[2023-01-04 05:20:44,809] {standard_task_runner.py:79} INFO - Running: ['airflow', 'tasks', 'run', 'populate_crypto_values', 'get_crypto_values', 'scheduled__2021-02-03T07:00:00+00:00', '--job-id', '91', '--raw', '--subdir', 'DAGS_FOLDER/populate_crypto_values.py', '--cfg-path', '/tmp/tmp_gr25cek', '--error-file', '/tmp/tmpumt46lhd']
[2023-01-04 05:20:44,810] {standard_task_runner.py:80} INFO - Job 91: Subtask get_crypto_values
[2023-01-04 05:20:44,872] {task_command.py:370} INFO - Running <TaskInstance: populate_crypto_values.get_crypto_values scheduled__2021-02-03T07:00:00+00:00 [running]> on host xuxon-virtual-machine
[2023-01-04 05:20:44,940] {taskinstance.py:1569} INFO - Exporting the following env vars:
AIRFLOW_CTX_DAG_OWNER=airflow
AIRFLOW_CTX_DAG_ID=populate_crypto_values
AIRFLOW_CTX_TASK_ID=get_crypto_values
AIRFLOW_CTX_EXECUTION_DATE=2021-02-03T07:00:00+00:00
AIRFLOW_CTX_TRY_NUMBER=1
AIRFLOW_CTX_DAG_RUN_ID=scheduled__2021-02-03T07:00:00+00:00
[2023-01-04 05:20:45,931] {logging_mixin.py:115} INFO - New rows have been added.
[2023-01-04 05:20:45,932] {python.py:173} INFO - Done. Returned value was: None
[2023-01-04 05:20:45,946] {taskinstance.py:1395} INFO - Marking task as SUCCESS. dag_id=populate_crypto_values, task_id=get_crypto_values, execution_date=20210203T070000, start_date=20230104T082044, end_date=20230104T082045
[2023-01-04 05:20:45,995] {local_task_job.py:156} INFO - Task exited with return code 0
[2023-01-04 05:20:46,015] {local_task_job.py:273} INFO - 0 downstream tasks scheduled from follow-on schedule check
