[2023-01-04 06:28:04,916] {taskinstance.py:1159} INFO - Dependencies all met for <TaskInstance: populate_crypto_values.get_crypto_values scheduled__2021-11-01T07:00:00+00:00 [queued]>
[2023-01-04 06:28:04,922] {taskinstance.py:1159} INFO - Dependencies all met for <TaskInstance: populate_crypto_values.get_crypto_values scheduled__2021-11-01T07:00:00+00:00 [queued]>
[2023-01-04 06:28:04,922] {taskinstance.py:1356} INFO - 
--------------------------------------------------------------------------------
[2023-01-04 06:28:04,922] {taskinstance.py:1357} INFO - Starting attempt 1 of 1
[2023-01-04 06:28:04,922] {taskinstance.py:1358} INFO - 
--------------------------------------------------------------------------------
[2023-01-04 06:28:05,247] {taskinstance.py:1377} INFO - Executing <Task(PythonOperator): get_crypto_values> on 2021-11-01 07:00:00+00:00
[2023-01-04 06:28:05,253] {standard_task_runner.py:52} INFO - Started process 20115 to run task
[2023-01-04 06:28:05,280] {standard_task_runner.py:79} INFO - Running: ['airflow', 'tasks', 'run', 'populate_crypto_values', 'get_crypto_values', 'scheduled__2021-11-01T07:00:00+00:00', '--job-id', '362', '--raw', '--subdir', 'DAGS_FOLDER/populate_crypto_values.py', '--cfg-path', '/tmp/tmpysk92r62', '--error-file', '/tmp/tmpjfzoy9pn']
[2023-01-04 06:28:05,281] {standard_task_runner.py:80} INFO - Job 362: Subtask get_crypto_values
[2023-01-04 06:28:14,356] {task_command.py:370} INFO - Running <TaskInstance: populate_crypto_values.get_crypto_values scheduled__2021-11-01T07:00:00+00:00 [running]> on host xuxon-virtual-machine
[2023-01-04 06:28:34,835] {taskinstance.py:1569} INFO - Exporting the following env vars:
AIRFLOW_CTX_DAG_OWNER=airflow
AIRFLOW_CTX_DAG_ID=populate_crypto_values
AIRFLOW_CTX_TASK_ID=get_crypto_values
AIRFLOW_CTX_EXECUTION_DATE=2021-11-01T07:00:00+00:00
AIRFLOW_CTX_TRY_NUMBER=1
AIRFLOW_CTX_DAG_RUN_ID=scheduled__2021-11-01T07:00:00+00:00
[2023-01-04 06:28:43,971] {logging_mixin.py:115} INFO - New rows have been added.
[2023-01-04 06:28:43,973] {python.py:173} INFO - Done. Returned value was: None
[2023-01-04 06:28:43,982] {taskinstance.py:1395} INFO - Marking task as SUCCESS. dag_id=populate_crypto_values, task_id=get_crypto_values, execution_date=20211101T070000, start_date=20230104T092804, end_date=20230104T092843
