[2023-01-04 03:56:46,574] {taskinstance.py:1159} INFO - Dependencies all met for <TaskInstance: populate_crypto_values.get_crypto_values scheduled__2021-01-18T07:00:00+00:00 [queued]>
[2023-01-04 03:56:46,581] {taskinstance.py:1159} INFO - Dependencies all met for <TaskInstance: populate_crypto_values.get_crypto_values scheduled__2021-01-18T07:00:00+00:00 [queued]>
[2023-01-04 03:56:46,581] {taskinstance.py:1356} INFO - 
--------------------------------------------------------------------------------
[2023-01-04 03:56:46,582] {taskinstance.py:1357} INFO - Starting attempt 1 of 1
[2023-01-04 03:56:46,582] {taskinstance.py:1358} INFO - 
--------------------------------------------------------------------------------
[2023-01-04 03:56:48,676] {taskinstance.py:1377} INFO - Executing <Task(PythonOperator): get_crypto_values> on 2021-01-18 07:00:00+00:00
[2023-01-04 03:56:48,683] {standard_task_runner.py:52} INFO - Started process 59268 to run task
[2023-01-04 03:56:48,884] {standard_task_runner.py:79} INFO - Running: ['airflow', 'tasks', 'run', 'populate_crypto_values', 'get_crypto_values', 'scheduled__2021-01-18T07:00:00+00:00', '--job-id', '46', '--raw', '--subdir', 'DAGS_FOLDER/populate_crypto_values.py', '--cfg-path', '/tmp/tmplie7d2rg', '--error-file', '/tmp/tmpa15h0sqi']
[2023-01-04 03:56:48,885] {standard_task_runner.py:80} INFO - Job 46: Subtask get_crypto_values
[2023-01-04 03:57:00,837] {task_command.py:370} INFO - Running <TaskInstance: populate_crypto_values.get_crypto_values scheduled__2021-01-18T07:00:00+00:00 [running]> on host xuxon-virtual-machine
[2023-01-04 03:57:02,745] {taskinstance.py:1569} INFO - Exporting the following env vars:
AIRFLOW_CTX_DAG_OWNER=airflow
AIRFLOW_CTX_DAG_ID=populate_crypto_values
AIRFLOW_CTX_TASK_ID=get_crypto_values
AIRFLOW_CTX_EXECUTION_DATE=2021-01-18T07:00:00+00:00
AIRFLOW_CTX_TRY_NUMBER=1
AIRFLOW_CTX_DAG_RUN_ID=scheduled__2021-01-18T07:00:00+00:00
[2023-01-04 03:57:08,209] {logging_mixin.py:115} INFO - New rows have been added.
[2023-01-04 03:57:08,209] {python.py:173} INFO - Done. Returned value was: None
[2023-01-04 03:57:08,488] {taskinstance.py:1395} INFO - Marking task as SUCCESS. dag_id=populate_crypto_values, task_id=get_crypto_values, execution_date=20210118T070000, start_date=20230104T065646, end_date=20230104T065708
[2023-01-04 03:57:13,669] {local_task_job.py:156} INFO - Task exited with return code 0
[2023-01-04 03:57:13,680] {local_task_job.py:273} INFO - 0 downstream tasks scheduled from follow-on schedule check
[2023-01-04 04:18:36,012] {taskinstance.py:1159} INFO - Dependencies all met for <TaskInstance: populate_crypto_values.get_crypto_values scheduled__2021-01-18T07:00:00+00:00 [queued]>
[2023-01-04 04:18:36,030] {taskinstance.py:1159} INFO - Dependencies all met for <TaskInstance: populate_crypto_values.get_crypto_values scheduled__2021-01-18T07:00:00+00:00 [queued]>
[2023-01-04 04:18:36,030] {taskinstance.py:1356} INFO - 
--------------------------------------------------------------------------------
[2023-01-04 04:18:36,030] {taskinstance.py:1357} INFO - Starting attempt 1 of 1
[2023-01-04 04:18:36,030] {taskinstance.py:1358} INFO - 
--------------------------------------------------------------------------------
[2023-01-04 04:18:36,043] {taskinstance.py:1377} INFO - Executing <Task(PythonOperator): get_crypto_values> on 2021-01-18 07:00:00+00:00
[2023-01-04 04:18:36,048] {standard_task_runner.py:52} INFO - Started process 63128 to run task
[2023-01-04 04:18:36,053] {standard_task_runner.py:79} INFO - Running: ['airflow', 'tasks', 'run', 'populate_crypto_values', 'get_crypto_values', 'scheduled__2021-01-18T07:00:00+00:00', '--job-id', '46', '--raw', '--subdir', 'DAGS_FOLDER/populate_crypto_values.py', '--cfg-path', '/tmp/tmpw17z5zst', '--error-file', '/tmp/tmp3vq5wuo6']
[2023-01-04 04:18:36,054] {standard_task_runner.py:80} INFO - Job 46: Subtask get_crypto_values
[2023-01-04 04:18:36,117] {task_command.py:370} INFO - Running <TaskInstance: populate_crypto_values.get_crypto_values scheduled__2021-01-18T07:00:00+00:00 [running]> on host xuxon-virtual-machine
[2023-01-04 04:18:36,188] {taskinstance.py:1569} INFO - Exporting the following env vars:
AIRFLOW_CTX_DAG_OWNER=airflow
AIRFLOW_CTX_DAG_ID=populate_crypto_values
AIRFLOW_CTX_TASK_ID=get_crypto_values
AIRFLOW_CTX_EXECUTION_DATE=2021-01-18T07:00:00+00:00
AIRFLOW_CTX_TRY_NUMBER=1
AIRFLOW_CTX_DAG_RUN_ID=scheduled__2021-01-18T07:00:00+00:00
[2023-01-04 04:18:36,975] {logging_mixin.py:115} INFO - Encountered errors while inserting rows: [{'index': 0, 'errors': [{'reason': 'invalid', 'location': 'snapshot_date', 'debugInfo': '', 'message': "Invalid date: '19-01-2021'"}]}, {'index': 1, 'errors': [{'reason': 'invalid', 'location': 'snapshot_date', 'debugInfo': '', 'message': "Invalid date: '19-01-2021'"}]}]
[2023-01-04 04:18:36,976] {python.py:173} INFO - Done. Returned value was: None
[2023-01-04 04:18:36,991] {taskinstance.py:1395} INFO - Marking task as SUCCESS. dag_id=populate_crypto_values, task_id=get_crypto_values, execution_date=20210118T070000, start_date=20230104T071836, end_date=20230104T071836
[2023-01-04 04:18:37,037] {local_task_job.py:156} INFO - Task exited with return code 0
[2023-01-04 04:18:37,060] {local_task_job.py:273} INFO - 0 downstream tasks scheduled from follow-on schedule check
[2023-01-04 05:15:36,105] {taskinstance.py:1159} INFO - Dependencies all met for <TaskInstance: populate_crypto_values.get_crypto_values scheduled__2021-01-18T07:00:00+00:00 [queued]>
[2023-01-04 05:15:36,119] {taskinstance.py:1159} INFO - Dependencies all met for <TaskInstance: populate_crypto_values.get_crypto_values scheduled__2021-01-18T07:00:00+00:00 [queued]>
[2023-01-04 05:15:36,120] {taskinstance.py:1356} INFO - 
--------------------------------------------------------------------------------
[2023-01-04 05:15:36,120] {taskinstance.py:1357} INFO - Starting attempt 1 of 1
[2023-01-04 05:15:36,120] {taskinstance.py:1358} INFO - 
--------------------------------------------------------------------------------
[2023-01-04 05:15:36,135] {taskinstance.py:1377} INFO - Executing <Task(PythonOperator): get_crypto_values> on 2021-01-18 07:00:00+00:00
[2023-01-04 05:15:36,139] {standard_task_runner.py:52} INFO - Started process 7136 to run task
[2023-01-04 05:15:36,144] {standard_task_runner.py:79} INFO - Running: ['airflow', 'tasks', 'run', 'populate_crypto_values', 'get_crypto_values', 'scheduled__2021-01-18T07:00:00+00:00', '--job-id', '75', '--raw', '--subdir', 'DAGS_FOLDER/populate_crypto_values.py', '--cfg-path', '/tmp/tmpau1ou_fh', '--error-file', '/tmp/tmp8hcl1aou']
[2023-01-04 05:15:36,146] {standard_task_runner.py:80} INFO - Job 75: Subtask get_crypto_values
[2023-01-04 05:15:36,215] {task_command.py:370} INFO - Running <TaskInstance: populate_crypto_values.get_crypto_values scheduled__2021-01-18T07:00:00+00:00 [running]> on host xuxon-virtual-machine
[2023-01-04 05:15:36,275] {taskinstance.py:1569} INFO - Exporting the following env vars:
AIRFLOW_CTX_DAG_OWNER=airflow
AIRFLOW_CTX_DAG_ID=populate_crypto_values
AIRFLOW_CTX_TASK_ID=get_crypto_values
AIRFLOW_CTX_EXECUTION_DATE=2021-01-18T07:00:00+00:00
AIRFLOW_CTX_TRY_NUMBER=1
AIRFLOW_CTX_DAG_RUN_ID=scheduled__2021-01-18T07:00:00+00:00
[2023-01-04 05:15:38,232] {logging_mixin.py:115} INFO - New rows have been added.
[2023-01-04 05:15:38,232] {python.py:173} INFO - Done. Returned value was: None
[2023-01-04 05:15:38,242] {taskinstance.py:1395} INFO - Marking task as SUCCESS. dag_id=populate_crypto_values, task_id=get_crypto_values, execution_date=20210118T070000, start_date=20230104T081536, end_date=20230104T081538
[2023-01-04 05:15:38,303] {local_task_job.py:156} INFO - Task exited with return code 0
[2023-01-04 05:15:38,346] {local_task_job.py:273} INFO - 0 downstream tasks scheduled from follow-on schedule check
