[2023-01-04 03:47:19,104] {taskinstance.py:1159} INFO - Dependencies all met for <TaskInstance: populate_crypto_values.get_crypto_values scheduled__2021-01-12T07:00:00+00:00 [queued]>
[2023-01-04 03:47:19,112] {taskinstance.py:1159} INFO - Dependencies all met for <TaskInstance: populate_crypto_values.get_crypto_values scheduled__2021-01-12T07:00:00+00:00 [queued]>
[2023-01-04 03:47:19,113] {taskinstance.py:1356} INFO - 
--------------------------------------------------------------------------------
[2023-01-04 03:47:19,113] {taskinstance.py:1357} INFO - Starting attempt 1 of 1
[2023-01-04 03:47:19,113] {taskinstance.py:1358} INFO - 
--------------------------------------------------------------------------------
[2023-01-04 03:47:19,142] {taskinstance.py:1377} INFO - Executing <Task(PythonOperator): get_crypto_values> on 2021-01-12 07:00:00+00:00
[2023-01-04 03:47:19,147] {standard_task_runner.py:52} INFO - Started process 58481 to run task
[2023-01-04 03:47:19,153] {standard_task_runner.py:79} INFO - Running: ['airflow', 'tasks', 'run', 'populate_crypto_values', 'get_crypto_values', 'scheduled__2021-01-12T07:00:00+00:00', '--job-id', '40', '--raw', '--subdir', 'DAGS_FOLDER/populate_crypto_values.py', '--cfg-path', '/tmp/tmp55b0bq6q', '--error-file', '/tmp/tmp22lhslup']
[2023-01-04 03:47:19,154] {standard_task_runner.py:80} INFO - Job 40: Subtask get_crypto_values
[2023-01-04 03:47:19,217] {task_command.py:370} INFO - Running <TaskInstance: populate_crypto_values.get_crypto_values scheduled__2021-01-12T07:00:00+00:00 [running]> on host xuxon-virtual-machine
[2023-01-04 03:47:19,308] {taskinstance.py:1569} INFO - Exporting the following env vars:
AIRFLOW_CTX_DAG_OWNER=airflow
AIRFLOW_CTX_DAG_ID=populate_crypto_values
AIRFLOW_CTX_TASK_ID=get_crypto_values
AIRFLOW_CTX_EXECUTION_DATE=2021-01-12T07:00:00+00:00
AIRFLOW_CTX_TRY_NUMBER=1
AIRFLOW_CTX_DAG_RUN_ID=scheduled__2021-01-12T07:00:00+00:00
[2023-01-04 03:47:20,374] {logging_mixin.py:115} INFO - New rows have been added.
[2023-01-04 03:47:20,374] {python.py:173} INFO - Done. Returned value was: None
[2023-01-04 03:47:20,390] {taskinstance.py:1395} INFO - Marking task as SUCCESS. dag_id=populate_crypto_values, task_id=get_crypto_values, execution_date=20210112T070000, start_date=20230104T064719, end_date=20230104T064720
[2023-01-04 03:47:20,425] {local_task_job.py:156} INFO - Task exited with return code 0
[2023-01-04 03:47:20,447] {local_task_job.py:273} INFO - 0 downstream tasks scheduled from follow-on schedule check
[2023-01-04 04:12:37,943] {taskinstance.py:1159} INFO - Dependencies all met for <TaskInstance: populate_crypto_values.get_crypto_values scheduled__2021-01-12T07:00:00+00:00 [queued]>
[2023-01-04 04:12:37,951] {taskinstance.py:1159} INFO - Dependencies all met for <TaskInstance: populate_crypto_values.get_crypto_values scheduled__2021-01-12T07:00:00+00:00 [queued]>
[2023-01-04 04:12:37,951] {taskinstance.py:1356} INFO - 
--------------------------------------------------------------------------------
[2023-01-04 04:12:37,951] {taskinstance.py:1357} INFO - Starting attempt 1 of 1
[2023-01-04 04:12:37,951] {taskinstance.py:1358} INFO - 
--------------------------------------------------------------------------------
[2023-01-04 04:12:37,967] {taskinstance.py:1377} INFO - Executing <Task(PythonOperator): get_crypto_values> on 2021-01-12 07:00:00+00:00
[2023-01-04 04:12:37,972] {standard_task_runner.py:52} INFO - Started process 62509 to run task
[2023-01-04 04:12:37,977] {standard_task_runner.py:79} INFO - Running: ['airflow', 'tasks', 'run', 'populate_crypto_values', 'get_crypto_values', 'scheduled__2021-01-12T07:00:00+00:00', '--job-id', '40', '--raw', '--subdir', 'DAGS_FOLDER/populate_crypto_values.py', '--cfg-path', '/tmp/tmp7ojsnad1', '--error-file', '/tmp/tmpiib2xe6h']
[2023-01-04 04:12:37,978] {standard_task_runner.py:80} INFO - Job 40: Subtask get_crypto_values
[2023-01-04 04:12:38,037] {task_command.py:370} INFO - Running <TaskInstance: populate_crypto_values.get_crypto_values scheduled__2021-01-12T07:00:00+00:00 [running]> on host xuxon-virtual-machine
[2023-01-04 04:12:38,112] {taskinstance.py:1569} INFO - Exporting the following env vars:
AIRFLOW_CTX_DAG_OWNER=airflow
AIRFLOW_CTX_DAG_ID=populate_crypto_values
AIRFLOW_CTX_TASK_ID=get_crypto_values
AIRFLOW_CTX_EXECUTION_DATE=2021-01-12T07:00:00+00:00
AIRFLOW_CTX_TRY_NUMBER=1
AIRFLOW_CTX_DAG_RUN_ID=scheduled__2021-01-12T07:00:00+00:00
[2023-01-04 04:12:39,588] {logging_mixin.py:115} INFO - Encountered errors while inserting rows: [{'index': 0, 'errors': [{'reason': 'invalid', 'location': 'snapshot_date', 'debugInfo': '', 'message': "Invalid date: '13-01-2021'"}]}, {'index': 1, 'errors': [{'reason': 'invalid', 'location': 'snapshot_date', 'debugInfo': '', 'message': "Invalid date: '13-01-2021'"}]}]
[2023-01-04 04:12:39,589] {python.py:173} INFO - Done. Returned value was: None
[2023-01-04 04:12:39,614] {taskinstance.py:1395} INFO - Marking task as SUCCESS. dag_id=populate_crypto_values, task_id=get_crypto_values, execution_date=20210112T070000, start_date=20230104T071237, end_date=20230104T071239
[2023-01-04 04:12:39,703] {local_task_job.py:156} INFO - Task exited with return code 0
[2023-01-04 04:12:39,731] {local_task_job.py:273} INFO - 0 downstream tasks scheduled from follow-on schedule check
[2023-01-04 05:15:02,399] {taskinstance.py:1159} INFO - Dependencies all met for <TaskInstance: populate_crypto_values.get_crypto_values scheduled__2021-01-12T07:00:00+00:00 [queued]>
[2023-01-04 05:15:02,438] {taskinstance.py:1159} INFO - Dependencies all met for <TaskInstance: populate_crypto_values.get_crypto_values scheduled__2021-01-12T07:00:00+00:00 [queued]>
[2023-01-04 05:15:02,438] {taskinstance.py:1356} INFO - 
--------------------------------------------------------------------------------
[2023-01-04 05:15:02,438] {taskinstance.py:1357} INFO - Starting attempt 1 of 1
[2023-01-04 05:15:02,438] {taskinstance.py:1358} INFO - 
--------------------------------------------------------------------------------
[2023-01-04 05:15:02,451] {taskinstance.py:1377} INFO - Executing <Task(PythonOperator): get_crypto_values> on 2021-01-12 07:00:00+00:00
[2023-01-04 05:15:02,455] {standard_task_runner.py:52} INFO - Started process 6975 to run task
[2023-01-04 05:15:02,460] {standard_task_runner.py:79} INFO - Running: ['airflow', 'tasks', 'run', 'populate_crypto_values', 'get_crypto_values', 'scheduled__2021-01-12T07:00:00+00:00', '--job-id', '69', '--raw', '--subdir', 'DAGS_FOLDER/populate_crypto_values.py', '--cfg-path', '/tmp/tmplz3lnk0a', '--error-file', '/tmp/tmpoj34ssyx']
[2023-01-04 05:15:02,461] {standard_task_runner.py:80} INFO - Job 69: Subtask get_crypto_values
[2023-01-04 05:15:02,523] {task_command.py:370} INFO - Running <TaskInstance: populate_crypto_values.get_crypto_values scheduled__2021-01-12T07:00:00+00:00 [running]> on host xuxon-virtual-machine
[2023-01-04 05:15:02,592] {taskinstance.py:1569} INFO - Exporting the following env vars:
AIRFLOW_CTX_DAG_OWNER=airflow
AIRFLOW_CTX_DAG_ID=populate_crypto_values
AIRFLOW_CTX_TASK_ID=get_crypto_values
AIRFLOW_CTX_EXECUTION_DATE=2021-01-12T07:00:00+00:00
AIRFLOW_CTX_TRY_NUMBER=1
AIRFLOW_CTX_DAG_RUN_ID=scheduled__2021-01-12T07:00:00+00:00
[2023-01-04 05:15:04,969] {logging_mixin.py:115} INFO - New rows have been added.
[2023-01-04 05:15:04,969] {python.py:173} INFO - Done. Returned value was: None
[2023-01-04 05:15:04,977] {taskinstance.py:1395} INFO - Marking task as SUCCESS. dag_id=populate_crypto_values, task_id=get_crypto_values, execution_date=20210112T070000, start_date=20230104T081502, end_date=20230104T081504
[2023-01-04 05:15:05,009] {local_task_job.py:156} INFO - Task exited with return code 0
[2023-01-04 05:15:05,033] {local_task_job.py:273} INFO - 0 downstream tasks scheduled from follow-on schedule check
