[2023-01-04 13:33:20,611] {taskinstance.py:1159} INFO - Dependencies all met for <TaskInstance: populate_crypto_values.get_crypto_values scheduled__2022-07-27T07:00:00+00:00 [queued]>
[2023-01-04 13:33:20,617] {taskinstance.py:1159} INFO - Dependencies all met for <TaskInstance: populate_crypto_values.get_crypto_values scheduled__2022-07-27T07:00:00+00:00 [queued]>
[2023-01-04 13:33:20,617] {taskinstance.py:1356} INFO - 
--------------------------------------------------------------------------------
[2023-01-04 13:33:20,617] {taskinstance.py:1357} INFO - Starting attempt 1 of 1
[2023-01-04 13:33:20,617] {taskinstance.py:1358} INFO - 
--------------------------------------------------------------------------------
[2023-01-04 13:33:20,629] {taskinstance.py:1377} INFO - Executing <Task(PythonOperator): get_crypto_values> on 2022-07-27 07:00:00+00:00
[2023-01-04 13:33:20,633] {standard_task_runner.py:52} INFO - Started process 30458 to run task
[2023-01-04 13:33:20,638] {standard_task_runner.py:79} INFO - Running: ['airflow', 'tasks', 'run', 'populate_crypto_values', 'get_crypto_values', 'scheduled__2022-07-27T07:00:00+00:00', '--job-id', '633', '--raw', '--subdir', 'DAGS_FOLDER/populate_crypto_values.py', '--cfg-path', '/tmp/tmp409zdo7b', '--error-file', '/tmp/tmpp5jkzs2i']
[2023-01-04 13:33:20,639] {standard_task_runner.py:80} INFO - Job 633: Subtask get_crypto_values
[2023-01-04 13:33:20,690] {task_command.py:370} INFO - Running <TaskInstance: populate_crypto_values.get_crypto_values scheduled__2022-07-27T07:00:00+00:00 [running]> on host xuxon-virtual-machine
[2023-01-04 13:33:20,750] {taskinstance.py:1569} INFO - Exporting the following env vars:
AIRFLOW_CTX_DAG_OWNER=airflow
AIRFLOW_CTX_DAG_ID=populate_crypto_values
AIRFLOW_CTX_TASK_ID=get_crypto_values
AIRFLOW_CTX_EXECUTION_DATE=2022-07-27T07:00:00+00:00
AIRFLOW_CTX_TRY_NUMBER=1
AIRFLOW_CTX_DAG_RUN_ID=scheduled__2022-07-27T07:00:00+00:00
[2023-01-04 13:33:21,812] {logging_mixin.py:115} INFO - New rows have been added.
[2023-01-04 13:33:21,813] {python.py:173} INFO - Done. Returned value was: None
[2023-01-04 13:33:21,820] {taskinstance.py:1395} INFO - Marking task as SUCCESS. dag_id=populate_crypto_values, task_id=get_crypto_values, execution_date=20220727T070000, start_date=20230104T163320, end_date=20230104T163321
[2023-01-04 13:33:21,866] {local_task_job.py:156} INFO - Task exited with return code 0
[2023-01-04 13:33:21,889] {local_task_job.py:273} INFO - 0 downstream tasks scheduled from follow-on schedule check
