[2023-01-04 04:01:24,371] {taskinstance.py:1159} INFO - Dependencies all met for <TaskInstance: populate_crypto_values.get_crypto_values scheduled__2021-01-30T07:00:00+00:00 [queued]>
[2023-01-04 04:01:24,389] {taskinstance.py:1159} INFO - Dependencies all met for <TaskInstance: populate_crypto_values.get_crypto_values scheduled__2021-01-30T07:00:00+00:00 [queued]>
[2023-01-04 04:01:24,390] {taskinstance.py:1356} INFO - 
--------------------------------------------------------------------------------
[2023-01-04 04:01:24,390] {taskinstance.py:1357} INFO - Starting attempt 1 of 1
[2023-01-04 04:01:24,390] {taskinstance.py:1358} INFO - 
--------------------------------------------------------------------------------
[2023-01-04 04:01:24,446] {taskinstance.py:1377} INFO - Executing <Task(PythonOperator): get_crypto_values> on 2021-01-30 07:00:00+00:00
[2023-01-04 04:01:24,451] {standard_task_runner.py:52} INFO - Started process 60007 to run task
[2023-01-04 04:01:24,461] {standard_task_runner.py:79} INFO - Running: ['airflow', 'tasks', 'run', 'populate_crypto_values', 'get_crypto_values', 'scheduled__2021-01-30T07:00:00+00:00', '--job-id', '58', '--raw', '--subdir', 'DAGS_FOLDER/populate_crypto_values.py', '--cfg-path', '/tmp/tmp9gxpz04j', '--error-file', '/tmp/tmpu95f7j6h']
[2023-01-04 04:01:24,462] {standard_task_runner.py:80} INFO - Job 58: Subtask get_crypto_values
[2023-01-04 04:01:24,774] {task_command.py:370} INFO - Running <TaskInstance: populate_crypto_values.get_crypto_values scheduled__2021-01-30T07:00:00+00:00 [running]> on host xuxon-virtual-machine
[2023-01-04 04:01:24,950] {taskinstance.py:1569} INFO - Exporting the following env vars:
AIRFLOW_CTX_DAG_OWNER=airflow
AIRFLOW_CTX_DAG_ID=populate_crypto_values
AIRFLOW_CTX_TASK_ID=get_crypto_values
AIRFLOW_CTX_EXECUTION_DATE=2021-01-30T07:00:00+00:00
AIRFLOW_CTX_TRY_NUMBER=1
AIRFLOW_CTX_DAG_RUN_ID=scheduled__2021-01-30T07:00:00+00:00
[2023-01-04 04:01:28,963] {logging_mixin.py:115} INFO - New rows have been added.
[2023-01-04 04:01:28,963] {python.py:173} INFO - Done. Returned value was: None
[2023-01-04 04:01:28,971] {taskinstance.py:1395} INFO - Marking task as SUCCESS. dag_id=populate_crypto_values, task_id=get_crypto_values, execution_date=20210130T070000, start_date=20230104T070124, end_date=20230104T070128
[2023-01-04 04:01:29,189] {local_task_job.py:156} INFO - Task exited with return code 0
[2023-01-04 04:01:29,726] {local_task_job.py:273} INFO - 0 downstream tasks scheduled from follow-on schedule check
[2023-01-04 05:18:28,831] {taskinstance.py:1159} INFO - Dependencies all met for <TaskInstance: populate_crypto_values.get_crypto_values scheduled__2021-01-30T07:00:00+00:00 [queued]>
[2023-01-04 05:18:28,859] {taskinstance.py:1159} INFO - Dependencies all met for <TaskInstance: populate_crypto_values.get_crypto_values scheduled__2021-01-30T07:00:00+00:00 [queued]>
[2023-01-04 05:18:28,859] {taskinstance.py:1356} INFO - 
--------------------------------------------------------------------------------
[2023-01-04 05:18:28,859] {taskinstance.py:1357} INFO - Starting attempt 1 of 1
[2023-01-04 05:18:28,859] {taskinstance.py:1358} INFO - 
--------------------------------------------------------------------------------
[2023-01-04 05:18:28,876] {taskinstance.py:1377} INFO - Executing <Task(PythonOperator): get_crypto_values> on 2021-01-30 07:00:00+00:00
[2023-01-04 05:18:28,880] {standard_task_runner.py:52} INFO - Started process 7673 to run task
[2023-01-04 05:18:28,886] {standard_task_runner.py:79} INFO - Running: ['airflow', 'tasks', 'run', 'populate_crypto_values', 'get_crypto_values', 'scheduled__2021-01-30T07:00:00+00:00', '--job-id', '87', '--raw', '--subdir', 'DAGS_FOLDER/populate_crypto_values.py', '--cfg-path', '/tmp/tmputzgc9ax', '--error-file', '/tmp/tmpj1ear0w6']
[2023-01-04 05:18:28,887] {standard_task_runner.py:80} INFO - Job 87: Subtask get_crypto_values
[2023-01-04 05:18:28,945] {task_command.py:370} INFO - Running <TaskInstance: populate_crypto_values.get_crypto_values scheduled__2021-01-30T07:00:00+00:00 [running]> on host xuxon-virtual-machine
[2023-01-04 05:18:29,010] {taskinstance.py:1569} INFO - Exporting the following env vars:
AIRFLOW_CTX_DAG_OWNER=airflow
AIRFLOW_CTX_DAG_ID=populate_crypto_values
AIRFLOW_CTX_TASK_ID=get_crypto_values
AIRFLOW_CTX_EXECUTION_DATE=2021-01-30T07:00:00+00:00
AIRFLOW_CTX_TRY_NUMBER=1
AIRFLOW_CTX_DAG_RUN_ID=scheduled__2021-01-30T07:00:00+00:00
[2023-01-04 05:18:30,006] {logging_mixin.py:115} INFO - New rows have been added.
[2023-01-04 05:18:30,007] {python.py:173} INFO - Done. Returned value was: None
[2023-01-04 05:18:30,028] {taskinstance.py:1395} INFO - Marking task as SUCCESS. dag_id=populate_crypto_values, task_id=get_crypto_values, execution_date=20210130T070000, start_date=20230104T081828, end_date=20230104T081830
[2023-01-04 05:18:30,073] {local_task_job.py:156} INFO - Task exited with return code 0
[2023-01-04 05:18:30,115] {local_task_job.py:273} INFO - 0 downstream tasks scheduled from follow-on schedule check
