[2023-01-04 02:17:13,869] {taskinstance.py:1159} INFO - Dependencies all met for <TaskInstance: populate_crypto_values.get_crypto_values scheduled__2022-12-26T07:00:00+00:00 [queued]>
[2023-01-04 02:17:13,881] {taskinstance.py:1159} INFO - Dependencies all met for <TaskInstance: populate_crypto_values.get_crypto_values scheduled__2022-12-26T07:00:00+00:00 [queued]>
[2023-01-04 02:17:13,881] {taskinstance.py:1356} INFO - 
--------------------------------------------------------------------------------
[2023-01-04 02:17:13,881] {taskinstance.py:1357} INFO - Starting attempt 1 of 1
[2023-01-04 02:17:13,881] {taskinstance.py:1358} INFO - 
--------------------------------------------------------------------------------
[2023-01-04 02:17:13,901] {taskinstance.py:1377} INFO - Executing <Task(PythonOperator): get_crypto_values> on 2022-12-26 07:00:00+00:00
[2023-01-04 02:17:13,906] {standard_task_runner.py:52} INFO - Started process 47884 to run task
[2023-01-04 02:17:13,914] {standard_task_runner.py:79} INFO - Running: ['airflow', 'tasks', 'run', 'populate_crypto_values', 'get_crypto_values', 'scheduled__2022-12-26T07:00:00+00:00', '--job-id', '12', '--raw', '--subdir', 'DAGS_FOLDER/populate_crypto_values.py', '--cfg-path', '/tmp/tmpjvcw06de', '--error-file', '/tmp/tmpdfiqn0_c']
[2023-01-04 02:17:13,916] {standard_task_runner.py:80} INFO - Job 12: Subtask get_crypto_values
[2023-01-04 02:17:13,985] {task_command.py:370} INFO - Running <TaskInstance: populate_crypto_values.get_crypto_values scheduled__2022-12-26T07:00:00+00:00 [running]> on host xuxon-virtual-machine
[2023-01-04 02:17:14,058] {taskinstance.py:1569} INFO - Exporting the following env vars:
AIRFLOW_CTX_DAG_OWNER=airflow
AIRFLOW_CTX_DAG_ID=populate_crypto_values
AIRFLOW_CTX_TASK_ID=get_crypto_values
AIRFLOW_CTX_EXECUTION_DATE=2022-12-26T07:00:00+00:00
AIRFLOW_CTX_TRY_NUMBER=1
AIRFLOW_CTX_DAG_RUN_ID=scheduled__2022-12-26T07:00:00+00:00
[2023-01-04 02:17:15,083] {logging_mixin.py:115} INFO - New rows have been added.
[2023-01-04 02:17:15,084] {python.py:173} INFO - Done. Returned value was: None
[2023-01-04 02:17:15,101] {taskinstance.py:1395} INFO - Marking task as SUCCESS. dag_id=populate_crypto_values, task_id=get_crypto_values, execution_date=20221226T070000, start_date=20230104T051713, end_date=20230104T051715
[2023-01-04 02:17:15,136] {local_task_job.py:156} INFO - Task exited with return code 0
[2023-01-04 02:17:15,159] {local_task_job.py:273} INFO - 0 downstream tasks scheduled from follow-on schedule check
[2023-01-04 14:08:53,335] {taskinstance.py:1159} INFO - Dependencies all met for <TaskInstance: populate_crypto_values.get_crypto_values scheduled__2022-12-26T07:00:00+00:00 [queued]>
[2023-01-04 14:08:53,349] {taskinstance.py:1159} INFO - Dependencies all met for <TaskInstance: populate_crypto_values.get_crypto_values scheduled__2022-12-26T07:00:00+00:00 [queued]>
[2023-01-04 14:08:53,349] {taskinstance.py:1356} INFO - 
--------------------------------------------------------------------------------
[2023-01-04 14:08:53,349] {taskinstance.py:1357} INFO - Starting attempt 1 of 1
[2023-01-04 14:08:53,349] {taskinstance.py:1358} INFO - 
--------------------------------------------------------------------------------
[2023-01-04 14:08:53,362] {taskinstance.py:1377} INFO - Executing <Task(PythonOperator): get_crypto_values> on 2022-12-26 07:00:00+00:00
[2023-01-04 14:08:53,366] {standard_task_runner.py:52} INFO - Started process 34289 to run task
[2023-01-04 14:08:53,371] {standard_task_runner.py:79} INFO - Running: ['airflow', 'tasks', 'run', 'populate_crypto_values', 'get_crypto_values', 'scheduled__2022-12-26T07:00:00+00:00', '--job-id', '785', '--raw', '--subdir', 'DAGS_FOLDER/populate_crypto_values.py', '--cfg-path', '/tmp/tmplgel1v64', '--error-file', '/tmp/tmp9o6a4ags']
[2023-01-04 14:08:53,372] {standard_task_runner.py:80} INFO - Job 785: Subtask get_crypto_values
[2023-01-04 14:08:53,418] {task_command.py:370} INFO - Running <TaskInstance: populate_crypto_values.get_crypto_values scheduled__2022-12-26T07:00:00+00:00 [running]> on host xuxon-virtual-machine
[2023-01-04 14:08:53,480] {taskinstance.py:1569} INFO - Exporting the following env vars:
AIRFLOW_CTX_DAG_OWNER=airflow
AIRFLOW_CTX_DAG_ID=populate_crypto_values
AIRFLOW_CTX_TASK_ID=get_crypto_values
AIRFLOW_CTX_EXECUTION_DATE=2022-12-26T07:00:00+00:00
AIRFLOW_CTX_TRY_NUMBER=1
AIRFLOW_CTX_DAG_RUN_ID=scheduled__2022-12-26T07:00:00+00:00
[2023-01-04 14:08:54,492] {logging_mixin.py:115} INFO - New rows have been added.
[2023-01-04 14:08:54,493] {python.py:173} INFO - Done. Returned value was: None
[2023-01-04 14:08:54,514] {taskinstance.py:1395} INFO - Marking task as SUCCESS. dag_id=populate_crypto_values, task_id=get_crypto_values, execution_date=20221226T070000, start_date=20230104T170853, end_date=20230104T170854
[2023-01-04 14:08:54,553] {local_task_job.py:156} INFO - Task exited with return code 0
[2023-01-04 14:08:54,579] {local_task_job.py:273} INFO - 0 downstream tasks scheduled from follow-on schedule check
