[2023-01-04 05:40:11,634] {taskinstance.py:1159} INFO - Dependencies all met for <TaskInstance: populate_crypto_values.get_crypto_values scheduled__2021-04-30T07:00:00+00:00 [queued]>
[2023-01-04 05:40:11,640] {taskinstance.py:1159} INFO - Dependencies all met for <TaskInstance: populate_crypto_values.get_crypto_values scheduled__2021-04-30T07:00:00+00:00 [queued]>
[2023-01-04 05:40:11,640] {taskinstance.py:1356} INFO - 
--------------------------------------------------------------------------------
[2023-01-04 05:40:11,640] {taskinstance.py:1357} INFO - Starting attempt 1 of 1
[2023-01-04 05:40:11,640] {taskinstance.py:1358} INFO - 
--------------------------------------------------------------------------------
[2023-01-04 05:40:11,656] {taskinstance.py:1377} INFO - Executing <Task(PythonOperator): get_crypto_values> on 2021-04-30 07:00:00+00:00
[2023-01-04 05:40:11,660] {standard_task_runner.py:52} INFO - Started process 11666 to run task
[2023-01-04 05:40:11,666] {standard_task_runner.py:79} INFO - Running: ['airflow', 'tasks', 'run', 'populate_crypto_values', 'get_crypto_values', 'scheduled__2021-04-30T07:00:00+00:00', '--job-id', '177', '--raw', '--subdir', 'DAGS_FOLDER/populate_crypto_values.py', '--cfg-path', '/tmp/tmpam3pekh_', '--error-file', '/tmp/tmp3henyyhu']
[2023-01-04 05:40:11,667] {standard_task_runner.py:80} INFO - Job 177: Subtask get_crypto_values
[2023-01-04 05:40:11,723] {task_command.py:370} INFO - Running <TaskInstance: populate_crypto_values.get_crypto_values scheduled__2021-04-30T07:00:00+00:00 [running]> on host xuxon-virtual-machine
[2023-01-04 05:40:11,791] {taskinstance.py:1569} INFO - Exporting the following env vars:
AIRFLOW_CTX_DAG_OWNER=airflow
AIRFLOW_CTX_DAG_ID=populate_crypto_values
AIRFLOW_CTX_TASK_ID=get_crypto_values
AIRFLOW_CTX_EXECUTION_DATE=2021-04-30T07:00:00+00:00
AIRFLOW_CTX_TRY_NUMBER=1
AIRFLOW_CTX_DAG_RUN_ID=scheduled__2021-04-30T07:00:00+00:00
[2023-01-04 05:40:13,260] {logging_mixin.py:115} INFO - New rows have been added.
[2023-01-04 05:40:13,260] {python.py:173} INFO - Done. Returned value was: None
[2023-01-04 05:40:13,286] {taskinstance.py:1395} INFO - Marking task as SUCCESS. dag_id=populate_crypto_values, task_id=get_crypto_values, execution_date=20210430T070000, start_date=20230104T084011, end_date=20230104T084013
[2023-01-04 05:40:13,336] {local_task_job.py:156} INFO - Task exited with return code 0
[2023-01-04 05:40:13,364] {local_task_job.py:273} INFO - 0 downstream tasks scheduled from follow-on schedule check
