[2023-01-04 04:09:09,238] {taskinstance.py:1159} INFO - Dependencies all met for <TaskInstance: populate_crypto_values.get_crypto_values scheduled__2021-02-19T07:00:00+00:00 [queued]>
[2023-01-04 04:09:09,245] {taskinstance.py:1159} INFO - Dependencies all met for <TaskInstance: populate_crypto_values.get_crypto_values scheduled__2021-02-19T07:00:00+00:00 [queued]>
[2023-01-04 04:09:09,246] {taskinstance.py:1356} INFO - 
--------------------------------------------------------------------------------
[2023-01-04 04:09:09,246] {taskinstance.py:1357} INFO - Starting attempt 1 of 1
[2023-01-04 04:09:09,246] {taskinstance.py:1358} INFO - 
--------------------------------------------------------------------------------
[2023-01-04 04:09:09,279] {taskinstance.py:1377} INFO - Executing <Task(PythonOperator): get_crypto_values> on 2021-02-19 07:00:00+00:00
[2023-01-04 04:09:09,285] {standard_task_runner.py:52} INFO - Started process 61287 to run task
[2023-01-04 04:09:09,294] {standard_task_runner.py:79} INFO - Running: ['airflow', 'tasks', 'run', 'populate_crypto_values', 'get_crypto_values', 'scheduled__2021-02-19T07:00:00+00:00', '--job-id', '78', '--raw', '--subdir', 'DAGS_FOLDER/populate_crypto_values.py', '--cfg-path', '/tmp/tmpjptv5cfc', '--error-file', '/tmp/tmp2ttf43qd']
[2023-01-04 04:09:09,295] {standard_task_runner.py:80} INFO - Job 78: Subtask get_crypto_values
[2023-01-04 04:09:09,359] {task_command.py:370} INFO - Running <TaskInstance: populate_crypto_values.get_crypto_values scheduled__2021-02-19T07:00:00+00:00 [running]> on host xuxon-virtual-machine
[2023-01-04 04:09:09,491] {taskinstance.py:1569} INFO - Exporting the following env vars:
AIRFLOW_CTX_DAG_OWNER=airflow
AIRFLOW_CTX_DAG_ID=populate_crypto_values
AIRFLOW_CTX_TASK_ID=get_crypto_values
AIRFLOW_CTX_EXECUTION_DATE=2021-02-19T07:00:00+00:00
AIRFLOW_CTX_TRY_NUMBER=1
AIRFLOW_CTX_DAG_RUN_ID=scheduled__2021-02-19T07:00:00+00:00
[2023-01-04 04:09:10,640] {taskinstance.py:1889} ERROR - Task failed with exception
Traceback (most recent call last):
  File "/home/xuxon/Documents/airflow_case/venv/lib/python3.8/site-packages/airflow/operators/python.py", line 171, in execute
    return_value = self.execute_callable()
  File "/home/xuxon/Documents/airflow_case/venv/lib/python3.8/site-packages/airflow/operators/python.py", line 189, in execute_callable
    return self.python_callable(*self.op_args, **self.op_kwargs)
  File "/home/xuxon/Documents/airflow_case/dags/populate_crypto_values.py", line 79, in get_crypto_values_func
    errors = client.insert_rows_json('data-case-study-322621.renan.crypto_currency', price_dict_list)
  File "/home/xuxon/Documents/airflow_case/venv/lib/python3.8/site-packages/google/cloud/bigquery/client.py", line 3666, in insert_rows_json
    response = self._call_api(
  File "/home/xuxon/Documents/airflow_case/venv/lib/python3.8/site-packages/google/cloud/bigquery/client.py", line 789, in _call_api
    return call()
  File "/home/xuxon/Documents/airflow_case/venv/lib/python3.8/site-packages/google/api_core/retry.py", line 349, in retry_wrapped_func
    return retry_target(
  File "/home/xuxon/Documents/airflow_case/venv/lib/python3.8/site-packages/google/api_core/retry.py", line 191, in retry_target
    return target()
  File "/home/xuxon/Documents/airflow_case/venv/lib/python3.8/site-packages/google/cloud/_http/__init__.py", line 494, in api_request
    raise exceptions.from_http_response(response)
google.api_core.exceptions.NotFound: 404 POST https://bigquery.googleapis.com/bigquery/v2/projects/data-case-study-322621/datasets/renan/tables/crypto_currency/insertAll?prettyPrint=false: Table 21710011226:renan.crypto_currency not found.
[2023-01-04 04:09:10,678] {taskinstance.py:1395} INFO - Marking task as FAILED. dag_id=populate_crypto_values, task_id=get_crypto_values, execution_date=20210219T070000, start_date=20230104T070909, end_date=20230104T070910
[2023-01-04 04:09:10,689] {standard_task_runner.py:92} ERROR - Failed to execute job 78 for task get_crypto_values (404 POST https://bigquery.googleapis.com/bigquery/v2/projects/data-case-study-322621/datasets/renan/tables/crypto_currency/insertAll?prettyPrint=false: Table 21710011226:renan.crypto_currency not found.; 61287)
[2023-01-04 04:09:10,706] {local_task_job.py:156} INFO - Task exited with return code 1
[2023-01-04 04:09:10,729] {local_task_job.py:273} INFO - 0 downstream tasks scheduled from follow-on schedule check
[2023-01-04 05:23:54,736] {taskinstance.py:1159} INFO - Dependencies all met for <TaskInstance: populate_crypto_values.get_crypto_values scheduled__2021-02-19T07:00:00+00:00 [queued]>
[2023-01-04 05:23:54,769] {taskinstance.py:1159} INFO - Dependencies all met for <TaskInstance: populate_crypto_values.get_crypto_values scheduled__2021-02-19T07:00:00+00:00 [queued]>
[2023-01-04 05:23:54,769] {taskinstance.py:1356} INFO - 
--------------------------------------------------------------------------------
[2023-01-04 05:23:54,769] {taskinstance.py:1357} INFO - Starting attempt 1 of 1
[2023-01-04 05:23:54,769] {taskinstance.py:1358} INFO - 
--------------------------------------------------------------------------------
[2023-01-04 05:23:54,783] {taskinstance.py:1377} INFO - Executing <Task(PythonOperator): get_crypto_values> on 2021-02-19 07:00:00+00:00
[2023-01-04 05:23:54,788] {standard_task_runner.py:52} INFO - Started process 8629 to run task
[2023-01-04 05:23:54,794] {standard_task_runner.py:79} INFO - Running: ['airflow', 'tasks', 'run', 'populate_crypto_values', 'get_crypto_values', 'scheduled__2021-02-19T07:00:00+00:00', '--job-id', '107', '--raw', '--subdir', 'DAGS_FOLDER/populate_crypto_values.py', '--cfg-path', '/tmp/tmpl02v11_5', '--error-file', '/tmp/tmpftx453hs']
[2023-01-04 05:23:54,796] {standard_task_runner.py:80} INFO - Job 107: Subtask get_crypto_values
[2023-01-04 05:23:54,865] {task_command.py:370} INFO - Running <TaskInstance: populate_crypto_values.get_crypto_values scheduled__2021-02-19T07:00:00+00:00 [running]> on host xuxon-virtual-machine
[2023-01-04 05:23:54,945] {taskinstance.py:1569} INFO - Exporting the following env vars:
AIRFLOW_CTX_DAG_OWNER=airflow
AIRFLOW_CTX_DAG_ID=populate_crypto_values
AIRFLOW_CTX_TASK_ID=get_crypto_values
AIRFLOW_CTX_EXECUTION_DATE=2021-02-19T07:00:00+00:00
AIRFLOW_CTX_TRY_NUMBER=1
AIRFLOW_CTX_DAG_RUN_ID=scheduled__2021-02-19T07:00:00+00:00
[2023-01-04 05:23:55,982] {logging_mixin.py:115} INFO - New rows have been added.
[2023-01-04 05:23:55,982] {python.py:173} INFO - Done. Returned value was: None
[2023-01-04 05:23:55,990] {taskinstance.py:1395} INFO - Marking task as SUCCESS. dag_id=populate_crypto_values, task_id=get_crypto_values, execution_date=20210219T070000, start_date=20230104T082354, end_date=20230104T082355
[2023-01-04 05:23:56,060] {local_task_job.py:156} INFO - Task exited with return code 0
[2023-01-04 05:23:56,082] {local_task_job.py:273} INFO - 0 downstream tasks scheduled from follow-on schedule check
