[2023-01-04 02:17:04,066] {taskinstance.py:1159} INFO - Dependencies all met for <TaskInstance: populate_crypto_values.get_crypto_values scheduled__2022-12-24T07:00:00+00:00 [queued]>
[2023-01-04 02:17:04,076] {taskinstance.py:1159} INFO - Dependencies all met for <TaskInstance: populate_crypto_values.get_crypto_values scheduled__2022-12-24T07:00:00+00:00 [queued]>
[2023-01-04 02:17:04,077] {taskinstance.py:1356} INFO - 
--------------------------------------------------------------------------------
[2023-01-04 02:17:04,077] {taskinstance.py:1357} INFO - Starting attempt 1 of 1
[2023-01-04 02:17:04,077] {taskinstance.py:1358} INFO - 
--------------------------------------------------------------------------------
[2023-01-04 02:17:04,094] {taskinstance.py:1377} INFO - Executing <Task(PythonOperator): get_crypto_values> on 2022-12-24 07:00:00+00:00
[2023-01-04 02:17:04,098] {standard_task_runner.py:52} INFO - Started process 47862 to run task
[2023-01-04 02:17:04,104] {standard_task_runner.py:79} INFO - Running: ['airflow', 'tasks', 'run', 'populate_crypto_values', 'get_crypto_values', 'scheduled__2022-12-24T07:00:00+00:00', '--job-id', '10', '--raw', '--subdir', 'DAGS_FOLDER/populate_crypto_values.py', '--cfg-path', '/tmp/tmp184vo0i7', '--error-file', '/tmp/tmp5wwdinil']
[2023-01-04 02:17:04,106] {standard_task_runner.py:80} INFO - Job 10: Subtask get_crypto_values
[2023-01-04 02:17:04,187] {task_command.py:370} INFO - Running <TaskInstance: populate_crypto_values.get_crypto_values scheduled__2022-12-24T07:00:00+00:00 [running]> on host xuxon-virtual-machine
[2023-01-04 02:17:04,249] {taskinstance.py:1569} INFO - Exporting the following env vars:
AIRFLOW_CTX_DAG_OWNER=airflow
AIRFLOW_CTX_DAG_ID=populate_crypto_values
AIRFLOW_CTX_TASK_ID=get_crypto_values
AIRFLOW_CTX_EXECUTION_DATE=2022-12-24T07:00:00+00:00
AIRFLOW_CTX_TRY_NUMBER=1
AIRFLOW_CTX_DAG_RUN_ID=scheduled__2022-12-24T07:00:00+00:00
[2023-01-04 02:17:05,774] {logging_mixin.py:115} INFO - New rows have been added.
[2023-01-04 02:17:05,774] {python.py:173} INFO - Done. Returned value was: None
[2023-01-04 02:17:05,791] {taskinstance.py:1395} INFO - Marking task as SUCCESS. dag_id=populate_crypto_values, task_id=get_crypto_values, execution_date=20221224T070000, start_date=20230104T051704, end_date=20230104T051705
[2023-01-04 02:17:05,824] {local_task_job.py:156} INFO - Task exited with return code 0
[2023-01-04 02:17:05,848] {local_task_job.py:273} INFO - 0 downstream tasks scheduled from follow-on schedule check
[2023-01-04 14:08:44,831] {taskinstance.py:1159} INFO - Dependencies all met for <TaskInstance: populate_crypto_values.get_crypto_values scheduled__2022-12-24T07:00:00+00:00 [queued]>
[2023-01-04 14:08:44,873] {taskinstance.py:1159} INFO - Dependencies all met for <TaskInstance: populate_crypto_values.get_crypto_values scheduled__2022-12-24T07:00:00+00:00 [queued]>
[2023-01-04 14:08:44,873] {taskinstance.py:1356} INFO - 
--------------------------------------------------------------------------------
[2023-01-04 14:08:44,873] {taskinstance.py:1357} INFO - Starting attempt 1 of 1
[2023-01-04 14:08:44,873] {taskinstance.py:1358} INFO - 
--------------------------------------------------------------------------------
[2023-01-04 14:08:44,884] {taskinstance.py:1377} INFO - Executing <Task(PythonOperator): get_crypto_values> on 2022-12-24 07:00:00+00:00
[2023-01-04 14:08:44,888] {standard_task_runner.py:52} INFO - Started process 34275 to run task
[2023-01-04 14:08:44,893] {standard_task_runner.py:79} INFO - Running: ['airflow', 'tasks', 'run', 'populate_crypto_values', 'get_crypto_values', 'scheduled__2022-12-24T07:00:00+00:00', '--job-id', '783', '--raw', '--subdir', 'DAGS_FOLDER/populate_crypto_values.py', '--cfg-path', '/tmp/tmpyn9ysn0k', '--error-file', '/tmp/tmp3k5706ok']
[2023-01-04 14:08:44,894] {standard_task_runner.py:80} INFO - Job 783: Subtask get_crypto_values
[2023-01-04 14:08:44,947] {task_command.py:370} INFO - Running <TaskInstance: populate_crypto_values.get_crypto_values scheduled__2022-12-24T07:00:00+00:00 [running]> on host xuxon-virtual-machine
[2023-01-04 14:08:45,008] {taskinstance.py:1569} INFO - Exporting the following env vars:
AIRFLOW_CTX_DAG_OWNER=airflow
AIRFLOW_CTX_DAG_ID=populate_crypto_values
AIRFLOW_CTX_TASK_ID=get_crypto_values
AIRFLOW_CTX_EXECUTION_DATE=2022-12-24T07:00:00+00:00
AIRFLOW_CTX_TRY_NUMBER=1
AIRFLOW_CTX_DAG_RUN_ID=scheduled__2022-12-24T07:00:00+00:00
[2023-01-04 14:08:45,988] {logging_mixin.py:115} INFO - New rows have been added.
[2023-01-04 14:08:45,988] {python.py:173} INFO - Done. Returned value was: None
[2023-01-04 14:08:46,009] {taskinstance.py:1395} INFO - Marking task as SUCCESS. dag_id=populate_crypto_values, task_id=get_crypto_values, execution_date=20221224T070000, start_date=20230104T170844, end_date=20230104T170846
[2023-01-04 14:08:46,050] {local_task_job.py:156} INFO - Task exited with return code 0
[2023-01-04 14:08:46,069] {local_task_job.py:273} INFO - 0 downstream tasks scheduled from follow-on schedule check
