[2023-01-04 12:38:45,298] {taskinstance.py:1159} INFO - Dependencies all met for <TaskInstance: populate_crypto_values.get_crypto_values scheduled__2021-12-24T07:00:00+00:00 [queued]>
[2023-01-04 12:38:45,305] {taskinstance.py:1159} INFO - Dependencies all met for <TaskInstance: populate_crypto_values.get_crypto_values scheduled__2021-12-24T07:00:00+00:00 [queued]>
[2023-01-04 12:38:45,305] {taskinstance.py:1356} INFO - 
--------------------------------------------------------------------------------
[2023-01-04 12:38:45,305] {taskinstance.py:1357} INFO - Starting attempt 1 of 1
[2023-01-04 12:38:45,305] {taskinstance.py:1358} INFO - 
--------------------------------------------------------------------------------
[2023-01-04 12:38:45,316] {taskinstance.py:1377} INFO - Executing <Task(PythonOperator): get_crypto_values> on 2021-12-24 07:00:00+00:00
[2023-01-04 12:38:45,320] {standard_task_runner.py:52} INFO - Started process 24600 to run task
[2023-01-04 12:38:45,325] {standard_task_runner.py:79} INFO - Running: ['airflow', 'tasks', 'run', 'populate_crypto_values', 'get_crypto_values', 'scheduled__2021-12-24T07:00:00+00:00', '--job-id', '418', '--raw', '--subdir', 'DAGS_FOLDER/populate_crypto_values.py', '--cfg-path', '/tmp/tmpbzp2x57i', '--error-file', '/tmp/tmpulcbfwbl']
[2023-01-04 12:38:45,326] {standard_task_runner.py:80} INFO - Job 418: Subtask get_crypto_values
[2023-01-04 12:38:45,375] {task_command.py:370} INFO - Running <TaskInstance: populate_crypto_values.get_crypto_values scheduled__2021-12-24T07:00:00+00:00 [running]> on host xuxon-virtual-machine
[2023-01-04 12:38:45,449] {taskinstance.py:1569} INFO - Exporting the following env vars:
AIRFLOW_CTX_DAG_OWNER=airflow
AIRFLOW_CTX_DAG_ID=populate_crypto_values
AIRFLOW_CTX_TASK_ID=get_crypto_values
AIRFLOW_CTX_EXECUTION_DATE=2021-12-24T07:00:00+00:00
AIRFLOW_CTX_TRY_NUMBER=1
AIRFLOW_CTX_DAG_RUN_ID=scheduled__2021-12-24T07:00:00+00:00
[2023-01-04 12:38:45,547] {logging_mixin.py:115} INFO - Attempt 1 to get the crypto values has failed. The api status was 429
[2023-01-04 12:38:45,548] {logging_mixin.py:115} INFO - The api response was {"status":{"error_code":429,"error_message":"You've exceeded the Rate Limit. Please visit https://www.coingecko.com/en/api/pricing to subscribe to our API plans for higher rate limits."}}
[2023-01-04 12:39:00,683] {logging_mixin.py:115} INFO - Attempt 2 to get the crypto values has failed. The api status was 429
[2023-01-04 12:39:00,683] {logging_mixin.py:115} INFO - The api response was {"status":{"error_code":429,"error_message":"You've exceeded the Rate Limit. Please visit https://www.coingecko.com/en/api/pricing to subscribe to our API plans for higher rate limits."}}
[2023-01-04 12:39:15,831] {logging_mixin.py:115} INFO - Attempt 3 to get the crypto values has failed. The api status was 429
[2023-01-04 12:39:15,832] {logging_mixin.py:115} INFO - The api response was {"status":{"error_code":429,"error_message":"You've exceeded the Rate Limit. Please visit https://www.coingecko.com/en/api/pricing to subscribe to our API plans for higher rate limits."}}
[2023-01-04 12:39:30,950] {logging_mixin.py:115} INFO - Attempt 4 to get the crypto values has failed. The api status was 429
[2023-01-04 12:39:30,951] {logging_mixin.py:115} INFO - The api response was {"status":{"error_code":429,"error_message":"You've exceeded the Rate Limit. Please visit https://www.coingecko.com/en/api/pricing to subscribe to our API plans for higher rate limits."}}
[2023-01-04 12:39:46,076] {logging_mixin.py:115} INFO - Attempt 5 to get the crypto values has failed. The api status was 429
[2023-01-04 12:39:46,076] {logging_mixin.py:115} INFO - The api response was {"status":{"error_code":429,"error_message":"You've exceeded the Rate Limit. Please visit https://www.coingecko.com/en/api/pricing to subscribe to our API plans for higher rate limits."}}
[2023-01-04 12:40:01,194] {logging_mixin.py:115} INFO - Attempt 6 to get the crypto values has failed. The api status was 429
[2023-01-04 12:40:01,196] {logging_mixin.py:115} INFO - The api response was {"status":{"error_code":429,"error_message":"You've exceeded the Rate Limit. Please visit https://www.coingecko.com/en/api/pricing to subscribe to our API plans for higher rate limits."}}
[2023-01-04 12:40:16,339] {logging_mixin.py:115} INFO - Attempt 7 to get the crypto values has failed. The api status was 429
[2023-01-04 12:40:16,340] {logging_mixin.py:115} INFO - The api response was {"status":{"error_code":429,"error_message":"You've exceeded the Rate Limit. Please visit https://www.coingecko.com/en/api/pricing to subscribe to our API plans for higher rate limits."}}
[2023-01-04 12:40:31,471] {logging_mixin.py:115} INFO - Attempt 8 to get the crypto values has failed. The api status was 429
[2023-01-04 12:40:31,473] {logging_mixin.py:115} INFO - The api response was {"status":{"error_code":429,"error_message":"You've exceeded the Rate Limit. Please visit https://www.coingecko.com/en/api/pricing to subscribe to our API plans for higher rate limits."}}
[2023-01-04 12:40:48,024] {logging_mixin.py:115} INFO - New rows have been added.
[2023-01-04 12:40:48,024] {python.py:173} INFO - Done. Returned value was: None
[2023-01-04 12:40:48,045] {taskinstance.py:1395} INFO - Marking task as SUCCESS. dag_id=populate_crypto_values, task_id=get_crypto_values, execution_date=20211224T070000, start_date=20230104T153845, end_date=20230104T154048
[2023-01-04 12:40:48,120] {local_task_job.py:156} INFO - Task exited with return code 0
[2023-01-04 12:40:48,154] {local_task_job.py:273} INFO - 0 downstream tasks scheduled from follow-on schedule check
