[2023-01-04 03:47:15,463] {taskinstance.py:1159} INFO - Dependencies all met for <TaskInstance: populate_crypto_values.get_crypto_values scheduled__2021-01-11T07:00:00+00:00 [queued]>
[2023-01-04 03:47:15,471] {taskinstance.py:1159} INFO - Dependencies all met for <TaskInstance: populate_crypto_values.get_crypto_values scheduled__2021-01-11T07:00:00+00:00 [queued]>
[2023-01-04 03:47:15,471] {taskinstance.py:1356} INFO - 
--------------------------------------------------------------------------------
[2023-01-04 03:47:15,472] {taskinstance.py:1357} INFO - Starting attempt 1 of 1
[2023-01-04 03:47:15,472] {taskinstance.py:1358} INFO - 
--------------------------------------------------------------------------------
[2023-01-04 03:47:15,494] {taskinstance.py:1377} INFO - Executing <Task(PythonOperator): get_crypto_values> on 2021-01-11 07:00:00+00:00
[2023-01-04 03:47:15,499] {standard_task_runner.py:52} INFO - Started process 58454 to run task
[2023-01-04 03:47:15,506] {standard_task_runner.py:79} INFO - Running: ['airflow', 'tasks', 'run', 'populate_crypto_values', 'get_crypto_values', 'scheduled__2021-01-11T07:00:00+00:00', '--job-id', '39', '--raw', '--subdir', 'DAGS_FOLDER/populate_crypto_values.py', '--cfg-path', '/tmp/tmp1i37b9ig', '--error-file', '/tmp/tmpw39fx7y7']
[2023-01-04 03:47:15,507] {standard_task_runner.py:80} INFO - Job 39: Subtask get_crypto_values
[2023-01-04 03:47:15,574] {task_command.py:370} INFO - Running <TaskInstance: populate_crypto_values.get_crypto_values scheduled__2021-01-11T07:00:00+00:00 [running]> on host xuxon-virtual-machine
[2023-01-04 03:47:15,637] {taskinstance.py:1569} INFO - Exporting the following env vars:
AIRFLOW_CTX_DAG_OWNER=airflow
AIRFLOW_CTX_DAG_ID=populate_crypto_values
AIRFLOW_CTX_TASK_ID=get_crypto_values
AIRFLOW_CTX_EXECUTION_DATE=2021-01-11T07:00:00+00:00
AIRFLOW_CTX_TRY_NUMBER=1
AIRFLOW_CTX_DAG_RUN_ID=scheduled__2021-01-11T07:00:00+00:00
[2023-01-04 03:47:16,696] {logging_mixin.py:115} INFO - New rows have been added.
[2023-01-04 03:47:16,696] {python.py:173} INFO - Done. Returned value was: None
[2023-01-04 03:47:16,710] {taskinstance.py:1395} INFO - Marking task as SUCCESS. dag_id=populate_crypto_values, task_id=get_crypto_values, execution_date=20210111T070000, start_date=20230104T064715, end_date=20230104T064716
[2023-01-04 03:47:16,743] {local_task_job.py:156} INFO - Task exited with return code 0
[2023-01-04 03:47:16,767] {local_task_job.py:273} INFO - 0 downstream tasks scheduled from follow-on schedule check
[2023-01-04 04:12:33,545] {taskinstance.py:1159} INFO - Dependencies all met for <TaskInstance: populate_crypto_values.get_crypto_values scheduled__2021-01-11T07:00:00+00:00 [queued]>
[2023-01-04 04:12:33,563] {taskinstance.py:1159} INFO - Dependencies all met for <TaskInstance: populate_crypto_values.get_crypto_values scheduled__2021-01-11T07:00:00+00:00 [queued]>
[2023-01-04 04:12:33,563] {taskinstance.py:1356} INFO - 
--------------------------------------------------------------------------------
[2023-01-04 04:12:33,563] {taskinstance.py:1357} INFO - Starting attempt 1 of 1
[2023-01-04 04:12:33,563] {taskinstance.py:1358} INFO - 
--------------------------------------------------------------------------------
[2023-01-04 04:12:33,587] {taskinstance.py:1377} INFO - Executing <Task(PythonOperator): get_crypto_values> on 2021-01-11 07:00:00+00:00
[2023-01-04 04:12:33,591] {standard_task_runner.py:52} INFO - Started process 62489 to run task
[2023-01-04 04:12:33,597] {standard_task_runner.py:79} INFO - Running: ['airflow', 'tasks', 'run', 'populate_crypto_values', 'get_crypto_values', 'scheduled__2021-01-11T07:00:00+00:00', '--job-id', '39', '--raw', '--subdir', 'DAGS_FOLDER/populate_crypto_values.py', '--cfg-path', '/tmp/tmp07jounwo', '--error-file', '/tmp/tmpe6nckvbz']
[2023-01-04 04:12:33,598] {standard_task_runner.py:80} INFO - Job 39: Subtask get_crypto_values
[2023-01-04 04:12:33,670] {task_command.py:370} INFO - Running <TaskInstance: populate_crypto_values.get_crypto_values scheduled__2021-01-11T07:00:00+00:00 [running]> on host xuxon-virtual-machine
[2023-01-04 04:12:33,733] {taskinstance.py:1569} INFO - Exporting the following env vars:
AIRFLOW_CTX_DAG_OWNER=airflow
AIRFLOW_CTX_DAG_ID=populate_crypto_values
AIRFLOW_CTX_TASK_ID=get_crypto_values
AIRFLOW_CTX_EXECUTION_DATE=2021-01-11T07:00:00+00:00
AIRFLOW_CTX_TRY_NUMBER=1
AIRFLOW_CTX_DAG_RUN_ID=scheduled__2021-01-11T07:00:00+00:00
[2023-01-04 04:12:35,620] {logging_mixin.py:115} INFO - Encountered errors while inserting rows: [{'index': 0, 'errors': [{'reason': 'invalid', 'location': 'snapshot_date', 'debugInfo': '', 'message': "Invalid date: '12-01-2021'"}]}, {'index': 1, 'errors': [{'reason': 'invalid', 'location': 'snapshot_date', 'debugInfo': '', 'message': "Invalid date: '12-01-2021'"}]}]
[2023-01-04 04:12:35,620] {python.py:173} INFO - Done. Returned value was: None
[2023-01-04 04:12:35,632] {taskinstance.py:1395} INFO - Marking task as SUCCESS. dag_id=populate_crypto_values, task_id=get_crypto_values, execution_date=20210111T070000, start_date=20230104T071233, end_date=20230104T071235
[2023-01-04 04:12:35,671] {local_task_job.py:156} INFO - Task exited with return code 0
[2023-01-04 04:12:35,698] {local_task_job.py:273} INFO - 0 downstream tasks scheduled from follow-on schedule check
[2023-01-04 05:13:38,615] {taskinstance.py:1159} INFO - Dependencies all met for <TaskInstance: populate_crypto_values.get_crypto_values scheduled__2021-01-11T07:00:00+00:00 [queued]>
[2023-01-04 05:13:38,685] {taskinstance.py:1159} INFO - Dependencies all met for <TaskInstance: populate_crypto_values.get_crypto_values scheduled__2021-01-11T07:00:00+00:00 [queued]>
[2023-01-04 05:13:38,685] {taskinstance.py:1356} INFO - 
--------------------------------------------------------------------------------
[2023-01-04 05:13:38,686] {taskinstance.py:1357} INFO - Starting attempt 1 of 1
[2023-01-04 05:13:38,686] {taskinstance.py:1358} INFO - 
--------------------------------------------------------------------------------
[2023-01-04 05:13:38,768] {taskinstance.py:1377} INFO - Executing <Task(PythonOperator): get_crypto_values> on 2021-01-11 07:00:00+00:00
[2023-01-04 05:13:38,780] {standard_task_runner.py:52} INFO - Started process 6892 to run task
[2023-01-04 05:13:38,966] {standard_task_runner.py:79} INFO - Running: ['airflow', 'tasks', 'run', 'populate_crypto_values', 'get_crypto_values', 'scheduled__2021-01-11T07:00:00+00:00', '--job-id', '68', '--raw', '--subdir', 'DAGS_FOLDER/populate_crypto_values.py', '--cfg-path', '/tmp/tmp_talz629', '--error-file', '/tmp/tmpw67jwjub']
[2023-01-04 05:13:38,968] {standard_task_runner.py:80} INFO - Job 68: Subtask get_crypto_values
[2023-01-04 05:14:10,457] {task_command.py:370} INFO - Running <TaskInstance: populate_crypto_values.get_crypto_values scheduled__2021-01-11T07:00:00+00:00 [running]> on host xuxon-virtual-machine
[2023-01-04 05:14:21,785] {taskinstance.py:1569} INFO - Exporting the following env vars:
AIRFLOW_CTX_DAG_OWNER=airflow
AIRFLOW_CTX_DAG_ID=populate_crypto_values
AIRFLOW_CTX_TASK_ID=get_crypto_values
AIRFLOW_CTX_EXECUTION_DATE=2021-01-11T07:00:00+00:00
AIRFLOW_CTX_TRY_NUMBER=1
AIRFLOW_CTX_DAG_RUN_ID=scheduled__2021-01-11T07:00:00+00:00
[2023-01-04 05:14:59,292] {logging_mixin.py:115} INFO - New rows have been added.
[2023-01-04 05:14:59,294] {python.py:173} INFO - Done. Returned value was: None
[2023-01-04 05:14:59,304] {taskinstance.py:1395} INFO - Marking task as SUCCESS. dag_id=populate_crypto_values, task_id=get_crypto_values, execution_date=20210111T070000, start_date=20230104T081338, end_date=20230104T081459
[2023-01-04 05:14:59,350] {local_task_job.py:156} INFO - Task exited with return code 0
[2023-01-04 05:14:59,365] {local_task_job.py:273} INFO - 0 downstream tasks scheduled from follow-on schedule check
