[2023-01-04 13:36:40,638] {taskinstance.py:1159} INFO - Dependencies all met for <TaskInstance: populate_crypto_values.get_crypto_values scheduled__2022-08-14T07:00:00+00:00 [queued]>
[2023-01-04 13:36:40,645] {taskinstance.py:1159} INFO - Dependencies all met for <TaskInstance: populate_crypto_values.get_crypto_values scheduled__2022-08-14T07:00:00+00:00 [queued]>
[2023-01-04 13:36:40,645] {taskinstance.py:1356} INFO - 
--------------------------------------------------------------------------------
[2023-01-04 13:36:40,645] {taskinstance.py:1357} INFO - Starting attempt 1 of 1
[2023-01-04 13:36:40,645] {taskinstance.py:1358} INFO - 
--------------------------------------------------------------------------------
[2023-01-04 13:36:40,658] {taskinstance.py:1377} INFO - Executing <Task(PythonOperator): get_crypto_values> on 2022-08-14 07:00:00+00:00
[2023-01-04 13:36:40,662] {standard_task_runner.py:52} INFO - Started process 30818 to run task
[2023-01-04 13:36:40,667] {standard_task_runner.py:79} INFO - Running: ['airflow', 'tasks', 'run', 'populate_crypto_values', 'get_crypto_values', 'scheduled__2022-08-14T07:00:00+00:00', '--job-id', '651', '--raw', '--subdir', 'DAGS_FOLDER/populate_crypto_values.py', '--cfg-path', '/tmp/tmp1tj5d3g5', '--error-file', '/tmp/tmph5qhm1bm']
[2023-01-04 13:36:40,668] {standard_task_runner.py:80} INFO - Job 651: Subtask get_crypto_values
[2023-01-04 13:36:40,720] {task_command.py:370} INFO - Running <TaskInstance: populate_crypto_values.get_crypto_values scheduled__2022-08-14T07:00:00+00:00 [running]> on host xuxon-virtual-machine
[2023-01-04 13:36:40,799] {taskinstance.py:1569} INFO - Exporting the following env vars:
AIRFLOW_CTX_DAG_OWNER=airflow
AIRFLOW_CTX_DAG_ID=populate_crypto_values
AIRFLOW_CTX_TASK_ID=get_crypto_values
AIRFLOW_CTX_EXECUTION_DATE=2022-08-14T07:00:00+00:00
AIRFLOW_CTX_TRY_NUMBER=1
AIRFLOW_CTX_DAG_RUN_ID=scheduled__2022-08-14T07:00:00+00:00
[2023-01-04 13:36:40,900] {logging_mixin.py:115} INFO - Attempt 1 to get the crypto values has failed. The api status was 429
[2023-01-04 13:36:40,901] {logging_mixin.py:115} INFO - The api response was {"status":{"error_code":429,"error_message":"You've exceeded the Rate Limit. Please visit https://www.coingecko.com/en/api/pricing to subscribe to our API plans for higher rate limits."}}
[2023-01-04 13:36:56,012] {logging_mixin.py:115} INFO - Attempt 2 to get the crypto values has failed. The api status was 429
[2023-01-04 13:36:56,012] {logging_mixin.py:115} INFO - The api response was {"status":{"error_code":429,"error_message":"You've exceeded the Rate Limit. Please visit https://www.coingecko.com/en/api/pricing to subscribe to our API plans for higher rate limits."}}
[2023-01-04 13:37:11,163] {logging_mixin.py:115} INFO - Attempt 3 to get the crypto values has failed. The api status was 429
[2023-01-04 13:37:11,163] {logging_mixin.py:115} INFO - The api response was {"status":{"error_code":429,"error_message":"You've exceeded the Rate Limit. Please visit https://www.coingecko.com/en/api/pricing to subscribe to our API plans for higher rate limits."}}
[2023-01-04 13:37:26,308] {logging_mixin.py:115} INFO - Attempt 4 to get the crypto values has failed. The api status was 429
[2023-01-04 13:37:26,309] {logging_mixin.py:115} INFO - The api response was {"status":{"error_code":429,"error_message":"You've exceeded the Rate Limit. Please visit https://www.coingecko.com/en/api/pricing to subscribe to our API plans for higher rate limits."}}
[2023-01-04 13:37:41,440] {logging_mixin.py:115} INFO - Attempt 5 to get the crypto values has failed. The api status was 429
[2023-01-04 13:37:41,441] {logging_mixin.py:115} INFO - The api response was {"status":{"error_code":429,"error_message":"You've exceeded the Rate Limit. Please visit https://www.coingecko.com/en/api/pricing to subscribe to our API plans for higher rate limits."}}
[2023-01-04 13:37:56,574] {logging_mixin.py:115} INFO - Attempt 6 to get the crypto values has failed. The api status was 429
[2023-01-04 13:37:56,575] {logging_mixin.py:115} INFO - The api response was {"status":{"error_code":429,"error_message":"You've exceeded the Rate Limit. Please visit https://www.coingecko.com/en/api/pricing to subscribe to our API plans for higher rate limits."}}
[2023-01-04 13:38:11,696] {logging_mixin.py:115} INFO - Attempt 7 to get the crypto values has failed. The api status was 429
[2023-01-04 13:38:11,696] {logging_mixin.py:115} INFO - The api response was {"status":{"error_code":429,"error_message":"You've exceeded the Rate Limit. Please visit https://www.coingecko.com/en/api/pricing to subscribe to our API plans for higher rate limits."}}
[2023-01-04 13:38:26,815] {logging_mixin.py:115} INFO - Attempt 8 to get the crypto values has failed. The api status was 429
[2023-01-04 13:38:26,816] {logging_mixin.py:115} INFO - The api response was {"status":{"error_code":429,"error_message":"You've exceeded the Rate Limit. Please visit https://www.coingecko.com/en/api/pricing to subscribe to our API plans for higher rate limits."}}
[2023-01-04 13:38:42,916] {logging_mixin.py:115} INFO - New rows have been added.
[2023-01-04 13:38:42,916] {python.py:173} INFO - Done. Returned value was: None
[2023-01-04 13:38:42,948] {taskinstance.py:1395} INFO - Marking task as SUCCESS. dag_id=populate_crypto_values, task_id=get_crypto_values, execution_date=20220814T070000, start_date=20230104T163640, end_date=20230104T163842
[2023-01-04 13:38:43,021] {local_task_job.py:156} INFO - Task exited with return code 0
[2023-01-04 13:38:43,034] {local_task_job.py:273} INFO - 0 downstream tasks scheduled from follow-on schedule check
