[2023-01-04 02:17:47,154] {taskinstance.py:1159} INFO - Dependencies all met for <TaskInstance: populate_crypto_values.get_crypto_values scheduled__2023-01-01T07:00:00+00:00 [queued]>
[2023-01-04 02:17:47,163] {taskinstance.py:1159} INFO - Dependencies all met for <TaskInstance: populate_crypto_values.get_crypto_values scheduled__2023-01-01T07:00:00+00:00 [queued]>
[2023-01-04 02:17:47,164] {taskinstance.py:1356} INFO - 
--------------------------------------------------------------------------------
[2023-01-04 02:17:47,164] {taskinstance.py:1357} INFO - Starting attempt 1 of 1
[2023-01-04 02:17:47,164] {taskinstance.py:1358} INFO - 
--------------------------------------------------------------------------------
[2023-01-04 02:17:47,211] {taskinstance.py:1377} INFO - Executing <Task(PythonOperator): get_crypto_values> on 2023-01-01 07:00:00+00:00
[2023-01-04 02:17:47,216] {standard_task_runner.py:52} INFO - Started process 47926 to run task
[2023-01-04 02:17:47,223] {standard_task_runner.py:79} INFO - Running: ['airflow', 'tasks', 'run', 'populate_crypto_values', 'get_crypto_values', 'scheduled__2023-01-01T07:00:00+00:00', '--job-id', '18', '--raw', '--subdir', 'DAGS_FOLDER/populate_crypto_values.py', '--cfg-path', '/tmp/tmp9hhsp8k2', '--error-file', '/tmp/tmpg08uo6tk']
[2023-01-04 02:17:47,225] {standard_task_runner.py:80} INFO - Job 18: Subtask get_crypto_values
[2023-01-04 02:17:47,365] {task_command.py:370} INFO - Running <TaskInstance: populate_crypto_values.get_crypto_values scheduled__2023-01-01T07:00:00+00:00 [running]> on host xuxon-virtual-machine
[2023-01-04 02:17:47,442] {taskinstance.py:1569} INFO - Exporting the following env vars:
AIRFLOW_CTX_DAG_OWNER=airflow
AIRFLOW_CTX_DAG_ID=populate_crypto_values
AIRFLOW_CTX_TASK_ID=get_crypto_values
AIRFLOW_CTX_EXECUTION_DATE=2023-01-01T07:00:00+00:00
AIRFLOW_CTX_TRY_NUMBER=1
AIRFLOW_CTX_DAG_RUN_ID=scheduled__2023-01-01T07:00:00+00:00
[2023-01-04 02:17:49,708] {logging_mixin.py:115} INFO - New rows have been added.
[2023-01-04 02:17:49,709] {python.py:173} INFO - Done. Returned value was: None
[2023-01-04 02:17:49,721] {taskinstance.py:1395} INFO - Marking task as SUCCESS. dag_id=populate_crypto_values, task_id=get_crypto_values, execution_date=20230101T070000, start_date=20230104T051747, end_date=20230104T051749
[2023-01-04 02:17:49,808] {local_task_job.py:156} INFO - Task exited with return code 0
[2023-01-04 02:17:49,844] {local_task_job.py:273} INFO - 0 downstream tasks scheduled from follow-on schedule check
[2023-01-04 14:09:18,440] {taskinstance.py:1159} INFO - Dependencies all met for <TaskInstance: populate_crypto_values.get_crypto_values scheduled__2023-01-01T07:00:00+00:00 [queued]>
[2023-01-04 14:09:18,459] {taskinstance.py:1159} INFO - Dependencies all met for <TaskInstance: populate_crypto_values.get_crypto_values scheduled__2023-01-01T07:00:00+00:00 [queued]>
[2023-01-04 14:09:18,459] {taskinstance.py:1356} INFO - 
--------------------------------------------------------------------------------
[2023-01-04 14:09:18,459] {taskinstance.py:1357} INFO - Starting attempt 1 of 1
[2023-01-04 14:09:18,459] {taskinstance.py:1358} INFO - 
--------------------------------------------------------------------------------
[2023-01-04 14:09:18,470] {taskinstance.py:1377} INFO - Executing <Task(PythonOperator): get_crypto_values> on 2023-01-01 07:00:00+00:00
[2023-01-04 14:09:18,474] {standard_task_runner.py:52} INFO - Started process 34327 to run task
[2023-01-04 14:09:18,479] {standard_task_runner.py:79} INFO - Running: ['airflow', 'tasks', 'run', 'populate_crypto_values', 'get_crypto_values', 'scheduled__2023-01-01T07:00:00+00:00', '--job-id', '791', '--raw', '--subdir', 'DAGS_FOLDER/populate_crypto_values.py', '--cfg-path', '/tmp/tmp15g1kjle', '--error-file', '/tmp/tmpwxgyfui1']
[2023-01-04 14:09:18,480] {standard_task_runner.py:80} INFO - Job 791: Subtask get_crypto_values
[2023-01-04 14:09:18,529] {task_command.py:370} INFO - Running <TaskInstance: populate_crypto_values.get_crypto_values scheduled__2023-01-01T07:00:00+00:00 [running]> on host xuxon-virtual-machine
[2023-01-04 14:09:18,613] {taskinstance.py:1569} INFO - Exporting the following env vars:
AIRFLOW_CTX_DAG_OWNER=airflow
AIRFLOW_CTX_DAG_ID=populate_crypto_values
AIRFLOW_CTX_TASK_ID=get_crypto_values
AIRFLOW_CTX_EXECUTION_DATE=2023-01-01T07:00:00+00:00
AIRFLOW_CTX_TRY_NUMBER=1
AIRFLOW_CTX_DAG_RUN_ID=scheduled__2023-01-01T07:00:00+00:00
[2023-01-04 14:09:19,582] {logging_mixin.py:115} INFO - New rows have been added.
[2023-01-04 14:09:19,583] {python.py:173} INFO - Done. Returned value was: None
[2023-01-04 14:09:19,604] {taskinstance.py:1395} INFO - Marking task as SUCCESS. dag_id=populate_crypto_values, task_id=get_crypto_values, execution_date=20230101T070000, start_date=20230104T170918, end_date=20230104T170919
[2023-01-04 14:09:19,699] {local_task_job.py:156} INFO - Task exited with return code 0
[2023-01-04 14:09:19,744] {local_task_job.py:273} INFO - 0 downstream tasks scheduled from follow-on schedule check
