[2023-01-04 14:03:36,580] {taskinstance.py:1159} INFO - Dependencies all met for <TaskInstance: populate_crypto_values.get_crypto_values scheduled__2022-12-08T07:00:00+00:00 [queued]>
[2023-01-04 14:03:36,587] {taskinstance.py:1159} INFO - Dependencies all met for <TaskInstance: populate_crypto_values.get_crypto_values scheduled__2022-12-08T07:00:00+00:00 [queued]>
[2023-01-04 14:03:36,588] {taskinstance.py:1356} INFO - 
--------------------------------------------------------------------------------
[2023-01-04 14:03:36,588] {taskinstance.py:1357} INFO - Starting attempt 1 of 1
[2023-01-04 14:03:36,588] {taskinstance.py:1358} INFO - 
--------------------------------------------------------------------------------
[2023-01-04 14:03:36,624] {taskinstance.py:1377} INFO - Executing <Task(PythonOperator): get_crypto_values> on 2022-12-08 07:00:00+00:00
[2023-01-04 14:03:36,628] {standard_task_runner.py:52} INFO - Started process 33699 to run task
[2023-01-04 14:03:36,634] {standard_task_runner.py:79} INFO - Running: ['airflow', 'tasks', 'run', 'populate_crypto_values', 'get_crypto_values', 'scheduled__2022-12-08T07:00:00+00:00', '--job-id', '767', '--raw', '--subdir', 'DAGS_FOLDER/populate_crypto_values.py', '--cfg-path', '/tmp/tmpfs7fmxia', '--error-file', '/tmp/tmplxopfchp']
[2023-01-04 14:03:36,635] {standard_task_runner.py:80} INFO - Job 767: Subtask get_crypto_values
[2023-01-04 14:03:36,689] {task_command.py:370} INFO - Running <TaskInstance: populate_crypto_values.get_crypto_values scheduled__2022-12-08T07:00:00+00:00 [running]> on host xuxon-virtual-machine
[2023-01-04 14:03:36,803] {taskinstance.py:1569} INFO - Exporting the following env vars:
AIRFLOW_CTX_DAG_OWNER=airflow
AIRFLOW_CTX_DAG_ID=populate_crypto_values
AIRFLOW_CTX_TASK_ID=get_crypto_values
AIRFLOW_CTX_EXECUTION_DATE=2022-12-08T07:00:00+00:00
AIRFLOW_CTX_TRY_NUMBER=1
AIRFLOW_CTX_DAG_RUN_ID=scheduled__2022-12-08T07:00:00+00:00
[2023-01-04 14:03:36,938] {logging_mixin.py:115} INFO - Attempt 1 to get the crypto values has failed. The api status was 429
[2023-01-04 14:03:36,938] {logging_mixin.py:115} INFO - The api response was {"status":{"error_code":429,"error_message":"You've exceeded the Rate Limit. Please visit https://www.coingecko.com/en/api/pricing to subscribe to our API plans for higher rate limits."}}
[2023-01-04 14:03:52,048] {logging_mixin.py:115} INFO - Attempt 2 to get the crypto values has failed. The api status was 429
[2023-01-04 14:03:52,048] {logging_mixin.py:115} INFO - The api response was {"status":{"error_code":429,"error_message":"You've exceeded the Rate Limit. Please visit https://www.coingecko.com/en/api/pricing to subscribe to our API plans for higher rate limits."}}
[2023-01-04 14:04:07,149] {logging_mixin.py:115} INFO - Attempt 3 to get the crypto values has failed. The api status was 429
[2023-01-04 14:04:07,150] {logging_mixin.py:115} INFO - The api response was {"status":{"error_code":429,"error_message":"You've exceeded the Rate Limit. Please visit https://www.coingecko.com/en/api/pricing to subscribe to our API plans for higher rate limits."}}
[2023-01-04 14:04:22,268] {logging_mixin.py:115} INFO - Attempt 4 to get the crypto values has failed. The api status was 429
[2023-01-04 14:04:22,269] {logging_mixin.py:115} INFO - The api response was {"status":{"error_code":429,"error_message":"You've exceeded the Rate Limit. Please visit https://www.coingecko.com/en/api/pricing to subscribe to our API plans for higher rate limits."}}
[2023-01-04 14:04:37,404] {logging_mixin.py:115} INFO - Attempt 5 to get the crypto values has failed. The api status was 429
[2023-01-04 14:04:37,405] {logging_mixin.py:115} INFO - The api response was {"status":{"error_code":429,"error_message":"You've exceeded the Rate Limit. Please visit https://www.coingecko.com/en/api/pricing to subscribe to our API plans for higher rate limits."}}
[2023-01-04 14:04:52,553] {logging_mixin.py:115} INFO - Attempt 6 to get the crypto values has failed. The api status was 429
[2023-01-04 14:04:52,554] {logging_mixin.py:115} INFO - The api response was {"status":{"error_code":429,"error_message":"You've exceeded the Rate Limit. Please visit https://www.coingecko.com/en/api/pricing to subscribe to our API plans for higher rate limits."}}
[2023-01-04 14:05:07,698] {logging_mixin.py:115} INFO - Attempt 7 to get the crypto values has failed. The api status was 429
[2023-01-04 14:05:07,699] {logging_mixin.py:115} INFO - The api response was {"status":{"error_code":429,"error_message":"You've exceeded the Rate Limit. Please visit https://www.coingecko.com/en/api/pricing to subscribe to our API plans for higher rate limits."}}
[2023-01-04 14:05:22,813] {logging_mixin.py:115} INFO - Attempt 8 to get the crypto values has failed. The api status was 429
[2023-01-04 14:05:22,814] {logging_mixin.py:115} INFO - The api response was {"status":{"error_code":429,"error_message":"You've exceeded the Rate Limit. Please visit https://www.coingecko.com/en/api/pricing to subscribe to our API plans for higher rate limits."}}
[2023-01-04 14:05:39,013] {logging_mixin.py:115} INFO - New rows have been added.
[2023-01-04 14:05:39,014] {python.py:173} INFO - Done. Returned value was: None
[2023-01-04 14:05:39,035] {taskinstance.py:1395} INFO - Marking task as SUCCESS. dag_id=populate_crypto_values, task_id=get_crypto_values, execution_date=20221208T070000, start_date=20230104T170336, end_date=20230104T170539
[2023-01-04 14:05:39,095] {local_task_job.py:156} INFO - Task exited with return code 0
[2023-01-04 14:05:39,116] {local_task_job.py:273} INFO - 0 downstream tasks scheduled from follow-on schedule check
