[2023-01-04 05:40:00,668] {taskinstance.py:1159} INFO - Dependencies all met for <TaskInstance: populate_crypto_values.get_crypto_values scheduled__2021-04-28T07:00:00+00:00 [queued]>
[2023-01-04 05:40:00,674] {taskinstance.py:1159} INFO - Dependencies all met for <TaskInstance: populate_crypto_values.get_crypto_values scheduled__2021-04-28T07:00:00+00:00 [queued]>
[2023-01-04 05:40:00,674] {taskinstance.py:1356} INFO - 
--------------------------------------------------------------------------------
[2023-01-04 05:40:00,674] {taskinstance.py:1357} INFO - Starting attempt 1 of 1
[2023-01-04 05:40:00,674] {taskinstance.py:1358} INFO - 
--------------------------------------------------------------------------------
[2023-01-04 05:40:00,687] {taskinstance.py:1377} INFO - Executing <Task(PythonOperator): get_crypto_values> on 2021-04-28 07:00:00+00:00
[2023-01-04 05:40:00,692] {standard_task_runner.py:52} INFO - Started process 11613 to run task
[2023-01-04 05:40:00,697] {standard_task_runner.py:79} INFO - Running: ['airflow', 'tasks', 'run', 'populate_crypto_values', 'get_crypto_values', 'scheduled__2021-04-28T07:00:00+00:00', '--job-id', '175', '--raw', '--subdir', 'DAGS_FOLDER/populate_crypto_values.py', '--cfg-path', '/tmp/tmph65tcpk6', '--error-file', '/tmp/tmp6fn4_1x_']
[2023-01-04 05:40:00,698] {standard_task_runner.py:80} INFO - Job 175: Subtask get_crypto_values
[2023-01-04 05:40:00,751] {task_command.py:370} INFO - Running <TaskInstance: populate_crypto_values.get_crypto_values scheduled__2021-04-28T07:00:00+00:00 [running]> on host xuxon-virtual-machine
[2023-01-04 05:40:00,821] {taskinstance.py:1569} INFO - Exporting the following env vars:
AIRFLOW_CTX_DAG_OWNER=airflow
AIRFLOW_CTX_DAG_ID=populate_crypto_values
AIRFLOW_CTX_TASK_ID=get_crypto_values
AIRFLOW_CTX_EXECUTION_DATE=2021-04-28T07:00:00+00:00
AIRFLOW_CTX_TRY_NUMBER=1
AIRFLOW_CTX_DAG_RUN_ID=scheduled__2021-04-28T07:00:00+00:00
[2023-01-04 05:40:02,493] {logging_mixin.py:115} INFO - New rows have been added.
[2023-01-04 05:40:02,493] {python.py:173} INFO - Done. Returned value was: None
[2023-01-04 05:40:02,519] {taskinstance.py:1395} INFO - Marking task as SUCCESS. dag_id=populate_crypto_values, task_id=get_crypto_values, execution_date=20210428T070000, start_date=20230104T084000, end_date=20230104T084002
[2023-01-04 05:40:02,547] {local_task_job.py:156} INFO - Task exited with return code 0
[2023-01-04 05:40:02,568] {local_task_job.py:273} INFO - 0 downstream tasks scheduled from follow-on schedule check
