[2023-01-04 04:09:25,627] {taskinstance.py:1159} INFO - Dependencies all met for <TaskInstance: populate_crypto_values.get_crypto_values scheduled__2021-02-22T07:00:00+00:00 [queued]>
[2023-01-04 04:09:25,633] {taskinstance.py:1159} INFO - Dependencies all met for <TaskInstance: populate_crypto_values.get_crypto_values scheduled__2021-02-22T07:00:00+00:00 [queued]>
[2023-01-04 04:09:25,634] {taskinstance.py:1356} INFO - 
--------------------------------------------------------------------------------
[2023-01-04 04:09:25,634] {taskinstance.py:1357} INFO - Starting attempt 1 of 1
[2023-01-04 04:09:25,634] {taskinstance.py:1358} INFO - 
--------------------------------------------------------------------------------
[2023-01-04 04:09:25,667] {taskinstance.py:1377} INFO - Executing <Task(PythonOperator): get_crypto_values> on 2021-02-22 07:00:00+00:00
[2023-01-04 04:09:25,673] {standard_task_runner.py:52} INFO - Started process 61403 to run task
[2023-01-04 04:09:25,685] {standard_task_runner.py:79} INFO - Running: ['airflow', 'tasks', 'run', 'populate_crypto_values', 'get_crypto_values', 'scheduled__2021-02-22T07:00:00+00:00', '--job-id', '81', '--raw', '--subdir', 'DAGS_FOLDER/populate_crypto_values.py', '--cfg-path', '/tmp/tmp24i5eo_w', '--error-file', '/tmp/tmpodex7ta5']
[2023-01-04 04:09:25,686] {standard_task_runner.py:80} INFO - Job 81: Subtask get_crypto_values
[2023-01-04 04:09:25,802] {task_command.py:370} INFO - Running <TaskInstance: populate_crypto_values.get_crypto_values scheduled__2021-02-22T07:00:00+00:00 [running]> on host xuxon-virtual-machine
[2023-01-04 04:09:26,006] {taskinstance.py:1569} INFO - Exporting the following env vars:
AIRFLOW_CTX_DAG_OWNER=airflow
AIRFLOW_CTX_DAG_ID=populate_crypto_values
AIRFLOW_CTX_TASK_ID=get_crypto_values
AIRFLOW_CTX_EXECUTION_DATE=2021-02-22T07:00:00+00:00
AIRFLOW_CTX_TRY_NUMBER=1
AIRFLOW_CTX_DAG_RUN_ID=scheduled__2021-02-22T07:00:00+00:00
[2023-01-04 04:09:27,020] {logging_mixin.py:115} INFO - Encountered errors while inserting rows: [{'index': 0, 'errors': [{'reason': 'invalid', 'location': 'snapshot_date', 'debugInfo': '', 'message': "Invalid date: '23-02-2021'"}]}, {'index': 1, 'errors': [{'reason': 'invalid', 'location': 'snapshot_date', 'debugInfo': '', 'message': "Invalid date: '23-02-2021'"}]}]
[2023-01-04 04:09:27,020] {python.py:173} INFO - Done. Returned value was: None
[2023-01-04 04:09:27,043] {taskinstance.py:1395} INFO - Marking task as SUCCESS. dag_id=populate_crypto_values, task_id=get_crypto_values, execution_date=20210222T070000, start_date=20230104T070925, end_date=20230104T070927
[2023-01-04 04:09:27,112] {local_task_job.py:156} INFO - Task exited with return code 0
[2023-01-04 04:09:27,137] {local_task_job.py:273} INFO - 0 downstream tasks scheduled from follow-on schedule check
[2023-01-04 05:24:07,886] {taskinstance.py:1159} INFO - Dependencies all met for <TaskInstance: populate_crypto_values.get_crypto_values scheduled__2021-02-22T07:00:00+00:00 [queued]>
[2023-01-04 05:24:08,039] {taskinstance.py:1159} INFO - Dependencies all met for <TaskInstance: populate_crypto_values.get_crypto_values scheduled__2021-02-22T07:00:00+00:00 [queued]>
[2023-01-04 05:24:08,039] {taskinstance.py:1356} INFO - 
--------------------------------------------------------------------------------
[2023-01-04 05:24:08,039] {taskinstance.py:1357} INFO - Starting attempt 1 of 1
[2023-01-04 05:24:08,040] {taskinstance.py:1358} INFO - 
--------------------------------------------------------------------------------
[2023-01-04 05:24:08,058] {taskinstance.py:1377} INFO - Executing <Task(PythonOperator): get_crypto_values> on 2021-02-22 07:00:00+00:00
[2023-01-04 05:24:08,064] {standard_task_runner.py:52} INFO - Started process 8688 to run task
[2023-01-04 05:24:08,070] {standard_task_runner.py:79} INFO - Running: ['airflow', 'tasks', 'run', 'populate_crypto_values', 'get_crypto_values', 'scheduled__2021-02-22T07:00:00+00:00', '--job-id', '110', '--raw', '--subdir', 'DAGS_FOLDER/populate_crypto_values.py', '--cfg-path', '/tmp/tmps6txexmb', '--error-file', '/tmp/tmpgy0x6orb']
[2023-01-04 05:24:08,071] {standard_task_runner.py:80} INFO - Job 110: Subtask get_crypto_values
[2023-01-04 05:24:08,126] {task_command.py:370} INFO - Running <TaskInstance: populate_crypto_values.get_crypto_values scheduled__2021-02-22T07:00:00+00:00 [running]> on host xuxon-virtual-machine
[2023-01-04 05:24:08,207] {taskinstance.py:1569} INFO - Exporting the following env vars:
AIRFLOW_CTX_DAG_OWNER=airflow
AIRFLOW_CTX_DAG_ID=populate_crypto_values
AIRFLOW_CTX_TASK_ID=get_crypto_values
AIRFLOW_CTX_EXECUTION_DATE=2021-02-22T07:00:00+00:00
AIRFLOW_CTX_TRY_NUMBER=1
AIRFLOW_CTX_DAG_RUN_ID=scheduled__2021-02-22T07:00:00+00:00
[2023-01-04 05:24:09,199] {logging_mixin.py:115} INFO - New rows have been added.
[2023-01-04 05:24:09,199] {python.py:173} INFO - Done. Returned value was: None
[2023-01-04 05:24:09,206] {taskinstance.py:1395} INFO - Marking task as SUCCESS. dag_id=populate_crypto_values, task_id=get_crypto_values, execution_date=20210222T070000, start_date=20230104T082408, end_date=20230104T082409
[2023-01-04 05:24:09,255] {local_task_job.py:156} INFO - Task exited with return code 0
[2023-01-04 05:24:09,277] {local_task_job.py:273} INFO - 0 downstream tasks scheduled from follow-on schedule check
