[2023-01-04 12:43:48,183] {taskinstance.py:1159} INFO - Dependencies all met for <TaskInstance: populate_crypto_values.get_crypto_values scheduled__2022-01-07T07:00:00+00:00 [queued]>
[2023-01-04 12:43:48,190] {taskinstance.py:1159} INFO - Dependencies all met for <TaskInstance: populate_crypto_values.get_crypto_values scheduled__2022-01-07T07:00:00+00:00 [queued]>
[2023-01-04 12:43:48,190] {taskinstance.py:1356} INFO - 
--------------------------------------------------------------------------------
[2023-01-04 12:43:48,190] {taskinstance.py:1357} INFO - Starting attempt 1 of 1
[2023-01-04 12:43:48,190] {taskinstance.py:1358} INFO - 
--------------------------------------------------------------------------------
[2023-01-04 12:43:48,204] {taskinstance.py:1377} INFO - Executing <Task(PythonOperator): get_crypto_values> on 2022-01-07 07:00:00+00:00
[2023-01-04 12:43:48,209] {standard_task_runner.py:52} INFO - Started process 25170 to run task
[2023-01-04 12:43:48,216] {standard_task_runner.py:79} INFO - Running: ['airflow', 'tasks', 'run', 'populate_crypto_values', 'get_crypto_values', 'scheduled__2022-01-07T07:00:00+00:00', '--job-id', '432', '--raw', '--subdir', 'DAGS_FOLDER/populate_crypto_values.py', '--cfg-path', '/tmp/tmpmpzfx91i', '--error-file', '/tmp/tmpgr0k2t51']
[2023-01-04 12:43:48,217] {standard_task_runner.py:80} INFO - Job 432: Subtask get_crypto_values
[2023-01-04 12:43:48,280] {task_command.py:370} INFO - Running <TaskInstance: populate_crypto_values.get_crypto_values scheduled__2022-01-07T07:00:00+00:00 [running]> on host xuxon-virtual-machine
[2023-01-04 12:43:48,362] {taskinstance.py:1569} INFO - Exporting the following env vars:
AIRFLOW_CTX_DAG_OWNER=airflow
AIRFLOW_CTX_DAG_ID=populate_crypto_values
AIRFLOW_CTX_TASK_ID=get_crypto_values
AIRFLOW_CTX_EXECUTION_DATE=2022-01-07T07:00:00+00:00
AIRFLOW_CTX_TRY_NUMBER=1
AIRFLOW_CTX_DAG_RUN_ID=scheduled__2022-01-07T07:00:00+00:00
[2023-01-04 12:43:49,932] {logging_mixin.py:115} INFO - New rows have been added.
[2023-01-04 12:43:49,933] {python.py:173} INFO - Done. Returned value was: None
[2023-01-04 12:43:49,948] {taskinstance.py:1395} INFO - Marking task as SUCCESS. dag_id=populate_crypto_values, task_id=get_crypto_values, execution_date=20220107T070000, start_date=20230104T154348, end_date=20230104T154349
[2023-01-04 12:43:50,013] {local_task_job.py:156} INFO - Task exited with return code 0
[2023-01-04 12:43:50,041] {local_task_job.py:273} INFO - 0 downstream tasks scheduled from follow-on schedule check
