[2023-01-04 05:52:04,269] {taskinstance.py:1159} INFO - Dependencies all met for <TaskInstance: populate_crypto_values.get_crypto_values scheduled__2021-06-22T07:00:00+00:00 [queued]>
[2023-01-04 05:52:04,276] {taskinstance.py:1159} INFO - Dependencies all met for <TaskInstance: populate_crypto_values.get_crypto_values scheduled__2021-06-22T07:00:00+00:00 [queued]>
[2023-01-04 05:52:04,276] {taskinstance.py:1356} INFO - 
--------------------------------------------------------------------------------
[2023-01-04 05:52:04,276] {taskinstance.py:1357} INFO - Starting attempt 1 of 1
[2023-01-04 05:52:04,276] {taskinstance.py:1358} INFO - 
--------------------------------------------------------------------------------
[2023-01-04 05:52:04,290] {taskinstance.py:1377} INFO - Executing <Task(PythonOperator): get_crypto_values> on 2021-06-22 07:00:00+00:00
[2023-01-04 05:52:04,295] {standard_task_runner.py:52} INFO - Started process 13937 to run task
[2023-01-04 05:52:04,301] {standard_task_runner.py:79} INFO - Running: ['airflow', 'tasks', 'run', 'populate_crypto_values', 'get_crypto_values', 'scheduled__2021-06-22T07:00:00+00:00', '--job-id', '230', '--raw', '--subdir', 'DAGS_FOLDER/populate_crypto_values.py', '--cfg-path', '/tmp/tmpaghovoc8', '--error-file', '/tmp/tmpoowp6baf']
[2023-01-04 05:52:04,302] {standard_task_runner.py:80} INFO - Job 230: Subtask get_crypto_values
[2023-01-04 05:52:04,360] {task_command.py:370} INFO - Running <TaskInstance: populate_crypto_values.get_crypto_values scheduled__2021-06-22T07:00:00+00:00 [running]> on host xuxon-virtual-machine
[2023-01-04 05:52:04,440] {taskinstance.py:1569} INFO - Exporting the following env vars:
AIRFLOW_CTX_DAG_OWNER=airflow
AIRFLOW_CTX_DAG_ID=populate_crypto_values
AIRFLOW_CTX_TASK_ID=get_crypto_values
AIRFLOW_CTX_EXECUTION_DATE=2021-06-22T07:00:00+00:00
AIRFLOW_CTX_TRY_NUMBER=1
AIRFLOW_CTX_DAG_RUN_ID=scheduled__2021-06-22T07:00:00+00:00
[2023-01-04 05:52:04,568] {logging_mixin.py:115} INFO - Attempt 1 to get the crypto values has failed. The api status was 429
[2023-01-04 05:52:04,568] {logging_mixin.py:115} INFO - The api response was {"status":{"error_code":429,"error_message":"You've exceeded the Rate Limit. Please visit https://www.coingecko.com/en/api/pricing to subscribe to our API plans for higher rate limits."}}
[2023-01-04 05:52:19,672] {logging_mixin.py:115} INFO - Attempt 2 to get the crypto values has failed. The api status was 429
[2023-01-04 05:52:19,673] {logging_mixin.py:115} INFO - The api response was {"status":{"error_code":429,"error_message":"You've exceeded the Rate Limit. Please visit https://www.coingecko.com/en/api/pricing to subscribe to our API plans for higher rate limits."}}
[2023-01-04 05:52:34,960] {logging_mixin.py:115} INFO - Attempt 3 to get the crypto values has failed. The api status was 429
[2023-01-04 05:52:34,960] {logging_mixin.py:115} INFO - The api response was {"status":{"error_code":429,"error_message":"You've exceeded the Rate Limit. Please visit https://www.coingecko.com/en/api/pricing to subscribe to our API plans for higher rate limits."}}
[2023-01-04 05:52:50,073] {logging_mixin.py:115} INFO - Attempt 4 to get the crypto values has failed. The api status was 429
[2023-01-04 05:52:50,075] {logging_mixin.py:115} INFO - The api response was {"status":{"error_code":429,"error_message":"You've exceeded the Rate Limit. Please visit https://www.coingecko.com/en/api/pricing to subscribe to our API plans for higher rate limits."}}
[2023-01-04 05:53:05,179] {logging_mixin.py:115} INFO - Attempt 5 to get the crypto values has failed. The api status was 429
[2023-01-04 05:53:05,179] {logging_mixin.py:115} INFO - The api response was {"status":{"error_code":429,"error_message":"You've exceeded the Rate Limit. Please visit https://www.coingecko.com/en/api/pricing to subscribe to our API plans for higher rate limits."}}
[2023-01-04 05:53:20,308] {logging_mixin.py:115} INFO - Attempt 6 to get the crypto values has failed. The api status was 429
[2023-01-04 05:53:20,309] {logging_mixin.py:115} INFO - The api response was {"status":{"error_code":429,"error_message":"You've exceeded the Rate Limit. Please visit https://www.coingecko.com/en/api/pricing to subscribe to our API plans for higher rate limits."}}
[2023-01-04 05:53:35,420] {logging_mixin.py:115} INFO - Attempt 7 to get the crypto values has failed. The api status was 429
[2023-01-04 05:53:35,421] {logging_mixin.py:115} INFO - The api response was {"status":{"error_code":429,"error_message":"You've exceeded the Rate Limit. Please visit https://www.coingecko.com/en/api/pricing to subscribe to our API plans for higher rate limits."}}
[2023-01-04 05:53:50,534] {logging_mixin.py:115} INFO - Attempt 8 to get the crypto values has failed. The api status was 429
[2023-01-04 05:53:50,535] {logging_mixin.py:115} INFO - The api response was {"status":{"error_code":429,"error_message":"You've exceeded the Rate Limit. Please visit https://www.coingecko.com/en/api/pricing to subscribe to our API plans for higher rate limits."}}
[2023-01-04 05:54:07,139] {logging_mixin.py:115} INFO - New rows have been added.
[2023-01-04 05:54:07,140] {python.py:173} INFO - Done. Returned value was: None
[2023-01-04 05:54:07,147] {taskinstance.py:1395} INFO - Marking task as SUCCESS. dag_id=populate_crypto_values, task_id=get_crypto_values, execution_date=20210622T070000, start_date=20230104T085204, end_date=20230104T085407
[2023-01-04 05:54:07,351] {local_task_job.py:156} INFO - Task exited with return code 0
[2023-01-04 05:54:07,386] {local_task_job.py:273} INFO - 0 downstream tasks scheduled from follow-on schedule check
