[2023-01-04 02:17:28,615] {taskinstance.py:1159} INFO - Dependencies all met for <TaskInstance: populate_crypto_values.get_crypto_values scheduled__2022-12-29T07:00:00+00:00 [queued]>
[2023-01-04 02:17:28,623] {taskinstance.py:1159} INFO - Dependencies all met for <TaskInstance: populate_crypto_values.get_crypto_values scheduled__2022-12-29T07:00:00+00:00 [queued]>
[2023-01-04 02:17:28,623] {taskinstance.py:1356} INFO - 
--------------------------------------------------------------------------------
[2023-01-04 02:17:28,623] {taskinstance.py:1357} INFO - Starting attempt 1 of 1
[2023-01-04 02:17:28,623] {taskinstance.py:1358} INFO - 
--------------------------------------------------------------------------------
[2023-01-04 02:17:28,655] {taskinstance.py:1377} INFO - Executing <Task(PythonOperator): get_crypto_values> on 2022-12-29 07:00:00+00:00
[2023-01-04 02:17:28,663] {standard_task_runner.py:52} INFO - Started process 47897 to run task
[2023-01-04 02:17:28,674] {standard_task_runner.py:79} INFO - Running: ['airflow', 'tasks', 'run', 'populate_crypto_values', 'get_crypto_values', 'scheduled__2022-12-29T07:00:00+00:00', '--job-id', '15', '--raw', '--subdir', 'DAGS_FOLDER/populate_crypto_values.py', '--cfg-path', '/tmp/tmptl3ia1th', '--error-file', '/tmp/tmphe68sbq5']
[2023-01-04 02:17:28,675] {standard_task_runner.py:80} INFO - Job 15: Subtask get_crypto_values
[2023-01-04 02:17:28,755] {task_command.py:370} INFO - Running <TaskInstance: populate_crypto_values.get_crypto_values scheduled__2022-12-29T07:00:00+00:00 [running]> on host xuxon-virtual-machine
[2023-01-04 02:17:28,830] {taskinstance.py:1569} INFO - Exporting the following env vars:
AIRFLOW_CTX_DAG_OWNER=airflow
AIRFLOW_CTX_DAG_ID=populate_crypto_values
AIRFLOW_CTX_TASK_ID=get_crypto_values
AIRFLOW_CTX_EXECUTION_DATE=2022-12-29T07:00:00+00:00
AIRFLOW_CTX_TRY_NUMBER=1
AIRFLOW_CTX_DAG_RUN_ID=scheduled__2022-12-29T07:00:00+00:00
[2023-01-04 02:17:29,953] {logging_mixin.py:115} INFO - New rows have been added.
[2023-01-04 02:17:29,953] {python.py:173} INFO - Done. Returned value was: None
[2023-01-04 02:17:29,981] {taskinstance.py:1395} INFO - Marking task as SUCCESS. dag_id=populate_crypto_values, task_id=get_crypto_values, execution_date=20221229T070000, start_date=20230104T051728, end_date=20230104T051729
[2023-01-04 02:17:30,148] {local_task_job.py:156} INFO - Task exited with return code 0
[2023-01-04 02:17:30,188] {local_task_job.py:273} INFO - 0 downstream tasks scheduled from follow-on schedule check
[2023-01-04 14:09:06,411] {taskinstance.py:1159} INFO - Dependencies all met for <TaskInstance: populate_crypto_values.get_crypto_values scheduled__2022-12-29T07:00:00+00:00 [queued]>
[2023-01-04 14:09:06,437] {taskinstance.py:1159} INFO - Dependencies all met for <TaskInstance: populate_crypto_values.get_crypto_values scheduled__2022-12-29T07:00:00+00:00 [queued]>
[2023-01-04 14:09:06,437] {taskinstance.py:1356} INFO - 
--------------------------------------------------------------------------------
[2023-01-04 14:09:06,437] {taskinstance.py:1357} INFO - Starting attempt 1 of 1
[2023-01-04 14:09:06,437] {taskinstance.py:1358} INFO - 
--------------------------------------------------------------------------------
[2023-01-04 14:09:06,448] {taskinstance.py:1377} INFO - Executing <Task(PythonOperator): get_crypto_values> on 2022-12-29 07:00:00+00:00
[2023-01-04 14:09:06,452] {standard_task_runner.py:52} INFO - Started process 34309 to run task
[2023-01-04 14:09:06,456] {standard_task_runner.py:79} INFO - Running: ['airflow', 'tasks', 'run', 'populate_crypto_values', 'get_crypto_values', 'scheduled__2022-12-29T07:00:00+00:00', '--job-id', '788', '--raw', '--subdir', 'DAGS_FOLDER/populate_crypto_values.py', '--cfg-path', '/tmp/tmpmjs0cg78', '--error-file', '/tmp/tmpccyw1rcu']
[2023-01-04 14:09:06,457] {standard_task_runner.py:80} INFO - Job 788: Subtask get_crypto_values
[2023-01-04 14:09:06,503] {task_command.py:370} INFO - Running <TaskInstance: populate_crypto_values.get_crypto_values scheduled__2022-12-29T07:00:00+00:00 [running]> on host xuxon-virtual-machine
[2023-01-04 14:09:06,586] {taskinstance.py:1569} INFO - Exporting the following env vars:
AIRFLOW_CTX_DAG_OWNER=airflow
AIRFLOW_CTX_DAG_ID=populate_crypto_values
AIRFLOW_CTX_TASK_ID=get_crypto_values
AIRFLOW_CTX_EXECUTION_DATE=2022-12-29T07:00:00+00:00
AIRFLOW_CTX_TRY_NUMBER=1
AIRFLOW_CTX_DAG_RUN_ID=scheduled__2022-12-29T07:00:00+00:00
[2023-01-04 14:09:08,137] {logging_mixin.py:115} INFO - New rows have been added.
[2023-01-04 14:09:08,137] {python.py:173} INFO - Done. Returned value was: None
[2023-01-04 14:09:08,156] {taskinstance.py:1395} INFO - Marking task as SUCCESS. dag_id=populate_crypto_values, task_id=get_crypto_values, execution_date=20221229T070000, start_date=20230104T170906, end_date=20230104T170908
[2023-01-04 14:09:08,224] {local_task_job.py:156} INFO - Task exited with return code 0
[2023-01-04 14:09:08,269] {local_task_job.py:273} INFO - 0 downstream tasks scheduled from follow-on schedule check
