[2023-01-04 13:17:55,205] {taskinstance.py:1159} INFO - Dependencies all met for <TaskInstance: populate_crypto_values.get_crypto_values scheduled__2022-05-27T07:00:00+00:00 [queued]>
[2023-01-04 13:17:55,212] {taskinstance.py:1159} INFO - Dependencies all met for <TaskInstance: populate_crypto_values.get_crypto_values scheduled__2022-05-27T07:00:00+00:00 [queued]>
[2023-01-04 13:17:55,212] {taskinstance.py:1356} INFO - 
--------------------------------------------------------------------------------
[2023-01-04 13:17:55,212] {taskinstance.py:1357} INFO - Starting attempt 1 of 1
[2023-01-04 13:17:55,212] {taskinstance.py:1358} INFO - 
--------------------------------------------------------------------------------
[2023-01-04 13:17:55,226] {taskinstance.py:1377} INFO - Executing <Task(PythonOperator): get_crypto_values> on 2022-05-27 07:00:00+00:00
[2023-01-04 13:17:55,230] {standard_task_runner.py:52} INFO - Started process 28799 to run task
[2023-01-04 13:17:55,236] {standard_task_runner.py:79} INFO - Running: ['airflow', 'tasks', 'run', 'populate_crypto_values', 'get_crypto_values', 'scheduled__2022-05-27T07:00:00+00:00', '--job-id', '572', '--raw', '--subdir', 'DAGS_FOLDER/populate_crypto_values.py', '--cfg-path', '/tmp/tmpw6aqq5a1', '--error-file', '/tmp/tmp7t5jwjt6']
[2023-01-04 13:17:55,237] {standard_task_runner.py:80} INFO - Job 572: Subtask get_crypto_values
[2023-01-04 13:17:55,288] {task_command.py:370} INFO - Running <TaskInstance: populate_crypto_values.get_crypto_values scheduled__2022-05-27T07:00:00+00:00 [running]> on host xuxon-virtual-machine
[2023-01-04 13:17:55,349] {taskinstance.py:1569} INFO - Exporting the following env vars:
AIRFLOW_CTX_DAG_OWNER=airflow
AIRFLOW_CTX_DAG_ID=populate_crypto_values
AIRFLOW_CTX_TASK_ID=get_crypto_values
AIRFLOW_CTX_EXECUTION_DATE=2022-05-27T07:00:00+00:00
AIRFLOW_CTX_TRY_NUMBER=1
AIRFLOW_CTX_DAG_RUN_ID=scheduled__2022-05-27T07:00:00+00:00
[2023-01-04 13:17:55,449] {logging_mixin.py:115} INFO - Attempt 1 to get the crypto values has failed. The api status was 429
[2023-01-04 13:17:55,449] {logging_mixin.py:115} INFO - The api response was {"status":{"error_code":429,"error_message":"You've exceeded the Rate Limit. Please visit https://www.coingecko.com/en/api/pricing to subscribe to our API plans for higher rate limits."}}
[2023-01-04 13:18:10,583] {logging_mixin.py:115} INFO - Attempt 2 to get the crypto values has failed. The api status was 429
[2023-01-04 13:18:10,584] {logging_mixin.py:115} INFO - The api response was {"status":{"error_code":429,"error_message":"You've exceeded the Rate Limit. Please visit https://www.coingecko.com/en/api/pricing to subscribe to our API plans for higher rate limits."}}
[2023-01-04 13:18:25,709] {logging_mixin.py:115} INFO - Attempt 3 to get the crypto values has failed. The api status was 429
[2023-01-04 13:18:25,710] {logging_mixin.py:115} INFO - The api response was {"status":{"error_code":429,"error_message":"You've exceeded the Rate Limit. Please visit https://www.coingecko.com/en/api/pricing to subscribe to our API plans for higher rate limits."}}
[2023-01-04 13:18:40,830] {logging_mixin.py:115} INFO - Attempt 4 to get the crypto values has failed. The api status was 429
[2023-01-04 13:18:40,831] {logging_mixin.py:115} INFO - The api response was {"status":{"error_code":429,"error_message":"You've exceeded the Rate Limit. Please visit https://www.coingecko.com/en/api/pricing to subscribe to our API plans for higher rate limits."}}
[2023-01-04 13:18:55,939] {logging_mixin.py:115} INFO - Attempt 5 to get the crypto values has failed. The api status was 429
[2023-01-04 13:18:55,940] {logging_mixin.py:115} INFO - The api response was {"status":{"error_code":429,"error_message":"You've exceeded the Rate Limit. Please visit https://www.coingecko.com/en/api/pricing to subscribe to our API plans for higher rate limits."}}
[2023-01-04 13:19:11,077] {logging_mixin.py:115} INFO - Attempt 6 to get the crypto values has failed. The api status was 429
[2023-01-04 13:19:11,079] {logging_mixin.py:115} INFO - The api response was {"status":{"error_code":429,"error_message":"You've exceeded the Rate Limit. Please visit https://www.coingecko.com/en/api/pricing to subscribe to our API plans for higher rate limits."}}
[2023-01-04 13:19:26,204] {logging_mixin.py:115} INFO - Attempt 7 to get the crypto values has failed. The api status was 429
[2023-01-04 13:19:26,204] {logging_mixin.py:115} INFO - The api response was {"status":{"error_code":429,"error_message":"You've exceeded the Rate Limit. Please visit https://www.coingecko.com/en/api/pricing to subscribe to our API plans for higher rate limits."}}
[2023-01-04 13:19:41,339] {logging_mixin.py:115} INFO - Attempt 8 to get the crypto values has failed. The api status was 429
[2023-01-04 13:19:41,341] {logging_mixin.py:115} INFO - The api response was {"status":{"error_code":429,"error_message":"You've exceeded the Rate Limit. Please visit https://www.coingecko.com/en/api/pricing to subscribe to our API plans for higher rate limits."}}
[2023-01-04 13:19:57,359] {logging_mixin.py:115} INFO - New rows have been added.
[2023-01-04 13:19:57,360] {python.py:173} INFO - Done. Returned value was: None
[2023-01-04 13:19:57,372] {taskinstance.py:1395} INFO - Marking task as SUCCESS. dag_id=populate_crypto_values, task_id=get_crypto_values, execution_date=20220527T070000, start_date=20230104T161755, end_date=20230104T161957
[2023-01-04 13:19:57,437] {local_task_job.py:156} INFO - Task exited with return code 0
[2023-01-04 13:19:57,451] {local_task_job.py:273} INFO - 0 downstream tasks scheduled from follow-on schedule check
