[2023-01-04 04:04:43,021] {taskinstance.py:1159} INFO - Dependencies all met for <TaskInstance: populate_crypto_values.get_crypto_values scheduled__2021-02-07T07:00:00+00:00 [queued]>
[2023-01-04 04:04:43,033] {taskinstance.py:1159} INFO - Dependencies all met for <TaskInstance: populate_crypto_values.get_crypto_values scheduled__2021-02-07T07:00:00+00:00 [queued]>
[2023-01-04 04:04:43,034] {taskinstance.py:1356} INFO - 
--------------------------------------------------------------------------------
[2023-01-04 04:04:43,034] {taskinstance.py:1357} INFO - Starting attempt 1 of 1
[2023-01-04 04:04:43,034] {taskinstance.py:1358} INFO - 
--------------------------------------------------------------------------------
[2023-01-04 04:04:43,058] {taskinstance.py:1377} INFO - Executing <Task(PythonOperator): get_crypto_values> on 2021-02-07 07:00:00+00:00
[2023-01-04 04:04:43,065] {standard_task_runner.py:52} INFO - Started process 60477 to run task
[2023-01-04 04:04:43,162] {standard_task_runner.py:79} INFO - Running: ['airflow', 'tasks', 'run', 'populate_crypto_values', 'get_crypto_values', 'scheduled__2021-02-07T07:00:00+00:00', '--job-id', '66', '--raw', '--subdir', 'DAGS_FOLDER/populate_crypto_values.py', '--cfg-path', '/tmp/tmp034ho1_8', '--error-file', '/tmp/tmpkkcazjw4']
[2023-01-04 04:04:43,163] {standard_task_runner.py:80} INFO - Job 66: Subtask get_crypto_values
[2023-01-04 04:04:43,386] {task_command.py:370} INFO - Running <TaskInstance: populate_crypto_values.get_crypto_values scheduled__2021-02-07T07:00:00+00:00 [running]> on host xuxon-virtual-machine
[2023-01-04 04:04:43,675] {taskinstance.py:1569} INFO - Exporting the following env vars:
AIRFLOW_CTX_DAG_OWNER=airflow
AIRFLOW_CTX_DAG_ID=populate_crypto_values
AIRFLOW_CTX_TASK_ID=get_crypto_values
AIRFLOW_CTX_EXECUTION_DATE=2021-02-07T07:00:00+00:00
AIRFLOW_CTX_TRY_NUMBER=1
AIRFLOW_CTX_DAG_RUN_ID=scheduled__2021-02-07T07:00:00+00:00
[2023-01-04 04:04:46,881] {logging_mixin.py:115} INFO - New rows have been added.
[2023-01-04 04:04:46,881] {python.py:173} INFO - Done. Returned value was: None
[2023-01-04 04:04:46,891] {taskinstance.py:1395} INFO - Marking task as SUCCESS. dag_id=populate_crypto_values, task_id=get_crypto_values, execution_date=20210207T070000, start_date=20230104T070443, end_date=20230104T070446
[2023-01-04 04:04:46,965] {local_task_job.py:156} INFO - Task exited with return code 0
[2023-01-04 04:04:46,999] {local_task_job.py:273} INFO - 0 downstream tasks scheduled from follow-on schedule check
[2023-01-04 05:21:01,801] {taskinstance.py:1159} INFO - Dependencies all met for <TaskInstance: populate_crypto_values.get_crypto_values scheduled__2021-02-07T07:00:00+00:00 [queued]>
[2023-01-04 05:21:01,873] {taskinstance.py:1159} INFO - Dependencies all met for <TaskInstance: populate_crypto_values.get_crypto_values scheduled__2021-02-07T07:00:00+00:00 [queued]>
[2023-01-04 05:21:01,873] {taskinstance.py:1356} INFO - 
--------------------------------------------------------------------------------
[2023-01-04 05:21:01,873] {taskinstance.py:1357} INFO - Starting attempt 1 of 1
[2023-01-04 05:21:01,873] {taskinstance.py:1358} INFO - 
--------------------------------------------------------------------------------
[2023-01-04 05:21:01,889] {taskinstance.py:1377} INFO - Executing <Task(PythonOperator): get_crypto_values> on 2021-02-07 07:00:00+00:00
[2023-01-04 05:21:01,894] {standard_task_runner.py:52} INFO - Started process 8103 to run task
[2023-01-04 05:21:01,901] {standard_task_runner.py:79} INFO - Running: ['airflow', 'tasks', 'run', 'populate_crypto_values', 'get_crypto_values', 'scheduled__2021-02-07T07:00:00+00:00', '--job-id', '95', '--raw', '--subdir', 'DAGS_FOLDER/populate_crypto_values.py', '--cfg-path', '/tmp/tmpduc882c8', '--error-file', '/tmp/tmpxwfgpwjd']
[2023-01-04 05:21:01,902] {standard_task_runner.py:80} INFO - Job 95: Subtask get_crypto_values
[2023-01-04 05:21:01,982] {task_command.py:370} INFO - Running <TaskInstance: populate_crypto_values.get_crypto_values scheduled__2021-02-07T07:00:00+00:00 [running]> on host xuxon-virtual-machine
[2023-01-04 05:21:02,045] {taskinstance.py:1569} INFO - Exporting the following env vars:
AIRFLOW_CTX_DAG_OWNER=airflow
AIRFLOW_CTX_DAG_ID=populate_crypto_values
AIRFLOW_CTX_TASK_ID=get_crypto_values
AIRFLOW_CTX_EXECUTION_DATE=2021-02-07T07:00:00+00:00
AIRFLOW_CTX_TRY_NUMBER=1
AIRFLOW_CTX_DAG_RUN_ID=scheduled__2021-02-07T07:00:00+00:00
[2023-01-04 05:21:03,554] {logging_mixin.py:115} INFO - New rows have been added.
[2023-01-04 05:21:03,555] {python.py:173} INFO - Done. Returned value was: None
[2023-01-04 05:21:03,562] {taskinstance.py:1395} INFO - Marking task as SUCCESS. dag_id=populate_crypto_values, task_id=get_crypto_values, execution_date=20210207T070000, start_date=20230104T082101, end_date=20230104T082103
[2023-01-04 05:21:03,612] {local_task_job.py:156} INFO - Task exited with return code 0
[2023-01-04 05:21:03,634] {local_task_job.py:273} INFO - 0 downstream tasks scheduled from follow-on schedule check
