[2023-01-04 13:51:37,841] {taskinstance.py:1159} INFO - Dependencies all met for <TaskInstance: populate_crypto_values.get_crypto_values scheduled__2022-10-16T07:00:00+00:00 [queued]>
[2023-01-04 13:51:37,847] {taskinstance.py:1159} INFO - Dependencies all met for <TaskInstance: populate_crypto_values.get_crypto_values scheduled__2022-10-16T07:00:00+00:00 [queued]>
[2023-01-04 13:51:37,847] {taskinstance.py:1356} INFO - 
--------------------------------------------------------------------------------
[2023-01-04 13:51:37,847] {taskinstance.py:1357} INFO - Starting attempt 1 of 1
[2023-01-04 13:51:37,847] {taskinstance.py:1358} INFO - 
--------------------------------------------------------------------------------
[2023-01-04 13:51:37,860] {taskinstance.py:1377} INFO - Executing <Task(PythonOperator): get_crypto_values> on 2022-10-16 07:00:00+00:00
[2023-01-04 13:51:37,864] {standard_task_runner.py:52} INFO - Started process 32468 to run task
[2023-01-04 13:51:37,869] {standard_task_runner.py:79} INFO - Running: ['airflow', 'tasks', 'run', 'populate_crypto_values', 'get_crypto_values', 'scheduled__2022-10-16T07:00:00+00:00', '--job-id', '714', '--raw', '--subdir', 'DAGS_FOLDER/populate_crypto_values.py', '--cfg-path', '/tmp/tmp89lur2cw', '--error-file', '/tmp/tmp4ys395rz']
[2023-01-04 13:51:37,870] {standard_task_runner.py:80} INFO - Job 714: Subtask get_crypto_values
[2023-01-04 13:51:38,055] {task_command.py:370} INFO - Running <TaskInstance: populate_crypto_values.get_crypto_values scheduled__2022-10-16T07:00:00+00:00 [running]> on host xuxon-virtual-machine
[2023-01-04 13:51:38,119] {taskinstance.py:1569} INFO - Exporting the following env vars:
AIRFLOW_CTX_DAG_OWNER=airflow
AIRFLOW_CTX_DAG_ID=populate_crypto_values
AIRFLOW_CTX_TASK_ID=get_crypto_values
AIRFLOW_CTX_EXECUTION_DATE=2022-10-16T07:00:00+00:00
AIRFLOW_CTX_TRY_NUMBER=1
AIRFLOW_CTX_DAG_RUN_ID=scheduled__2022-10-16T07:00:00+00:00
[2023-01-04 13:51:38,217] {logging_mixin.py:115} INFO - Attempt 1 to get the crypto values has failed. The api status was 429
[2023-01-04 13:51:38,218] {logging_mixin.py:115} INFO - The api response was {"status":{"error_code":429,"error_message":"You've exceeded the Rate Limit. Please visit https://www.coingecko.com/en/api/pricing to subscribe to our API plans for higher rate limits."}}
[2023-01-04 13:51:53,334] {logging_mixin.py:115} INFO - Attempt 2 to get the crypto values has failed. The api status was 429
[2023-01-04 13:51:53,335] {logging_mixin.py:115} INFO - The api response was {"status":{"error_code":429,"error_message":"You've exceeded the Rate Limit. Please visit https://www.coingecko.com/en/api/pricing to subscribe to our API plans for higher rate limits."}}
[2023-01-04 13:52:08,470] {logging_mixin.py:115} INFO - Attempt 3 to get the crypto values has failed. The api status was 429
[2023-01-04 13:52:08,471] {logging_mixin.py:115} INFO - The api response was {"status":{"error_code":429,"error_message":"You've exceeded the Rate Limit. Please visit https://www.coingecko.com/en/api/pricing to subscribe to our API plans for higher rate limits."}}
[2023-01-04 13:52:23,612] {logging_mixin.py:115} INFO - Attempt 4 to get the crypto values has failed. The api status was 429
[2023-01-04 13:52:23,612] {logging_mixin.py:115} INFO - The api response was {"status":{"error_code":429,"error_message":"You've exceeded the Rate Limit. Please visit https://www.coingecko.com/en/api/pricing to subscribe to our API plans for higher rate limits."}}
[2023-01-04 13:52:38,762] {logging_mixin.py:115} INFO - Attempt 5 to get the crypto values has failed. The api status was 429
[2023-01-04 13:52:38,762] {logging_mixin.py:115} INFO - The api response was {"status":{"error_code":429,"error_message":"You've exceeded the Rate Limit. Please visit https://www.coingecko.com/en/api/pricing to subscribe to our API plans for higher rate limits."}}
[2023-01-04 13:52:53,867] {logging_mixin.py:115} INFO - Attempt 6 to get the crypto values has failed. The api status was 429
[2023-01-04 13:52:53,868] {logging_mixin.py:115} INFO - The api response was {"status":{"error_code":429,"error_message":"You've exceeded the Rate Limit. Please visit https://www.coingecko.com/en/api/pricing to subscribe to our API plans for higher rate limits."}}
[2023-01-04 13:53:08,978] {logging_mixin.py:115} INFO - Attempt 7 to get the crypto values has failed. The api status was 429
[2023-01-04 13:53:08,980] {logging_mixin.py:115} INFO - The api response was {"status":{"error_code":429,"error_message":"You've exceeded the Rate Limit. Please visit https://www.coingecko.com/en/api/pricing to subscribe to our API plans for higher rate limits."}}
[2023-01-04 13:53:24,097] {logging_mixin.py:115} INFO - Attempt 8 to get the crypto values has failed. The api status was 429
[2023-01-04 13:53:24,097] {logging_mixin.py:115} INFO - The api response was {"status":{"error_code":429,"error_message":"You've exceeded the Rate Limit. Please visit https://www.coingecko.com/en/api/pricing to subscribe to our API plans for higher rate limits."}}
[2023-01-04 13:53:41,208] {logging_mixin.py:115} INFO - New rows have been added.
[2023-01-04 13:53:41,208] {python.py:173} INFO - Done. Returned value was: None
[2023-01-04 13:53:41,216] {taskinstance.py:1395} INFO - Marking task as SUCCESS. dag_id=populate_crypto_values, task_id=get_crypto_values, execution_date=20221016T070000, start_date=20230104T165137, end_date=20230104T165341
[2023-01-04 13:53:41,278] {local_task_job.py:156} INFO - Task exited with return code 0
[2023-01-04 13:53:41,291] {local_task_job.py:273} INFO - 0 downstream tasks scheduled from follow-on schedule check
