[2023-01-04 12:38:40,914] {taskinstance.py:1159} INFO - Dependencies all met for <TaskInstance: populate_crypto_values.get_crypto_values scheduled__2021-12-23T07:00:00+00:00 [queued]>
[2023-01-04 12:38:40,920] {taskinstance.py:1159} INFO - Dependencies all met for <TaskInstance: populate_crypto_values.get_crypto_values scheduled__2021-12-23T07:00:00+00:00 [queued]>
[2023-01-04 12:38:40,920] {taskinstance.py:1356} INFO - 
--------------------------------------------------------------------------------
[2023-01-04 12:38:40,920] {taskinstance.py:1357} INFO - Starting attempt 1 of 1
[2023-01-04 12:38:40,920] {taskinstance.py:1358} INFO - 
--------------------------------------------------------------------------------
[2023-01-04 12:38:40,932] {taskinstance.py:1377} INFO - Executing <Task(PythonOperator): get_crypto_values> on 2021-12-23 07:00:00+00:00
[2023-01-04 12:38:40,935] {standard_task_runner.py:52} INFO - Started process 24590 to run task
[2023-01-04 12:38:40,940] {standard_task_runner.py:79} INFO - Running: ['airflow', 'tasks', 'run', 'populate_crypto_values', 'get_crypto_values', 'scheduled__2021-12-23T07:00:00+00:00', '--job-id', '417', '--raw', '--subdir', 'DAGS_FOLDER/populate_crypto_values.py', '--cfg-path', '/tmp/tmpzwig85_s', '--error-file', '/tmp/tmpi0egq71i']
[2023-01-04 12:38:40,941] {standard_task_runner.py:80} INFO - Job 417: Subtask get_crypto_values
[2023-01-04 12:38:40,992] {task_command.py:370} INFO - Running <TaskInstance: populate_crypto_values.get_crypto_values scheduled__2021-12-23T07:00:00+00:00 [running]> on host xuxon-virtual-machine
[2023-01-04 12:38:41,058] {taskinstance.py:1569} INFO - Exporting the following env vars:
AIRFLOW_CTX_DAG_OWNER=airflow
AIRFLOW_CTX_DAG_ID=populate_crypto_values
AIRFLOW_CTX_TASK_ID=get_crypto_values
AIRFLOW_CTX_EXECUTION_DATE=2021-12-23T07:00:00+00:00
AIRFLOW_CTX_TRY_NUMBER=1
AIRFLOW_CTX_DAG_RUN_ID=scheduled__2021-12-23T07:00:00+00:00
[2023-01-04 12:38:42,079] {logging_mixin.py:115} INFO - New rows have been added.
[2023-01-04 12:38:42,079] {python.py:173} INFO - Done. Returned value was: None
[2023-01-04 12:38:42,101] {taskinstance.py:1395} INFO - Marking task as SUCCESS. dag_id=populate_crypto_values, task_id=get_crypto_values, execution_date=20211223T070000, start_date=20230104T153840, end_date=20230104T153842
[2023-01-04 12:38:42,153] {local_task_job.py:156} INFO - Task exited with return code 0
[2023-01-04 12:38:42,188] {local_task_job.py:273} INFO - 0 downstream tasks scheduled from follow-on schedule check
