[2023-01-04 03:54:57,937] {taskinstance.py:1159} INFO - Dependencies all met for <TaskInstance: populate_crypto_values.get_crypto_values scheduled__2021-01-16T07:00:00+00:00 [queued]>
[2023-01-04 03:54:58,166] {taskinstance.py:1159} INFO - Dependencies all met for <TaskInstance: populate_crypto_values.get_crypto_values scheduled__2021-01-16T07:00:00+00:00 [queued]>
[2023-01-04 03:54:58,277] {taskinstance.py:1356} INFO - 
--------------------------------------------------------------------------------
[2023-01-04 03:54:58,277] {taskinstance.py:1357} INFO - Starting attempt 1 of 1
[2023-01-04 03:54:58,277] {taskinstance.py:1358} INFO - 
--------------------------------------------------------------------------------
[2023-01-04 03:54:59,652] {taskinstance.py:1377} INFO - Executing <Task(PythonOperator): get_crypto_values> on 2021-01-16 07:00:00+00:00
[2023-01-04 03:55:00,012] {standard_task_runner.py:52} INFO - Started process 59051 to run task
[2023-01-04 03:55:00,112] {standard_task_runner.py:79} INFO - Running: ['airflow', 'tasks', 'run', 'populate_crypto_values', 'get_crypto_values', 'scheduled__2021-01-16T07:00:00+00:00', '--job-id', '44', '--raw', '--subdir', 'DAGS_FOLDER/populate_crypto_values.py', '--cfg-path', '/tmp/tmp1febde99', '--error-file', '/tmp/tmponxj7ri4']
[2023-01-04 03:55:00,114] {standard_task_runner.py:80} INFO - Job 44: Subtask get_crypto_values
[2023-01-04 03:55:02,875] {task_command.py:370} INFO - Running <TaskInstance: populate_crypto_values.get_crypto_values scheduled__2021-01-16T07:00:00+00:00 [running]> on host xuxon-virtual-machine
[2023-01-04 03:55:06,638] {taskinstance.py:1569} INFO - Exporting the following env vars:
AIRFLOW_CTX_DAG_OWNER=airflow
AIRFLOW_CTX_DAG_ID=populate_crypto_values
AIRFLOW_CTX_TASK_ID=get_crypto_values
AIRFLOW_CTX_EXECUTION_DATE=2021-01-16T07:00:00+00:00
AIRFLOW_CTX_TRY_NUMBER=1
AIRFLOW_CTX_DAG_RUN_ID=scheduled__2021-01-16T07:00:00+00:00
[2023-01-04 03:55:14,827] {logging_mixin.py:115} INFO - New rows have been added.
[2023-01-04 03:55:14,961] {python.py:173} INFO - Done. Returned value was: None
[2023-01-04 03:55:15,089] {taskinstance.py:1395} INFO - Marking task as SUCCESS. dag_id=populate_crypto_values, task_id=get_crypto_values, execution_date=20210116T070000, start_date=20230104T065457, end_date=20230104T065515
[2023-01-04 03:55:16,806] {local_task_job.py:156} INFO - Task exited with return code 0
[2023-01-04 03:55:17,715] {local_task_job.py:273} INFO - 0 downstream tasks scheduled from follow-on schedule check
[2023-01-04 04:18:27,870] {taskinstance.py:1159} INFO - Dependencies all met for <TaskInstance: populate_crypto_values.get_crypto_values scheduled__2021-01-16T07:00:00+00:00 [queued]>
[2023-01-04 04:18:27,884] {taskinstance.py:1159} INFO - Dependencies all met for <TaskInstance: populate_crypto_values.get_crypto_values scheduled__2021-01-16T07:00:00+00:00 [queued]>
[2023-01-04 04:18:27,884] {taskinstance.py:1356} INFO - 
--------------------------------------------------------------------------------
[2023-01-04 04:18:27,885] {taskinstance.py:1357} INFO - Starting attempt 1 of 1
[2023-01-04 04:18:27,885] {taskinstance.py:1358} INFO - 
--------------------------------------------------------------------------------
[2023-01-04 04:18:27,897] {taskinstance.py:1377} INFO - Executing <Task(PythonOperator): get_crypto_values> on 2021-01-16 07:00:00+00:00
[2023-01-04 04:18:27,902] {standard_task_runner.py:52} INFO - Started process 63078 to run task
[2023-01-04 04:18:27,909] {standard_task_runner.py:79} INFO - Running: ['airflow', 'tasks', 'run', 'populate_crypto_values', 'get_crypto_values', 'scheduled__2021-01-16T07:00:00+00:00', '--job-id', '44', '--raw', '--subdir', 'DAGS_FOLDER/populate_crypto_values.py', '--cfg-path', '/tmp/tmp6t30mani', '--error-file', '/tmp/tmp7t9yiu1h']
[2023-01-04 04:18:27,910] {standard_task_runner.py:80} INFO - Job 44: Subtask get_crypto_values
[2023-01-04 04:18:28,056] {task_command.py:370} INFO - Running <TaskInstance: populate_crypto_values.get_crypto_values scheduled__2021-01-16T07:00:00+00:00 [running]> on host xuxon-virtual-machine
[2023-01-04 04:18:28,223] {taskinstance.py:1569} INFO - Exporting the following env vars:
AIRFLOW_CTX_DAG_OWNER=airflow
AIRFLOW_CTX_DAG_ID=populate_crypto_values
AIRFLOW_CTX_TASK_ID=get_crypto_values
AIRFLOW_CTX_EXECUTION_DATE=2021-01-16T07:00:00+00:00
AIRFLOW_CTX_TRY_NUMBER=1
AIRFLOW_CTX_DAG_RUN_ID=scheduled__2021-01-16T07:00:00+00:00
[2023-01-04 04:18:29,274] {logging_mixin.py:115} INFO - Encountered errors while inserting rows: [{'index': 0, 'errors': [{'reason': 'invalid', 'location': 'snapshot_date', 'debugInfo': '', 'message': "Invalid date: '17-01-2021'"}]}, {'index': 1, 'errors': [{'reason': 'invalid', 'location': 'snapshot_date', 'debugInfo': '', 'message': "Invalid date: '17-01-2021'"}]}]
[2023-01-04 04:18:29,275] {python.py:173} INFO - Done. Returned value was: None
[2023-01-04 04:18:29,301] {taskinstance.py:1395} INFO - Marking task as SUCCESS. dag_id=populate_crypto_values, task_id=get_crypto_values, execution_date=20210116T070000, start_date=20230104T071827, end_date=20230104T071829
[2023-01-04 04:18:29,347] {local_task_job.py:156} INFO - Task exited with return code 0
[2023-01-04 04:18:29,383] {local_task_job.py:273} INFO - 0 downstream tasks scheduled from follow-on schedule check
[2023-01-04 05:15:27,703] {taskinstance.py:1159} INFO - Dependencies all met for <TaskInstance: populate_crypto_values.get_crypto_values scheduled__2021-01-16T07:00:00+00:00 [queued]>
[2023-01-04 05:15:27,797] {taskinstance.py:1159} INFO - Dependencies all met for <TaskInstance: populate_crypto_values.get_crypto_values scheduled__2021-01-16T07:00:00+00:00 [queued]>
[2023-01-04 05:15:27,797] {taskinstance.py:1356} INFO - 
--------------------------------------------------------------------------------
[2023-01-04 05:15:27,798] {taskinstance.py:1357} INFO - Starting attempt 1 of 1
[2023-01-04 05:15:27,798] {taskinstance.py:1358} INFO - 
--------------------------------------------------------------------------------
[2023-01-04 05:15:27,819] {taskinstance.py:1377} INFO - Executing <Task(PythonOperator): get_crypto_values> on 2021-01-16 07:00:00+00:00
[2023-01-04 05:15:27,823] {standard_task_runner.py:52} INFO - Started process 7093 to run task
[2023-01-04 05:15:27,829] {standard_task_runner.py:79} INFO - Running: ['airflow', 'tasks', 'run', 'populate_crypto_values', 'get_crypto_values', 'scheduled__2021-01-16T07:00:00+00:00', '--job-id', '73', '--raw', '--subdir', 'DAGS_FOLDER/populate_crypto_values.py', '--cfg-path', '/tmp/tmph8rrfm09', '--error-file', '/tmp/tmpl42gomhy']
[2023-01-04 05:15:27,830] {standard_task_runner.py:80} INFO - Job 73: Subtask get_crypto_values
[2023-01-04 05:15:27,898] {task_command.py:370} INFO - Running <TaskInstance: populate_crypto_values.get_crypto_values scheduled__2021-01-16T07:00:00+00:00 [running]> on host xuxon-virtual-machine
[2023-01-04 05:15:27,983] {taskinstance.py:1569} INFO - Exporting the following env vars:
AIRFLOW_CTX_DAG_OWNER=airflow
AIRFLOW_CTX_DAG_ID=populate_crypto_values
AIRFLOW_CTX_TASK_ID=get_crypto_values
AIRFLOW_CTX_EXECUTION_DATE=2021-01-16T07:00:00+00:00
AIRFLOW_CTX_TRY_NUMBER=1
AIRFLOW_CTX_DAG_RUN_ID=scheduled__2021-01-16T07:00:00+00:00
[2023-01-04 05:15:29,064] {logging_mixin.py:115} INFO - New rows have been added.
[2023-01-04 05:15:29,064] {python.py:173} INFO - Done. Returned value was: None
[2023-01-04 05:15:29,072] {taskinstance.py:1395} INFO - Marking task as SUCCESS. dag_id=populate_crypto_values, task_id=get_crypto_values, execution_date=20210116T070000, start_date=20230104T081527, end_date=20230104T081529
[2023-01-04 05:15:29,101] {local_task_job.py:156} INFO - Task exited with return code 0
[2023-01-04 05:15:29,136] {local_task_job.py:273} INFO - 0 downstream tasks scheduled from follow-on schedule check
